<?xml version="1.0" encoding="UTF-8"?>
<TestRun id="a2f1ca90-f467-4f8e-8d03-6da1913aad1d" name="UITest@UITEST-PC 2019-04-17 17:48:36" runUser="UITEST-PC\UITest" xmlns="http://microsoft.com/schemas/VisualStudio/TeamTest/2010">
  <TestSettings name="Default Test Settings" id="b7917a4c-6fef-4e62-baf7-c29c1b0bfa17">
    <Deployment userDeploymentRoot="D:\Jenkins\workspace\Vbi5Client-Release" useDefaultDeploymentRoot="false" runDeploymentRoot="UITest_UITEST-PC 2019-04-17 17_48_36" />
    <Execution>
      <TestTypeSpecific />
      <AgentRule name="Execution Agents">
      </AgentRule>
    </Execution>
    <Properties />
  </TestSettings>
  <Times creation="2019-04-17T17:48:36.3079683+08:00" queuing="2019-04-17T17:48:36.5266614+08:00" start="2019-04-17T17:48:36.5911968+08:00" finish="2019-04-17T17:48:37.4958206+08:00" />
  <ResultSummary outcome="Failed">
    <Counters total="134" executed="134" error="0" failed="134" timeout="0" aborted="0" inconclusive="0" passedButRunAborted="0" notRunnable="0" notExecuted="0" disconnected="0" warning="0" passed="0" completed="0" inProgress="0" pending="0" />
  </ResultSummary>
  <TestDefinitions>
    <UnitTest name="VectorIcon" storage="..\vbi5client-release\\source\testcase\vbi.testcases.dll" id="e0e38b6c-8686-e4c5-ffa0-ae3a5eaa6f23">
      <Description>基础图形--矢量图标库</Description>
      <Execution id="742c98e8-1ae7-4ab7-9dc5-5a1207911412" />
      <TestMethod codeBase="D:/Jenkins/workspace/Vbi5Client-Release/source/TestCase/VBI.TestCases.DLL" adapterTypeName="Microsoft.VisualStudio.TestTools.TestTypes.Unit.UnitTestAdapter, Microsoft.VisualStudio.QualityTools.Tips.UnitTest.Adapter, Version=16.0.0.0, Culture=neutral, PublicKeyToken=b03f5f7f11d50a3a" className="VBI.TestCases.ControlTest.BaseGraphics, VBI.TestCases, Version=1.0.0.0, Culture=neutral, PublicKeyToken=null" name="VectorIcon" />
    </UnitTest>
    <UnitTest name="AnnularTree" storage="..\vbi5client-release\\source\testcase\vbi.testcases.dll" id="073fbc2f-807a-21d7-ae39-b82a9de427e7">
      <Description>基础控件--环形树</Description>
      <Execution id="5780c9b6-0827-4ea6-9d82-38dc69c892aa" />
      <TestMethod codeBase="D:/Jenkins/workspace/Vbi5Client-Release/source/TestCase/VBI.TestCases.DLL" adapterTypeName="Microsoft.VisualStudio.TestTools.TestTypes.Unit.UnitTestAdapter, Microsoft.VisualStudio.QualityTools.Tips.UnitTest.Adapter, Version=16.0.0.0, Culture=neutral, PublicKeyToken=b03f5f7f11d50a3a" className="VBI.TestCases.ControlTest.BasicChart, VBI.TestCases, Version=1.0.0.0, Culture=neutral, PublicKeyToken=null" name="AnnularTree" />
    </UnitTest>
    <UnitTest name="MySqlFilter" storage="..\vbi5client-release\\source\testcase\vbi.testcases.dll" id="270fae6f-5a94-92ff-3590-436609c8f54b">
      <Description>mysql数据模型筛选</Description>
      <Execution id="1b5e5fa4-0042-4fcd-9c84-4bcf59ce801e" />
      <TestMethod codeBase="D:/Jenkins/workspace/Vbi5Client-Release/source/TestCase/VBI.TestCases.DLL" adapterTypeName="Microsoft.VisualStudio.TestTools.TestTypes.Unit.UnitTestAdapter, Microsoft.VisualStudio.QualityTools.Tips.UnitTest.Adapter, Version=16.0.0.0, Culture=neutral, PublicKeyToken=b03f5f7f11d50a3a" className="VBI.TestCases.DataModleTest.DataModelRelevance, VBI.TestCases, Version=1.0.0.0, Culture=neutral, PublicKeyToken=null" name="MySqlFilter" />
    </UnitTest>
    <UnitTest name="LineShapeChartProperty" storage="..\vbi5client-release\\source\testcase\vbi.testcases.dll" id="191d19d1-fbc7-b229-d8f1-7a360ba7164a">
      <Description>基础控件--条形图属性</Description>
      <Execution id="b2ee60d7-c403-4886-b34d-285b3dd42a58" />
      <TestMethod codeBase="D:/Jenkins/workspace/Vbi5Client-Release/source/TestCase/VBI.TestCases.DLL" adapterTypeName="Microsoft.VisualStudio.TestTools.TestTypes.Unit.UnitTestAdapter, Microsoft.VisualStudio.QualityTools.Tips.UnitTest.Adapter, Version=16.0.0.0, Culture=neutral, PublicKeyToken=b03f5f7f11d50a3a" className="VBI.TestCases.ControlTest.BasicChart, VBI.TestCases, Version=1.0.0.0, Culture=neutral, PublicKeyToken=null" name="LineShapeChartProperty" />
    </UnitTest>
    <UnitTest name="TimeAxis1" storage="..\vbi5client-release\\source\testcase\vbi.testcases.dll" id="c3805cdc-bc4e-7421-780c-51811325d0a5">
      <Description>基础控件--时间轴</Description>
      <Execution id="b7053f19-7996-444f-9ef0-ac6064cfd512" />
      <TestMethod codeBase="D:/Jenkins/workspace/Vbi5Client-Release/source/TestCase/VBI.TestCases.DLL" adapterTypeName="Microsoft.VisualStudio.TestTools.TestTypes.Unit.UnitTestAdapter, Microsoft.VisualStudio.QualityTools.Tips.UnitTest.Adapter, Version=16.0.0.0, Culture=neutral, PublicKeyToken=b03f5f7f11d50a3a" className="VBI.TestCases.ControlTest.BaseControl, VBI.TestCases, Version=1.0.0.0, Culture=neutral, PublicKeyToken=null" name="TimeAxis1" />
    </UnitTest>
    <UnitTest name="LayerControl" storage="..\vbi5client-release\\source\testcase\vbi.testcases.dll" id="5c075d1b-7698-6a48-c6de-5c211210fa5e">
      <Description>操作器--图层控制</Description>
      <Execution id="6ee4db97-78e5-4112-9208-e4be249885b2" />
      <TestMethod codeBase="D:/Jenkins/workspace/Vbi5Client-Release/source/TestCase/VBI.TestCases.DLL" adapterTypeName="Microsoft.VisualStudio.TestTools.TestTypes.Unit.UnitTestAdapter, Microsoft.VisualStudio.QualityTools.Tips.UnitTest.Adapter, Version=16.0.0.0, Culture=neutral, PublicKeyToken=b03f5f7f11d50a3a" className="VBI.TestCases.ControlTest.Operator, VBI.TestCases, Version=1.0.0.0, Culture=neutral, PublicKeyToken=null" name="LayerControl" />
    </UnitTest>
    <UnitTest name="FourQuadrant" storage="..\vbi5client-release\\source\testcase\vbi.testcases.dll" id="6dd8d4d8-cbf9-a174-1784-5f4a27a43c7a">
      <Description>综合图表--四象限</Description>
      <Execution id="e02bc0ea-e30a-4301-ae21-53836f3b5362" />
      <TestMethod codeBase="D:/Jenkins/workspace/Vbi5Client-Release/source/TestCase/VBI.TestCases.DLL" adapterTypeName="Microsoft.VisualStudio.TestTools.TestTypes.Unit.UnitTestAdapter, Microsoft.VisualStudio.QualityTools.Tips.UnitTest.Adapter, Version=16.0.0.0, Culture=neutral, PublicKeyToken=b03f5f7f11d50a3a" className="VBI.TestCases.ControlTest.IntegratedChartUIControl, VBI.TestCases, Version=1.0.0.0, Culture=neutral, PublicKeyToken=null" name="FourQuadrant" />
    </UnitTest>
    <UnitTest name="AreaChart3" storage="..\vbi5client-release\\source\testcase\vbi.testcases.dll" id="a9277e6c-9aa6-3d95-5162-496c06f9635d">
      <Description>基础控件--面积图3</Description>
      <Execution id="7a33e86a-1f47-465c-8729-2c586f9de064" />
      <TestMethod codeBase="D:/Jenkins/workspace/Vbi5Client-Release/source/TestCase/VBI.TestCases.DLL" adapterTypeName="Microsoft.VisualStudio.TestTools.TestTypes.Unit.UnitTestAdapter, Microsoft.VisualStudio.QualityTools.Tips.UnitTest.Adapter, Version=16.0.0.0, Culture=neutral, PublicKeyToken=b03f5f7f11d50a3a" className="VBI.TestCases.ControlTest.BasicChart, VBI.TestCases, Version=1.0.0.0, Culture=neutral, PublicKeyToken=null" name="AreaChart3" />
    </UnitTest>
    <UnitTest name="RosePieChart" storage="..\vbi5client-release\\source\testcase\vbi.testcases.dll" id="a72ce8ef-9b0e-11fb-a70a-194f8b7e00b8">
      <Description>基础控件--玫瑰饼图</Description>
      <Execution id="1982b76d-ccf7-420a-b264-3ab8afd49ab8" />
      <TestMethod codeBase="D:/Jenkins/workspace/Vbi5Client-Release/source/TestCase/VBI.TestCases.DLL" adapterTypeName="Microsoft.VisualStudio.TestTools.TestTypes.Unit.UnitTestAdapter, Microsoft.VisualStudio.QualityTools.Tips.UnitTest.Adapter, Version=16.0.0.0, Culture=neutral, PublicKeyToken=b03f5f7f11d50a3a" className="VBI.TestCases.ControlTest.BasicChart, VBI.TestCases, Version=1.0.0.0, Culture=neutral, PublicKeyToken=null" name="RosePieChart" />
    </UnitTest>
    <UnitTest name="BubbleListChartForceSort" storage="..\vbi5client-release\\source\testcase\vbi.testcases.dll" id="e1b6fad5-5d92-94da-0442-48148b431154">
      <Description>综合图表--泡泡列表强制排序</Description>
      <Execution id="44148c60-eadf-49cb-9fda-ebcf0baaedec" />
      <TestMethod codeBase="D:/Jenkins/workspace/Vbi5Client-Release/source/TestCase/VBI.TestCases.DLL" adapterTypeName="Microsoft.VisualStudio.TestTools.TestTypes.Unit.UnitTestAdapter, Microsoft.VisualStudio.QualityTools.Tips.UnitTest.Adapter, Version=16.0.0.0, Culture=neutral, PublicKeyToken=b03f5f7f11d50a3a" className="VBI.TestCases.ControlTest.IntegratedChartUIControl, VBI.TestCases, Version=1.0.0.0, Culture=neutral, PublicKeyToken=null" name="BubbleListChartForceSort" />
    </UnitTest>
    <UnitTest name="BarStackChart" storage="..\vbi5client-release\\source\testcase\vbi.testcases.dll" id="a04939d6-5c46-c0e0-075c-0e0c895d115b">
      <Description>基础控件--柱状堆叠</Description>
      <Execution id="c94acbfe-a068-4d7d-af95-003b50fec701" />
      <TestMethod codeBase="D:/Jenkins/workspace/Vbi5Client-Release/source/TestCase/VBI.TestCases.DLL" adapterTypeName="Microsoft.VisualStudio.TestTools.TestTypes.Unit.UnitTestAdapter, Microsoft.VisualStudio.QualityTools.Tips.UnitTest.Adapter, Version=16.0.0.0, Culture=neutral, PublicKeyToken=b03f5f7f11d50a3a" className="VBI.TestCases.ControlTest.BasicChart, VBI.TestCases, Version=1.0.0.0, Culture=neutral, PublicKeyToken=null" name="BarStackChart" />
    </UnitTest>
    <UnitTest name="PictureDelete" storage="..\vbi5client-release\\source\testcase\vbi.testcases.dll" id="6e118ffa-978b-e9b5-d130-b70fb1a70a34">
      <Description>画面删除</Description>
      <Execution id="4b0f2244-f8b2-4652-886e-cbe8ea255bf5" />
      <TestMethod codeBase="D:/Jenkins/workspace/Vbi5Client-Release/source/TestCase/VBI.TestCases.DLL" adapterTypeName="Microsoft.VisualStudio.TestTools.TestTypes.Unit.UnitTestAdapter, Microsoft.VisualStudio.QualityTools.Tips.UnitTest.Adapter, Version=16.0.0.0, Culture=neutral, PublicKeyToken=b03f5f7f11d50a3a" className="VBI.TestCases.CanvasTest.CanvasTest, VBI.TestCases, Version=1.0.0.0, Culture=neutral, PublicKeyToken=null" name="PictureDelete" />
    </UnitTest>
    <UnitTest name="Thermometer" storage="..\vbi5client-release\\source\testcase\vbi.testcases.dll" id="904ad3d3-c783-0345-3c31-c9b1ca986928">
      <Description>仪表进度控件--温度计</Description>
      <Execution id="6d06ba34-6353-40a4-966a-ed31c9af1d85" />
      <TestMethod codeBase="D:/Jenkins/workspace/Vbi5Client-Release/source/TestCase/VBI.TestCases.DLL" adapterTypeName="Microsoft.VisualStudio.TestTools.TestTypes.Unit.UnitTestAdapter, Microsoft.VisualStudio.QualityTools.Tips.UnitTest.Adapter, Version=16.0.0.0, Culture=neutral, PublicKeyToken=b03f5f7f11d50a3a" className="VBI.TestCases.ControlTest.InstrumentProgress, VBI.TestCases, Version=1.0.0.0, Culture=neutral, PublicKeyToken=null" name="Thermometer" />
    </UnitTest>
    <UnitTest name="BubbleChart" storage="..\vbi5client-release\\source\testcase\vbi.testcases.dll" id="5b06e613-4d9b-5b9a-2b72-0ab1ee433d65">
      <Description>基础控件--泡泡图</Description>
      <Execution id="403a1024-6bb2-4d6a-89f0-24e1780fcad5" />
      <TestMethod codeBase="D:/Jenkins/workspace/Vbi5Client-Release/source/TestCase/VBI.TestCases.DLL" adapterTypeName="Microsoft.VisualStudio.TestTools.TestTypes.Unit.UnitTestAdapter, Microsoft.VisualStudio.QualityTools.Tips.UnitTest.Adapter, Version=16.0.0.0, Culture=neutral, PublicKeyToken=b03f5f7f11d50a3a" className="VBI.TestCases.ControlTest.BasicChart, VBI.TestCases, Version=1.0.0.0, Culture=neutral, PublicKeyToken=null" name="BubbleChart" />
    </UnitTest>
    <UnitTest name="DataAxis" storage="..\vbi5client-release\\source\testcase\vbi.testcases.dll" id="6e73446a-f7f5-7d54-3cfa-63566ec5d4f5">
      <Description>基础控件--数据轴</Description>
      <Execution id="5b210d05-7cfb-43c8-b9ae-eba8d9f651b1" />
      <TestMethod codeBase="D:/Jenkins/workspace/Vbi5Client-Release/source/TestCase/VBI.TestCases.DLL" adapterTypeName="Microsoft.VisualStudio.TestTools.TestTypes.Unit.UnitTestAdapter, Microsoft.VisualStudio.QualityTools.Tips.UnitTest.Adapter, Version=16.0.0.0, Culture=neutral, PublicKeyToken=b03f5f7f11d50a3a" className="VBI.TestCases.ControlTest.BaseControl, VBI.TestCases, Version=1.0.0.0, Culture=neutral, PublicKeyToken=null" name="DataAxis" />
    </UnitTest>
    <UnitTest name="Rectangle" storage="..\vbi5client-release\\source\testcase\vbi.testcases.dll" id="75bf1358-9561-f0c1-56c9-c82f46089d31">
      <Description>基础图形--矩形</Description>
      <Execution id="a8dbeaaa-c165-4ea0-af65-d7eb3e2a7165" />
      <TestMethod codeBase="D:/Jenkins/workspace/Vbi5Client-Release/source/TestCase/VBI.TestCases.DLL" adapterTypeName="Microsoft.VisualStudio.TestTools.TestTypes.Unit.UnitTestAdapter, Microsoft.VisualStudio.QualityTools.Tips.UnitTest.Adapter, Version=16.0.0.0, Culture=neutral, PublicKeyToken=b03f5f7f11d50a3a" className="VBI.TestCases.ControlTest.BaseGraphics, VBI.TestCases, Version=1.0.0.0, Culture=neutral, PublicKeyToken=null" name="Rectangle" />
    </UnitTest>
    <UnitTest name="DiffSourceUnion" storage="..\vbi5client-release\\source\testcase\vbi.testcases.dll" id="337c4ecf-857f-0458-1dfa-ab3b9bd52aa1">
      <Description>不同数据源多表Union模型</Description>
      <Execution id="abc4e6c2-683a-481a-8857-dabe94053954" />
      <TestMethod codeBase="D:/Jenkins/workspace/Vbi5Client-Release/source/TestCase/VBI.TestCases.DLL" adapterTypeName="Microsoft.VisualStudio.TestTools.TestTypes.Unit.UnitTestAdapter, Microsoft.VisualStudio.QualityTools.Tips.UnitTest.Adapter, Version=16.0.0.0, Culture=neutral, PublicKeyToken=b03f5f7f11d50a3a" className="VBI.TestCases.DataModleTest.DataModelRelevance, VBI.TestCases, Version=1.0.0.0, Culture=neutral, PublicKeyToken=null" name="DiffSourceUnion" />
    </UnitTest>
    <UnitTest name="HighSpeedBrowser" storage="..\vbi5client-release\\source\testcase\vbi.testcases.dll" id="f4b1d073-3297-d0c1-4c2b-dffce1fb0b7c">
      <Description>基础控件--高速浏览器</Description>
      <Execution id="76d862c8-e54e-4fd1-9919-ee4d262e92e9" />
      <TestMethod codeBase="D:/Jenkins/workspace/Vbi5Client-Release/source/TestCase/VBI.TestCases.DLL" adapterTypeName="Microsoft.VisualStudio.TestTools.TestTypes.Unit.UnitTestAdapter, Microsoft.VisualStudio.QualityTools.Tips.UnitTest.Adapter, Version=16.0.0.0, Culture=neutral, PublicKeyToken=b03f5f7f11d50a3a" className="VBI.TestCases.ControlTest.BaseControl, VBI.TestCases, Version=1.0.0.0, Culture=neutral, PublicKeyToken=null" name="HighSpeedBrowser" />
    </UnitTest>
    <UnitTest name="Pareto1" storage="..\vbi5client-release\\source\testcase\vbi.testcases.dll" id="f42daaaf-0547-bf75-1797-1b91d6055809">
      <Description>综合图表--帕累托图1</Description>
      <Execution id="f801af11-49dc-42fa-9809-4d99348d900f" />
      <TestMethod codeBase="D:/Jenkins/workspace/Vbi5Client-Release/source/TestCase/VBI.TestCases.DLL" adapterTypeName="Microsoft.VisualStudio.TestTools.TestTypes.Unit.UnitTestAdapter, Microsoft.VisualStudio.QualityTools.Tips.UnitTest.Adapter, Version=16.0.0.0, Culture=neutral, PublicKeyToken=b03f5f7f11d50a3a" className="VBI.TestCases.ControlTest.IntegratedChartUIControl, VBI.TestCases, Version=1.0.0.0, Culture=neutral, PublicKeyToken=null" name="Pareto1" />
    </UnitTest>
    <UnitTest name="RestfulTest" storage="..\vbi5client-release\\source\testcase\vbi.testcases.dll" id="4e13189b-9889-a8f6-ee30-ef538c715934">
      <Description>Restful接口数据源创建</Description>
      <Execution id="4abe6dbc-e328-41d1-824c-6cb148eef5bd" />
      <TestMethod codeBase="D:/Jenkins/workspace/Vbi5Client-Release/source/TestCase/VBI.TestCases.DLL" adapterTypeName="Microsoft.VisualStudio.TestTools.TestTypes.Unit.UnitTestAdapter, Microsoft.VisualStudio.QualityTools.Tips.UnitTest.Adapter, Version=16.0.0.0, Culture=neutral, PublicKeyToken=b03f5f7f11d50a3a" className="VBI.TestCases.DataSourceTest.InterfaceSourceTest, VBI.TestCases, Version=1.0.0.0, Culture=neutral, PublicKeyToken=null" name="RestfulTest" />
    </UnitTest>
    <UnitTest name="HighSpeedBrowser1" storage="..\vbi5client-release\\source\testcase\vbi.testcases.dll" id="38056321-4f4b-82d2-3fbd-6ae99ac3e196">
      <Description>基础控件--高速浏览器1</Description>
      <Execution id="98ecd995-eefb-448f-9701-a2f167914814" />
      <TestMethod codeBase="D:/Jenkins/workspace/Vbi5Client-Release/source/TestCase/VBI.TestCases.DLL" adapterTypeName="Microsoft.VisualStudio.TestTools.TestTypes.Unit.UnitTestAdapter, Microsoft.VisualStudio.QualityTools.Tips.UnitTest.Adapter, Version=16.0.0.0, Culture=neutral, PublicKeyToken=b03f5f7f11d50a3a" className="VBI.TestCases.ControlTest.BaseControl, VBI.TestCases, Version=1.0.0.0, Culture=neutral, PublicKeyToken=null" name="HighSpeedBrowser1" />
    </UnitTest>
    <UnitTest name="CakeCol" storage="..\vbi5client-release\\source\testcase\vbi.testcases.dll" id="22e22d4e-efc7-b40d-480d-f1722deb8075">
      <Description>仪表进度控件--饼柱图</Description>
      <Execution id="813ed11c-a14e-40a8-b58a-c63c0dba1612" />
      <TestMethod codeBase="D:/Jenkins/workspace/Vbi5Client-Release/source/TestCase/VBI.TestCases.DLL" adapterTypeName="Microsoft.VisualStudio.TestTools.TestTypes.Unit.UnitTestAdapter, Microsoft.VisualStudio.QualityTools.Tips.UnitTest.Adapter, Version=16.0.0.0, Culture=neutral, PublicKeyToken=b03f5f7f11d50a3a" className="VBI.TestCases.ControlTest.IntegratedChartUIControl, VBI.TestCases, Version=1.0.0.0, Culture=neutral, PublicKeyToken=null" name="CakeCol" />
    </UnitTest>
    <UnitTest name="MongoDB1" storage="..\vbi5client-release\\source\testcase\vbi.testcases.dll" id="22602b5c-39f9-79be-40a5-aa1a88e2721b">
      <Description>MongoDB查询条件</Description>
      <Execution id="dc5ef7c1-b065-4e2e-90df-5ed77968a950" />
      <TestMethod codeBase="D:/Jenkins/workspace/Vbi5Client-Release/source/TestCase/VBI.TestCases.DLL" adapterTypeName="Microsoft.VisualStudio.TestTools.TestTypes.Unit.UnitTestAdapter, Microsoft.VisualStudio.QualityTools.Tips.UnitTest.Adapter, Version=16.0.0.0, Culture=neutral, PublicKeyToken=b03f5f7f11d50a3a" className="VBI.TestCases.DataSourceTest.InterfaceSourceTest, VBI.TestCases, Version=1.0.0.0, Culture=neutral, PublicKeyToken=null" name="MongoDB1" />
    </UnitTest>
    <UnitTest name="PostSql" storage="..\vbi5client-release\\source\testcase\vbi.testcases.dll" id="898af356-fa9f-5ceb-f68d-6c89ed4e3e1a">
      <Description>PostSql</Description>
      <Execution id="b628d97a-51d5-432a-a5b9-f719989265e1" />
      <TestMethod codeBase="D:/Jenkins/workspace/Vbi5Client-Release/source/TestCase/VBI.TestCases.DLL" adapterTypeName="Microsoft.VisualStudio.TestTools.TestTypes.Unit.UnitTestAdapter, Microsoft.VisualStudio.QualityTools.Tips.UnitTest.Adapter, Version=16.0.0.0, Culture=neutral, PublicKeyToken=b03f5f7f11d50a3a" className="VBI.TestCases.DataSourceTest.RdbTypeSourceTest, VBI.TestCases, Version=1.0.0.0, Culture=neutral, PublicKeyToken=null" name="PostSql" />
    </UnitTest>
    <UnitTest name="DiffSheetSameFieldRelevant" storage="..\vbi5client-release\\source\testcase\vbi.testcases.dll" id="b31e40d6-5119-391c-459b-229bf96c5355">
      <Description>同表字段关联</Description>
      <Execution id="e3e29632-e5e2-4a61-9655-503051386c8a" />
      <TestMethod codeBase="D:/Jenkins/workspace/Vbi5Client-Release/source/TestCase/VBI.TestCases.DLL" adapterTypeName="Microsoft.VisualStudio.TestTools.TestTypes.Unit.UnitTestAdapter, Microsoft.VisualStudio.QualityTools.Tips.UnitTest.Adapter, Version=16.0.0.0, Culture=neutral, PublicKeyToken=b03f5f7f11d50a3a" className="VBI.TestCases.DataModleTest.DataModelRelevance, VBI.TestCases, Version=1.0.0.0, Culture=neutral, PublicKeyToken=null" name="DiffSheetSameFieldRelevant" />
    </UnitTest>
    <UnitTest name="SQLserver" storage="..\vbi5client-release\\source\testcase\vbi.testcases.dll" id="9b21bcfe-5793-fe4c-c043-c0bd80ba68e3">
      <Description>SQLserver</Description>
      <Execution id="d5b74cb5-2e2d-4707-848d-a42a99bdbdd6" />
      <TestMethod codeBase="D:/Jenkins/workspace/Vbi5Client-Release/source/TestCase/VBI.TestCases.DLL" adapterTypeName="Microsoft.VisualStudio.TestTools.TestTypes.Unit.UnitTestAdapter, Microsoft.VisualStudio.QualityTools.Tips.UnitTest.Adapter, Version=16.0.0.0, Culture=neutral, PublicKeyToken=b03f5f7f11d50a3a" className="VBI.TestCases.DataSourceTest.RdbTypeSourceTest, VBI.TestCases, Version=1.0.0.0, Culture=neutral, PublicKeyToken=null" name="SQLserver" />
    </UnitTest>
    <UnitTest name="PieChart1" storage="..\vbi5client-release\\source\testcase\vbi.testcases.dll" id="488fbddc-149f-bdc4-11d8-96d4a10caa9d">
      <Description>基础控件--饼状图</Description>
      <Execution id="ea17fc27-3d13-4374-b9d0-57606578ded6" />
      <TestMethod codeBase="D:/Jenkins/workspace/Vbi5Client-Release/source/TestCase/VBI.TestCases.DLL" adapterTypeName="Microsoft.VisualStudio.TestTools.TestTypes.Unit.UnitTestAdapter, Microsoft.VisualStudio.QualityTools.Tips.UnitTest.Adapter, Version=16.0.0.0, Culture=neutral, PublicKeyToken=b03f5f7f11d50a3a" className="VBI.TestCases.ControlTest.BasicChart, VBI.TestCases, Version=1.0.0.0, Culture=neutral, PublicKeyToken=null" name="PieChart1" />
    </UnitTest>
    <UnitTest name="UrlBandingPicture" storage="..\vbi5client-release\\source\testcase\vbi.testcases.dll" id="3eb2fdf4-1a0a-d91d-a5eb-c587918b4fe5">
      <Description>基础控件--Url图片本地和网络路径绑定</Description>
      <Execution id="29fdbd90-629b-4eb2-9bc4-2a8cff8e559c" />
      <TestMethod codeBase="D:/Jenkins/workspace/Vbi5Client-Release/source/TestCase/VBI.TestCases.DLL" adapterTypeName="Microsoft.VisualStudio.TestTools.TestTypes.Unit.UnitTestAdapter, Microsoft.VisualStudio.QualityTools.Tips.UnitTest.Adapter, Version=16.0.0.0, Culture=neutral, PublicKeyToken=b03f5f7f11d50a3a" className="VBI.TestCases.ControlTest.BaseControl, VBI.TestCases, Version=1.0.0.0, Culture=neutral, PublicKeyToken=null" name="UrlBandingPicture" />
    </UnitTest>
    <UnitTest name="OracleCreatTest" storage="..\vbi5client-release\\source\testcase\vbi.testcases.dll" id="0ffdad0e-c85c-a746-a26e-f0eda3c21a5e">
      <Description>Oracle视图创建</Description>
      <Execution id="f8c32290-a28e-433d-af95-4ef6d92e51b5" />
      <TestMethod codeBase="D:/Jenkins/workspace/Vbi5Client-Release/source/TestCase/VBI.TestCases.DLL" adapterTypeName="Microsoft.VisualStudio.TestTools.TestTypes.Unit.UnitTestAdapter, Microsoft.VisualStudio.QualityTools.Tips.UnitTest.Adapter, Version=16.0.0.0, Culture=neutral, PublicKeyToken=b03f5f7f11d50a3a" className="VBI.TestCases.DataSourceTest.RdbTypeSourceTest, VBI.TestCases, Version=1.0.0.0, Culture=neutral, PublicKeyToken=null" name="OracleCreatTest" />
    </UnitTest>
    <UnitTest name="WaterfallDistribution" storage="..\vbi5client-release\\source\testcase\vbi.testcases.dll" id="5edd9afa-4729-6bba-2093-a89fb849d345">
      <Description>综合图表--瀑布分布</Description>
      <Execution id="78cfd163-1275-4708-a2d8-8573b67bdbdc" />
      <TestMethod codeBase="D:/Jenkins/workspace/Vbi5Client-Release/source/TestCase/VBI.TestCases.DLL" adapterTypeName="Microsoft.VisualStudio.TestTools.TestTypes.Unit.UnitTestAdapter, Microsoft.VisualStudio.QualityTools.Tips.UnitTest.Adapter, Version=16.0.0.0, Culture=neutral, PublicKeyToken=b03f5f7f11d50a3a" className="VBI.TestCases.ControlTest.IntegratedChartUIControl, VBI.TestCases, Version=1.0.0.0, Culture=neutral, PublicKeyToken=null" name="WaterfallDistribution" />
    </UnitTest>
    <UnitTest name="CustomFieldCreateAndModify" storage="..\vbi5client-release\\source\testcase\vbi.testcases.dll" id="264ed948-5310-f9a4-8bf6-e05d3b40ab26">
      <Description>创建多个自定义字段并修改</Description>
      <Execution id="a912f45f-c201-4fe3-a735-bf4904e0d631" />
      <TestMethod codeBase="D:/Jenkins/workspace/Vbi5Client-Release/source/TestCase/VBI.TestCases.DLL" adapterTypeName="Microsoft.VisualStudio.TestTools.TestTypes.Unit.UnitTestAdapter, Microsoft.VisualStudio.QualityTools.Tips.UnitTest.Adapter, Version=16.0.0.0, Culture=neutral, PublicKeyToken=b03f5f7f11d50a3a" className="VBI.TestCases.DataModleTest.DataModelRelevance, VBI.TestCases, Version=1.0.0.0, Culture=neutral, PublicKeyToken=null" name="CustomFieldCreateAndModify" />
    </UnitTest>
    <UnitTest name="CsvSourceDelTest" storage="..\vbi5client-release\\source\testcase\vbi.testcases.dll" id="92b7c303-5495-1275-5f9b-a5760ba7ca0b">
      <Description>CSV数据源新增与删除</Description>
      <Execution id="cf6a44bc-9733-485a-8904-0f929fe790ad" />
      <TestMethod codeBase="D:/Jenkins/workspace/Vbi5Client-Release/source/TestCase/VBI.TestCases.DLL" adapterTypeName="Microsoft.VisualStudio.TestTools.TestTypes.Unit.UnitTestAdapter, Microsoft.VisualStudio.QualityTools.Tips.UnitTest.Adapter, Version=16.0.0.0, Culture=neutral, PublicKeyToken=b03f5f7f11d50a3a" className="VBI.TestCases.DataSourceTest.FileTypeSourceTest, VBI.TestCases, Version=1.0.0.0, Culture=neutral, PublicKeyToken=null" name="CsvSourceDelTest" />
    </UnitTest>
    <UnitTest name="WaterfallStaircase" storage="..\vbi5client-release\\source\testcase\vbi.testcases.dll" id="de957b90-216c-54b5-886e-378ef9175bd8">
      <Description>综合图表--瀑布阶梯</Description>
      <Execution id="d2872a20-76d8-45af-9d81-de49fc15c078" />
      <TestMethod codeBase="D:/Jenkins/workspace/Vbi5Client-Release/source/TestCase/VBI.TestCases.DLL" adapterTypeName="Microsoft.VisualStudio.TestTools.TestTypes.Unit.UnitTestAdapter, Microsoft.VisualStudio.QualityTools.Tips.UnitTest.Adapter, Version=16.0.0.0, Culture=neutral, PublicKeyToken=b03f5f7f11d50a3a" className="VBI.TestCases.ControlTest.IntegratedChartUIControl, VBI.TestCases, Version=1.0.0.0, Culture=neutral, PublicKeyToken=null" name="WaterfallStaircase" />
    </UnitTest>
    <UnitTest name="InternalSourceRightEdit" storage="..\vbi5client-release\\source\testcase\vbi.testcases.dll" id="c2bbd7ab-9eed-d947-7465-b3dd51652265">
      <Description>内置数据源右击复制功能</Description>
      <Execution id="00d48233-42d8-4556-8509-853e8079913b" />
      <TestMethod codeBase="D:/Jenkins/workspace/Vbi5Client-Release/source/TestCase/VBI.TestCases.DLL" adapterTypeName="Microsoft.VisualStudio.TestTools.TestTypes.Unit.UnitTestAdapter, Microsoft.VisualStudio.QualityTools.Tips.UnitTest.Adapter, Version=16.0.0.0, Culture=neutral, PublicKeyToken=b03f5f7f11d50a3a" className="VBI.TestCases.DataSourceTest.InternalSource, VBI.TestCases, Version=1.0.0.0, Culture=neutral, PublicKeyToken=null" name="InternalSourceRightEdit" />
    </UnitTest>
    <UnitTest name="Chord1" storage="..\vbi5client-release\\source\testcase\vbi.testcases.dll" id="ea7fa326-4e0a-453b-5e29-0276737b91f3">
      <Description>基础控件--和弦图</Description>
      <Execution id="a6f97ac9-d14a-4dae-8a82-c3c87c955953" />
      <TestMethod codeBase="D:/Jenkins/workspace/Vbi5Client-Release/source/TestCase/VBI.TestCases.DLL" adapterTypeName="Microsoft.VisualStudio.TestTools.TestTypes.Unit.UnitTestAdapter, Microsoft.VisualStudio.QualityTools.Tips.UnitTest.Adapter, Version=16.0.0.0, Culture=neutral, PublicKeyToken=b03f5f7f11d50a3a" className="VBI.TestCases.ControlTest.BasicChart, VBI.TestCases, Version=1.0.0.0, Culture=neutral, PublicKeyToken=null" name="Chord1" />
    </UnitTest>
    <UnitTest name="SelectBox" storage="..\vbi5client-release\\source\testcase\vbi.testcases.dll" id="bccd30b0-13a6-e2f5-ba9c-2d8c0ebc3490">
      <Description>基础控件--下拉选框</Description>
      <Execution id="3ef0b3b1-5f58-4271-b1e7-a35ac6874a41" />
      <TestMethod codeBase="D:/Jenkins/workspace/Vbi5Client-Release/source/TestCase/VBI.TestCases.DLL" adapterTypeName="Microsoft.VisualStudio.TestTools.TestTypes.Unit.UnitTestAdapter, Microsoft.VisualStudio.QualityTools.Tips.UnitTest.Adapter, Version=16.0.0.0, Culture=neutral, PublicKeyToken=b03f5f7f11d50a3a" className="VBI.TestCases.ControlTest.BaseControl, VBI.TestCases, Version=1.0.0.0, Culture=neutral, PublicKeyToken=null" name="SelectBox" />
    </UnitTest>
    <UnitTest name="TimeAxis" storage="..\vbi5client-release\\source\testcase\vbi.testcases.dll" id="900fdd7c-48a1-b397-888e-b1c295bdfac5">
      <Description>基础控件--时间轴</Description>
      <Execution id="3db0b95b-9468-4ac7-b7de-80f87abea872" />
      <TestMethod codeBase="D:/Jenkins/workspace/Vbi5Client-Release/source/TestCase/VBI.TestCases.DLL" adapterTypeName="Microsoft.VisualStudio.TestTools.TestTypes.Unit.UnitTestAdapter, Microsoft.VisualStudio.QualityTools.Tips.UnitTest.Adapter, Version=16.0.0.0, Culture=neutral, PublicKeyToken=b03f5f7f11d50a3a" className="VBI.TestCases.ControlTest.BaseControl, VBI.TestCases, Version=1.0.0.0, Culture=neutral, PublicKeyToken=null" name="TimeAxis" />
    </UnitTest>
    <UnitTest name="Slipper" storage="..\vbi5client-release\\source\testcase\vbi.testcases.dll" id="c2fd2d32-6a65-d127-7a60-c822dba1d03a">
      <Description>基础控件--滑块选择</Description>
      <Execution id="47c7558b-3ed5-4f08-8083-a3b099940ca8" />
      <TestMethod codeBase="D:/Jenkins/workspace/Vbi5Client-Release/source/TestCase/VBI.TestCases.DLL" adapterTypeName="Microsoft.VisualStudio.TestTools.TestTypes.Unit.UnitTestAdapter, Microsoft.VisualStudio.QualityTools.Tips.UnitTest.Adapter, Version=16.0.0.0, Culture=neutral, PublicKeyToken=b03f5f7f11d50a3a" className="VBI.TestCases.ControlTest.BaseControl, VBI.TestCases, Version=1.0.0.0, Culture=neutral, PublicKeyToken=null" name="Slipper" />
    </UnitTest>
    <UnitTest name="AreaStackChart" storage="..\vbi5client-release\\source\testcase\vbi.testcases.dll" id="dfcdd90d-bab5-8e58-2242-ea70a9d0f6ac">
      <Description>基础控件--面积堆叠</Description>
      <Execution id="642f338a-d1ec-4250-bb4d-c6b2753e8dac" />
      <TestMethod codeBase="D:/Jenkins/workspace/Vbi5Client-Release/source/TestCase/VBI.TestCases.DLL" adapterTypeName="Microsoft.VisualStudio.TestTools.TestTypes.Unit.UnitTestAdapter, Microsoft.VisualStudio.QualityTools.Tips.UnitTest.Adapter, Version=16.0.0.0, Culture=neutral, PublicKeyToken=b03f5f7f11d50a3a" className="VBI.TestCases.ControlTest.BasicChart, VBI.TestCases, Version=1.0.0.0, Culture=neutral, PublicKeyToken=null" name="AreaStackChart" />
    </UnitTest>
    <UnitTest name="ExcelSourceDeleteTest" storage="..\vbi5client-release\\source\testcase\vbi.testcases.dll" id="a9121acb-94c6-4115-e059-bfe6f3887df7">
      <Description>Excel数据源新增与删除</Description>
      <Execution id="757927a0-5e1b-45e0-9d7d-76651cc212c9" />
      <TestMethod codeBase="D:/Jenkins/workspace/Vbi5Client-Release/source/TestCase/VBI.TestCases.DLL" adapterTypeName="Microsoft.VisualStudio.TestTools.TestTypes.Unit.UnitTestAdapter, Microsoft.VisualStudio.QualityTools.Tips.UnitTest.Adapter, Version=16.0.0.0, Culture=neutral, PublicKeyToken=b03f5f7f11d50a3a" className="VBI.TestCases.DataSourceTest.FileTypeSourceTest, VBI.TestCases, Version=1.0.0.0, Culture=neutral, PublicKeyToken=null" name="ExcelSourceDeleteTest" />
    </UnitTest>
    <UnitTest name="MongoDB" storage="..\vbi5client-release\\source\testcase\vbi.testcases.dll" id="788a4673-7f46-1b60-7474-bf0c715cdf2e">
      <Description>MongoDB接口数据源创建</Description>
      <Execution id="980e3d60-9bac-4a75-b18c-86df36ba6679" />
      <TestMethod codeBase="D:/Jenkins/workspace/Vbi5Client-Release/source/TestCase/VBI.TestCases.DLL" adapterTypeName="Microsoft.VisualStudio.TestTools.TestTypes.Unit.UnitTestAdapter, Microsoft.VisualStudio.QualityTools.Tips.UnitTest.Adapter, Version=16.0.0.0, Culture=neutral, PublicKeyToken=b03f5f7f11d50a3a" className="VBI.TestCases.DataSourceTest.InterfaceSourceTest, VBI.TestCases, Version=1.0.0.0, Culture=neutral, PublicKeyToken=null" name="MongoDB" />
    </UnitTest>
    <UnitTest name="SelectBox1" storage="..\vbi5client-release\\source\testcase\vbi.testcases.dll" id="c646f378-be2b-ba56-689f-777970e3c4b0">
      <Description>基础控件--下拉选框1</Description>
      <Execution id="fdfec0ce-87e7-475f-9ae6-7118aade8874" />
      <TestMethod codeBase="D:/Jenkins/workspace/Vbi5Client-Release/source/TestCase/VBI.TestCases.DLL" adapterTypeName="Microsoft.VisualStudio.TestTools.TestTypes.Unit.UnitTestAdapter, Microsoft.VisualStudio.QualityTools.Tips.UnitTest.Adapter, Version=16.0.0.0, Culture=neutral, PublicKeyToken=b03f5f7f11d50a3a" className="VBI.TestCases.ControlTest.BaseControl, VBI.TestCases, Version=1.0.0.0, Culture=neutral, PublicKeyToken=null" name="SelectBox1" />
    </UnitTest>
    <UnitTest name="OrderLine" storage="..\vbi5client-release\\source\testcase\vbi.testcases.dll" id="f2a45ce4-8a07-f535-da29-394f30bec5fb">
      <Description>基础控件--阶线图</Description>
      <Execution id="e33ce6df-5555-442e-810d-d9a4de0a2fd9" />
      <TestMethod codeBase="D:/Jenkins/workspace/Vbi5Client-Release/source/TestCase/VBI.TestCases.DLL" adapterTypeName="Microsoft.VisualStudio.TestTools.TestTypes.Unit.UnitTestAdapter, Microsoft.VisualStudio.QualityTools.Tips.UnitTest.Adapter, Version=16.0.0.0, Culture=neutral, PublicKeyToken=b03f5f7f11d50a3a" className="VBI.TestCases.ControlTest.BasicChart, VBI.TestCases, Version=1.0.0.0, Culture=neutral, PublicKeyToken=null" name="OrderLine" />
    </UnitTest>
    <UnitTest name="KingBase" storage="..\vbi5client-release\\source\testcase\vbi.testcases.dll" id="f8cb4645-46c1-04c8-6427-3b979d9384db">
      <Description>KingBase数据库</Description>
      <Execution id="bfd744f6-6748-4a37-93d6-97b4baecf8eb" />
      <TestMethod codeBase="D:/Jenkins/workspace/Vbi5Client-Release/source/TestCase/VBI.TestCases.DLL" adapterTypeName="Microsoft.VisualStudio.TestTools.TestTypes.Unit.UnitTestAdapter, Microsoft.VisualStudio.QualityTools.Tips.UnitTest.Adapter, Version=16.0.0.0, Culture=neutral, PublicKeyToken=b03f5f7f11d50a3a" className="VBI.TestCases.DataSourceTest.RdbTypeSourceTest, VBI.TestCases, Version=1.0.0.0, Culture=neutral, PublicKeyToken=null" name="KingBase" />
    </UnitTest>
    <UnitTest name="ScreeningList3" storage="..\vbi5client-release\\source\testcase\vbi.testcases.dll" id="ddb906ef-9f15-efde-9021-fccf75940846">
      <Description>基础控件--筛选列表</Description>
      <Execution id="aba4c9cc-a19a-48d3-89ba-a879a5ed372b" />
      <TestMethod codeBase="D:/Jenkins/workspace/Vbi5Client-Release/source/TestCase/VBI.TestCases.DLL" adapterTypeName="Microsoft.VisualStudio.TestTools.TestTypes.Unit.UnitTestAdapter, Microsoft.VisualStudio.QualityTools.Tips.UnitTest.Adapter, Version=16.0.0.0, Culture=neutral, PublicKeyToken=b03f5f7f11d50a3a" className="VBI.TestCases.ControlTest.BaseControl, VBI.TestCases, Version=1.0.0.0, Culture=neutral, PublicKeyToken=null" name="ScreeningList3" />
    </UnitTest>
    <UnitTest name="PictureCopyAndModify" storage="..\vbi5client-release\\source\testcase\vbi.testcases.dll" id="56711843-e038-7df2-dc16-e5e99367a387">
      <Description>画面副本创建和修改</Description>
      <Execution id="ca2b61ff-6de8-48a8-8a3e-80ae4b843ebe" />
      <TestMethod codeBase="D:/Jenkins/workspace/Vbi5Client-Release/source/TestCase/VBI.TestCases.DLL" adapterTypeName="Microsoft.VisualStudio.TestTools.TestTypes.Unit.UnitTestAdapter, Microsoft.VisualStudio.QualityTools.Tips.UnitTest.Adapter, Version=16.0.0.0, Culture=neutral, PublicKeyToken=b03f5f7f11d50a3a" className="VBI.TestCases.CanvasTest.CanvasTest, VBI.TestCases, Version=1.0.0.0, Culture=neutral, PublicKeyToken=null" name="PictureCopyAndModify" />
    </UnitTest>
    <UnitTest name="MQmessage" storage="..\vbi5client-release\\source\testcase\vbi.testcases.dll" id="18b60f62-7404-ef3c-a6e4-d3fefe528bd2">
      <Description>操作器--MQ消息发送</Description>
      <Execution id="d2ea007c-8975-4d80-a4d8-61b358adbf13" />
      <TestMethod codeBase="D:/Jenkins/workspace/Vbi5Client-Release/source/TestCase/VBI.TestCases.DLL" adapterTypeName="Microsoft.VisualStudio.TestTools.TestTypes.Unit.UnitTestAdapter, Microsoft.VisualStudio.QualityTools.Tips.UnitTest.Adapter, Version=16.0.0.0, Culture=neutral, PublicKeyToken=b03f5f7f11d50a3a" className="VBI.TestCases.ControlTest.Operator, VBI.TestCases, Version=1.0.0.0, Culture=neutral, PublicKeyToken=null" name="MQmessage" />
    </UnitTest>
    <UnitTest name="DicRightClick" storage="..\vbi5client-release\\source\testcase\vbi.testcases.dll" id="170cfff1-a6b5-3042-adeb-54cf1ba77f8c">
      <Description>数据字典--数据字典右键功能</Description>
      <Execution id="20243ce4-6c6f-44fb-954b-2f880dfe9240" />
      <TestMethod codeBase="D:/Jenkins/workspace/Vbi5Client-Release/source/TestCase/VBI.TestCases.DLL" adapterTypeName="Microsoft.VisualStudio.TestTools.TestTypes.Unit.UnitTestAdapter, Microsoft.VisualStudio.QualityTools.Tips.UnitTest.Adapter, Version=16.0.0.0, Culture=neutral, PublicKeyToken=b03f5f7f11d50a3a" className="VBI.TestCases.DataSourceTest.Dictionary, VBI.TestCases, Version=1.0.0.0, Culture=neutral, PublicKeyToken=null" name="DicRightClick" />
    </UnitTest>
    <UnitTest name="PerformControlAct" storage="..\vbi5client-release\\source\testcase\vbi.testcases.dll" id="3d89ccd9-4372-efa4-4be0-2672db36d0a8">
      <Description>操作器--执行控件动作</Description>
      <Execution id="f94f0bbe-d248-488e-b542-182f3317c4a0" />
      <TestMethod codeBase="D:/Jenkins/workspace/Vbi5Client-Release/source/TestCase/VBI.TestCases.DLL" adapterTypeName="Microsoft.VisualStudio.TestTools.TestTypes.Unit.UnitTestAdapter, Microsoft.VisualStudio.QualityTools.Tips.UnitTest.Adapter, Version=16.0.0.0, Culture=neutral, PublicKeyToken=b03f5f7f11d50a3a" className="VBI.TestCases.ControlTest.Operator, VBI.TestCases, Version=1.0.0.0, Culture=neutral, PublicKeyToken=null" name="PerformControlAct" />
    </UnitTest>
    <UnitTest name="BubbleListChartProperty" storage="..\vbi5client-release\\source\testcase\vbi.testcases.dll" id="253c0e63-11b3-df6e-5408-dd4bc8b76f03">
      <Description>综合图表--泡泡列表属性</Description>
      <Execution id="c23e71e7-1396-4b4b-bb25-d017bf3e1cba" />
      <TestMethod codeBase="D:/Jenkins/workspace/Vbi5Client-Release/source/TestCase/VBI.TestCases.DLL" adapterTypeName="Microsoft.VisualStudio.TestTools.TestTypes.Unit.UnitTestAdapter, Microsoft.VisualStudio.QualityTools.Tips.UnitTest.Adapter, Version=16.0.0.0, Culture=neutral, PublicKeyToken=b03f5f7f11d50a3a" className="VBI.TestCases.ControlTest.IntegratedChartUIControl, VBI.TestCases, Version=1.0.0.0, Culture=neutral, PublicKeyToken=null" name="BubbleListChartProperty" />
    </UnitTest>
    <UnitTest name="CombineChart" storage="..\vbi5client-release\\source\testcase\vbi.testcases.dll" id="c76c9034-4743-25ac-39ba-828d9c1d3230">
      <Description>基础控件--组合Chart</Description>
      <Execution id="2d469e27-c452-4279-8deb-73cc85db19e5" />
      <TestMethod codeBase="D:/Jenkins/workspace/Vbi5Client-Release/source/TestCase/VBI.TestCases.DLL" adapterTypeName="Microsoft.VisualStudio.TestTools.TestTypes.Unit.UnitTestAdapter, Microsoft.VisualStudio.QualityTools.Tips.UnitTest.Adapter, Version=16.0.0.0, Culture=neutral, PublicKeyToken=b03f5f7f11d50a3a" className="VBI.TestCases.ControlTest.BasicChart, VBI.TestCases, Version=1.0.0.0, Culture=neutral, PublicKeyToken=null" name="CombineChart" />
    </UnitTest>
    <UnitTest name="TableChart" storage="..\vbi5client-release\\source\testcase\vbi.testcases.dll" id="2d7b7ede-736f-e31a-7d8d-7d9e33acfc61">
      <Description>综合图表--表格</Description>
      <Execution id="1c599623-33b4-4076-b047-62f58f906838" />
      <TestMethod codeBase="D:/Jenkins/workspace/Vbi5Client-Release/source/TestCase/VBI.TestCases.DLL" adapterTypeName="Microsoft.VisualStudio.TestTools.TestTypes.Unit.UnitTestAdapter, Microsoft.VisualStudio.QualityTools.Tips.UnitTest.Adapter, Version=16.0.0.0, Culture=neutral, PublicKeyToken=b03f5f7f11d50a3a" className="VBI.TestCases.ControlTest.IntegratedChartUIControl, VBI.TestCases, Version=1.0.0.0, Culture=neutral, PublicKeyToken=null" name="TableChart" />
    </UnitTest>
    <UnitTest name="ExcelSourceModifyTest" storage="..\vbi5client-release\\source\testcase\vbi.testcases.dll" id="cdf3d87e-b5b4-80e2-caa9-49fd0007a42a">
      <Description>Excel数据源新增与修改</Description>
      <Execution id="2b75760c-092a-4fd2-98d8-6b5d831e9207" />
      <TestMethod codeBase="D:/Jenkins/workspace/Vbi5Client-Release/source/TestCase/VBI.TestCases.DLL" adapterTypeName="Microsoft.VisualStudio.TestTools.TestTypes.Unit.UnitTestAdapter, Microsoft.VisualStudio.QualityTools.Tips.UnitTest.Adapter, Version=16.0.0.0, Culture=neutral, PublicKeyToken=b03f5f7f11d50a3a" className="VBI.TestCases.DataSourceTest.FileTypeSourceTest, VBI.TestCases, Version=1.0.0.0, Culture=neutral, PublicKeyToken=null" name="ExcelSourceModifyTest" />
    </UnitTest>
    <UnitTest name="Pareto2" storage="..\vbi5client-release\\source\testcase\vbi.testcases.dll" id="7b244f00-eaba-ada2-f8e5-899e229011c9">
      <Description>综合图表--帕累托图</Description>
      <Execution id="5e231f73-c9a9-4282-92f5-2f7aedee46f0" />
      <TestMethod codeBase="D:/Jenkins/workspace/Vbi5Client-Release/source/TestCase/VBI.TestCases.DLL" adapterTypeName="Microsoft.VisualStudio.TestTools.TestTypes.Unit.UnitTestAdapter, Microsoft.VisualStudio.QualityTools.Tips.UnitTest.Adapter, Version=16.0.0.0, Culture=neutral, PublicKeyToken=b03f5f7f11d50a3a" className="VBI.TestCases.ControlTest.IntegratedChartUIControl, VBI.TestCases, Version=1.0.0.0, Culture=neutral, PublicKeyToken=null" name="Pareto2" />
    </UnitTest>
    <UnitTest name="PieChart" storage="..\vbi5client-release\\source\testcase\vbi.testcases.dll" id="097155d7-10b7-ab22-151c-9fdb01cc6274">
      <Description>基础控件--饼状图</Description>
      <Execution id="e3e7769f-629d-4841-a4b1-6a2ea3b2c004" />
      <TestMethod codeBase="D:/Jenkins/workspace/Vbi5Client-Release/source/TestCase/VBI.TestCases.DLL" adapterTypeName="Microsoft.VisualStudio.TestTools.TestTypes.Unit.UnitTestAdapter, Microsoft.VisualStudio.QualityTools.Tips.UnitTest.Adapter, Version=16.0.0.0, Culture=neutral, PublicKeyToken=b03f5f7f11d50a3a" className="VBI.TestCases.ControlTest.BasicChart, VBI.TestCases, Version=1.0.0.0, Culture=neutral, PublicKeyToken=null" name="PieChart" />
    </UnitTest>
    <UnitTest name="AnnularCol2" storage="..\vbi5client-release\\source\testcase\vbi.testcases.dll" id="9c6727b8-0ccb-ecdd-0c06-f4c3b65a5896">
      <Description>基础控件--环形柱2</Description>
      <Execution id="018530c8-d89b-4be8-8ae5-693439e120da" />
      <TestMethod codeBase="D:/Jenkins/workspace/Vbi5Client-Release/source/TestCase/VBI.TestCases.DLL" adapterTypeName="Microsoft.VisualStudio.TestTools.TestTypes.Unit.UnitTestAdapter, Microsoft.VisualStudio.QualityTools.Tips.UnitTest.Adapter, Version=16.0.0.0, Culture=neutral, PublicKeyToken=b03f5f7f11d50a3a" className="VBI.TestCases.ControlTest.BasicChart, VBI.TestCases, Version=1.0.0.0, Culture=neutral, PublicKeyToken=null" name="AnnularCol2" />
    </UnitTest>
    <UnitTest name="ES1" storage="..\vbi5client-release\\source\testcase\vbi.testcases.dll" id="265b14d2-573b-2d9e-a42f-d2fc8a4e0f2b">
      <Description>ES数据源创建</Description>
      <Execution id="18731614-1d97-41e3-9fca-447320c33d38" />
      <TestMethod codeBase="D:/Jenkins/workspace/Vbi5Client-Release/source/TestCase/VBI.TestCases.DLL" adapterTypeName="Microsoft.VisualStudio.TestTools.TestTypes.Unit.UnitTestAdapter, Microsoft.VisualStudio.QualityTools.Tips.UnitTest.Adapter, Version=16.0.0.0, Culture=neutral, PublicKeyToken=b03f5f7f11d50a3a" className="VBI.TestCases.DataSourceTest.OtherTypeSourceTest, VBI.TestCases, Version=1.0.0.0, Culture=neutral, PublicKeyToken=null" name="ES1" />
    </UnitTest>
    <UnitTest name="HighPerChartWithCols" storage="..\vbi5client-release\\source\testcase\vbi.testcases.dll" id="d10c7595-8e09-41aa-d686-bb8549e8ff9b">
      <Description>综合图表--高性能Chart多序列</Description>
      <Execution id="321be32b-c963-4de3-9727-d7b3660058fe" />
      <TestMethod codeBase="D:/Jenkins/workspace/Vbi5Client-Release/source/TestCase/VBI.TestCases.DLL" adapterTypeName="Microsoft.VisualStudio.TestTools.TestTypes.Unit.UnitTestAdapter, Microsoft.VisualStudio.QualityTools.Tips.UnitTest.Adapter, Version=16.0.0.0, Culture=neutral, PublicKeyToken=b03f5f7f11d50a3a" className="VBI.TestCases.ControlTest.IntegratedChartUIControl, VBI.TestCases, Version=1.0.0.0, Culture=neutral, PublicKeyToken=null" name="HighPerChartWithCols" />
    </UnitTest>
    <UnitTest name="DropDownCheckBox1" storage="..\vbi5client-release\\source\testcase\vbi.testcases.dll" id="f3c2df51-1844-cea8-a426-91848bfa3d7b">
      <Description>基础控件--下拉复选框1</Description>
      <Execution id="ce561e52-275d-4b8a-a05c-e789464094c0" />
      <TestMethod codeBase="D:/Jenkins/workspace/Vbi5Client-Release/source/TestCase/VBI.TestCases.DLL" adapterTypeName="Microsoft.VisualStudio.TestTools.TestTypes.Unit.UnitTestAdapter, Microsoft.VisualStudio.QualityTools.Tips.UnitTest.Adapter, Version=16.0.0.0, Culture=neutral, PublicKeyToken=b03f5f7f11d50a3a" className="VBI.TestCases.ControlTest.BaseControl, VBI.TestCases, Version=1.0.0.0, Culture=neutral, PublicKeyToken=null" name="DropDownCheckBox1" />
    </UnitTest>
    <UnitTest name="AreaChart" storage="..\vbi5client-release\\source\testcase\vbi.testcases.dll" id="e6026a13-8d2c-5961-7338-94097ae65fea">
      <Description>基础控件--面积图</Description>
      <Execution id="187c16e4-341c-4262-b78a-d73fbd390730" />
      <TestMethod codeBase="D:/Jenkins/workspace/Vbi5Client-Release/source/TestCase/VBI.TestCases.DLL" adapterTypeName="Microsoft.VisualStudio.TestTools.TestTypes.Unit.UnitTestAdapter, Microsoft.VisualStudio.QualityTools.Tips.UnitTest.Adapter, Version=16.0.0.0, Culture=neutral, PublicKeyToken=b03f5f7f11d50a3a" className="VBI.TestCases.ControlTest.BasicChart, VBI.TestCases, Version=1.0.0.0, Culture=neutral, PublicKeyToken=null" name="AreaChart" />
    </UnitTest>
    <UnitTest name="CustomBarChart2" storage="..\vbi5client-release\\source\testcase\vbi.testcases.dll" id="ea9087e0-f9a3-71f7-1d9d-114f56cf356c">
      <Description>综合图表--定制横栏2</Description>
      <Execution id="b52296b4-11c3-42c2-adf4-3ec5b61b19e1" />
      <TestMethod codeBase="D:/Jenkins/workspace/Vbi5Client-Release/source/TestCase/VBI.TestCases.DLL" adapterTypeName="Microsoft.VisualStudio.TestTools.TestTypes.Unit.UnitTestAdapter, Microsoft.VisualStudio.QualityTools.Tips.UnitTest.Adapter, Version=16.0.0.0, Culture=neutral, PublicKeyToken=b03f5f7f11d50a3a" className="VBI.TestCases.ControlTest.IntegratedChartUIControl, VBI.TestCases, Version=1.0.0.0, Culture=neutral, PublicKeyToken=null" name="CustomBarChart2" />
    </UnitTest>
    <UnitTest name="HighPerChart" storage="..\vbi5client-release\\source\testcase\vbi.testcases.dll" id="a8a04f9f-1cfa-5672-da25-6c544f615102">
      <Description>综合图表--高性能Chart</Description>
      <Execution id="92991a85-f26b-4252-a150-6d33ee027a2d" />
      <TestMethod codeBase="D:/Jenkins/workspace/Vbi5Client-Release/source/TestCase/VBI.TestCases.DLL" adapterTypeName="Microsoft.VisualStudio.TestTools.TestTypes.Unit.UnitTestAdapter, Microsoft.VisualStudio.QualityTools.Tips.UnitTest.Adapter, Version=16.0.0.0, Culture=neutral, PublicKeyToken=b03f5f7f11d50a3a" className="VBI.TestCases.ControlTest.IntegratedChartUIControl, VBI.TestCases, Version=1.0.0.0, Culture=neutral, PublicKeyToken=null" name="HighPerChart" />
    </UnitTest>
    <UnitTest name="ShapeProgress" storage="..\vbi5client-release\\source\testcase\vbi.testcases.dll" id="86dfa39b-719e-f2ec-44c5-4717661ee450">
      <Description>仪表进度控件--形状进度</Description>
      <Execution id="23f8e8d8-b2ba-460a-911f-a6cf0d7320f6" />
      <TestMethod codeBase="D:/Jenkins/workspace/Vbi5Client-Release/source/TestCase/VBI.TestCases.DLL" adapterTypeName="Microsoft.VisualStudio.TestTools.TestTypes.Unit.UnitTestAdapter, Microsoft.VisualStudio.QualityTools.Tips.UnitTest.Adapter, Version=16.0.0.0, Culture=neutral, PublicKeyToken=b03f5f7f11d50a3a" className="VBI.TestCases.ControlTest.InstrumentProgress, VBI.TestCases, Version=1.0.0.0, Culture=neutral, PublicKeyToken=null" name="ShapeProgress" />
    </UnitTest>
    <UnitTest name="SyBase" storage="..\vbi5client-release\\source\testcase\vbi.testcases.dll" id="96a17986-14ab-1d1a-0fbd-db82ba367ec9">
      <Description>SyBase数据库</Description>
      <Execution id="bfebf26f-30df-4276-99a2-072c6b17c406" />
      <TestMethod codeBase="D:/Jenkins/workspace/Vbi5Client-Release/source/TestCase/VBI.TestCases.DLL" adapterTypeName="Microsoft.VisualStudio.TestTools.TestTypes.Unit.UnitTestAdapter, Microsoft.VisualStudio.QualityTools.Tips.UnitTest.Adapter, Version=16.0.0.0, Culture=neutral, PublicKeyToken=b03f5f7f11d50a3a" className="VBI.TestCases.DataSourceTest.RdbTypeSourceTest, VBI.TestCases, Version=1.0.0.0, Culture=neutral, PublicKeyToken=null" name="SyBase" />
    </UnitTest>
    <UnitTest name="ManualEdit" storage="..\vbi5client-release\\source\testcase\vbi.testcases.dll" id="d5d8d4c1-1dcf-4339-c0a0-f3a2f387c6ab">
      <Description>数据字典--手动新增</Description>
      <Execution id="e690327f-e6a8-4667-98e6-1ec581bb6e15" />
      <TestMethod codeBase="D:/Jenkins/workspace/Vbi5Client-Release/source/TestCase/VBI.TestCases.DLL" adapterTypeName="Microsoft.VisualStudio.TestTools.TestTypes.Unit.UnitTestAdapter, Microsoft.VisualStudio.QualityTools.Tips.UnitTest.Adapter, Version=16.0.0.0, Culture=neutral, PublicKeyToken=b03f5f7f11d50a3a" className="VBI.TestCases.DataSourceTest.Dictionary, VBI.TestCases, Version=1.0.0.0, Culture=neutral, PublicKeyToken=null" name="ManualEdit" />
    </UnitTest>
    <UnitTest name="MysqlSQLCreatTest" storage="..\vbi5client-release\\source\testcase\vbi.testcases.dll" id="f5cf74c0-cf93-bbd4-59e8-55fd524f6e9c">
      <Description>Mysql数据源SQL创建</Description>
      <Execution id="00bd0301-8766-4743-8000-da38f0424254" />
      <TestMethod codeBase="D:/Jenkins/workspace/Vbi5Client-Release/source/TestCase/VBI.TestCases.DLL" adapterTypeName="Microsoft.VisualStudio.TestTools.TestTypes.Unit.UnitTestAdapter, Microsoft.VisualStudio.QualityTools.Tips.UnitTest.Adapter, Version=16.0.0.0, Culture=neutral, PublicKeyToken=b03f5f7f11d50a3a" className="VBI.TestCases.DataSourceTest.RdbTypeSourceTest, VBI.TestCases, Version=1.0.0.0, Culture=neutral, PublicKeyToken=null" name="MysqlSQLCreatTest" />
    </UnitTest>
    <UnitTest name="MatrixHot1" storage="..\vbi5client-release\\source\testcase\vbi.testcases.dll" id="dd47e35d-7a58-510c-0249-5e1f9be468e5">
      <Description>基础控件--矩阵热力图其他属性和事件</Description>
      <Execution id="249d851b-6a26-489d-bda7-8069dee52a68" />
      <TestMethod codeBase="D:/Jenkins/workspace/Vbi5Client-Release/source/TestCase/VBI.TestCases.DLL" adapterTypeName="Microsoft.VisualStudio.TestTools.TestTypes.Unit.UnitTestAdapter, Microsoft.VisualStudio.QualityTools.Tips.UnitTest.Adapter, Version=16.0.0.0, Culture=neutral, PublicKeyToken=b03f5f7f11d50a3a" className="VBI.TestCases.ControlTest.BasicChart, VBI.TestCases, Version=1.0.0.0, Culture=neutral, PublicKeyToken=null" name="MatrixHot1" />
    </UnitTest>
    <UnitTest name="BarChart1" storage="..\vbi5client-release\\source\testcase\vbi.testcases.dll" id="cbb5792a-357e-4930-b156-7d2ed16d3e7a">
      <Description>基础控件--柱状图</Description>
      <Execution id="bf7b523b-ee54-4631-99e0-fc8a3704dd12" />
      <TestMethod codeBase="D:/Jenkins/workspace/Vbi5Client-Release/source/TestCase/VBI.TestCases.DLL" adapterTypeName="Microsoft.VisualStudio.TestTools.TestTypes.Unit.UnitTestAdapter, Microsoft.VisualStudio.QualityTools.Tips.UnitTest.Adapter, Version=16.0.0.0, Culture=neutral, PublicKeyToken=b03f5f7f11d50a3a" className="VBI.TestCases.ControlTest.BasicChart, VBI.TestCases, Version=1.0.0.0, Culture=neutral, PublicKeyToken=null" name="BarChart1" />
    </UnitTest>
    <UnitTest name="ProjectAdd" storage="..\vbi5client-release\\source\testcase\vbi.testcases.dll" id="3e6dce4c-95ab-2a0b-5293-5ebbec094ca2">
      <Description>项目添加</Description>
      <Execution id="511be7e1-3daa-454f-bcd3-fd4a16e00ebc" />
      <TestMethod codeBase="D:/Jenkins/workspace/Vbi5Client-Release/source/TestCase/VBI.TestCases.DLL" adapterTypeName="Microsoft.VisualStudio.TestTools.TestTypes.Unit.UnitTestAdapter, Microsoft.VisualStudio.QualityTools.Tips.UnitTest.Adapter, Version=16.0.0.0, Culture=neutral, PublicKeyToken=b03f5f7f11d50a3a" className="VBI.TestCases.CanvasTest.CanvasTest, VBI.TestCases, Version=1.0.0.0, Culture=neutral, PublicKeyToken=null" name="ProjectAdd" />
    </UnitTest>
    <UnitTest name="MatrixHot" storage="..\vbi5client-release\\source\testcase\vbi.testcases.dll" id="c4a77516-893d-7db6-3f67-c30316a2a1f4">
      <Description>基础控件--矩阵热力图</Description>
      <Execution id="bbe7eaf0-7916-4d66-8702-08a6a5e5176f" />
      <TestMethod codeBase="D:/Jenkins/workspace/Vbi5Client-Release/source/TestCase/VBI.TestCases.DLL" adapterTypeName="Microsoft.VisualStudio.TestTools.TestTypes.Unit.UnitTestAdapter, Microsoft.VisualStudio.QualityTools.Tips.UnitTest.Adapter, Version=16.0.0.0, Culture=neutral, PublicKeyToken=b03f5f7f11d50a3a" className="VBI.TestCases.ControlTest.BasicChart, VBI.TestCases, Version=1.0.0.0, Culture=neutral, PublicKeyToken=null" name="MatrixHot" />
    </UnitTest>
    <UnitTest name="SearchOpenCanvas" storage="..\vbi5client-release\\source\testcase\vbi.testcases.dll" id="b726cb25-5e2b-65bf-ad7a-b02afa9abace">
      <Execution id="61d5727f-f573-4935-973d-928b5d4130d2" />
      <TestMethod codeBase="D:/Jenkins/workspace/Vbi5Client-Release/source/TestCase/VBI.TestCases.DLL" adapterTypeName="Microsoft.VisualStudio.TestTools.TestTypes.Unit.UnitTestAdapter, Microsoft.VisualStudio.QualityTools.Tips.UnitTest.Adapter, Version=16.0.0.0, Culture=neutral, PublicKeyToken=b03f5f7f11d50a3a" className="VBI.TestCases.HomePage.HomePage, VBI.TestCases, Version=1.0.0.0, Culture=neutral, PublicKeyToken=null" name="SearchOpenCanvas" />
    </UnitTest>
    <UnitTest name="UrlInternetPicture" storage="..\vbi5client-release\\source\testcase\vbi.testcases.dll" id="a1f78361-da43-bff9-b532-6348ee77578a">
      <Description>基础控件--Url图片控件网络路径</Description>
      <Execution id="a7e28627-6b58-440f-8792-d7dce1b0915c" />
      <TestMethod codeBase="D:/Jenkins/workspace/Vbi5Client-Release/source/TestCase/VBI.TestCases.DLL" adapterTypeName="Microsoft.VisualStudio.TestTools.TestTypes.Unit.UnitTestAdapter, Microsoft.VisualStudio.QualityTools.Tips.UnitTest.Adapter, Version=16.0.0.0, Culture=neutral, PublicKeyToken=b03f5f7f11d50a3a" className="VBI.TestCases.ControlTest.BaseControl, VBI.TestCases, Version=1.0.0.0, Culture=neutral, PublicKeyToken=null" name="UrlInternetPicture" />
    </UnitTest>
    <UnitTest name="ScaterChart" storage="..\vbi5client-release\\source\testcase\vbi.testcases.dll" id="f74dfd92-8c0b-4857-3727-db35a95f053b">
      <Description>基础控件--散点图</Description>
      <Execution id="d62f1217-fe42-49c3-a56b-19675568c735" />
      <TestMethod codeBase="D:/Jenkins/workspace/Vbi5Client-Release/source/TestCase/VBI.TestCases.DLL" adapterTypeName="Microsoft.VisualStudio.TestTools.TestTypes.Unit.UnitTestAdapter, Microsoft.VisualStudio.QualityTools.Tips.UnitTest.Adapter, Version=16.0.0.0, Culture=neutral, PublicKeyToken=b03f5f7f11d50a3a" className="VBI.TestCases.ControlTest.BasicChart, VBI.TestCases, Version=1.0.0.0, Culture=neutral, PublicKeyToken=null" name="ScaterChart" />
    </UnitTest>
    <UnitTest name="CustomBarChart1" storage="..\vbi5client-release\\source\testcase\vbi.testcases.dll" id="1732bf69-4583-2c92-a89d-adf7f9953be0">
      <Description>综合图表--定制横栏1</Description>
      <Execution id="f1c859e2-8e0a-48df-9f07-aba66bd74eae" />
      <TestMethod codeBase="D:/Jenkins/workspace/Vbi5Client-Release/source/TestCase/VBI.TestCases.DLL" adapterTypeName="Microsoft.VisualStudio.TestTools.TestTypes.Unit.UnitTestAdapter, Microsoft.VisualStudio.QualityTools.Tips.UnitTest.Adapter, Version=16.0.0.0, Culture=neutral, PublicKeyToken=b03f5f7f11d50a3a" className="VBI.TestCases.ControlTest.IntegratedChartUIControl, VBI.TestCases, Version=1.0.0.0, Culture=neutral, PublicKeyToken=null" name="CustomBarChart1" />
    </UnitTest>
    <UnitTest name="UrlLocalPicture" storage="..\vbi5client-release\\source\testcase\vbi.testcases.dll" id="ec6575dc-efb9-e0ea-8798-7ea257e989ad">
      <Description>基础控件--Url图片本地路径</Description>
      <Execution id="3dc2ffcd-a964-4bd7-8835-08ac6cb3366e" />
      <TestMethod codeBase="D:/Jenkins/workspace/Vbi5Client-Release/source/TestCase/VBI.TestCases.DLL" adapterTypeName="Microsoft.VisualStudio.TestTools.TestTypes.Unit.UnitTestAdapter, Microsoft.VisualStudio.QualityTools.Tips.UnitTest.Adapter, Version=16.0.0.0, Culture=neutral, PublicKeyToken=b03f5f7f11d50a3a" className="VBI.TestCases.ControlTest.BaseControl, VBI.TestCases, Version=1.0.0.0, Culture=neutral, PublicKeyToken=null" name="UrlLocalPicture" />
    </UnitTest>
    <UnitTest name="CumulateDistinct" storage="..\vbi5client-release\\source\testcase\vbi.testcases.dll" id="31a20faa-a231-f21b-6083-065f36450e58">
      <Description>数据存储--累积去重</Description>
      <Execution id="658bac23-1b45-427d-bbb3-bde9cc1e5189" />
      <TestMethod codeBase="D:/Jenkins/workspace/Vbi5Client-Release/source/TestCase/VBI.TestCases.DLL" adapterTypeName="Microsoft.VisualStudio.TestTools.TestTypes.Unit.UnitTestAdapter, Microsoft.VisualStudio.QualityTools.Tips.UnitTest.Adapter, Version=16.0.0.0, Culture=neutral, PublicKeyToken=b03f5f7f11d50a3a" className="VBI.TestCases.DataModleTest.DataModelRelevance, VBI.TestCases, Version=1.0.0.0, Culture=neutral, PublicKeyToken=null" name="CumulateDistinct" />
    </UnitTest>
    <UnitTest name="TableCell" storage="..\vbi5client-release\\source\testcase\vbi.testcases.dll" id="458a66ef-67ef-5454-25f4-38bebb74970d">
      <Description>操作器--表格传参单元格值或者行号到标签</Description>
      <Execution id="1fd2f38e-e2a3-4780-be6c-bbdd3ab745e7" />
      <TestMethod codeBase="D:/Jenkins/workspace/Vbi5Client-Release/source/TestCase/VBI.TestCases.DLL" adapterTypeName="Microsoft.VisualStudio.TestTools.TestTypes.Unit.UnitTestAdapter, Microsoft.VisualStudio.QualityTools.Tips.UnitTest.Adapter, Version=16.0.0.0, Culture=neutral, PublicKeyToken=b03f5f7f11d50a3a" className="VBI.TestCases.ControlTest.Operator, VBI.TestCases, Version=1.0.0.0, Culture=neutral, PublicKeyToken=null" name="TableCell" />
    </UnitTest>
    <UnitTest name="RealSection" storage="..\vbi5client-release\\source\testcase\vbi.testcases.dll" id="ee71af2a-81bc-8861-20e6-d43eb8cfa70b">
      <Description>数据存储--实时断面</Description>
      <Execution id="4c98d98e-14bd-426c-835f-4bd906e9401d" />
      <TestMethod codeBase="D:/Jenkins/workspace/Vbi5Client-Release/source/TestCase/VBI.TestCases.DLL" adapterTypeName="Microsoft.VisualStudio.TestTools.TestTypes.Unit.UnitTestAdapter, Microsoft.VisualStudio.QualityTools.Tips.UnitTest.Adapter, Version=16.0.0.0, Culture=neutral, PublicKeyToken=b03f5f7f11d50a3a" className="VBI.TestCases.DataModleTest.DataModelRelevance, VBI.TestCases, Version=1.0.0.0, Culture=neutral, PublicKeyToken=null" name="RealSection" />
    </UnitTest>
    <UnitTest name="DicBandingChart" storage="..\vbi5client-release\\source\testcase\vbi.testcases.dll" id="83edee61-9535-67ad-85ca-87e5881a3c98">
      <Description>数据字典--数据字典关联绑定图表</Description>
      <Execution id="6a7bc286-7dcf-4a9f-982a-586e95807b7f" />
      <TestMethod codeBase="D:/Jenkins/workspace/Vbi5Client-Release/source/TestCase/VBI.TestCases.DLL" adapterTypeName="Microsoft.VisualStudio.TestTools.TestTypes.Unit.UnitTestAdapter, Microsoft.VisualStudio.QualityTools.Tips.UnitTest.Adapter, Version=16.0.0.0, Culture=neutral, PublicKeyToken=b03f5f7f11d50a3a" className="VBI.TestCases.DataSourceTest.Dictionary, VBI.TestCases, Version=1.0.0.0, Culture=neutral, PublicKeyToken=null" name="DicBandingChart" />
    </UnitTest>
    <UnitTest name="DaMeng" storage="..\vbi5client-release\\source\testcase\vbi.testcases.dll" id="0d59cef6-b356-ac64-4d7f-f80927c9c068">
      <Description>达梦数据库</Description>
      <Execution id="6f060e42-5810-4596-be48-61ef51a890ee" />
      <TestMethod codeBase="D:/Jenkins/workspace/Vbi5Client-Release/source/TestCase/VBI.TestCases.DLL" adapterTypeName="Microsoft.VisualStudio.TestTools.TestTypes.Unit.UnitTestAdapter, Microsoft.VisualStudio.QualityTools.Tips.UnitTest.Adapter, Version=16.0.0.0, Culture=neutral, PublicKeyToken=b03f5f7f11d50a3a" className="VBI.TestCases.DataSourceTest.RdbTypeSourceTest, VBI.TestCases, Version=1.0.0.0, Culture=neutral, PublicKeyToken=null" name="DaMeng" />
    </UnitTest>
    <UnitTest name="DB2" storage="..\vbi5client-release\\source\testcase\vbi.testcases.dll" id="d5d204de-ca0a-99f2-ba50-3aff42429d9a">
      <Description>DB2</Description>
      <Execution id="3814c9e9-3f2f-450e-bdb4-493e89c23989" />
      <TestMethod codeBase="D:/Jenkins/workspace/Vbi5Client-Release/source/TestCase/VBI.TestCases.DLL" adapterTypeName="Microsoft.VisualStudio.TestTools.TestTypes.Unit.UnitTestAdapter, Microsoft.VisualStudio.QualityTools.Tips.UnitTest.Adapter, Version=16.0.0.0, Culture=neutral, PublicKeyToken=b03f5f7f11d50a3a" className="VBI.TestCases.DataSourceTest.RdbTypeSourceTest, VBI.TestCases, Version=1.0.0.0, Culture=neutral, PublicKeyToken=null" name="DB2" />
    </UnitTest>
    <UnitTest name="CombineChart1" storage="..\vbi5client-release\\source\testcase\vbi.testcases.dll" id="a74baa9d-263e-8c97-58a6-b8806704a37a">
      <Description>基础控件--组合Chart</Description>
      <Execution id="7e41642e-768d-4761-b0dc-a98d99ae1902" />
      <TestMethod codeBase="D:/Jenkins/workspace/Vbi5Client-Release/source/TestCase/VBI.TestCases.DLL" adapterTypeName="Microsoft.VisualStudio.TestTools.TestTypes.Unit.UnitTestAdapter, Microsoft.VisualStudio.QualityTools.Tips.UnitTest.Adapter, Version=16.0.0.0, Culture=neutral, PublicKeyToken=b03f5f7f11d50a3a" className="VBI.TestCases.ControlTest.BasicChart, VBI.TestCases, Version=1.0.0.0, Culture=neutral, PublicKeyToken=null" name="CombineChart1" />
    </UnitTest>
    <UnitTest name="ES" storage="..\vbi5client-release\\source\testcase\vbi.testcases.dll" id="109aa097-cfaf-b552-a1cd-779d78c58e33">
      <Description>ES数据源创建</Description>
      <Execution id="fdd58428-3067-4bc3-a68e-ed6f96eb69aa" />
      <TestMethod codeBase="D:/Jenkins/workspace/Vbi5Client-Release/source/TestCase/VBI.TestCases.DLL" adapterTypeName="Microsoft.VisualStudio.TestTools.TestTypes.Unit.UnitTestAdapter, Microsoft.VisualStudio.QualityTools.Tips.UnitTest.Adapter, Version=16.0.0.0, Culture=neutral, PublicKeyToken=b03f5f7f11d50a3a" className="VBI.TestCases.DataSourceTest.OtherTypeSourceTest, VBI.TestCases, Version=1.0.0.0, Culture=neutral, PublicKeyToken=null" name="ES" />
    </UnitTest>
    <UnitTest name="CloudTab" storage="..\vbi5client-release\\source\testcase\vbi.testcases.dll" id="19a2ce21-dfba-204b-061b-7f377c26155b">
      <Description>综合图表--云标签</Description>
      <Execution id="f6d1fc8e-cca7-4142-88d8-aa48d546040e" />
      <TestMethod codeBase="D:/Jenkins/workspace/Vbi5Client-Release/source/TestCase/VBI.TestCases.DLL" adapterTypeName="Microsoft.VisualStudio.TestTools.TestTypes.Unit.UnitTestAdapter, Microsoft.VisualStudio.QualityTools.Tips.UnitTest.Adapter, Version=16.0.0.0, Culture=neutral, PublicKeyToken=b03f5f7f11d50a3a" className="VBI.TestCases.ControlTest.IntegratedChartUIControl, VBI.TestCases, Version=1.0.0.0, Culture=neutral, PublicKeyToken=null" name="CloudTab" />
    </UnitTest>
    <UnitTest name="RadarChart" storage="..\vbi5client-release\\source\testcase\vbi.testcases.dll" id="e7de6ba0-3893-28ed-30e0-de971e4b5dab">
      <Description>基础控件--雷达图</Description>
      <Execution id="bb60eb48-e4bd-4fee-bb26-8017bcf97497" />
      <TestMethod codeBase="D:/Jenkins/workspace/Vbi5Client-Release/source/TestCase/VBI.TestCases.DLL" adapterTypeName="Microsoft.VisualStudio.TestTools.TestTypes.Unit.UnitTestAdapter, Microsoft.VisualStudio.QualityTools.Tips.UnitTest.Adapter, Version=16.0.0.0, Culture=neutral, PublicKeyToken=b03f5f7f11d50a3a" className="VBI.TestCases.ControlTest.BasicChart, VBI.TestCases, Version=1.0.0.0, Culture=neutral, PublicKeyToken=null" name="RadarChart" />
    </UnitTest>
    <UnitTest name="BarChart" storage="..\vbi5client-release\\source\testcase\vbi.testcases.dll" id="d5a9c774-19b2-b9aa-705a-ae6fbbf2ed21">
      <Description>基础控件--柱状图</Description>
      <Execution id="4924e2d6-a89d-47d2-9f1b-456d5c53253f" />
      <TestMethod codeBase="D:/Jenkins/workspace/Vbi5Client-Release/source/TestCase/VBI.TestCases.DLL" adapterTypeName="Microsoft.VisualStudio.TestTools.TestTypes.Unit.UnitTestAdapter, Microsoft.VisualStudio.QualityTools.Tips.UnitTest.Adapter, Version=16.0.0.0, Culture=neutral, PublicKeyToken=b03f5f7f11d50a3a" className="VBI.TestCases.ControlTest.BasicChart, VBI.TestCases, Version=1.0.0.0, Culture=neutral, PublicKeyToken=null" name="BarChart" />
    </UnitTest>
    <UnitTest name="Chord" storage="..\vbi5client-release\\source\testcase\vbi.testcases.dll" id="4a1a72ee-71c3-b875-ba77-9fea48c6a263">
      <Description>基础控件--和弦图</Description>
      <Execution id="440436ff-0f8b-4664-9f61-4719474bbee5" />
      <TestMethod codeBase="D:/Jenkins/workspace/Vbi5Client-Release/source/TestCase/VBI.TestCases.DLL" adapterTypeName="Microsoft.VisualStudio.TestTools.TestTypes.Unit.UnitTestAdapter, Microsoft.VisualStudio.QualityTools.Tips.UnitTest.Adapter, Version=16.0.0.0, Culture=neutral, PublicKeyToken=b03f5f7f11d50a3a" className="VBI.TestCases.ControlTest.BasicChart, VBI.TestCases, Version=1.0.0.0, Culture=neutral, PublicKeyToken=null" name="Chord" />
    </UnitTest>
    <UnitTest name="BrokenLineChart" storage="..\vbi5client-release\\source\testcase\vbi.testcases.dll" id="7959ebcb-83bc-77db-0f38-20c942440438">
      <Description>基础控件--折线图</Description>
      <Execution id="159f6dcd-e7cd-4c3c-a12c-c8e3714619ab" />
      <TestMethod codeBase="D:/Jenkins/workspace/Vbi5Client-Release/source/TestCase/VBI.TestCases.DLL" adapterTypeName="Microsoft.VisualStudio.TestTools.TestTypes.Unit.UnitTestAdapter, Microsoft.VisualStudio.QualityTools.Tips.UnitTest.Adapter, Version=16.0.0.0, Culture=neutral, PublicKeyToken=b03f5f7f11d50a3a" className="VBI.TestCases.ControlTest.BasicChart, VBI.TestCases, Version=1.0.0.0, Culture=neutral, PublicKeyToken=null" name="BrokenLineChart" />
    </UnitTest>
    <UnitTest name="CumulateUpdateGatherTime" storage="..\vbi5client-release\\source\testcase\vbi.testcases.dll" id="0bdd5156-b783-97c4-92e3-b165975d8148">
      <Description>数据存储--累积更新采集时间</Description>
      <Execution id="51021fad-598e-443c-8a01-a47c10039d5e" />
      <TestMethod codeBase="D:/Jenkins/workspace/Vbi5Client-Release/source/TestCase/VBI.TestCases.DLL" adapterTypeName="Microsoft.VisualStudio.TestTools.TestTypes.Unit.UnitTestAdapter, Microsoft.VisualStudio.QualityTools.Tips.UnitTest.Adapter, Version=16.0.0.0, Culture=neutral, PublicKeyToken=b03f5f7f11d50a3a" className="VBI.TestCases.DataModleTest.DataModelRelevance, VBI.TestCases, Version=1.0.0.0, Culture=neutral, PublicKeyToken=null" name="CumulateUpdateGatherTime" />
    </UnitTest>
    <UnitTest name="SetControlPro" storage="..\vbi5client-release\\source\testcase\vbi.testcases.dll" id="2087808d-ab77-1d30-32b4-318f7b2b6ecd">
      <Description>操作器--设置控件属性</Description>
      <Execution id="874f8948-81a8-4177-9cb3-98d68603b4e7" />
      <TestMethod codeBase="D:/Jenkins/workspace/Vbi5Client-Release/source/TestCase/VBI.TestCases.DLL" adapterTypeName="Microsoft.VisualStudio.TestTools.TestTypes.Unit.UnitTestAdapter, Microsoft.VisualStudio.QualityTools.Tips.UnitTest.Adapter, Version=16.0.0.0, Culture=neutral, PublicKeyToken=b03f5f7f11d50a3a" className="VBI.TestCases.ControlTest.Operator, VBI.TestCases, Version=1.0.0.0, Culture=neutral, PublicKeyToken=null" name="SetControlPro" />
    </UnitTest>
    <UnitTest name="LineStackChart" storage="..\vbi5client-release\\source\testcase\vbi.testcases.dll" id="bc73bbf2-581e-3b4d-e437-ca1a47a9a860">
      <Description>基础控件--条形堆叠</Description>
      <Execution id="ff3d7afa-b982-455d-a300-dfe3d97697c1" />
      <TestMethod codeBase="D:/Jenkins/workspace/Vbi5Client-Release/source/TestCase/VBI.TestCases.DLL" adapterTypeName="Microsoft.VisualStudio.TestTools.TestTypes.Unit.UnitTestAdapter, Microsoft.VisualStudio.QualityTools.Tips.UnitTest.Adapter, Version=16.0.0.0, Culture=neutral, PublicKeyToken=b03f5f7f11d50a3a" className="VBI.TestCases.ControlTest.BasicChart, VBI.TestCases, Version=1.0.0.0, Culture=neutral, PublicKeyToken=null" name="LineStackChart" />
    </UnitTest>
    <UnitTest name="InternalSourceChk" storage="..\vbi5client-release\\source\testcase\vbi.testcases.dll" id="c5a27f8e-82ca-ec7a-4cff-952282e83153">
      <Description>内部数据源查看</Description>
      <Execution id="3ee86fba-74b9-438a-9e50-24fdae28a513" />
      <TestMethod codeBase="D:/Jenkins/workspace/Vbi5Client-Release/source/TestCase/VBI.TestCases.DLL" adapterTypeName="Microsoft.VisualStudio.TestTools.TestTypes.Unit.UnitTestAdapter, Microsoft.VisualStudio.QualityTools.Tips.UnitTest.Adapter, Version=16.0.0.0, Culture=neutral, PublicKeyToken=b03f5f7f11d50a3a" className="VBI.TestCases.DataSourceTest.InternalSource, VBI.TestCases, Version=1.0.0.0, Culture=neutral, PublicKeyToken=null" name="InternalSourceChk" />
    </UnitTest>
    <UnitTest name="RadarChart1" storage="..\vbi5client-release\\source\testcase\vbi.testcases.dll" id="37875891-095c-23cf-cc5e-9b1a840c059d">
      <Description>基础控件--雷达图新增属性</Description>
      <Execution id="02a75543-411c-497f-93c4-89ef4a856c5d" />
      <TestMethod codeBase="D:/Jenkins/workspace/Vbi5Client-Release/source/TestCase/VBI.TestCases.DLL" adapterTypeName="Microsoft.VisualStudio.TestTools.TestTypes.Unit.UnitTestAdapter, Microsoft.VisualStudio.QualityTools.Tips.UnitTest.Adapter, Version=16.0.0.0, Culture=neutral, PublicKeyToken=b03f5f7f11d50a3a" className="VBI.TestCases.ControlTest.BasicChart, VBI.TestCases, Version=1.0.0.0, Culture=neutral, PublicKeyToken=null" name="RadarChart1" />
    </UnitTest>
    <UnitTest name="WebServiceTest" storage="..\vbi5client-release\\source\testcase\vbi.testcases.dll" id="2e2ce017-3ae9-d7d3-b688-1e44b905912f">
      <Description>WebService接口数据源创建</Description>
      <Execution id="cee2889e-6d4f-413d-a22d-202d2e711ecb" />
      <TestMethod codeBase="D:/Jenkins/workspace/Vbi5Client-Release/source/TestCase/VBI.TestCases.DLL" adapterTypeName="Microsoft.VisualStudio.TestTools.TestTypes.Unit.UnitTestAdapter, Microsoft.VisualStudio.QualityTools.Tips.UnitTest.Adapter, Version=16.0.0.0, Culture=neutral, PublicKeyToken=b03f5f7f11d50a3a" className="VBI.TestCases.DataSourceTest.InterfaceSourceTest, VBI.TestCases, Version=1.0.0.0, Culture=neutral, PublicKeyToken=null" name="WebServiceTest" />
    </UnitTest>
    <UnitTest name="SameSheetRelevant" storage="..\vbi5client-release\\source\testcase\vbi.testcases.dll" id="9213992b-52a8-1af7-3cf1-870bcd771698">
      <Description>同表字段关联</Description>
      <Execution id="e2a8f060-1f9b-4702-9366-e435297afb48" />
      <TestMethod codeBase="D:/Jenkins/workspace/Vbi5Client-Release/source/TestCase/VBI.TestCases.DLL" adapterTypeName="Microsoft.VisualStudio.TestTools.TestTypes.Unit.UnitTestAdapter, Microsoft.VisualStudio.QualityTools.Tips.UnitTest.Adapter, Version=16.0.0.0, Culture=neutral, PublicKeyToken=b03f5f7f11d50a3a" className="VBI.TestCases.DataModleTest.DataModelRelevance, VBI.TestCases, Version=1.0.0.0, Culture=neutral, PublicKeyToken=null" name="SameSheetRelevant" />
    </UnitTest>
    <UnitTest name="ScreeningList1" storage="..\vbi5client-release\\source\testcase\vbi.testcases.dll" id="c3aceae4-5674-08bc-0ae3-eaeed12e6447">
      <Description>基础控件--筛选列表</Description>
      <Execution id="fa86f85a-c9ea-4c33-82d6-aa816d596102" />
      <TestMethod codeBase="D:/Jenkins/workspace/Vbi5Client-Release/source/TestCase/VBI.TestCases.DLL" adapterTypeName="Microsoft.VisualStudio.TestTools.TestTypes.Unit.UnitTestAdapter, Microsoft.VisualStudio.QualityTools.Tips.UnitTest.Adapter, Version=16.0.0.0, Culture=neutral, PublicKeyToken=b03f5f7f11d50a3a" className="VBI.TestCases.ControlTest.BaseControl, VBI.TestCases, Version=1.0.0.0, Culture=neutral, PublicKeyToken=null" name="ScreeningList1" />
    </UnitTest>
    <UnitTest name="Curve" storage="..\vbi5client-release\\source\testcase\vbi.testcases.dll" id="2ef9be58-e29a-1384-fa3c-0d81095a6364">
      <Description>基础控件--曲线图</Description>
      <Execution id="403e430e-1ae3-46dc-b5f8-fcffe0aff48e" />
      <TestMethod codeBase="D:/Jenkins/workspace/Vbi5Client-Release/source/TestCase/VBI.TestCases.DLL" adapterTypeName="Microsoft.VisualStudio.TestTools.TestTypes.Unit.UnitTestAdapter, Microsoft.VisualStudio.QualityTools.Tips.UnitTest.Adapter, Version=16.0.0.0, Culture=neutral, PublicKeyToken=b03f5f7f11d50a3a" className="VBI.TestCases.ControlTest.BasicChart, VBI.TestCases, Version=1.0.0.0, Culture=neutral, PublicKeyToken=null" name="Curve" />
    </UnitTest>
    <UnitTest name="LineShapeChart" storage="..\vbi5client-release\\source\testcase\vbi.testcases.dll" id="bc7789f9-83ba-7350-23e5-e38509200b68">
      <Description>基础控件--条形图</Description>
      <Execution id="b36c1949-0cc8-4381-a9bc-8d4df85c7f38" />
      <TestMethod codeBase="D:/Jenkins/workspace/Vbi5Client-Release/source/TestCase/VBI.TestCases.DLL" adapterTypeName="Microsoft.VisualStudio.TestTools.TestTypes.Unit.UnitTestAdapter, Microsoft.VisualStudio.QualityTools.Tips.UnitTest.Adapter, Version=16.0.0.0, Culture=neutral, PublicKeyToken=b03f5f7f11d50a3a" className="VBI.TestCases.ControlTest.BasicChart, VBI.TestCases, Version=1.0.0.0, Culture=neutral, PublicKeyToken=null" name="LineShapeChart" />
    </UnitTest>
    <UnitTest name="ScreeningList2" storage="..\vbi5client-release\\source\testcase\vbi.testcases.dll" id="3daa39f9-dd06-4e59-17c9-97909a3c2717">
      <Description>基础控件--筛选列表</Description>
      <Execution id="05cd7bde-fcad-4507-b257-20f37e7040e2" />
      <TestMethod codeBase="D:/Jenkins/workspace/Vbi5Client-Release/source/TestCase/VBI.TestCases.DLL" adapterTypeName="Microsoft.VisualStudio.TestTools.TestTypes.Unit.UnitTestAdapter, Microsoft.VisualStudio.QualityTools.Tips.UnitTest.Adapter, Version=16.0.0.0, Culture=neutral, PublicKeyToken=b03f5f7f11d50a3a" className="VBI.TestCases.ControlTest.BaseControl, VBI.TestCases, Version=1.0.0.0, Culture=neutral, PublicKeyToken=null" name="ScreeningList2" />
    </UnitTest>
    <UnitTest name="RestFulPreviewTest" storage="..\vbi5client-release\\source\testcase\vbi.testcases.dll" id="bac777cf-8cf5-5761-88f1-3c65f235970f">
      <Description>restful模型预览验证</Description>
      <Execution id="4207874f-00e0-43a6-9710-281524f20cd6" />
      <TestMethod codeBase="D:/Jenkins/workspace/Vbi5Client-Release/source/TestCase/VBI.TestCases.DLL" adapterTypeName="Microsoft.VisualStudio.TestTools.TestTypes.Unit.UnitTestAdapter, Microsoft.VisualStudio.QualityTools.Tips.UnitTest.Adapter, Version=16.0.0.0, Culture=neutral, PublicKeyToken=b03f5f7f11d50a3a" className="VBI.TestCases.DataModleTest.DataModelInterfaceTest, VBI.TestCases, Version=1.0.0.0, Culture=neutral, PublicKeyToken=null" name="RestFulPreviewTest" />
    </UnitTest>
    <UnitTest name="CustomColDiagram" storage="..\vbi5client-release\\source\testcase\vbi.testcases.dll" id="5223203b-1fc7-74f9-dc3a-f55dfe5efef6">
      <Description>综合图表--定制柱图</Description>
      <Execution id="427ae734-5efa-4bed-9518-b772115a53e7" />
      <TestMethod codeBase="D:/Jenkins/workspace/Vbi5Client-Release/source/TestCase/VBI.TestCases.DLL" adapterTypeName="Microsoft.VisualStudio.TestTools.TestTypes.Unit.UnitTestAdapter, Microsoft.VisualStudio.QualityTools.Tips.UnitTest.Adapter, Version=16.0.0.0, Culture=neutral, PublicKeyToken=b03f5f7f11d50a3a" className="VBI.TestCases.ControlTest.IntegratedChartUIControl, VBI.TestCases, Version=1.0.0.0, Culture=neutral, PublicKeyToken=null" name="CustomColDiagram" />
    </UnitTest>
    <UnitTest name="AreaChart2" storage="..\vbi5client-release\\source\testcase\vbi.testcases.dll" id="82334abc-cbe0-a8f1-bf31-a632e4c0ed89">
      <Description>基础控件--面积图2</Description>
      <Execution id="bc49532a-6686-4c2c-9432-089c97e71bbd" />
      <TestMethod codeBase="D:/Jenkins/workspace/Vbi5Client-Release/source/TestCase/VBI.TestCases.DLL" adapterTypeName="Microsoft.VisualStudio.TestTools.TestTypes.Unit.UnitTestAdapter, Microsoft.VisualStudio.QualityTools.Tips.UnitTest.Adapter, Version=16.0.0.0, Culture=neutral, PublicKeyToken=b03f5f7f11d50a3a" className="VBI.TestCases.ControlTest.BasicChart, VBI.TestCases, Version=1.0.0.0, Culture=neutral, PublicKeyToken=null" name="AreaChart2" />
    </UnitTest>
    <UnitTest name="RosePieChart1" storage="..\vbi5client-release\\source\testcase\vbi.testcases.dll" id="c51c77e9-937f-1070-1acb-66ce525b92c0">
      <Description>基础控件--玫瑰饼图新属性</Description>
      <Execution id="7834bb58-5053-4ac4-9f64-81867b6e3bd7" />
      <TestMethod codeBase="D:/Jenkins/workspace/Vbi5Client-Release/source/TestCase/VBI.TestCases.DLL" adapterTypeName="Microsoft.VisualStudio.TestTools.TestTypes.Unit.UnitTestAdapter, Microsoft.VisualStudio.QualityTools.Tips.UnitTest.Adapter, Version=16.0.0.0, Culture=neutral, PublicKeyToken=b03f5f7f11d50a3a" className="VBI.TestCases.ControlTest.BasicChart, VBI.TestCases, Version=1.0.0.0, Culture=neutral, PublicKeyToken=null" name="RosePieChart1" />
    </UnitTest>
    <UnitTest name="ProjectDelete" storage="..\vbi5client-release\\source\testcase\vbi.testcases.dll" id="e6501296-03d1-104b-08af-e8453b74cfec">
      <Description>项目删除</Description>
      <Execution id="244fc82a-0ff6-41a1-95f8-7a2a43e0983b" />
      <TestMethod codeBase="D:/Jenkins/workspace/Vbi5Client-Release/source/TestCase/VBI.TestCases.DLL" adapterTypeName="Microsoft.VisualStudio.TestTools.TestTypes.Unit.UnitTestAdapter, Microsoft.VisualStudio.QualityTools.Tips.UnitTest.Adapter, Version=16.0.0.0, Culture=neutral, PublicKeyToken=b03f5f7f11d50a3a" className="VBI.TestCases.CanvasTest.CanvasTest, VBI.TestCases, Version=1.0.0.0, Culture=neutral, PublicKeyToken=null" name="ProjectDelete" />
    </UnitTest>
    <UnitTest name="CustomFieldCreate" storage="..\vbi5client-release\\source\testcase\vbi.testcases.dll" id="7c57c358-8361-29d8-ac19-fbf77ee5b51f">
      <Description>带有空格的自定义字段处理</Description>
      <Execution id="768bf95a-19ea-4273-a272-c8ca4d2fb540" />
      <TestMethod codeBase="D:/Jenkins/workspace/Vbi5Client-Release/source/TestCase/VBI.TestCases.DLL" adapterTypeName="Microsoft.VisualStudio.TestTools.TestTypes.Unit.UnitTestAdapter, Microsoft.VisualStudio.QualityTools.Tips.UnitTest.Adapter, Version=16.0.0.0, Culture=neutral, PublicKeyToken=b03f5f7f11d50a3a" className="VBI.TestCases.DataModleTest.DataModelRelevance, VBI.TestCases, Version=1.0.0.0, Culture=neutral, PublicKeyToken=null" name="CustomFieldCreate" />
    </UnitTest>
    <UnitTest name="CustomFieldCreate1" storage="..\vbi5client-release\\source\testcase\vbi.testcases.dll" id="a0e39e84-8121-29e6-d648-1d0d3e5c5631">
      <Description>创建多个自定义字段</Description>
      <Execution id="0ce0ac2b-32aa-4cf9-ab36-78eeab800233" />
      <TestMethod codeBase="D:/Jenkins/workspace/Vbi5Client-Release/source/TestCase/VBI.TestCases.DLL" adapterTypeName="Microsoft.VisualStudio.TestTools.TestTypes.Unit.UnitTestAdapter, Microsoft.VisualStudio.QualityTools.Tips.UnitTest.Adapter, Version=16.0.0.0, Culture=neutral, PublicKeyToken=b03f5f7f11d50a3a" className="VBI.TestCases.DataModleTest.DataModelRelevance, VBI.TestCases, Version=1.0.0.0, Culture=neutral, PublicKeyToken=null" name="CustomFieldCreate1" />
    </UnitTest>
    <UnitTest name="DataAxis1" storage="..\vbi5client-release\\source\testcase\vbi.testcases.dll" id="bb3bb86f-6cc0-372a-a459-464faea83698">
      <Description>基础控件--数据轴</Description>
      <Execution id="265cee70-79ec-44d4-935e-0bb5cde128a7" />
      <TestMethod codeBase="D:/Jenkins/workspace/Vbi5Client-Release/source/TestCase/VBI.TestCases.DLL" adapterTypeName="Microsoft.VisualStudio.TestTools.TestTypes.Unit.UnitTestAdapter, Microsoft.VisualStudio.QualityTools.Tips.UnitTest.Adapter, Version=16.0.0.0, Culture=neutral, PublicKeyToken=b03f5f7f11d50a3a" className="VBI.TestCases.ControlTest.BaseControl, VBI.TestCases, Version=1.0.0.0, Culture=neutral, PublicKeyToken=null" name="DataAxis1" />
    </UnitTest>
    <UnitTest name="OracleRelevant" storage="..\vbi5client-release\\source\testcase\vbi.testcases.dll" id="9e2cb91e-0a33-86ef-9a2c-65815f9e45cf">
      <Description>Oracle同数据源多表采集预览</Description>
      <Execution id="f32d37a9-3892-4cb1-8d58-763497b07ba4" />
      <TestMethod codeBase="D:/Jenkins/workspace/Vbi5Client-Release/source/TestCase/VBI.TestCases.DLL" adapterTypeName="Microsoft.VisualStudio.TestTools.TestTypes.Unit.UnitTestAdapter, Microsoft.VisualStudio.QualityTools.Tips.UnitTest.Adapter, Version=16.0.0.0, Culture=neutral, PublicKeyToken=b03f5f7f11d50a3a" className="VBI.TestCases.DataModleTest.DataModelRelevance, VBI.TestCases, Version=1.0.0.0, Culture=neutral, PublicKeyToken=null" name="OracleRelevant" />
    </UnitTest>
    <UnitTest name="PictureModify" storage="..\vbi5client-release\\source\testcase\vbi.testcases.dll" id="6c89cba9-56cb-fdd6-be36-b2128f9abe1c">
      <Description>画面修改</Description>
      <Execution id="e9dfbff7-8416-4584-8fe6-120e803f6447" />
      <TestMethod codeBase="D:/Jenkins/workspace/Vbi5Client-Release/source/TestCase/VBI.TestCases.DLL" adapterTypeName="Microsoft.VisualStudio.TestTools.TestTypes.Unit.UnitTestAdapter, Microsoft.VisualStudio.QualityTools.Tips.UnitTest.Adapter, Version=16.0.0.0, Culture=neutral, PublicKeyToken=b03f5f7f11d50a3a" className="VBI.TestCases.CanvasTest.CanvasTest, VBI.TestCases, Version=1.0.0.0, Culture=neutral, PublicKeyToken=null" name="PictureModify" />
    </UnitTest>
    <UnitTest name="AnnularCol1" storage="..\vbi5client-release\\source\testcase\vbi.testcases.dll" id="893ec852-c592-4ae6-d162-a2ffe0ded3f0">
      <Description>基础控件--环形柱1</Description>
      <Execution id="af2ef1e9-6d06-47c4-9c2a-c4c5e12e14ce" />
      <TestMethod codeBase="D:/Jenkins/workspace/Vbi5Client-Release/source/TestCase/VBI.TestCases.DLL" adapterTypeName="Microsoft.VisualStudio.TestTools.TestTypes.Unit.UnitTestAdapter, Microsoft.VisualStudio.QualityTools.Tips.UnitTest.Adapter, Version=16.0.0.0, Culture=neutral, PublicKeyToken=b03f5f7f11d50a3a" className="VBI.TestCases.ControlTest.BasicChart, VBI.TestCases, Version=1.0.0.0, Culture=neutral, PublicKeyToken=null" name="AnnularCol1" />
    </UnitTest>
    <UnitTest name="LineProgress" storage="..\vbi5client-release\\source\testcase\vbi.testcases.dll" id="0a8f82df-7482-aa6e-5515-2f4b2d5b8788">
      <Description>仪表进度控件--线型进度</Description>
      <Execution id="6b9924f7-bade-4c67-a341-d84cc5f9d1e2" />
      <TestMethod codeBase="D:/Jenkins/workspace/Vbi5Client-Release/source/TestCase/VBI.TestCases.DLL" adapterTypeName="Microsoft.VisualStudio.TestTools.TestTypes.Unit.UnitTestAdapter, Microsoft.VisualStudio.QualityTools.Tips.UnitTest.Adapter, Version=16.0.0.0, Culture=neutral, PublicKeyToken=b03f5f7f11d50a3a" className="VBI.TestCases.ControlTest.InstrumentProgress, VBI.TestCases, Version=1.0.0.0, Culture=neutral, PublicKeyToken=null" name="LineProgress" />
    </UnitTest>
    <UnitTest name="OracleUnion" storage="..\vbi5client-release\\source\testcase\vbi.testcases.dll" id="91044b50-d81f-3c1d-249c-ca952b72b1c1">
      <Description>OracleUnion数据模型筛选</Description>
      <Execution id="d6116817-cb4d-4e24-9a67-5b24d64d237f" />
      <TestMethod codeBase="D:/Jenkins/workspace/Vbi5Client-Release/source/TestCase/VBI.TestCases.DLL" adapterTypeName="Microsoft.VisualStudio.TestTools.TestTypes.Unit.UnitTestAdapter, Microsoft.VisualStudio.QualityTools.Tips.UnitTest.Adapter, Version=16.0.0.0, Culture=neutral, PublicKeyToken=b03f5f7f11d50a3a" className="VBI.TestCases.DataModleTest.DataModelRelevance, VBI.TestCases, Version=1.0.0.0, Culture=neutral, PublicKeyToken=null" name="OracleUnion" />
    </UnitTest>
    <UnitTest name="CsvSourceModifyTest" storage="..\vbi5client-release\\source\testcase\vbi.testcases.dll" id="27d22e6a-20be-dfbb-418c-741cab023fed">
      <Description>CSV数据源新增与修改</Description>
      <Execution id="6a00a0f8-5e93-4e39-9925-021fd24f5765" />
      <TestMethod codeBase="D:/Jenkins/workspace/Vbi5Client-Release/source/TestCase/VBI.TestCases.DLL" adapterTypeName="Microsoft.VisualStudio.TestTools.TestTypes.Unit.UnitTestAdapter, Microsoft.VisualStudio.QualityTools.Tips.UnitTest.Adapter, Version=16.0.0.0, Culture=neutral, PublicKeyToken=b03f5f7f11d50a3a" className="VBI.TestCases.DataSourceTest.FileTypeSourceTest, VBI.TestCases, Version=1.0.0.0, Culture=neutral, PublicKeyToken=null" name="CsvSourceModifyTest" />
    </UnitTest>
    <UnitTest name="VerticalRuler" storage="..\vbi5client-release\\source\testcase\vbi.testcases.dll" id="9bcbe7bc-41ed-ff30-4369-3f3a21618d0d">
      <Description>仪表进度控件--垂直直尺</Description>
      <Execution id="524ade66-4539-4c28-84ad-bf8ba6051efb" />
      <TestMethod codeBase="D:/Jenkins/workspace/Vbi5Client-Release/source/TestCase/VBI.TestCases.DLL" adapterTypeName="Microsoft.VisualStudio.TestTools.TestTypes.Unit.UnitTestAdapter, Microsoft.VisualStudio.QualityTools.Tips.UnitTest.Adapter, Version=16.0.0.0, Culture=neutral, PublicKeyToken=b03f5f7f11d50a3a" className="VBI.TestCases.ControlTest.InstrumentProgress, VBI.TestCases, Version=1.0.0.0, Culture=neutral, PublicKeyToken=null" name="VerticalRuler" />
    </UnitTest>
    <UnitTest name="DiffSourceRelevant" storage="..\vbi5client-release\\source\testcase\vbi.testcases.dll" id="08a63511-e815-ac00-5d8d-1a7329e3f555">
      <Description>不同数据源多表关联模型</Description>
      <Execution id="f6581e50-7274-4245-83ac-40355f4fd52e" />
      <TestMethod codeBase="D:/Jenkins/workspace/Vbi5Client-Release/source/TestCase/VBI.TestCases.DLL" adapterTypeName="Microsoft.VisualStudio.TestTools.TestTypes.Unit.UnitTestAdapter, Microsoft.VisualStudio.QualityTools.Tips.UnitTest.Adapter, Version=16.0.0.0, Culture=neutral, PublicKeyToken=b03f5f7f11d50a3a" className="VBI.TestCases.DataModleTest.DataModelRelevance, VBI.TestCases, Version=1.0.0.0, Culture=neutral, PublicKeyToken=null" name="DiffSourceRelevant" />
    </UnitTest>
    <UnitTest name="DataSourceRightEdit" storage="..\vbi5client-release\\source\testcase\vbi.testcases.dll" id="5189470c-9d0b-c25d-1df5-ccf357fdc474">
      <Description>数据源右击复制功能</Description>
      <Execution id="adb421d5-2a3f-4324-8d23-c2ef62dfbc97" />
      <TestMethod codeBase="D:/Jenkins/workspace/Vbi5Client-Release/source/TestCase/VBI.TestCases.DLL" adapterTypeName="Microsoft.VisualStudio.TestTools.TestTypes.Unit.UnitTestAdapter, Microsoft.VisualStudio.QualityTools.Tips.UnitTest.Adapter, Version=16.0.0.0, Culture=neutral, PublicKeyToken=b03f5f7f11d50a3a" className="VBI.TestCases.DataSourceTest.FileTypeSourceTest, VBI.TestCases, Version=1.0.0.0, Culture=neutral, PublicKeyToken=null" name="DataSourceRightEdit" />
    </UnitTest>
    <UnitTest name="StackColChart" storage="..\vbi5client-release\\source\testcase\vbi.testcases.dll" id="1666bb0e-0fe1-d062-6d77-d8d3bafa86ac">
      <Description>综合图表--堆积柱图</Description>
      <Execution id="57e88bf1-bcee-477d-9a66-5991969c46ae" />
      <TestMethod codeBase="D:/Jenkins/workspace/Vbi5Client-Release/source/TestCase/VBI.TestCases.DLL" adapterTypeName="Microsoft.VisualStudio.TestTools.TestTypes.Unit.UnitTestAdapter, Microsoft.VisualStudio.QualityTools.Tips.UnitTest.Adapter, Version=16.0.0.0, Culture=neutral, PublicKeyToken=b03f5f7f11d50a3a" className="VBI.TestCases.ControlTest.IntegratedChartUIControl, VBI.TestCases, Version=1.0.0.0, Culture=neutral, PublicKeyToken=null" name="StackColChart" />
    </UnitTest>
    <UnitTest name="PictureCreate" storage="..\vbi5client-release\\source\testcase\vbi.testcases.dll" id="74a4466a-4aa8-8a8c-c9cb-65115cfffcb8">
      <Description>画面创建</Description>
      <Execution id="a7e3bf49-139f-4de3-9a95-2239d41dcd8d" />
      <TestMethod codeBase="D:/Jenkins/workspace/Vbi5Client-Release/source/TestCase/VBI.TestCases.DLL" adapterTypeName="Microsoft.VisualStudio.TestTools.TestTypes.Unit.UnitTestAdapter, Microsoft.VisualStudio.QualityTools.Tips.UnitTest.Adapter, Version=16.0.0.0, Culture=neutral, PublicKeyToken=b03f5f7f11d50a3a" className="VBI.TestCases.CanvasTest.CanvasTest, VBI.TestCases, Version=1.0.0.0, Culture=neutral, PublicKeyToken=null" name="PictureCreate" />
    </UnitTest>
    <UnitTest name="RingDiagram" storage="..\vbi5client-release\\source\testcase\vbi.testcases.dll" id="05f5e871-6410-4530-ddd8-f54d01a5bd67">
      <Description>基础控件--环状图</Description>
      <Execution id="2ff46b54-1d40-4e4c-8078-354034c707aa" />
      <TestMethod codeBase="D:/Jenkins/workspace/Vbi5Client-Release/source/TestCase/VBI.TestCases.DLL" adapterTypeName="Microsoft.VisualStudio.TestTools.TestTypes.Unit.UnitTestAdapter, Microsoft.VisualStudio.QualityTools.Tips.UnitTest.Adapter, Version=16.0.0.0, Culture=neutral, PublicKeyToken=b03f5f7f11d50a3a" className="VBI.TestCases.ControlTest.BasicChart, VBI.TestCases, Version=1.0.0.0, Culture=neutral, PublicKeyToken=null" name="RingDiagram" />
    </UnitTest>
    <UnitTest name="WhiskerChart" storage="..\vbi5client-release\\source\testcase\vbi.testcases.dll" id="4b1690e2-46e4-74f9-85cc-3f9d4b463518">
      <Description>综合图表--盒须图</Description>
      <Execution id="71b6d9d8-0ec2-462b-ab4a-e487c1da0b23" />
      <TestMethod codeBase="D:/Jenkins/workspace/Vbi5Client-Release/source/TestCase/VBI.TestCases.DLL" adapterTypeName="Microsoft.VisualStudio.TestTools.TestTypes.Unit.UnitTestAdapter, Microsoft.VisualStudio.QualityTools.Tips.UnitTest.Adapter, Version=16.0.0.0, Culture=neutral, PublicKeyToken=b03f5f7f11d50a3a" className="VBI.TestCases.ControlTest.IntegratedChartUIControl, VBI.TestCases, Version=1.0.0.0, Culture=neutral, PublicKeyToken=null" name="WhiskerChart" />
    </UnitTest>
    <UnitTest name="Slipper1" storage="..\vbi5client-release\\source\testcase\vbi.testcases.dll" id="b0526851-525a-7635-0a90-1fcd5c448bb9">
      <Description>基础控件--滑块选择</Description>
      <Execution id="2042c3ee-ea48-4de4-ad71-b31ed17c92c4" />
      <TestMethod codeBase="D:/Jenkins/workspace/Vbi5Client-Release/source/TestCase/VBI.TestCases.DLL" adapterTypeName="Microsoft.VisualStudio.TestTools.TestTypes.Unit.UnitTestAdapter, Microsoft.VisualStudio.QualityTools.Tips.UnitTest.Adapter, Version=16.0.0.0, Culture=neutral, PublicKeyToken=b03f5f7f11d50a3a" className="VBI.TestCases.ControlTest.BaseControl, VBI.TestCases, Version=1.0.0.0, Culture=neutral, PublicKeyToken=null" name="Slipper1" />
    </UnitTest>
    <UnitTest name="BubbleListChartWarning" storage="..\vbi5client-release\\source\testcase\vbi.testcases.dll" id="075a50ad-e215-cab9-9b49-bda486cd4512">
      <Description>综合图表--泡泡列表告警</Description>
      <Execution id="e73875c0-b802-430e-bd41-2c5b05adfd43" />
      <TestMethod codeBase="D:/Jenkins/workspace/Vbi5Client-Release/source/TestCase/VBI.TestCases.DLL" adapterTypeName="Microsoft.VisualStudio.TestTools.TestTypes.Unit.UnitTestAdapter, Microsoft.VisualStudio.QualityTools.Tips.UnitTest.Adapter, Version=16.0.0.0, Culture=neutral, PublicKeyToken=b03f5f7f11d50a3a" className="VBI.TestCases.ControlTest.IntegratedChartUIControl, VBI.TestCases, Version=1.0.0.0, Culture=neutral, PublicKeyToken=null" name="BubbleListChartWarning" />
    </UnitTest>
    <UnitTest name="PyramidChart" storage="..\vbi5client-release\\source\testcase\vbi.testcases.dll" id="3e7773ac-4843-82be-c0a3-37a5220afa40">
      <Description>基础控件--金字塔图</Description>
      <Execution id="62eb3e45-62b2-4da2-9386-514c55e62e47" />
      <TestMethod codeBase="D:/Jenkins/workspace/Vbi5Client-Release/source/TestCase/VBI.TestCases.DLL" adapterTypeName="Microsoft.VisualStudio.TestTools.TestTypes.Unit.UnitTestAdapter, Microsoft.VisualStudio.QualityTools.Tips.UnitTest.Adapter, Version=16.0.0.0, Culture=neutral, PublicKeyToken=b03f5f7f11d50a3a" className="VBI.TestCases.ControlTest.BasicChart, VBI.TestCases, Version=1.0.0.0, Culture=neutral, PublicKeyToken=null" name="PyramidChart" />
    </UnitTest>
    <UnitTest name="TextBox" storage="..\vbi5client-release\\source\testcase\vbi.testcases.dll" id="4823606c-3bb6-109f-7658-661cbb45e593">
      <Description>基础控件--文本表签</Description>
      <Execution id="ce9b2a4e-c556-47f4-b5cc-8ea575cd19c7" />
      <TestMethod codeBase="D:/Jenkins/workspace/Vbi5Client-Release/source/TestCase/VBI.TestCases.DLL" adapterTypeName="Microsoft.VisualStudio.TestTools.TestTypes.Unit.UnitTestAdapter, Microsoft.VisualStudio.QualityTools.Tips.UnitTest.Adapter, Version=16.0.0.0, Culture=neutral, PublicKeyToken=b03f5f7f11d50a3a" className="VBI.TestCases.ControlTest.BaseControl, VBI.TestCases, Version=1.0.0.0, Culture=neutral, PublicKeyToken=null" name="TextBox" />
    </UnitTest>
    <UnitTest name="FunnelChart" storage="..\vbi5client-release\\source\testcase\vbi.testcases.dll" id="27b52298-1eba-f4fa-1d00-f1ffe51aabd5">
      <Description>基础控件--漏斗图</Description>
      <Execution id="c056398b-f699-4dfa-a76a-7d97f173b183" />
      <TestMethod codeBase="D:/Jenkins/workspace/Vbi5Client-Release/source/TestCase/VBI.TestCases.DLL" adapterTypeName="Microsoft.VisualStudio.TestTools.TestTypes.Unit.UnitTestAdapter, Microsoft.VisualStudio.QualityTools.Tips.UnitTest.Adapter, Version=16.0.0.0, Culture=neutral, PublicKeyToken=b03f5f7f11d50a3a" className="VBI.TestCases.ControlTest.BasicChart, VBI.TestCases, Version=1.0.0.0, Culture=neutral, PublicKeyToken=null" name="FunnelChart" />
    </UnitTest>
    <UnitTest name="RentangleTree" storage="..\vbi5client-release\\source\testcase\vbi.testcases.dll" id="53de2ec0-5513-64b5-9d99-d0c01a9746fd">
      <Description>综合图表--矩形树图</Description>
      <Execution id="80720863-a5cd-44f0-be4b-0c99b85a7112" />
      <TestMethod codeBase="D:/Jenkins/workspace/Vbi5Client-Release/source/TestCase/VBI.TestCases.DLL" adapterTypeName="Microsoft.VisualStudio.TestTools.TestTypes.Unit.UnitTestAdapter, Microsoft.VisualStudio.QualityTools.Tips.UnitTest.Adapter, Version=16.0.0.0, Culture=neutral, PublicKeyToken=b03f5f7f11d50a3a" className="VBI.TestCases.ControlTest.IntegratedChartUIControl, VBI.TestCases, Version=1.0.0.0, Culture=neutral, PublicKeyToken=null" name="RentangleTree" />
    </UnitTest>
    <UnitTest name="CombineChartLegend" storage="..\vbi5client-release\\source\testcase\vbi.testcases.dll" id="f8be4eaa-9cc3-7500-4d9b-45b0edff3f73">
      <Description>基础控件--组合Chart图例</Description>
      <Execution id="15a2bfe0-3e78-4fd9-b256-5bc132e7c133" />
      <TestMethod codeBase="D:/Jenkins/workspace/Vbi5Client-Release/source/TestCase/VBI.TestCases.DLL" adapterTypeName="Microsoft.VisualStudio.TestTools.TestTypes.Unit.UnitTestAdapter, Microsoft.VisualStudio.QualityTools.Tips.UnitTest.Adapter, Version=16.0.0.0, Culture=neutral, PublicKeyToken=b03f5f7f11d50a3a" className="VBI.TestCases.ControlTest.BasicChart, VBI.TestCases, Version=1.0.0.0, Culture=neutral, PublicKeyToken=null" name="CombineChartLegend" />
    </UnitTest>
    <UnitTest name="DropDownCheckBox" storage="..\vbi5client-release\\source\testcase\vbi.testcases.dll" id="cfa85316-8e4a-9911-dc31-fd4207b2641d">
      <Description>基础控件--下拉复选框</Description>
      <Execution id="98439806-93a3-4cf4-a8f5-e7864e0bc858" />
      <TestMethod codeBase="D:/Jenkins/workspace/Vbi5Client-Release/source/TestCase/VBI.TestCases.DLL" adapterTypeName="Microsoft.VisualStudio.TestTools.TestTypes.Unit.UnitTestAdapter, Microsoft.VisualStudio.QualityTools.Tips.UnitTest.Adapter, Version=16.0.0.0, Culture=neutral, PublicKeyToken=b03f5f7f11d50a3a" className="VBI.TestCases.ControlTest.BaseControl, VBI.TestCases, Version=1.0.0.0, Culture=neutral, PublicKeyToken=null" name="DropDownCheckBox" />
    </UnitTest>
    <UnitTest name="CombineChartAnalyze" storage="..\vbi5client-release\\source\testcase\vbi.testcases.dll" id="ebc7cce0-df61-e181-46dc-b2c5b48f650f">
      <Description>基础控件--组合Chart多维分析</Description>
      <Execution id="64a3e1c0-08ca-4c97-94f3-d1771326bdd8" />
      <TestMethod codeBase="D:/Jenkins/workspace/Vbi5Client-Release/source/TestCase/VBI.TestCases.DLL" adapterTypeName="Microsoft.VisualStudio.TestTools.TestTypes.Unit.UnitTestAdapter, Microsoft.VisualStudio.QualityTools.Tips.UnitTest.Adapter, Version=16.0.0.0, Culture=neutral, PublicKeyToken=b03f5f7f11d50a3a" className="VBI.TestCases.ControlTest.BasicChart, VBI.TestCases, Version=1.0.0.0, Culture=neutral, PublicKeyToken=null" name="CombineChartAnalyze" />
    </UnitTest>
    <UnitTest name="Pareto" storage="..\vbi5client-release\\source\testcase\vbi.testcases.dll" id="36f078f3-22aa-4a6f-e96a-0beb1aaf356e">
      <Description>综合图表--帕累托图</Description>
      <Execution id="22492681-5e72-4ba1-bc24-213e6cea3436" />
      <TestMethod codeBase="D:/Jenkins/workspace/Vbi5Client-Release/source/TestCase/VBI.TestCases.DLL" adapterTypeName="Microsoft.VisualStudio.TestTools.TestTypes.Unit.UnitTestAdapter, Microsoft.VisualStudio.QualityTools.Tips.UnitTest.Adapter, Version=16.0.0.0, Culture=neutral, PublicKeyToken=b03f5f7f11d50a3a" className="VBI.TestCases.ControlTest.IntegratedChartUIControl, VBI.TestCases, Version=1.0.0.0, Culture=neutral, PublicKeyToken=null" name="Pareto" />
    </UnitTest>
    <UnitTest name="DataModelRightEdit" storage="..\vbi5client-release\\source\testcase\vbi.testcases.dll" id="ca9e7f2c-a409-6bd7-63b6-4452775818c3">
      <Description>数据模型右击功能</Description>
      <Execution id="b222f518-6cd9-40f5-ac0b-ca1d953e8042" />
      <TestMethod codeBase="D:/Jenkins/workspace/Vbi5Client-Release/source/TestCase/VBI.TestCases.DLL" adapterTypeName="Microsoft.VisualStudio.TestTools.TestTypes.Unit.UnitTestAdapter, Microsoft.VisualStudio.QualityTools.Tips.UnitTest.Adapter, Version=16.0.0.0, Culture=neutral, PublicKeyToken=b03f5f7f11d50a3a" className="VBI.TestCases.DataModleTest.DataModelRelevance, VBI.TestCases, Version=1.0.0.0, Culture=neutral, PublicKeyToken=null" name="DataModelRightEdit" />
    </UnitTest>
    <UnitTest name="CircleInstrument" storage="..\vbi5client-release\\source\testcase\vbi.testcases.dll" id="123124b5-a870-bb31-1b4c-545778c25d74">
      <Description>仪表进度控件--圆形仪表</Description>
      <Execution id="0795940c-8fd5-483b-a966-7f8013639594" />
      <TestMethod codeBase="D:/Jenkins/workspace/Vbi5Client-Release/source/TestCase/VBI.TestCases.DLL" adapterTypeName="Microsoft.VisualStudio.TestTools.TestTypes.Unit.UnitTestAdapter, Microsoft.VisualStudio.QualityTools.Tips.UnitTest.Adapter, Version=16.0.0.0, Culture=neutral, PublicKeyToken=b03f5f7f11d50a3a" className="VBI.TestCases.ControlTest.InstrumentProgress, VBI.TestCases, Version=1.0.0.0, Culture=neutral, PublicKeyToken=null" name="CircleInstrument" />
    </UnitTest>
    <UnitTest name="InternalSourceModel" storage="..\vbi5client-release\\source\testcase\vbi.testcases.dll" id="01be66e4-010e-ad74-a276-d8c2af7fd3dc">
      <Description>内置数据源模型使用</Description>
      <Execution id="d15a8dcd-351c-49fc-8cf8-542e880cbe6f" />
      <TestMethod codeBase="D:/Jenkins/workspace/Vbi5Client-Release/source/TestCase/VBI.TestCases.DLL" adapterTypeName="Microsoft.VisualStudio.TestTools.TestTypes.Unit.UnitTestAdapter, Microsoft.VisualStudio.QualityTools.Tips.UnitTest.Adapter, Version=16.0.0.0, Culture=neutral, PublicKeyToken=b03f5f7f11d50a3a" className="VBI.TestCases.DataModleTest.DataModelIntrnalTest, VBI.TestCases, Version=1.0.0.0, Culture=neutral, PublicKeyToken=null" name="InternalSourceModel" />
    </UnitTest>
    <UnitTest name="DicNew" storage="..\vbi5client-release\\source\testcase\vbi.testcases.dll" id="2dbda355-b95b-9861-eaa5-30a1f08a6f3a">
      <Description>数据字典--数据字典新建</Description>
      <Execution id="1c77bc5c-22c7-4f7e-a66b-fe277d1f4aad" />
      <TestMethod codeBase="D:/Jenkins/workspace/Vbi5Client-Release/source/TestCase/VBI.TestCases.DLL" adapterTypeName="Microsoft.VisualStudio.TestTools.TestTypes.Unit.UnitTestAdapter, Microsoft.VisualStudio.QualityTools.Tips.UnitTest.Adapter, Version=16.0.0.0, Culture=neutral, PublicKeyToken=b03f5f7f11d50a3a" className="VBI.TestCases.DataSourceTest.Dictionary, VBI.TestCases, Version=1.0.0.0, Culture=neutral, PublicKeyToken=null" name="DicNew" />
    </UnitTest>
  </TestDefinitions>
  <TestLists>
    <TestList name="Results Not in a List" id="8c84fa94-04c1-424b-9868-57a2d4851a1d" />
    <TestList name="All Loaded Results" id="19431567-8539-422a-85d7-44ee4e166bda" />
  </TestLists>
  <TestEntries>
    <TestEntry testId="56711843-e038-7df2-dc16-e5e99367a387" executionId="ca2b61ff-6de8-48a8-8a3e-80ae4b843ebe" testListId="8c84fa94-04c1-424b-9868-57a2d4851a1d" />
    <TestEntry testId="74a4466a-4aa8-8a8c-c9cb-65115cfffcb8" executionId="a7e3bf49-139f-4de3-9a95-2239d41dcd8d" testListId="8c84fa94-04c1-424b-9868-57a2d4851a1d" />
    <TestEntry testId="6e118ffa-978b-e9b5-d130-b70fb1a70a34" executionId="4b0f2244-f8b2-4652-886e-cbe8ea255bf5" testListId="8c84fa94-04c1-424b-9868-57a2d4851a1d" />
    <TestEntry testId="6c89cba9-56cb-fdd6-be36-b2128f9abe1c" executionId="e9dfbff7-8416-4584-8fe6-120e803f6447" testListId="8c84fa94-04c1-424b-9868-57a2d4851a1d" />
    <TestEntry testId="3e6dce4c-95ab-2a0b-5293-5ebbec094ca2" executionId="511be7e1-3daa-454f-bcd3-fd4a16e00ebc" testListId="8c84fa94-04c1-424b-9868-57a2d4851a1d" />
    <TestEntry testId="e6501296-03d1-104b-08af-e8453b74cfec" executionId="244fc82a-0ff6-41a1-95f8-7a2a43e0983b" testListId="8c84fa94-04c1-424b-9868-57a2d4851a1d" />
    <TestEntry testId="6e73446a-f7f5-7d54-3cfa-63566ec5d4f5" executionId="5b210d05-7cfb-43c8-b9ae-eba8d9f651b1" testListId="8c84fa94-04c1-424b-9868-57a2d4851a1d" />
    <TestEntry testId="bb3bb86f-6cc0-372a-a459-464faea83698" executionId="265cee70-79ec-44d4-935e-0bb5cde128a7" testListId="8c84fa94-04c1-424b-9868-57a2d4851a1d" />
    <TestEntry testId="cfa85316-8e4a-9911-dc31-fd4207b2641d" executionId="98439806-93a3-4cf4-a8f5-e7864e0bc858" testListId="8c84fa94-04c1-424b-9868-57a2d4851a1d" />
    <TestEntry testId="f3c2df51-1844-cea8-a426-91848bfa3d7b" executionId="ce561e52-275d-4b8a-a05c-e789464094c0" testListId="8c84fa94-04c1-424b-9868-57a2d4851a1d" />
    <TestEntry testId="f4b1d073-3297-d0c1-4c2b-dffce1fb0b7c" executionId="76d862c8-e54e-4fd1-9919-ee4d262e92e9" testListId="8c84fa94-04c1-424b-9868-57a2d4851a1d" />
    <TestEntry testId="38056321-4f4b-82d2-3fbd-6ae99ac3e196" executionId="98ecd995-eefb-448f-9701-a2f167914814" testListId="8c84fa94-04c1-424b-9868-57a2d4851a1d" />
    <TestEntry testId="c3aceae4-5674-08bc-0ae3-eaeed12e6447" executionId="fa86f85a-c9ea-4c33-82d6-aa816d596102" testListId="8c84fa94-04c1-424b-9868-57a2d4851a1d" />
    <TestEntry testId="3daa39f9-dd06-4e59-17c9-97909a3c2717" executionId="05cd7bde-fcad-4507-b257-20f37e7040e2" testListId="8c84fa94-04c1-424b-9868-57a2d4851a1d" />
    <TestEntry testId="ddb906ef-9f15-efde-9021-fccf75940846" executionId="aba4c9cc-a19a-48d3-89ba-a879a5ed372b" testListId="8c84fa94-04c1-424b-9868-57a2d4851a1d" />
    <TestEntry testId="bccd30b0-13a6-e2f5-ba9c-2d8c0ebc3490" executionId="3ef0b3b1-5f58-4271-b1e7-a35ac6874a41" testListId="8c84fa94-04c1-424b-9868-57a2d4851a1d" />
    <TestEntry testId="c646f378-be2b-ba56-689f-777970e3c4b0" executionId="fdfec0ce-87e7-475f-9ae6-7118aade8874" testListId="8c84fa94-04c1-424b-9868-57a2d4851a1d" />
    <TestEntry testId="c2fd2d32-6a65-d127-7a60-c822dba1d03a" executionId="47c7558b-3ed5-4f08-8083-a3b099940ca8" testListId="8c84fa94-04c1-424b-9868-57a2d4851a1d" />
    <TestEntry testId="b0526851-525a-7635-0a90-1fcd5c448bb9" executionId="2042c3ee-ea48-4de4-ad71-b31ed17c92c4" testListId="8c84fa94-04c1-424b-9868-57a2d4851a1d" />
    <TestEntry testId="4823606c-3bb6-109f-7658-661cbb45e593" executionId="ce9b2a4e-c556-47f4-b5cc-8ea575cd19c7" testListId="8c84fa94-04c1-424b-9868-57a2d4851a1d" />
    <TestEntry testId="900fdd7c-48a1-b397-888e-b1c295bdfac5" executionId="3db0b95b-9468-4ac7-b7de-80f87abea872" testListId="8c84fa94-04c1-424b-9868-57a2d4851a1d" />
    <TestEntry testId="c3805cdc-bc4e-7421-780c-51811325d0a5" executionId="b7053f19-7996-444f-9ef0-ac6064cfd512" testListId="8c84fa94-04c1-424b-9868-57a2d4851a1d" />
    <TestEntry testId="3eb2fdf4-1a0a-d91d-a5eb-c587918b4fe5" executionId="29fdbd90-629b-4eb2-9bc4-2a8cff8e559c" testListId="8c84fa94-04c1-424b-9868-57a2d4851a1d" />
    <TestEntry testId="a1f78361-da43-bff9-b532-6348ee77578a" executionId="a7e28627-6b58-440f-8792-d7dce1b0915c" testListId="8c84fa94-04c1-424b-9868-57a2d4851a1d" />
    <TestEntry testId="ec6575dc-efb9-e0ea-8798-7ea257e989ad" executionId="3dc2ffcd-a964-4bd7-8835-08ac6cb3366e" testListId="8c84fa94-04c1-424b-9868-57a2d4851a1d" />
    <TestEntry testId="75bf1358-9561-f0c1-56c9-c82f46089d31" executionId="a8dbeaaa-c165-4ea0-af65-d7eb3e2a7165" testListId="8c84fa94-04c1-424b-9868-57a2d4851a1d" />
    <TestEntry testId="e0e38b6c-8686-e4c5-ffa0-ae3a5eaa6f23" executionId="742c98e8-1ae7-4ab7-9dc5-5a1207911412" testListId="8c84fa94-04c1-424b-9868-57a2d4851a1d" />
    <TestEntry testId="893ec852-c592-4ae6-d162-a2ffe0ded3f0" executionId="af2ef1e9-6d06-47c4-9c2a-c4c5e12e14ce" testListId="8c84fa94-04c1-424b-9868-57a2d4851a1d" />
    <TestEntry testId="9c6727b8-0ccb-ecdd-0c06-f4c3b65a5896" executionId="018530c8-d89b-4be8-8ae5-693439e120da" testListId="8c84fa94-04c1-424b-9868-57a2d4851a1d" />
    <TestEntry testId="073fbc2f-807a-21d7-ae39-b82a9de427e7" executionId="5780c9b6-0827-4ea6-9d82-38dc69c892aa" testListId="8c84fa94-04c1-424b-9868-57a2d4851a1d" />
    <TestEntry testId="e6026a13-8d2c-5961-7338-94097ae65fea" executionId="187c16e4-341c-4262-b78a-d73fbd390730" testListId="8c84fa94-04c1-424b-9868-57a2d4851a1d" />
    <TestEntry testId="82334abc-cbe0-a8f1-bf31-a632e4c0ed89" executionId="bc49532a-6686-4c2c-9432-089c97e71bbd" testListId="8c84fa94-04c1-424b-9868-57a2d4851a1d" />
    <TestEntry testId="a9277e6c-9aa6-3d95-5162-496c06f9635d" executionId="7a33e86a-1f47-465c-8729-2c586f9de064" testListId="8c84fa94-04c1-424b-9868-57a2d4851a1d" />
    <TestEntry testId="dfcdd90d-bab5-8e58-2242-ea70a9d0f6ac" executionId="642f338a-d1ec-4250-bb4d-c6b2753e8dac" testListId="8c84fa94-04c1-424b-9868-57a2d4851a1d" />
    <TestEntry testId="d5a9c774-19b2-b9aa-705a-ae6fbbf2ed21" executionId="4924e2d6-a89d-47d2-9f1b-456d5c53253f" testListId="8c84fa94-04c1-424b-9868-57a2d4851a1d" />
    <TestEntry testId="cbb5792a-357e-4930-b156-7d2ed16d3e7a" executionId="bf7b523b-ee54-4631-99e0-fc8a3704dd12" testListId="8c84fa94-04c1-424b-9868-57a2d4851a1d" />
    <TestEntry testId="a04939d6-5c46-c0e0-075c-0e0c895d115b" executionId="c94acbfe-a068-4d7d-af95-003b50fec701" testListId="8c84fa94-04c1-424b-9868-57a2d4851a1d" />
    <TestEntry testId="7959ebcb-83bc-77db-0f38-20c942440438" executionId="159f6dcd-e7cd-4c3c-a12c-c8e3714619ab" testListId="8c84fa94-04c1-424b-9868-57a2d4851a1d" />
    <TestEntry testId="5b06e613-4d9b-5b9a-2b72-0ab1ee433d65" executionId="403a1024-6bb2-4d6a-89f0-24e1780fcad5" testListId="8c84fa94-04c1-424b-9868-57a2d4851a1d" />
    <TestEntry testId="4a1a72ee-71c3-b875-ba77-9fea48c6a263" executionId="440436ff-0f8b-4664-9f61-4719474bbee5" testListId="8c84fa94-04c1-424b-9868-57a2d4851a1d" />
    <TestEntry testId="ea7fa326-4e0a-453b-5e29-0276737b91f3" executionId="a6f97ac9-d14a-4dae-8a82-c3c87c955953" testListId="8c84fa94-04c1-424b-9868-57a2d4851a1d" />
    <TestEntry testId="c76c9034-4743-25ac-39ba-828d9c1d3230" executionId="2d469e27-c452-4279-8deb-73cc85db19e5" testListId="8c84fa94-04c1-424b-9868-57a2d4851a1d" />
    <TestEntry testId="a74baa9d-263e-8c97-58a6-b8806704a37a" executionId="7e41642e-768d-4761-b0dc-a98d99ae1902" testListId="8c84fa94-04c1-424b-9868-57a2d4851a1d" />
    <TestEntry testId="ebc7cce0-df61-e181-46dc-b2c5b48f650f" executionId="64a3e1c0-08ca-4c97-94f3-d1771326bdd8" testListId="8c84fa94-04c1-424b-9868-57a2d4851a1d" />
    <TestEntry testId="f8be4eaa-9cc3-7500-4d9b-45b0edff3f73" executionId="15a2bfe0-3e78-4fd9-b256-5bc132e7c133" testListId="8c84fa94-04c1-424b-9868-57a2d4851a1d" />
    <TestEntry testId="2ef9be58-e29a-1384-fa3c-0d81095a6364" executionId="403e430e-1ae3-46dc-b5f8-fcffe0aff48e" testListId="8c84fa94-04c1-424b-9868-57a2d4851a1d" />
    <TestEntry testId="27b52298-1eba-f4fa-1d00-f1ffe51aabd5" executionId="c056398b-f699-4dfa-a76a-7d97f173b183" testListId="8c84fa94-04c1-424b-9868-57a2d4851a1d" />
    <TestEntry testId="bc7789f9-83ba-7350-23e5-e38509200b68" executionId="b36c1949-0cc8-4381-a9bc-8d4df85c7f38" testListId="8c84fa94-04c1-424b-9868-57a2d4851a1d" />
    <TestEntry testId="191d19d1-fbc7-b229-d8f1-7a360ba7164a" executionId="b2ee60d7-c403-4886-b34d-285b3dd42a58" testListId="8c84fa94-04c1-424b-9868-57a2d4851a1d" />
    <TestEntry testId="bc73bbf2-581e-3b4d-e437-ca1a47a9a860" executionId="ff3d7afa-b982-455d-a300-dfe3d97697c1" testListId="8c84fa94-04c1-424b-9868-57a2d4851a1d" />
    <TestEntry testId="c4a77516-893d-7db6-3f67-c30316a2a1f4" executionId="bbe7eaf0-7916-4d66-8702-08a6a5e5176f" testListId="8c84fa94-04c1-424b-9868-57a2d4851a1d" />
    <TestEntry testId="dd47e35d-7a58-510c-0249-5e1f9be468e5" executionId="249d851b-6a26-489d-bda7-8069dee52a68" testListId="8c84fa94-04c1-424b-9868-57a2d4851a1d" />
    <TestEntry testId="f2a45ce4-8a07-f535-da29-394f30bec5fb" executionId="e33ce6df-5555-442e-810d-d9a4de0a2fd9" testListId="8c84fa94-04c1-424b-9868-57a2d4851a1d" />
    <TestEntry testId="097155d7-10b7-ab22-151c-9fdb01cc6274" executionId="e3e7769f-629d-4841-a4b1-6a2ea3b2c004" testListId="8c84fa94-04c1-424b-9868-57a2d4851a1d" />
    <TestEntry testId="488fbddc-149f-bdc4-11d8-96d4a10caa9d" executionId="ea17fc27-3d13-4374-b9d0-57606578ded6" testListId="8c84fa94-04c1-424b-9868-57a2d4851a1d" />
    <TestEntry testId="3e7773ac-4843-82be-c0a3-37a5220afa40" executionId="62eb3e45-62b2-4da2-9386-514c55e62e47" testListId="8c84fa94-04c1-424b-9868-57a2d4851a1d" />
    <TestEntry testId="e7de6ba0-3893-28ed-30e0-de971e4b5dab" executionId="bb60eb48-e4bd-4fee-bb26-8017bcf97497" testListId="8c84fa94-04c1-424b-9868-57a2d4851a1d" />
    <TestEntry testId="37875891-095c-23cf-cc5e-9b1a840c059d" executionId="02a75543-411c-497f-93c4-89ef4a856c5d" testListId="8c84fa94-04c1-424b-9868-57a2d4851a1d" />
    <TestEntry testId="05f5e871-6410-4530-ddd8-f54d01a5bd67" executionId="2ff46b54-1d40-4e4c-8078-354034c707aa" testListId="8c84fa94-04c1-424b-9868-57a2d4851a1d" />
    <TestEntry testId="a72ce8ef-9b0e-11fb-a70a-194f8b7e00b8" executionId="1982b76d-ccf7-420a-b264-3ab8afd49ab8" testListId="8c84fa94-04c1-424b-9868-57a2d4851a1d" />
    <TestEntry testId="c51c77e9-937f-1070-1acb-66ce525b92c0" executionId="7834bb58-5053-4ac4-9f64-81867b6e3bd7" testListId="8c84fa94-04c1-424b-9868-57a2d4851a1d" />
    <TestEntry testId="f74dfd92-8c0b-4857-3727-db35a95f053b" executionId="d62f1217-fe42-49c3-a56b-19675568c735" testListId="8c84fa94-04c1-424b-9868-57a2d4851a1d" />
    <TestEntry testId="123124b5-a870-bb31-1b4c-545778c25d74" executionId="0795940c-8fd5-483b-a966-7f8013639594" testListId="8c84fa94-04c1-424b-9868-57a2d4851a1d" />
    <TestEntry testId="0a8f82df-7482-aa6e-5515-2f4b2d5b8788" executionId="6b9924f7-bade-4c67-a341-d84cc5f9d1e2" testListId="8c84fa94-04c1-424b-9868-57a2d4851a1d" />
    <TestEntry testId="86dfa39b-719e-f2ec-44c5-4717661ee450" executionId="23f8e8d8-b2ba-460a-911f-a6cf0d7320f6" testListId="8c84fa94-04c1-424b-9868-57a2d4851a1d" />
    <TestEntry testId="904ad3d3-c783-0345-3c31-c9b1ca986928" executionId="6d06ba34-6353-40a4-966a-ed31c9af1d85" testListId="8c84fa94-04c1-424b-9868-57a2d4851a1d" />
    <TestEntry testId="9bcbe7bc-41ed-ff30-4369-3f3a21618d0d" executionId="524ade66-4539-4c28-84ad-bf8ba6051efb" testListId="8c84fa94-04c1-424b-9868-57a2d4851a1d" />
    <TestEntry testId="e1b6fad5-5d92-94da-0442-48148b431154" executionId="44148c60-eadf-49cb-9fda-ebcf0baaedec" testListId="8c84fa94-04c1-424b-9868-57a2d4851a1d" />
    <TestEntry testId="253c0e63-11b3-df6e-5408-dd4bc8b76f03" executionId="c23e71e7-1396-4b4b-bb25-d017bf3e1cba" testListId="8c84fa94-04c1-424b-9868-57a2d4851a1d" />
    <TestEntry testId="075a50ad-e215-cab9-9b49-bda486cd4512" executionId="e73875c0-b802-430e-bd41-2c5b05adfd43" testListId="8c84fa94-04c1-424b-9868-57a2d4851a1d" />
    <TestEntry testId="22e22d4e-efc7-b40d-480d-f1722deb8075" executionId="813ed11c-a14e-40a8-b58a-c63c0dba1612" testListId="8c84fa94-04c1-424b-9868-57a2d4851a1d" />
    <TestEntry testId="19a2ce21-dfba-204b-061b-7f377c26155b" executionId="f6d1fc8e-cca7-4142-88d8-aa48d546040e" testListId="8c84fa94-04c1-424b-9868-57a2d4851a1d" />
    <TestEntry testId="1732bf69-4583-2c92-a89d-adf7f9953be0" executionId="f1c859e2-8e0a-48df-9f07-aba66bd74eae" testListId="8c84fa94-04c1-424b-9868-57a2d4851a1d" />
    <TestEntry testId="ea9087e0-f9a3-71f7-1d9d-114f56cf356c" executionId="b52296b4-11c3-42c2-adf4-3ec5b61b19e1" testListId="8c84fa94-04c1-424b-9868-57a2d4851a1d" />
    <TestEntry testId="5223203b-1fc7-74f9-dc3a-f55dfe5efef6" executionId="427ae734-5efa-4bed-9518-b772115a53e7" testListId="8c84fa94-04c1-424b-9868-57a2d4851a1d" />
    <TestEntry testId="6dd8d4d8-cbf9-a174-1784-5f4a27a43c7a" executionId="e02bc0ea-e30a-4301-ae21-53836f3b5362" testListId="8c84fa94-04c1-424b-9868-57a2d4851a1d" />
    <TestEntry testId="a8a04f9f-1cfa-5672-da25-6c544f615102" executionId="92991a85-f26b-4252-a150-6d33ee027a2d" testListId="8c84fa94-04c1-424b-9868-57a2d4851a1d" />
    <TestEntry testId="d10c7595-8e09-41aa-d686-bb8549e8ff9b" executionId="321be32b-c963-4de3-9727-d7b3660058fe" testListId="8c84fa94-04c1-424b-9868-57a2d4851a1d" />
    <TestEntry testId="36f078f3-22aa-4a6f-e96a-0beb1aaf356e" executionId="22492681-5e72-4ba1-bc24-213e6cea3436" testListId="8c84fa94-04c1-424b-9868-57a2d4851a1d" />
    <TestEntry testId="f42daaaf-0547-bf75-1797-1b91d6055809" executionId="f801af11-49dc-42fa-9809-4d99348d900f" testListId="8c84fa94-04c1-424b-9868-57a2d4851a1d" />
    <TestEntry testId="7b244f00-eaba-ada2-f8e5-899e229011c9" executionId="5e231f73-c9a9-4282-92f5-2f7aedee46f0" testListId="8c84fa94-04c1-424b-9868-57a2d4851a1d" />
    <TestEntry testId="53de2ec0-5513-64b5-9d99-d0c01a9746fd" executionId="80720863-a5cd-44f0-be4b-0c99b85a7112" testListId="8c84fa94-04c1-424b-9868-57a2d4851a1d" />
    <TestEntry testId="1666bb0e-0fe1-d062-6d77-d8d3bafa86ac" executionId="57e88bf1-bcee-477d-9a66-5991969c46ae" testListId="8c84fa94-04c1-424b-9868-57a2d4851a1d" />
    <TestEntry testId="2d7b7ede-736f-e31a-7d8d-7d9e33acfc61" executionId="1c599623-33b4-4076-b047-62f58f906838" testListId="8c84fa94-04c1-424b-9868-57a2d4851a1d" />
    <TestEntry testId="5edd9afa-4729-6bba-2093-a89fb849d345" executionId="78cfd163-1275-4708-a2d8-8573b67bdbdc" testListId="8c84fa94-04c1-424b-9868-57a2d4851a1d" />
    <TestEntry testId="de957b90-216c-54b5-886e-378ef9175bd8" executionId="d2872a20-76d8-45af-9d81-de49fc15c078" testListId="8c84fa94-04c1-424b-9868-57a2d4851a1d" />
    <TestEntry testId="4b1690e2-46e4-74f9-85cc-3f9d4b463518" executionId="71b6d9d8-0ec2-462b-ab4a-e487c1da0b23" testListId="8c84fa94-04c1-424b-9868-57a2d4851a1d" />
    <TestEntry testId="5c075d1b-7698-6a48-c6de-5c211210fa5e" executionId="6ee4db97-78e5-4112-9208-e4be249885b2" testListId="8c84fa94-04c1-424b-9868-57a2d4851a1d" />
    <TestEntry testId="18b60f62-7404-ef3c-a6e4-d3fefe528bd2" executionId="d2ea007c-8975-4d80-a4d8-61b358adbf13" testListId="8c84fa94-04c1-424b-9868-57a2d4851a1d" />
    <TestEntry testId="3d89ccd9-4372-efa4-4be0-2672db36d0a8" executionId="f94f0bbe-d248-488e-b542-182f3317c4a0" testListId="8c84fa94-04c1-424b-9868-57a2d4851a1d" />
    <TestEntry testId="2087808d-ab77-1d30-32b4-318f7b2b6ecd" executionId="874f8948-81a8-4177-9cb3-98d68603b4e7" testListId="8c84fa94-04c1-424b-9868-57a2d4851a1d" />
    <TestEntry testId="458a66ef-67ef-5454-25f4-38bebb74970d" executionId="1fd2f38e-e2a3-4780-be6c-bbdd3ab745e7" testListId="8c84fa94-04c1-424b-9868-57a2d4851a1d" />
    <TestEntry testId="bac777cf-8cf5-5761-88f1-3c65f235970f" executionId="4207874f-00e0-43a6-9710-281524f20cd6" testListId="8c84fa94-04c1-424b-9868-57a2d4851a1d" />
    <TestEntry testId="01be66e4-010e-ad74-a276-d8c2af7fd3dc" executionId="d15a8dcd-351c-49fc-8cf8-542e880cbe6f" testListId="8c84fa94-04c1-424b-9868-57a2d4851a1d" />
    <TestEntry testId="31a20faa-a231-f21b-6083-065f36450e58" executionId="658bac23-1b45-427d-bbb3-bde9cc1e5189" testListId="8c84fa94-04c1-424b-9868-57a2d4851a1d" />
    <TestEntry testId="0bdd5156-b783-97c4-92e3-b165975d8148" executionId="51021fad-598e-443c-8a01-a47c10039d5e" testListId="8c84fa94-04c1-424b-9868-57a2d4851a1d" />
    <TestEntry testId="7c57c358-8361-29d8-ac19-fbf77ee5b51f" executionId="768bf95a-19ea-4273-a272-c8ca4d2fb540" testListId="8c84fa94-04c1-424b-9868-57a2d4851a1d" />
    <TestEntry testId="a0e39e84-8121-29e6-d648-1d0d3e5c5631" executionId="0ce0ac2b-32aa-4cf9-ab36-78eeab800233" testListId="8c84fa94-04c1-424b-9868-57a2d4851a1d" />
    <TestEntry testId="264ed948-5310-f9a4-8bf6-e05d3b40ab26" executionId="a912f45f-c201-4fe3-a735-bf4904e0d631" testListId="8c84fa94-04c1-424b-9868-57a2d4851a1d" />
    <TestEntry testId="ca9e7f2c-a409-6bd7-63b6-4452775818c3" executionId="b222f518-6cd9-40f5-ac0b-ca1d953e8042" testListId="8c84fa94-04c1-424b-9868-57a2d4851a1d" />
    <TestEntry testId="b31e40d6-5119-391c-459b-229bf96c5355" executionId="e3e29632-e5e2-4a61-9655-503051386c8a" testListId="8c84fa94-04c1-424b-9868-57a2d4851a1d" />
    <TestEntry testId="08a63511-e815-ac00-5d8d-1a7329e3f555" executionId="f6581e50-7274-4245-83ac-40355f4fd52e" testListId="8c84fa94-04c1-424b-9868-57a2d4851a1d" />
    <TestEntry testId="337c4ecf-857f-0458-1dfa-ab3b9bd52aa1" executionId="abc4e6c2-683a-481a-8857-dabe94053954" testListId="8c84fa94-04c1-424b-9868-57a2d4851a1d" />
    <TestEntry testId="270fae6f-5a94-92ff-3590-436609c8f54b" executionId="1b5e5fa4-0042-4fcd-9c84-4bcf59ce801e" testListId="8c84fa94-04c1-424b-9868-57a2d4851a1d" />
    <TestEntry testId="9e2cb91e-0a33-86ef-9a2c-65815f9e45cf" executionId="f32d37a9-3892-4cb1-8d58-763497b07ba4" testListId="8c84fa94-04c1-424b-9868-57a2d4851a1d" />
    <TestEntry testId="91044b50-d81f-3c1d-249c-ca952b72b1c1" executionId="d6116817-cb4d-4e24-9a67-5b24d64d237f" testListId="8c84fa94-04c1-424b-9868-57a2d4851a1d" />
    <TestEntry testId="ee71af2a-81bc-8861-20e6-d43eb8cfa70b" executionId="4c98d98e-14bd-426c-835f-4bd906e9401d" testListId="8c84fa94-04c1-424b-9868-57a2d4851a1d" />
    <TestEntry testId="9213992b-52a8-1af7-3cf1-870bcd771698" executionId="e2a8f060-1f9b-4702-9366-e435297afb48" testListId="8c84fa94-04c1-424b-9868-57a2d4851a1d" />
    <TestEntry testId="83edee61-9535-67ad-85ca-87e5881a3c98" executionId="6a7bc286-7dcf-4a9f-982a-586e95807b7f" testListId="8c84fa94-04c1-424b-9868-57a2d4851a1d" />
    <TestEntry testId="2dbda355-b95b-9861-eaa5-30a1f08a6f3a" executionId="1c77bc5c-22c7-4f7e-a66b-fe277d1f4aad" testListId="8c84fa94-04c1-424b-9868-57a2d4851a1d" />
    <TestEntry testId="170cfff1-a6b5-3042-adeb-54cf1ba77f8c" executionId="20243ce4-6c6f-44fb-954b-2f880dfe9240" testListId="8c84fa94-04c1-424b-9868-57a2d4851a1d" />
    <TestEntry testId="d5d8d4c1-1dcf-4339-c0a0-f3a2f387c6ab" executionId="e690327f-e6a8-4667-98e6-1ec581bb6e15" testListId="8c84fa94-04c1-424b-9868-57a2d4851a1d" />
    <TestEntry testId="92b7c303-5495-1275-5f9b-a5760ba7ca0b" executionId="cf6a44bc-9733-485a-8904-0f929fe790ad" testListId="8c84fa94-04c1-424b-9868-57a2d4851a1d" />
    <TestEntry testId="27d22e6a-20be-dfbb-418c-741cab023fed" executionId="6a00a0f8-5e93-4e39-9925-021fd24f5765" testListId="8c84fa94-04c1-424b-9868-57a2d4851a1d" />
    <TestEntry testId="5189470c-9d0b-c25d-1df5-ccf357fdc474" executionId="adb421d5-2a3f-4324-8d23-c2ef62dfbc97" testListId="8c84fa94-04c1-424b-9868-57a2d4851a1d" />
    <TestEntry testId="a9121acb-94c6-4115-e059-bfe6f3887df7" executionId="757927a0-5e1b-45e0-9d7d-76651cc212c9" testListId="8c84fa94-04c1-424b-9868-57a2d4851a1d" />
    <TestEntry testId="cdf3d87e-b5b4-80e2-caa9-49fd0007a42a" executionId="2b75760c-092a-4fd2-98d8-6b5d831e9207" testListId="8c84fa94-04c1-424b-9868-57a2d4851a1d" />
    <TestEntry testId="788a4673-7f46-1b60-7474-bf0c715cdf2e" executionId="980e3d60-9bac-4a75-b18c-86df36ba6679" testListId="8c84fa94-04c1-424b-9868-57a2d4851a1d" />
    <TestEntry testId="22602b5c-39f9-79be-40a5-aa1a88e2721b" executionId="dc5ef7c1-b065-4e2e-90df-5ed77968a950" testListId="8c84fa94-04c1-424b-9868-57a2d4851a1d" />
    <TestEntry testId="4e13189b-9889-a8f6-ee30-ef538c715934" executionId="4abe6dbc-e328-41d1-824c-6cb148eef5bd" testListId="8c84fa94-04c1-424b-9868-57a2d4851a1d" />
    <TestEntry testId="2e2ce017-3ae9-d7d3-b688-1e44b905912f" executionId="cee2889e-6d4f-413d-a22d-202d2e711ecb" testListId="8c84fa94-04c1-424b-9868-57a2d4851a1d" />
    <TestEntry testId="c5a27f8e-82ca-ec7a-4cff-952282e83153" executionId="3ee86fba-74b9-438a-9e50-24fdae28a513" testListId="8c84fa94-04c1-424b-9868-57a2d4851a1d" />
    <TestEntry testId="c2bbd7ab-9eed-d947-7465-b3dd51652265" executionId="00d48233-42d8-4556-8509-853e8079913b" testListId="8c84fa94-04c1-424b-9868-57a2d4851a1d" />
    <TestEntry testId="109aa097-cfaf-b552-a1cd-779d78c58e33" executionId="fdd58428-3067-4bc3-a68e-ed6f96eb69aa" testListId="8c84fa94-04c1-424b-9868-57a2d4851a1d" />
    <TestEntry testId="265b14d2-573b-2d9e-a42f-d2fc8a4e0f2b" executionId="18731614-1d97-41e3-9fca-447320c33d38" testListId="8c84fa94-04c1-424b-9868-57a2d4851a1d" />
    <TestEntry testId="0d59cef6-b356-ac64-4d7f-f80927c9c068" executionId="6f060e42-5810-4596-be48-61ef51a890ee" testListId="8c84fa94-04c1-424b-9868-57a2d4851a1d" />
    <TestEntry testId="d5d204de-ca0a-99f2-ba50-3aff42429d9a" executionId="3814c9e9-3f2f-450e-bdb4-493e89c23989" testListId="8c84fa94-04c1-424b-9868-57a2d4851a1d" />
    <TestEntry testId="f8cb4645-46c1-04c8-6427-3b979d9384db" executionId="bfd744f6-6748-4a37-93d6-97b4baecf8eb" testListId="8c84fa94-04c1-424b-9868-57a2d4851a1d" />
    <TestEntry testId="f5cf74c0-cf93-bbd4-59e8-55fd524f6e9c" executionId="00bd0301-8766-4743-8000-da38f0424254" testListId="8c84fa94-04c1-424b-9868-57a2d4851a1d" />
    <TestEntry testId="0ffdad0e-c85c-a746-a26e-f0eda3c21a5e" executionId="f8c32290-a28e-433d-af95-4ef6d92e51b5" testListId="8c84fa94-04c1-424b-9868-57a2d4851a1d" />
    <TestEntry testId="898af356-fa9f-5ceb-f68d-6c89ed4e3e1a" executionId="b628d97a-51d5-432a-a5b9-f719989265e1" testListId="8c84fa94-04c1-424b-9868-57a2d4851a1d" />
    <TestEntry testId="9b21bcfe-5793-fe4c-c043-c0bd80ba68e3" executionId="d5b74cb5-2e2d-4707-848d-a42a99bdbdd6" testListId="8c84fa94-04c1-424b-9868-57a2d4851a1d" />
    <TestEntry testId="96a17986-14ab-1d1a-0fbd-db82ba367ec9" executionId="bfebf26f-30df-4276-99a2-072c6b17c406" testListId="8c84fa94-04c1-424b-9868-57a2d4851a1d" />
    <TestEntry testId="b726cb25-5e2b-65bf-ad7a-b02afa9abace" executionId="61d5727f-f573-4935-973d-928b5d4130d2" testListId="8c84fa94-04c1-424b-9868-57a2d4851a1d" />
  </TestEntries>
  <Results>
    <UnitTestResult executionId="ca2b61ff-6de8-48a8-8a3e-80ae4b843ebe" testId="56711843-e038-7df2-dc16-e5e99367a387" testName="PictureCopyAndModify" computerName="UITEST-PC" startTime="2019-04-17T17:48:36.6268148+08:00" endTime="2019-04-17T17:48:36.9390106+08:00" testType="13cdc9d9-ddb5-4fa4-a97d-d965ccfc6d4b" outcome="Failed" testListId="8c84fa94-04c1-424b-9868-57a2d4851a1d" relativeResultsDirectory="ca2b61ff-6de8-48a8-8a3e-80ae4b843ebe">
      <Output>
        <ErrorInfo>
          <Message>Assembly Initialization method AI.VisualDesigner.TestCases.AssemblyProcess.Assembly_Initialize threw exception. System.IO.FileNotFoundException: System.IO.FileNotFoundException: 未能找到文件“D:\Jenkins\workspace\Vbi5Client-Release\UITest_UITEST-PC 2019-04-17 17_48_36\Out\Config.xml”。. Aborting test execution.</Message>
          <StackTrace>    在 System.IO.__Error.WinIOError(Int32 errorCode, String maybeFullPath)
   在 System.IO.FileStream.Init(String path, FileMode mode, FileAccess access, Int32 rights, Boolean useRights, FileShare share, Int32 bufferSize, FileOptions options, SECURITY_ATTRIBUTES secAttrs, String msgPath, Boolean bFromProxy, Boolean useLongPath, Boolean checkHost)
   在 System.IO.FileStream..ctor(String path, FileMode mode, FileAccess access, FileShare share, Int32 bufferSize)
   在 System.Xml.XmlDownloadManager.GetStream(Uri uri, ICredentials credentials, IWebProxy proxy, RequestCachePolicy cachePolicy)
   在 System.Xml.XmlUrlResolver.GetEntity(Uri absoluteUri, String role, Type ofObjectToReturn)
   在 System.Xml.XmlTextReaderImpl.FinishInitUriString()
   在 System.Xml.XmlTextReaderImpl..ctor(String uriStr, XmlReaderSettings settings, XmlParserContext context, XmlResolver uriResolver)
   在 System.Xml.XmlReaderSettings.CreateReader(String inputUri, XmlParserContext inputContext)
   在 System.Xml.XmlReader.Create(String inputUri, XmlReaderSettings settings, XmlParserContext inputContext)
   在 System.Xml.Linq.XElement.Load(String uri, LoadOptions options)
   在 System.Xml.Linq.XElement.Load(String uri)
   在 VBI.BusinessLogic.Config.ParseFile(String fileName)
   在 AI.VisualDesigner.TestCases.AssemblyProcess.Assembly_Initialize(TestContext testContext)
</StackTrace>
        </ErrorInfo>
      </Output>
    </UnitTestResult>
    <UnitTestResult executionId="a7e3bf49-139f-4de3-9a95-2239d41dcd8d" testId="74a4466a-4aa8-8a8c-c9cb-65115cfffcb8" testName="PictureCreate" computerName="UITEST-PC" startTime="2019-04-17T17:48:36.9390106+08:00" endTime="2019-04-17T17:48:36.9546307+08:00" testType="13cdc9d9-ddb5-4fa4-a97d-d965ccfc6d4b" outcome="Failed" testListId="8c84fa94-04c1-424b-9868-57a2d4851a1d" relativeResultsDirectory="a7e3bf49-139f-4de3-9a95-2239d41dcd8d">
      <Output>
        <ErrorInfo>
          <Message>Assembly Initialization method AI.VisualDesigner.TestCases.AssemblyProcess.Assembly_Initialize threw exception. System.IO.FileNotFoundException: System.IO.FileNotFoundException: 未能找到文件“D:\Jenkins\workspace\Vbi5Client-Release\UITest_UITEST-PC 2019-04-17 17_48_36\Out\Config.xml”。. Aborting test execution.</Message>
          <StackTrace>    在 System.IO.__Error.WinIOError(Int32 errorCode, String maybeFullPath)
   在 System.IO.FileStream.Init(String path, FileMode mode, FileAccess access, Int32 rights, Boolean useRights, FileShare share, Int32 bufferSize, FileOptions options, SECURITY_ATTRIBUTES secAttrs, String msgPath, Boolean bFromProxy, Boolean useLongPath, Boolean checkHost)
   在 System.IO.FileStream..ctor(String path, FileMode mode, FileAccess access, FileShare share, Int32 bufferSize)
   在 System.Xml.XmlDownloadManager.GetStream(Uri uri, ICredentials credentials, IWebProxy proxy, RequestCachePolicy cachePolicy)
   在 System.Xml.XmlUrlResolver.GetEntity(Uri absoluteUri, String role, Type ofObjectToReturn)
   在 System.Xml.XmlTextReaderImpl.FinishInitUriString()
   在 System.Xml.XmlTextReaderImpl..ctor(String uriStr, XmlReaderSettings settings, XmlParserContext context, XmlResolver uriResolver)
   在 System.Xml.XmlReaderSettings.CreateReader(String inputUri, XmlParserContext inputContext)
   在 System.Xml.XmlReader.Create(String inputUri, XmlReaderSettings settings, XmlParserContext inputContext)
   在 System.Xml.Linq.XElement.Load(String uri, LoadOptions options)
   在 System.Xml.Linq.XElement.Load(String uri)
   在 VBI.BusinessLogic.Config.ParseFile(String fileName)
   在 AI.VisualDesigner.TestCases.AssemblyProcess.Assembly_Initialize(TestContext testContext)
</StackTrace>
        </ErrorInfo>
      </Output>
    </UnitTestResult>
    <UnitTestResult executionId="4b0f2244-f8b2-4652-886e-cbe8ea255bf5" testId="6e118ffa-978b-e9b5-d130-b70fb1a70a34" testName="PictureDelete" computerName="UITEST-PC" startTime="2019-04-17T17:48:36.9546307+08:00" endTime="2019-04-17T17:48:36.9546307+08:00" testType="13cdc9d9-ddb5-4fa4-a97d-d965ccfc6d4b" outcome="Failed" testListId="8c84fa94-04c1-424b-9868-57a2d4851a1d" relativeResultsDirectory="4b0f2244-f8b2-4652-886e-cbe8ea255bf5">
      <Output>
        <ErrorInfo>
          <Message>Assembly Initialization method AI.VisualDesigner.TestCases.AssemblyProcess.Assembly_Initialize threw exception. System.IO.FileNotFoundException: System.IO.FileNotFoundException: 未能找到文件“D:\Jenkins\workspace\Vbi5Client-Release\UITest_UITEST-PC 2019-04-17 17_48_36\Out\Config.xml”。. Aborting test execution.</Message>
          <StackTrace>    在 System.IO.__Error.WinIOError(Int32 errorCode, String maybeFullPath)
   在 System.IO.FileStream.Init(String path, FileMode mode, FileAccess access, Int32 rights, Boolean useRights, FileShare share, Int32 bufferSize, FileOptions options, SECURITY_ATTRIBUTES secAttrs, String msgPath, Boolean bFromProxy, Boolean useLongPath, Boolean checkHost)
   在 System.IO.FileStream..ctor(String path, FileMode mode, FileAccess access, FileShare share, Int32 bufferSize)
   在 System.Xml.XmlDownloadManager.GetStream(Uri uri, ICredentials credentials, IWebProxy proxy, RequestCachePolicy cachePolicy)
   在 System.Xml.XmlUrlResolver.GetEntity(Uri absoluteUri, String role, Type ofObjectToReturn)
   在 System.Xml.XmlTextReaderImpl.FinishInitUriString()
   在 System.Xml.XmlTextReaderImpl..ctor(String uriStr, XmlReaderSettings settings, XmlParserContext context, XmlResolver uriResolver)
   在 System.Xml.XmlReaderSettings.CreateReader(String inputUri, XmlParserContext inputContext)
   在 System.Xml.XmlReader.Create(String inputUri, XmlReaderSettings settings, XmlParserContext inputContext)
   在 System.Xml.Linq.XElement.Load(String uri, LoadOptions options)
   在 System.Xml.Linq.XElement.Load(String uri)
   在 VBI.BusinessLogic.Config.ParseFile(String fileName)
   在 AI.VisualDesigner.TestCases.AssemblyProcess.Assembly_Initialize(TestContext testContext)
</StackTrace>
        </ErrorInfo>
      </Output>
    </UnitTestResult>
    <UnitTestResult executionId="e9dfbff7-8416-4584-8fe6-120e803f6447" testId="6c89cba9-56cb-fdd6-be36-b2128f9abe1c" testName="PictureModify" computerName="UITEST-PC" startTime="2019-04-17T17:48:36.9546307+08:00" endTime="2019-04-17T17:48:36.9546307+08:00" testType="13cdc9d9-ddb5-4fa4-a97d-d965ccfc6d4b" outcome="Failed" testListId="8c84fa94-04c1-424b-9868-57a2d4851a1d" relativeResultsDirectory="e9dfbff7-8416-4584-8fe6-120e803f6447">
      <Output>
        <ErrorInfo>
          <Message>Assembly Initialization method AI.VisualDesigner.TestCases.AssemblyProcess.Assembly_Initialize threw exception. System.IO.FileNotFoundException: System.IO.FileNotFoundException: 未能找到文件“D:\Jenkins\workspace\Vbi5Client-Release\UITest_UITEST-PC 2019-04-17 17_48_36\Out\Config.xml”。. Aborting test execution.</Message>
          <StackTrace>    在 System.IO.__Error.WinIOError(Int32 errorCode, String maybeFullPath)
   在 System.IO.FileStream.Init(String path, FileMode mode, FileAccess access, Int32 rights, Boolean useRights, FileShare share, Int32 bufferSize, FileOptions options, SECURITY_ATTRIBUTES secAttrs, String msgPath, Boolean bFromProxy, Boolean useLongPath, Boolean checkHost)
   在 System.IO.FileStream..ctor(String path, FileMode mode, FileAccess access, FileShare share, Int32 bufferSize)
   在 System.Xml.XmlDownloadManager.GetStream(Uri uri, ICredentials credentials, IWebProxy proxy, RequestCachePolicy cachePolicy)
   在 System.Xml.XmlUrlResolver.GetEntity(Uri absoluteUri, String role, Type ofObjectToReturn)
   在 System.Xml.XmlTextReaderImpl.FinishInitUriString()
   在 System.Xml.XmlTextReaderImpl..ctor(String uriStr, XmlReaderSettings settings, XmlParserContext context, XmlResolver uriResolver)
   在 System.Xml.XmlReaderSettings.CreateReader(String inputUri, XmlParserContext inputContext)
   在 System.Xml.XmlReader.Create(String inputUri, XmlReaderSettings settings, XmlParserContext inputContext)
   在 System.Xml.Linq.XElement.Load(String uri, LoadOptions options)
   在 System.Xml.Linq.XElement.Load(String uri)
   在 VBI.BusinessLogic.Config.ParseFile(String fileName)
   在 AI.VisualDesigner.TestCases.AssemblyProcess.Assembly_Initialize(TestContext testContext)
</StackTrace>
        </ErrorInfo>
      </Output>
    </UnitTestResult>
    <UnitTestResult executionId="511be7e1-3daa-454f-bcd3-fd4a16e00ebc" testId="3e6dce4c-95ab-2a0b-5293-5ebbec094ca2" testName="ProjectAdd" computerName="UITEST-PC" startTime="2019-04-17T17:48:36.9546307+08:00" endTime="2019-04-17T17:48:36.9546307+08:00" testType="13cdc9d9-ddb5-4fa4-a97d-d965ccfc6d4b" outcome="Failed" testListId="8c84fa94-04c1-424b-9868-57a2d4851a1d" relativeResultsDirectory="511be7e1-3daa-454f-bcd3-fd4a16e00ebc">
      <Output>
        <ErrorInfo>
          <Message>Assembly Initialization method AI.VisualDesigner.TestCases.AssemblyProcess.Assembly_Initialize threw exception. System.IO.FileNotFoundException: System.IO.FileNotFoundException: 未能找到文件“D:\Jenkins\workspace\Vbi5Client-Release\UITest_UITEST-PC 2019-04-17 17_48_36\Out\Config.xml”。. Aborting test execution.</Message>
          <StackTrace>    在 System.IO.__Error.WinIOError(Int32 errorCode, String maybeFullPath)
   在 System.IO.FileStream.Init(String path, FileMode mode, FileAccess access, Int32 rights, Boolean useRights, FileShare share, Int32 bufferSize, FileOptions options, SECURITY_ATTRIBUTES secAttrs, String msgPath, Boolean bFromProxy, Boolean useLongPath, Boolean checkHost)
   在 System.IO.FileStream..ctor(String path, FileMode mode, FileAccess access, FileShare share, Int32 bufferSize)
   在 System.Xml.XmlDownloadManager.GetStream(Uri uri, ICredentials credentials, IWebProxy proxy, RequestCachePolicy cachePolicy)
   在 System.Xml.XmlUrlResolver.GetEntity(Uri absoluteUri, String role, Type ofObjectToReturn)
   在 System.Xml.XmlTextReaderImpl.FinishInitUriString()
   在 System.Xml.XmlTextReaderImpl..ctor(String uriStr, XmlReaderSettings settings, XmlParserContext context, XmlResolver uriResolver)
   在 System.Xml.XmlReaderSettings.CreateReader(String inputUri, XmlParserContext inputContext)
   在 System.Xml.XmlReader.Create(String inputUri, XmlReaderSettings settings, XmlParserContext inputContext)
   在 System.Xml.Linq.XElement.Load(String uri, LoadOptions options)
   在 System.Xml.Linq.XElement.Load(String uri)
   在 VBI.BusinessLogic.Config.ParseFile(String fileName)
   在 AI.VisualDesigner.TestCases.AssemblyProcess.Assembly_Initialize(TestContext testContext)
</StackTrace>
        </ErrorInfo>
      </Output>
    </UnitTestResult>
    <UnitTestResult executionId="244fc82a-0ff6-41a1-95f8-7a2a43e0983b" testId="e6501296-03d1-104b-08af-e8453b74cfec" testName="ProjectDelete" computerName="UITEST-PC" startTime="2019-04-17T17:48:36.9546307+08:00" endTime="2019-04-17T17:48:36.9546307+08:00" testType="13cdc9d9-ddb5-4fa4-a97d-d965ccfc6d4b" outcome="Failed" testListId="8c84fa94-04c1-424b-9868-57a2d4851a1d" relativeResultsDirectory="244fc82a-0ff6-41a1-95f8-7a2a43e0983b">
      <Output>
        <ErrorInfo>
          <Message>Assembly Initialization method AI.VisualDesigner.TestCases.AssemblyProcess.Assembly_Initialize threw exception. System.IO.FileNotFoundException: System.IO.FileNotFoundException: 未能找到文件“D:\Jenkins\workspace\Vbi5Client-Release\UITest_UITEST-PC 2019-04-17 17_48_36\Out\Config.xml”。. Aborting test execution.</Message>
          <StackTrace>    在 System.IO.__Error.WinIOError(Int32 errorCode, String maybeFullPath)
   在 System.IO.FileStream.Init(String path, FileMode mode, FileAccess access, Int32 rights, Boolean useRights, FileShare share, Int32 bufferSize, FileOptions options, SECURITY_ATTRIBUTES secAttrs, String msgPath, Boolean bFromProxy, Boolean useLongPath, Boolean checkHost)
   在 System.IO.FileStream..ctor(String path, FileMode mode, FileAccess access, FileShare share, Int32 bufferSize)
   在 System.Xml.XmlDownloadManager.GetStream(Uri uri, ICredentials credentials, IWebProxy proxy, RequestCachePolicy cachePolicy)
   在 System.Xml.XmlUrlResolver.GetEntity(Uri absoluteUri, String role, Type ofObjectToReturn)
   在 System.Xml.XmlTextReaderImpl.FinishInitUriString()
   在 System.Xml.XmlTextReaderImpl..ctor(String uriStr, XmlReaderSettings settings, XmlParserContext context, XmlResolver uriResolver)
   在 System.Xml.XmlReaderSettings.CreateReader(String inputUri, XmlParserContext inputContext)
   在 System.Xml.XmlReader.Create(String inputUri, XmlReaderSettings settings, XmlParserContext inputContext)
   在 System.Xml.Linq.XElement.Load(String uri, LoadOptions options)
   在 System.Xml.Linq.XElement.Load(String uri)
   在 VBI.BusinessLogic.Config.ParseFile(String fileName)
   在 AI.VisualDesigner.TestCases.AssemblyProcess.Assembly_Initialize(TestContext testContext)
</StackTrace>
        </ErrorInfo>
      </Output>
    </UnitTestResult>
    <UnitTestResult executionId="5b210d05-7cfb-43c8-b9ae-eba8d9f651b1" testId="6e73446a-f7f5-7d54-3cfa-63566ec5d4f5" testName="DataAxis" computerName="UITEST-PC" startTime="2019-04-17T17:48:36.9702363+08:00" endTime="2019-04-17T17:48:36.9702363+08:00" testType="13cdc9d9-ddb5-4fa4-a97d-d965ccfc6d4b" outcome="Failed" testListId="8c84fa94-04c1-424b-9868-57a2d4851a1d" relativeResultsDirectory="5b210d05-7cfb-43c8-b9ae-eba8d9f651b1">
      <Output>
        <ErrorInfo>
          <Message>Assembly Initialization method AI.VisualDesigner.TestCases.AssemblyProcess.Assembly_Initialize threw exception. System.IO.FileNotFoundException: System.IO.FileNotFoundException: 未能找到文件“D:\Jenkins\workspace\Vbi5Client-Release\UITest_UITEST-PC 2019-04-17 17_48_36\Out\Config.xml”。. Aborting test execution.</Message>
          <StackTrace>    在 System.IO.__Error.WinIOError(Int32 errorCode, String maybeFullPath)
   在 System.IO.FileStream.Init(String path, FileMode mode, FileAccess access, Int32 rights, Boolean useRights, FileShare share, Int32 bufferSize, FileOptions options, SECURITY_ATTRIBUTES secAttrs, String msgPath, Boolean bFromProxy, Boolean useLongPath, Boolean checkHost)
   在 System.IO.FileStream..ctor(String path, FileMode mode, FileAccess access, FileShare share, Int32 bufferSize)
   在 System.Xml.XmlDownloadManager.GetStream(Uri uri, ICredentials credentials, IWebProxy proxy, RequestCachePolicy cachePolicy)
   在 System.Xml.XmlUrlResolver.GetEntity(Uri absoluteUri, String role, Type ofObjectToReturn)
   在 System.Xml.XmlTextReaderImpl.FinishInitUriString()
   在 System.Xml.XmlTextReaderImpl..ctor(String uriStr, XmlReaderSettings settings, XmlParserContext context, XmlResolver uriResolver)
   在 System.Xml.XmlReaderSettings.CreateReader(String inputUri, XmlParserContext inputContext)
   在 System.Xml.XmlReader.Create(String inputUri, XmlReaderSettings settings, XmlParserContext inputContext)
   在 System.Xml.Linq.XElement.Load(String uri, LoadOptions options)
   在 System.Xml.Linq.XElement.Load(String uri)
   在 VBI.BusinessLogic.Config.ParseFile(String fileName)
   在 AI.VisualDesigner.TestCases.AssemblyProcess.Assembly_Initialize(TestContext testContext)
</StackTrace>
        </ErrorInfo>
      </Output>
    </UnitTestResult>
    <UnitTestResult executionId="265cee70-79ec-44d4-935e-0bb5cde128a7" testId="bb3bb86f-6cc0-372a-a459-464faea83698" testName="DataAxis1" computerName="UITEST-PC" startTime="2019-04-17T17:48:36.9702363+08:00" endTime="2019-04-17T17:48:36.9702363+08:00" testType="13cdc9d9-ddb5-4fa4-a97d-d965ccfc6d4b" outcome="Failed" testListId="8c84fa94-04c1-424b-9868-57a2d4851a1d" relativeResultsDirectory="265cee70-79ec-44d4-935e-0bb5cde128a7">
      <Output>
        <ErrorInfo>
          <Message>Assembly Initialization method AI.VisualDesigner.TestCases.AssemblyProcess.Assembly_Initialize threw exception. System.IO.FileNotFoundException: System.IO.FileNotFoundException: 未能找到文件“D:\Jenkins\workspace\Vbi5Client-Release\UITest_UITEST-PC 2019-04-17 17_48_36\Out\Config.xml”。. Aborting test execution.</Message>
          <StackTrace>    在 System.IO.__Error.WinIOError(Int32 errorCode, String maybeFullPath)
   在 System.IO.FileStream.Init(String path, FileMode mode, FileAccess access, Int32 rights, Boolean useRights, FileShare share, Int32 bufferSize, FileOptions options, SECURITY_ATTRIBUTES secAttrs, String msgPath, Boolean bFromProxy, Boolean useLongPath, Boolean checkHost)
   在 System.IO.FileStream..ctor(String path, FileMode mode, FileAccess access, FileShare share, Int32 bufferSize)
   在 System.Xml.XmlDownloadManager.GetStream(Uri uri, ICredentials credentials, IWebProxy proxy, RequestCachePolicy cachePolicy)
   在 System.Xml.XmlUrlResolver.GetEntity(Uri absoluteUri, String role, Type ofObjectToReturn)
   在 System.Xml.XmlTextReaderImpl.FinishInitUriString()
   在 System.Xml.XmlTextReaderImpl..ctor(String uriStr, XmlReaderSettings settings, XmlParserContext context, XmlResolver uriResolver)
   在 System.Xml.XmlReaderSettings.CreateReader(String inputUri, XmlParserContext inputContext)
   在 System.Xml.XmlReader.Create(String inputUri, XmlReaderSettings settings, XmlParserContext inputContext)
   在 System.Xml.Linq.XElement.Load(String uri, LoadOptions options)
   在 System.Xml.Linq.XElement.Load(String uri)
   在 VBI.BusinessLogic.Config.ParseFile(String fileName)
   在 AI.VisualDesigner.TestCases.AssemblyProcess.Assembly_Initialize(TestContext testContext)
</StackTrace>
        </ErrorInfo>
      </Output>
    </UnitTestResult>
    <UnitTestResult executionId="98439806-93a3-4cf4-a8f5-e7864e0bc858" testId="cfa85316-8e4a-9911-dc31-fd4207b2641d" testName="DropDownCheckBox" computerName="UITEST-PC" startTime="2019-04-17T17:48:36.9702363+08:00" endTime="2019-04-17T17:48:36.9702363+08:00" testType="13cdc9d9-ddb5-4fa4-a97d-d965ccfc6d4b" outcome="Failed" testListId="8c84fa94-04c1-424b-9868-57a2d4851a1d" relativeResultsDirectory="98439806-93a3-4cf4-a8f5-e7864e0bc858">
      <Output>
        <ErrorInfo>
          <Message>Assembly Initialization method AI.VisualDesigner.TestCases.AssemblyProcess.Assembly_Initialize threw exception. System.IO.FileNotFoundException: System.IO.FileNotFoundException: 未能找到文件“D:\Jenkins\workspace\Vbi5Client-Release\UITest_UITEST-PC 2019-04-17 17_48_36\Out\Config.xml”。. Aborting test execution.</Message>
          <StackTrace>    在 System.IO.__Error.WinIOError(Int32 errorCode, String maybeFullPath)
   在 System.IO.FileStream.Init(String path, FileMode mode, FileAccess access, Int32 rights, Boolean useRights, FileShare share, Int32 bufferSize, FileOptions options, SECURITY_ATTRIBUTES secAttrs, String msgPath, Boolean bFromProxy, Boolean useLongPath, Boolean checkHost)
   在 System.IO.FileStream..ctor(String path, FileMode mode, FileAccess access, FileShare share, Int32 bufferSize)
   在 System.Xml.XmlDownloadManager.GetStream(Uri uri, ICredentials credentials, IWebProxy proxy, RequestCachePolicy cachePolicy)
   在 System.Xml.XmlUrlResolver.GetEntity(Uri absoluteUri, String role, Type ofObjectToReturn)
   在 System.Xml.XmlTextReaderImpl.FinishInitUriString()
   在 System.Xml.XmlTextReaderImpl..ctor(String uriStr, XmlReaderSettings settings, XmlParserContext context, XmlResolver uriResolver)
   在 System.Xml.XmlReaderSettings.CreateReader(String inputUri, XmlParserContext inputContext)
   在 System.Xml.XmlReader.Create(String inputUri, XmlReaderSettings settings, XmlParserContext inputContext)
   在 System.Xml.Linq.XElement.Load(String uri, LoadOptions options)
   在 System.Xml.Linq.XElement.Load(String uri)
   在 VBI.BusinessLogic.Config.ParseFile(String fileName)
   在 AI.VisualDesigner.TestCases.AssemblyProcess.Assembly_Initialize(TestContext testContext)
</StackTrace>
        </ErrorInfo>
      </Output>
    </UnitTestResult>
    <UnitTestResult executionId="ce561e52-275d-4b8a-a05c-e789464094c0" testId="f3c2df51-1844-cea8-a426-91848bfa3d7b" testName="DropDownCheckBox1" computerName="UITEST-PC" startTime="2019-04-17T17:48:36.9702363+08:00" endTime="2019-04-17T17:48:36.9702363+08:00" testType="13cdc9d9-ddb5-4fa4-a97d-d965ccfc6d4b" outcome="Failed" testListId="8c84fa94-04c1-424b-9868-57a2d4851a1d" relativeResultsDirectory="ce561e52-275d-4b8a-a05c-e789464094c0">
      <Output>
        <ErrorInfo>
          <Message>Assembly Initialization method AI.VisualDesigner.TestCases.AssemblyProcess.Assembly_Initialize threw exception. System.IO.FileNotFoundException: System.IO.FileNotFoundException: 未能找到文件“D:\Jenkins\workspace\Vbi5Client-Release\UITest_UITEST-PC 2019-04-17 17_48_36\Out\Config.xml”。. Aborting test execution.</Message>
          <StackTrace>    在 System.IO.__Error.WinIOError(Int32 errorCode, String maybeFullPath)
   在 System.IO.FileStream.Init(String path, FileMode mode, FileAccess access, Int32 rights, Boolean useRights, FileShare share, Int32 bufferSize, FileOptions options, SECURITY_ATTRIBUTES secAttrs, String msgPath, Boolean bFromProxy, Boolean useLongPath, Boolean checkHost)
   在 System.IO.FileStream..ctor(String path, FileMode mode, FileAccess access, FileShare share, Int32 bufferSize)
   在 System.Xml.XmlDownloadManager.GetStream(Uri uri, ICredentials credentials, IWebProxy proxy, RequestCachePolicy cachePolicy)
   在 System.Xml.XmlUrlResolver.GetEntity(Uri absoluteUri, String role, Type ofObjectToReturn)
   在 System.Xml.XmlTextReaderImpl.FinishInitUriString()
   在 System.Xml.XmlTextReaderImpl..ctor(String uriStr, XmlReaderSettings settings, XmlParserContext context, XmlResolver uriResolver)
   在 System.Xml.XmlReaderSettings.CreateReader(String inputUri, XmlParserContext inputContext)
   在 System.Xml.XmlReader.Create(String inputUri, XmlReaderSettings settings, XmlParserContext inputContext)
   在 System.Xml.Linq.XElement.Load(String uri, LoadOptions options)
   在 System.Xml.Linq.XElement.Load(String uri)
   在 VBI.BusinessLogic.Config.ParseFile(String fileName)
   在 AI.VisualDesigner.TestCases.AssemblyProcess.Assembly_Initialize(TestContext testContext)
</StackTrace>
        </ErrorInfo>
      </Output>
    </UnitTestResult>
    <UnitTestResult executionId="76d862c8-e54e-4fd1-9919-ee4d262e92e9" testId="f4b1d073-3297-d0c1-4c2b-dffce1fb0b7c" testName="HighSpeedBrowser" computerName="UITEST-PC" startTime="2019-04-17T17:48:36.9702363+08:00" endTime="2019-04-17T17:48:36.9858514+08:00" testType="13cdc9d9-ddb5-4fa4-a97d-d965ccfc6d4b" outcome="Failed" testListId="8c84fa94-04c1-424b-9868-57a2d4851a1d" relativeResultsDirectory="76d862c8-e54e-4fd1-9919-ee4d262e92e9">
      <Output>
        <ErrorInfo>
          <Message>Assembly Initialization method AI.VisualDesigner.TestCases.AssemblyProcess.Assembly_Initialize threw exception. System.IO.FileNotFoundException: System.IO.FileNotFoundException: 未能找到文件“D:\Jenkins\workspace\Vbi5Client-Release\UITest_UITEST-PC 2019-04-17 17_48_36\Out\Config.xml”。. Aborting test execution.</Message>
          <StackTrace>    在 System.IO.__Error.WinIOError(Int32 errorCode, String maybeFullPath)
   在 System.IO.FileStream.Init(String path, FileMode mode, FileAccess access, Int32 rights, Boolean useRights, FileShare share, Int32 bufferSize, FileOptions options, SECURITY_ATTRIBUTES secAttrs, String msgPath, Boolean bFromProxy, Boolean useLongPath, Boolean checkHost)
   在 System.IO.FileStream..ctor(String path, FileMode mode, FileAccess access, FileShare share, Int32 bufferSize)
   在 System.Xml.XmlDownloadManager.GetStream(Uri uri, ICredentials credentials, IWebProxy proxy, RequestCachePolicy cachePolicy)
   在 System.Xml.XmlUrlResolver.GetEntity(Uri absoluteUri, String role, Type ofObjectToReturn)
   在 System.Xml.XmlTextReaderImpl.FinishInitUriString()
   在 System.Xml.XmlTextReaderImpl..ctor(String uriStr, XmlReaderSettings settings, XmlParserContext context, XmlResolver uriResolver)
   在 System.Xml.XmlReaderSettings.CreateReader(String inputUri, XmlParserContext inputContext)
   在 System.Xml.XmlReader.Create(String inputUri, XmlReaderSettings settings, XmlParserContext inputContext)
   在 System.Xml.Linq.XElement.Load(String uri, LoadOptions options)
   在 System.Xml.Linq.XElement.Load(String uri)
   在 VBI.BusinessLogic.Config.ParseFile(String fileName)
   在 AI.VisualDesigner.TestCases.AssemblyProcess.Assembly_Initialize(TestContext testContext)
</StackTrace>
        </ErrorInfo>
      </Output>
    </UnitTestResult>
    <UnitTestResult executionId="98ecd995-eefb-448f-9701-a2f167914814" testId="38056321-4f4b-82d2-3fbd-6ae99ac3e196" testName="HighSpeedBrowser1" computerName="UITEST-PC" startTime="2019-04-17T17:48:36.9858514+08:00" endTime="2019-04-17T17:48:36.9858514+08:00" testType="13cdc9d9-ddb5-4fa4-a97d-d965ccfc6d4b" outcome="Failed" testListId="8c84fa94-04c1-424b-9868-57a2d4851a1d" relativeResultsDirectory="98ecd995-eefb-448f-9701-a2f167914814">
      <Output>
        <ErrorInfo>
          <Message>Assembly Initialization method AI.VisualDesigner.TestCases.AssemblyProcess.Assembly_Initialize threw exception. System.IO.FileNotFoundException: System.IO.FileNotFoundException: 未能找到文件“D:\Jenkins\workspace\Vbi5Client-Release\UITest_UITEST-PC 2019-04-17 17_48_36\Out\Config.xml”。. Aborting test execution.</Message>
          <StackTrace>    在 System.IO.__Error.WinIOError(Int32 errorCode, String maybeFullPath)
   在 System.IO.FileStream.Init(String path, FileMode mode, FileAccess access, Int32 rights, Boolean useRights, FileShare share, Int32 bufferSize, FileOptions options, SECURITY_ATTRIBUTES secAttrs, String msgPath, Boolean bFromProxy, Boolean useLongPath, Boolean checkHost)
   在 System.IO.FileStream..ctor(String path, FileMode mode, FileAccess access, FileShare share, Int32 bufferSize)
   在 System.Xml.XmlDownloadManager.GetStream(Uri uri, ICredentials credentials, IWebProxy proxy, RequestCachePolicy cachePolicy)
   在 System.Xml.XmlUrlResolver.GetEntity(Uri absoluteUri, String role, Type ofObjectToReturn)
   在 System.Xml.XmlTextReaderImpl.FinishInitUriString()
   在 System.Xml.XmlTextReaderImpl..ctor(String uriStr, XmlReaderSettings settings, XmlParserContext context, XmlResolver uriResolver)
   在 System.Xml.XmlReaderSettings.CreateReader(String inputUri, XmlParserContext inputContext)
   在 System.Xml.XmlReader.Create(String inputUri, XmlReaderSettings settings, XmlParserContext inputContext)
   在 System.Xml.Linq.XElement.Load(String uri, LoadOptions options)
   在 System.Xml.Linq.XElement.Load(String uri)
   在 VBI.BusinessLogic.Config.ParseFile(String fileName)
   在 AI.VisualDesigner.TestCases.AssemblyProcess.Assembly_Initialize(TestContext testContext)
</StackTrace>
        </ErrorInfo>
      </Output>
    </UnitTestResult>
    <UnitTestResult executionId="fa86f85a-c9ea-4c33-82d6-aa816d596102" testId="c3aceae4-5674-08bc-0ae3-eaeed12e6447" testName="ScreeningList1" computerName="UITEST-PC" startTime="2019-04-17T17:48:36.9858514+08:00" endTime="2019-04-17T17:48:36.9858514+08:00" testType="13cdc9d9-ddb5-4fa4-a97d-d965ccfc6d4b" outcome="Failed" testListId="8c84fa94-04c1-424b-9868-57a2d4851a1d" relativeResultsDirectory="fa86f85a-c9ea-4c33-82d6-aa816d596102">
      <Output>
        <ErrorInfo>
          <Message>Assembly Initialization method AI.VisualDesigner.TestCases.AssemblyProcess.Assembly_Initialize threw exception. System.IO.FileNotFoundException: System.IO.FileNotFoundException: 未能找到文件“D:\Jenkins\workspace\Vbi5Client-Release\UITest_UITEST-PC 2019-04-17 17_48_36\Out\Config.xml”。. Aborting test execution.</Message>
          <StackTrace>    在 System.IO.__Error.WinIOError(Int32 errorCode, String maybeFullPath)
   在 System.IO.FileStream.Init(String path, FileMode mode, FileAccess access, Int32 rights, Boolean useRights, FileShare share, Int32 bufferSize, FileOptions options, SECURITY_ATTRIBUTES secAttrs, String msgPath, Boolean bFromProxy, Boolean useLongPath, Boolean checkHost)
   在 System.IO.FileStream..ctor(String path, FileMode mode, FileAccess access, FileShare share, Int32 bufferSize)
   在 System.Xml.XmlDownloadManager.GetStream(Uri uri, ICredentials credentials, IWebProxy proxy, RequestCachePolicy cachePolicy)
   在 System.Xml.XmlUrlResolver.GetEntity(Uri absoluteUri, String role, Type ofObjectToReturn)
   在 System.Xml.XmlTextReaderImpl.FinishInitUriString()
   在 System.Xml.XmlTextReaderImpl..ctor(String uriStr, XmlReaderSettings settings, XmlParserContext context, XmlResolver uriResolver)
   在 System.Xml.XmlReaderSettings.CreateReader(String inputUri, XmlParserContext inputContext)
   在 System.Xml.XmlReader.Create(String inputUri, XmlReaderSettings settings, XmlParserContext inputContext)
   在 System.Xml.Linq.XElement.Load(String uri, LoadOptions options)
   在 System.Xml.Linq.XElement.Load(String uri)
   在 VBI.BusinessLogic.Config.ParseFile(String fileName)
   在 AI.VisualDesigner.TestCases.AssemblyProcess.Assembly_Initialize(TestContext testContext)
</StackTrace>
        </ErrorInfo>
      </Output>
    </UnitTestResult>
    <UnitTestResult executionId="05cd7bde-fcad-4507-b257-20f37e7040e2" testId="3daa39f9-dd06-4e59-17c9-97909a3c2717" testName="ScreeningList2" computerName="UITEST-PC" startTime="2019-04-17T17:48:36.9858514+08:00" endTime="2019-04-17T17:48:36.9858514+08:00" testType="13cdc9d9-ddb5-4fa4-a97d-d965ccfc6d4b" outcome="Failed" testListId="8c84fa94-04c1-424b-9868-57a2d4851a1d" relativeResultsDirectory="05cd7bde-fcad-4507-b257-20f37e7040e2">
      <Output>
        <ErrorInfo>
          <Message>Assembly Initialization method AI.VisualDesigner.TestCases.AssemblyProcess.Assembly_Initialize threw exception. System.IO.FileNotFoundException: System.IO.FileNotFoundException: 未能找到文件“D:\Jenkins\workspace\Vbi5Client-Release\UITest_UITEST-PC 2019-04-17 17_48_36\Out\Config.xml”。. Aborting test execution.</Message>
          <StackTrace>    在 System.IO.__Error.WinIOError(Int32 errorCode, String maybeFullPath)
   在 System.IO.FileStream.Init(String path, FileMode mode, FileAccess access, Int32 rights, Boolean useRights, FileShare share, Int32 bufferSize, FileOptions options, SECURITY_ATTRIBUTES secAttrs, String msgPath, Boolean bFromProxy, Boolean useLongPath, Boolean checkHost)
   在 System.IO.FileStream..ctor(String path, FileMode mode, FileAccess access, FileShare share, Int32 bufferSize)
   在 System.Xml.XmlDownloadManager.GetStream(Uri uri, ICredentials credentials, IWebProxy proxy, RequestCachePolicy cachePolicy)
   在 System.Xml.XmlUrlResolver.GetEntity(Uri absoluteUri, String role, Type ofObjectToReturn)
   在 System.Xml.XmlTextReaderImpl.FinishInitUriString()
   在 System.Xml.XmlTextReaderImpl..ctor(String uriStr, XmlReaderSettings settings, XmlParserContext context, XmlResolver uriResolver)
   在 System.Xml.XmlReaderSettings.CreateReader(String inputUri, XmlParserContext inputContext)
   在 System.Xml.XmlReader.Create(String inputUri, XmlReaderSettings settings, XmlParserContext inputContext)
   在 System.Xml.Linq.XElement.Load(String uri, LoadOptions options)
   在 System.Xml.Linq.XElement.Load(String uri)
   在 VBI.BusinessLogic.Config.ParseFile(String fileName)
   在 AI.VisualDesigner.TestCases.AssemblyProcess.Assembly_Initialize(TestContext testContext)
</StackTrace>
        </ErrorInfo>
      </Output>
    </UnitTestResult>
    <UnitTestResult executionId="aba4c9cc-a19a-48d3-89ba-a879a5ed372b" testId="ddb906ef-9f15-efde-9021-fccf75940846" testName="ScreeningList3" computerName="UITEST-PC" startTime="2019-04-17T17:48:36.9858514+08:00" endTime="2019-04-17T17:48:36.9858514+08:00" testType="13cdc9d9-ddb5-4fa4-a97d-d965ccfc6d4b" outcome="Failed" testListId="8c84fa94-04c1-424b-9868-57a2d4851a1d" relativeResultsDirectory="aba4c9cc-a19a-48d3-89ba-a879a5ed372b">
      <Output>
        <ErrorInfo>
          <Message>Assembly Initialization method AI.VisualDesigner.TestCases.AssemblyProcess.Assembly_Initialize threw exception. System.IO.FileNotFoundException: System.IO.FileNotFoundException: 未能找到文件“D:\Jenkins\workspace\Vbi5Client-Release\UITest_UITEST-PC 2019-04-17 17_48_36\Out\Config.xml”。. Aborting test execution.</Message>
          <StackTrace>    在 System.IO.__Error.WinIOError(Int32 errorCode, String maybeFullPath)
   在 System.IO.FileStream.Init(String path, FileMode mode, FileAccess access, Int32 rights, Boolean useRights, FileShare share, Int32 bufferSize, FileOptions options, SECURITY_ATTRIBUTES secAttrs, String msgPath, Boolean bFromProxy, Boolean useLongPath, Boolean checkHost)
   在 System.IO.FileStream..ctor(String path, FileMode mode, FileAccess access, FileShare share, Int32 bufferSize)
   在 System.Xml.XmlDownloadManager.GetStream(Uri uri, ICredentials credentials, IWebProxy proxy, RequestCachePolicy cachePolicy)
   在 System.Xml.XmlUrlResolver.GetEntity(Uri absoluteUri, String role, Type ofObjectToReturn)
   在 System.Xml.XmlTextReaderImpl.FinishInitUriString()
   在 System.Xml.XmlTextReaderImpl..ctor(String uriStr, XmlReaderSettings settings, XmlParserContext context, XmlResolver uriResolver)
   在 System.Xml.XmlReaderSettings.CreateReader(String inputUri, XmlParserContext inputContext)
   在 System.Xml.XmlReader.Create(String inputUri, XmlReaderSettings settings, XmlParserContext inputContext)
   在 System.Xml.Linq.XElement.Load(String uri, LoadOptions options)
   在 System.Xml.Linq.XElement.Load(String uri)
   在 VBI.BusinessLogic.Config.ParseFile(String fileName)
   在 AI.VisualDesigner.TestCases.AssemblyProcess.Assembly_Initialize(TestContext testContext)
</StackTrace>
        </ErrorInfo>
      </Output>
    </UnitTestResult>
    <UnitTestResult executionId="3ef0b3b1-5f58-4271-b1e7-a35ac6874a41" testId="bccd30b0-13a6-e2f5-ba9c-2d8c0ebc3490" testName="SelectBox" computerName="UITEST-PC" startTime="2019-04-17T17:48:36.9858514+08:00" endTime="2019-04-17T17:48:36.9858514+08:00" testType="13cdc9d9-ddb5-4fa4-a97d-d965ccfc6d4b" outcome="Failed" testListId="8c84fa94-04c1-424b-9868-57a2d4851a1d" relativeResultsDirectory="3ef0b3b1-5f58-4271-b1e7-a35ac6874a41">
      <Output>
        <ErrorInfo>
          <Message>Assembly Initialization method AI.VisualDesigner.TestCases.AssemblyProcess.Assembly_Initialize threw exception. System.IO.FileNotFoundException: System.IO.FileNotFoundException: 未能找到文件“D:\Jenkins\workspace\Vbi5Client-Release\UITest_UITEST-PC 2019-04-17 17_48_36\Out\Config.xml”。. Aborting test execution.</Message>
          <StackTrace>    在 System.IO.__Error.WinIOError(Int32 errorCode, String maybeFullPath)
   在 System.IO.FileStream.Init(String path, FileMode mode, FileAccess access, Int32 rights, Boolean useRights, FileShare share, Int32 bufferSize, FileOptions options, SECURITY_ATTRIBUTES secAttrs, String msgPath, Boolean bFromProxy, Boolean useLongPath, Boolean checkHost)
   在 System.IO.FileStream..ctor(String path, FileMode mode, FileAccess access, FileShare share, Int32 bufferSize)
   在 System.Xml.XmlDownloadManager.GetStream(Uri uri, ICredentials credentials, IWebProxy proxy, RequestCachePolicy cachePolicy)
   在 System.Xml.XmlUrlResolver.GetEntity(Uri absoluteUri, String role, Type ofObjectToReturn)
   在 System.Xml.XmlTextReaderImpl.FinishInitUriString()
   在 System.Xml.XmlTextReaderImpl..ctor(String uriStr, XmlReaderSettings settings, XmlParserContext context, XmlResolver uriResolver)
   在 System.Xml.XmlReaderSettings.CreateReader(String inputUri, XmlParserContext inputContext)
   在 System.Xml.XmlReader.Create(String inputUri, XmlReaderSettings settings, XmlParserContext inputContext)
   在 System.Xml.Linq.XElement.Load(String uri, LoadOptions options)
   在 System.Xml.Linq.XElement.Load(String uri)
   在 VBI.BusinessLogic.Config.ParseFile(String fileName)
   在 AI.VisualDesigner.TestCases.AssemblyProcess.Assembly_Initialize(TestContext testContext)
</StackTrace>
        </ErrorInfo>
      </Output>
    </UnitTestResult>
    <UnitTestResult executionId="fdfec0ce-87e7-475f-9ae6-7118aade8874" testId="c646f378-be2b-ba56-689f-777970e3c4b0" testName="SelectBox1" computerName="UITEST-PC" startTime="2019-04-17T17:48:37.0014732+08:00" endTime="2019-04-17T17:48:37.0014732+08:00" testType="13cdc9d9-ddb5-4fa4-a97d-d965ccfc6d4b" outcome="Failed" testListId="8c84fa94-04c1-424b-9868-57a2d4851a1d" relativeResultsDirectory="fdfec0ce-87e7-475f-9ae6-7118aade8874">
      <Output>
        <ErrorInfo>
          <Message>Assembly Initialization method AI.VisualDesigner.TestCases.AssemblyProcess.Assembly_Initialize threw exception. System.IO.FileNotFoundException: System.IO.FileNotFoundException: 未能找到文件“D:\Jenkins\workspace\Vbi5Client-Release\UITest_UITEST-PC 2019-04-17 17_48_36\Out\Config.xml”。. Aborting test execution.</Message>
          <StackTrace>    在 System.IO.__Error.WinIOError(Int32 errorCode, String maybeFullPath)
   在 System.IO.FileStream.Init(String path, FileMode mode, FileAccess access, Int32 rights, Boolean useRights, FileShare share, Int32 bufferSize, FileOptions options, SECURITY_ATTRIBUTES secAttrs, String msgPath, Boolean bFromProxy, Boolean useLongPath, Boolean checkHost)
   在 System.IO.FileStream..ctor(String path, FileMode mode, FileAccess access, FileShare share, Int32 bufferSize)
   在 System.Xml.XmlDownloadManager.GetStream(Uri uri, ICredentials credentials, IWebProxy proxy, RequestCachePolicy cachePolicy)
   在 System.Xml.XmlUrlResolver.GetEntity(Uri absoluteUri, String role, Type ofObjectToReturn)
   在 System.Xml.XmlTextReaderImpl.FinishInitUriString()
   在 System.Xml.XmlTextReaderImpl..ctor(String uriStr, XmlReaderSettings settings, XmlParserContext context, XmlResolver uriResolver)
   在 System.Xml.XmlReaderSettings.CreateReader(String inputUri, XmlParserContext inputContext)
   在 System.Xml.XmlReader.Create(String inputUri, XmlReaderSettings settings, XmlParserContext inputContext)
   在 System.Xml.Linq.XElement.Load(String uri, LoadOptions options)
   在 System.Xml.Linq.XElement.Load(String uri)
   在 VBI.BusinessLogic.Config.ParseFile(String fileName)
   在 AI.VisualDesigner.TestCases.AssemblyProcess.Assembly_Initialize(TestContext testContext)
</StackTrace>
        </ErrorInfo>
      </Output>
    </UnitTestResult>
    <UnitTestResult executionId="47c7558b-3ed5-4f08-8083-a3b099940ca8" testId="c2fd2d32-6a65-d127-7a60-c822dba1d03a" testName="Slipper" computerName="UITEST-PC" startTime="2019-04-17T17:48:37.0014732+08:00" endTime="2019-04-17T17:48:37.0014732+08:00" testType="13cdc9d9-ddb5-4fa4-a97d-d965ccfc6d4b" outcome="Failed" testListId="8c84fa94-04c1-424b-9868-57a2d4851a1d" relativeResultsDirectory="47c7558b-3ed5-4f08-8083-a3b099940ca8">
      <Output>
        <ErrorInfo>
          <Message>Assembly Initialization method AI.VisualDesigner.TestCases.AssemblyProcess.Assembly_Initialize threw exception. System.IO.FileNotFoundException: System.IO.FileNotFoundException: 未能找到文件“D:\Jenkins\workspace\Vbi5Client-Release\UITest_UITEST-PC 2019-04-17 17_48_36\Out\Config.xml”。. Aborting test execution.</Message>
          <StackTrace>    在 System.IO.__Error.WinIOError(Int32 errorCode, String maybeFullPath)
   在 System.IO.FileStream.Init(String path, FileMode mode, FileAccess access, Int32 rights, Boolean useRights, FileShare share, Int32 bufferSize, FileOptions options, SECURITY_ATTRIBUTES secAttrs, String msgPath, Boolean bFromProxy, Boolean useLongPath, Boolean checkHost)
   在 System.IO.FileStream..ctor(String path, FileMode mode, FileAccess access, FileShare share, Int32 bufferSize)
   在 System.Xml.XmlDownloadManager.GetStream(Uri uri, ICredentials credentials, IWebProxy proxy, RequestCachePolicy cachePolicy)
   在 System.Xml.XmlUrlResolver.GetEntity(Uri absoluteUri, String role, Type ofObjectToReturn)
   在 System.Xml.XmlTextReaderImpl.FinishInitUriString()
   在 System.Xml.XmlTextReaderImpl..ctor(String uriStr, XmlReaderSettings settings, XmlParserContext context, XmlResolver uriResolver)
   在 System.Xml.XmlReaderSettings.CreateReader(String inputUri, XmlParserContext inputContext)
   在 System.Xml.XmlReader.Create(String inputUri, XmlReaderSettings settings, XmlParserContext inputContext)
   在 System.Xml.Linq.XElement.Load(String uri, LoadOptions options)
   在 System.Xml.Linq.XElement.Load(String uri)
   在 VBI.BusinessLogic.Config.ParseFile(String fileName)
   在 AI.VisualDesigner.TestCases.AssemblyProcess.Assembly_Initialize(TestContext testContext)
</StackTrace>
        </ErrorInfo>
      </Output>
    </UnitTestResult>
    <UnitTestResult executionId="2042c3ee-ea48-4de4-ad71-b31ed17c92c4" testId="b0526851-525a-7635-0a90-1fcd5c448bb9" testName="Slipper1" computerName="UITEST-PC" startTime="2019-04-17T17:48:37.0014732+08:00" endTime="2019-04-17T17:48:37.0014732+08:00" testType="13cdc9d9-ddb5-4fa4-a97d-d965ccfc6d4b" outcome="Failed" testListId="8c84fa94-04c1-424b-9868-57a2d4851a1d" relativeResultsDirectory="2042c3ee-ea48-4de4-ad71-b31ed17c92c4">
      <Output>
        <ErrorInfo>
          <Message>Assembly Initialization method AI.VisualDesigner.TestCases.AssemblyProcess.Assembly_Initialize threw exception. System.IO.FileNotFoundException: System.IO.FileNotFoundException: 未能找到文件“D:\Jenkins\workspace\Vbi5Client-Release\UITest_UITEST-PC 2019-04-17 17_48_36\Out\Config.xml”。. Aborting test execution.</Message>
          <StackTrace>    在 System.IO.__Error.WinIOError(Int32 errorCode, String maybeFullPath)
   在 System.IO.FileStream.Init(String path, FileMode mode, FileAccess access, Int32 rights, Boolean useRights, FileShare share, Int32 bufferSize, FileOptions options, SECURITY_ATTRIBUTES secAttrs, String msgPath, Boolean bFromProxy, Boolean useLongPath, Boolean checkHost)
   在 System.IO.FileStream..ctor(String path, FileMode mode, FileAccess access, FileShare share, Int32 bufferSize)
   在 System.Xml.XmlDownloadManager.GetStream(Uri uri, ICredentials credentials, IWebProxy proxy, RequestCachePolicy cachePolicy)
   在 System.Xml.XmlUrlResolver.GetEntity(Uri absoluteUri, String role, Type ofObjectToReturn)
   在 System.Xml.XmlTextReaderImpl.FinishInitUriString()
   在 System.Xml.XmlTextReaderImpl..ctor(String uriStr, XmlReaderSettings settings, XmlParserContext context, XmlResolver uriResolver)
   在 System.Xml.XmlReaderSettings.CreateReader(String inputUri, XmlParserContext inputContext)
   在 System.Xml.XmlReader.Create(String inputUri, XmlReaderSettings settings, XmlParserContext inputContext)
   在 System.Xml.Linq.XElement.Load(String uri, LoadOptions options)
   在 System.Xml.Linq.XElement.Load(String uri)
   在 VBI.BusinessLogic.Config.ParseFile(String fileName)
   在 AI.VisualDesigner.TestCases.AssemblyProcess.Assembly_Initialize(TestContext testContext)
</StackTrace>
        </ErrorInfo>
      </Output>
    </UnitTestResult>
    <UnitTestResult executionId="ce9b2a4e-c556-47f4-b5cc-8ea575cd19c7" testId="4823606c-3bb6-109f-7658-661cbb45e593" testName="TextBox" computerName="UITEST-PC" startTime="2019-04-17T17:48:37.0014732+08:00" endTime="2019-04-17T17:48:37.0014732+08:00" testType="13cdc9d9-ddb5-4fa4-a97d-d965ccfc6d4b" outcome="Failed" testListId="8c84fa94-04c1-424b-9868-57a2d4851a1d" relativeResultsDirectory="ce9b2a4e-c556-47f4-b5cc-8ea575cd19c7">
      <Output>
        <ErrorInfo>
          <Message>Assembly Initialization method AI.VisualDesigner.TestCases.AssemblyProcess.Assembly_Initialize threw exception. System.IO.FileNotFoundException: System.IO.FileNotFoundException: 未能找到文件“D:\Jenkins\workspace\Vbi5Client-Release\UITest_UITEST-PC 2019-04-17 17_48_36\Out\Config.xml”。. Aborting test execution.</Message>
          <StackTrace>    在 System.IO.__Error.WinIOError(Int32 errorCode, String maybeFullPath)
   在 System.IO.FileStream.Init(String path, FileMode mode, FileAccess access, Int32 rights, Boolean useRights, FileShare share, Int32 bufferSize, FileOptions options, SECURITY_ATTRIBUTES secAttrs, String msgPath, Boolean bFromProxy, Boolean useLongPath, Boolean checkHost)
   在 System.IO.FileStream..ctor(String path, FileMode mode, FileAccess access, FileShare share, Int32 bufferSize)
   在 System.Xml.XmlDownloadManager.GetStream(Uri uri, ICredentials credentials, IWebProxy proxy, RequestCachePolicy cachePolicy)
   在 System.Xml.XmlUrlResolver.GetEntity(Uri absoluteUri, String role, Type ofObjectToReturn)
   在 System.Xml.XmlTextReaderImpl.FinishInitUriString()
   在 System.Xml.XmlTextReaderImpl..ctor(String uriStr, XmlReaderSettings settings, XmlParserContext context, XmlResolver uriResolver)
   在 System.Xml.XmlReaderSettings.CreateReader(String inputUri, XmlParserContext inputContext)
   在 System.Xml.XmlReader.Create(String inputUri, XmlReaderSettings settings, XmlParserContext inputContext)
   在 System.Xml.Linq.XElement.Load(String uri, LoadOptions options)
   在 System.Xml.Linq.XElement.Load(String uri)
   在 VBI.BusinessLogic.Config.ParseFile(String fileName)
   在 AI.VisualDesigner.TestCases.AssemblyProcess.Assembly_Initialize(TestContext testContext)
</StackTrace>
        </ErrorInfo>
      </Output>
    </UnitTestResult>
    <UnitTestResult executionId="3db0b95b-9468-4ac7-b7de-80f87abea872" testId="900fdd7c-48a1-b397-888e-b1c295bdfac5" testName="TimeAxis" computerName="UITEST-PC" startTime="2019-04-17T17:48:37.0014732+08:00" endTime="2019-04-17T17:48:37.0014732+08:00" testType="13cdc9d9-ddb5-4fa4-a97d-d965ccfc6d4b" outcome="Failed" testListId="8c84fa94-04c1-424b-9868-57a2d4851a1d" relativeResultsDirectory="3db0b95b-9468-4ac7-b7de-80f87abea872">
      <Output>
        <ErrorInfo>
          <Message>Assembly Initialization method AI.VisualDesigner.TestCases.AssemblyProcess.Assembly_Initialize threw exception. System.IO.FileNotFoundException: System.IO.FileNotFoundException: 未能找到文件“D:\Jenkins\workspace\Vbi5Client-Release\UITest_UITEST-PC 2019-04-17 17_48_36\Out\Config.xml”。. Aborting test execution.</Message>
          <StackTrace>    在 System.IO.__Error.WinIOError(Int32 errorCode, String maybeFullPath)
   在 System.IO.FileStream.Init(String path, FileMode mode, FileAccess access, Int32 rights, Boolean useRights, FileShare share, Int32 bufferSize, FileOptions options, SECURITY_ATTRIBUTES secAttrs, String msgPath, Boolean bFromProxy, Boolean useLongPath, Boolean checkHost)
   在 System.IO.FileStream..ctor(String path, FileMode mode, FileAccess access, FileShare share, Int32 bufferSize)
   在 System.Xml.XmlDownloadManager.GetStream(Uri uri, ICredentials credentials, IWebProxy proxy, RequestCachePolicy cachePolicy)
   在 System.Xml.XmlUrlResolver.GetEntity(Uri absoluteUri, String role, Type ofObjectToReturn)
   在 System.Xml.XmlTextReaderImpl.FinishInitUriString()
   在 System.Xml.XmlTextReaderImpl..ctor(String uriStr, XmlReaderSettings settings, XmlParserContext context, XmlResolver uriResolver)
   在 System.Xml.XmlReaderSettings.CreateReader(String inputUri, XmlParserContext inputContext)
   在 System.Xml.XmlReader.Create(String inputUri, XmlReaderSettings settings, XmlParserContext inputContext)
   在 System.Xml.Linq.XElement.Load(String uri, LoadOptions options)
   在 System.Xml.Linq.XElement.Load(String uri)
   在 VBI.BusinessLogic.Config.ParseFile(String fileName)
   在 AI.VisualDesigner.TestCases.AssemblyProcess.Assembly_Initialize(TestContext testContext)
</StackTrace>
        </ErrorInfo>
      </Output>
    </UnitTestResult>
    <UnitTestResult executionId="b7053f19-7996-444f-9ef0-ac6064cfd512" testId="c3805cdc-bc4e-7421-780c-51811325d0a5" testName="TimeAxis1" computerName="UITEST-PC" startTime="2019-04-17T17:48:37.0170932+08:00" endTime="2019-04-17T17:48:37.0170932+08:00" testType="13cdc9d9-ddb5-4fa4-a97d-d965ccfc6d4b" outcome="Failed" testListId="8c84fa94-04c1-424b-9868-57a2d4851a1d" relativeResultsDirectory="b7053f19-7996-444f-9ef0-ac6064cfd512">
      <Output>
        <ErrorInfo>
          <Message>Assembly Initialization method AI.VisualDesigner.TestCases.AssemblyProcess.Assembly_Initialize threw exception. System.IO.FileNotFoundException: System.IO.FileNotFoundException: 未能找到文件“D:\Jenkins\workspace\Vbi5Client-Release\UITest_UITEST-PC 2019-04-17 17_48_36\Out\Config.xml”。. Aborting test execution.</Message>
          <StackTrace>    在 System.IO.__Error.WinIOError(Int32 errorCode, String maybeFullPath)
   在 System.IO.FileStream.Init(String path, FileMode mode, FileAccess access, Int32 rights, Boolean useRights, FileShare share, Int32 bufferSize, FileOptions options, SECURITY_ATTRIBUTES secAttrs, String msgPath, Boolean bFromProxy, Boolean useLongPath, Boolean checkHost)
   在 System.IO.FileStream..ctor(String path, FileMode mode, FileAccess access, FileShare share, Int32 bufferSize)
   在 System.Xml.XmlDownloadManager.GetStream(Uri uri, ICredentials credentials, IWebProxy proxy, RequestCachePolicy cachePolicy)
   在 System.Xml.XmlUrlResolver.GetEntity(Uri absoluteUri, String role, Type ofObjectToReturn)
   在 System.Xml.XmlTextReaderImpl.FinishInitUriString()
   在 System.Xml.XmlTextReaderImpl..ctor(String uriStr, XmlReaderSettings settings, XmlParserContext context, XmlResolver uriResolver)
   在 System.Xml.XmlReaderSettings.CreateReader(String inputUri, XmlParserContext inputContext)
   在 System.Xml.XmlReader.Create(String inputUri, XmlReaderSettings settings, XmlParserContext inputContext)
   在 System.Xml.Linq.XElement.Load(String uri, LoadOptions options)
   在 System.Xml.Linq.XElement.Load(String uri)
   在 VBI.BusinessLogic.Config.ParseFile(String fileName)
   在 AI.VisualDesigner.TestCases.AssemblyProcess.Assembly_Initialize(TestContext testContext)
</StackTrace>
        </ErrorInfo>
      </Output>
    </UnitTestResult>
    <UnitTestResult executionId="29fdbd90-629b-4eb2-9bc4-2a8cff8e559c" testId="3eb2fdf4-1a0a-d91d-a5eb-c587918b4fe5" testName="UrlBandingPicture" computerName="UITEST-PC" startTime="2019-04-17T17:48:37.0170932+08:00" endTime="2019-04-17T17:48:37.0170932+08:00" testType="13cdc9d9-ddb5-4fa4-a97d-d965ccfc6d4b" outcome="Failed" testListId="8c84fa94-04c1-424b-9868-57a2d4851a1d" relativeResultsDirectory="29fdbd90-629b-4eb2-9bc4-2a8cff8e559c">
      <Output>
        <ErrorInfo>
          <Message>Assembly Initialization method AI.VisualDesigner.TestCases.AssemblyProcess.Assembly_Initialize threw exception. System.IO.FileNotFoundException: System.IO.FileNotFoundException: 未能找到文件“D:\Jenkins\workspace\Vbi5Client-Release\UITest_UITEST-PC 2019-04-17 17_48_36\Out\Config.xml”。. Aborting test execution.</Message>
          <StackTrace>    在 System.IO.__Error.WinIOError(Int32 errorCode, String maybeFullPath)
   在 System.IO.FileStream.Init(String path, FileMode mode, FileAccess access, Int32 rights, Boolean useRights, FileShare share, Int32 bufferSize, FileOptions options, SECURITY_ATTRIBUTES secAttrs, String msgPath, Boolean bFromProxy, Boolean useLongPath, Boolean checkHost)
   在 System.IO.FileStream..ctor(String path, FileMode mode, FileAccess access, FileShare share, Int32 bufferSize)
   在 System.Xml.XmlDownloadManager.GetStream(Uri uri, ICredentials credentials, IWebProxy proxy, RequestCachePolicy cachePolicy)
   在 System.Xml.XmlUrlResolver.GetEntity(Uri absoluteUri, String role, Type ofObjectToReturn)
   在 System.Xml.XmlTextReaderImpl.FinishInitUriString()
   在 System.Xml.XmlTextReaderImpl..ctor(String uriStr, XmlReaderSettings settings, XmlParserContext context, XmlResolver uriResolver)
   在 System.Xml.XmlReaderSettings.CreateReader(String inputUri, XmlParserContext inputContext)
   在 System.Xml.XmlReader.Create(String inputUri, XmlReaderSettings settings, XmlParserContext inputContext)
   在 System.Xml.Linq.XElement.Load(String uri, LoadOptions options)
   在 System.Xml.Linq.XElement.Load(String uri)
   在 VBI.BusinessLogic.Config.ParseFile(String fileName)
   在 AI.VisualDesigner.TestCases.AssemblyProcess.Assembly_Initialize(TestContext testContext)
</StackTrace>
        </ErrorInfo>
      </Output>
    </UnitTestResult>
    <UnitTestResult executionId="a7e28627-6b58-440f-8792-d7dce1b0915c" testId="a1f78361-da43-bff9-b532-6348ee77578a" testName="UrlInternetPicture" computerName="UITEST-PC" startTime="2019-04-17T17:48:37.0170932+08:00" endTime="2019-04-17T17:48:37.0170932+08:00" testType="13cdc9d9-ddb5-4fa4-a97d-d965ccfc6d4b" outcome="Failed" testListId="8c84fa94-04c1-424b-9868-57a2d4851a1d" relativeResultsDirectory="a7e28627-6b58-440f-8792-d7dce1b0915c">
      <Output>
        <ErrorInfo>
          <Message>Assembly Initialization method AI.VisualDesigner.TestCases.AssemblyProcess.Assembly_Initialize threw exception. System.IO.FileNotFoundException: System.IO.FileNotFoundException: 未能找到文件“D:\Jenkins\workspace\Vbi5Client-Release\UITest_UITEST-PC 2019-04-17 17_48_36\Out\Config.xml”。. Aborting test execution.</Message>
          <StackTrace>    在 System.IO.__Error.WinIOError(Int32 errorCode, String maybeFullPath)
   在 System.IO.FileStream.Init(String path, FileMode mode, FileAccess access, Int32 rights, Boolean useRights, FileShare share, Int32 bufferSize, FileOptions options, SECURITY_ATTRIBUTES secAttrs, String msgPath, Boolean bFromProxy, Boolean useLongPath, Boolean checkHost)
   在 System.IO.FileStream..ctor(String path, FileMode mode, FileAccess access, FileShare share, Int32 bufferSize)
   在 System.Xml.XmlDownloadManager.GetStream(Uri uri, ICredentials credentials, IWebProxy proxy, RequestCachePolicy cachePolicy)
   在 System.Xml.XmlUrlResolver.GetEntity(Uri absoluteUri, String role, Type ofObjectToReturn)
   在 System.Xml.XmlTextReaderImpl.FinishInitUriString()
   在 System.Xml.XmlTextReaderImpl..ctor(String uriStr, XmlReaderSettings settings, XmlParserContext context, XmlResolver uriResolver)
   在 System.Xml.XmlReaderSettings.CreateReader(String inputUri, XmlParserContext inputContext)
   在 System.Xml.XmlReader.Create(String inputUri, XmlReaderSettings settings, XmlParserContext inputContext)
   在 System.Xml.Linq.XElement.Load(String uri, LoadOptions options)
   在 System.Xml.Linq.XElement.Load(String uri)
   在 VBI.BusinessLogic.Config.ParseFile(String fileName)
   在 AI.VisualDesigner.TestCases.AssemblyProcess.Assembly_Initialize(TestContext testContext)
</StackTrace>
        </ErrorInfo>
      </Output>
    </UnitTestResult>
    <UnitTestResult executionId="3dc2ffcd-a964-4bd7-8835-08ac6cb3366e" testId="ec6575dc-efb9-e0ea-8798-7ea257e989ad" testName="UrlLocalPicture" computerName="UITEST-PC" startTime="2019-04-17T17:48:37.0170932+08:00" endTime="2019-04-17T17:48:37.0170932+08:00" testType="13cdc9d9-ddb5-4fa4-a97d-d965ccfc6d4b" outcome="Failed" testListId="8c84fa94-04c1-424b-9868-57a2d4851a1d" relativeResultsDirectory="3dc2ffcd-a964-4bd7-8835-08ac6cb3366e">
      <Output>
        <ErrorInfo>
          <Message>Assembly Initialization method AI.VisualDesigner.TestCases.AssemblyProcess.Assembly_Initialize threw exception. System.IO.FileNotFoundException: System.IO.FileNotFoundException: 未能找到文件“D:\Jenkins\workspace\Vbi5Client-Release\UITest_UITEST-PC 2019-04-17 17_48_36\Out\Config.xml”。. Aborting test execution.</Message>
          <StackTrace>    在 System.IO.__Error.WinIOError(Int32 errorCode, String maybeFullPath)
   在 System.IO.FileStream.Init(String path, FileMode mode, FileAccess access, Int32 rights, Boolean useRights, FileShare share, Int32 bufferSize, FileOptions options, SECURITY_ATTRIBUTES secAttrs, String msgPath, Boolean bFromProxy, Boolean useLongPath, Boolean checkHost)
   在 System.IO.FileStream..ctor(String path, FileMode mode, FileAccess access, FileShare share, Int32 bufferSize)
   在 System.Xml.XmlDownloadManager.GetStream(Uri uri, ICredentials credentials, IWebProxy proxy, RequestCachePolicy cachePolicy)
   在 System.Xml.XmlUrlResolver.GetEntity(Uri absoluteUri, String role, Type ofObjectToReturn)
   在 System.Xml.XmlTextReaderImpl.FinishInitUriString()
   在 System.Xml.XmlTextReaderImpl..ctor(String uriStr, XmlReaderSettings settings, XmlParserContext context, XmlResolver uriResolver)
   在 System.Xml.XmlReaderSettings.CreateReader(String inputUri, XmlParserContext inputContext)
   在 System.Xml.XmlReader.Create(String inputUri, XmlReaderSettings settings, XmlParserContext inputContext)
   在 System.Xml.Linq.XElement.Load(String uri, LoadOptions options)
   在 System.Xml.Linq.XElement.Load(String uri)
   在 VBI.BusinessLogic.Config.ParseFile(String fileName)
   在 AI.VisualDesigner.TestCases.AssemblyProcess.Assembly_Initialize(TestContext testContext)
</StackTrace>
        </ErrorInfo>
      </Output>
    </UnitTestResult>
    <UnitTestResult executionId="a8dbeaaa-c165-4ea0-af65-d7eb3e2a7165" testId="75bf1358-9561-f0c1-56c9-c82f46089d31" testName="Rectangle" computerName="UITEST-PC" startTime="2019-04-17T17:48:37.0170932+08:00" endTime="2019-04-17T17:48:37.0170932+08:00" testType="13cdc9d9-ddb5-4fa4-a97d-d965ccfc6d4b" outcome="Failed" testListId="8c84fa94-04c1-424b-9868-57a2d4851a1d" relativeResultsDirectory="a8dbeaaa-c165-4ea0-af65-d7eb3e2a7165">
      <Output>
        <ErrorInfo>
          <Message>Assembly Initialization method AI.VisualDesigner.TestCases.AssemblyProcess.Assembly_Initialize threw exception. System.IO.FileNotFoundException: System.IO.FileNotFoundException: 未能找到文件“D:\Jenkins\workspace\Vbi5Client-Release\UITest_UITEST-PC 2019-04-17 17_48_36\Out\Config.xml”。. Aborting test execution.</Message>
          <StackTrace>    在 System.IO.__Error.WinIOError(Int32 errorCode, String maybeFullPath)
   在 System.IO.FileStream.Init(String path, FileMode mode, FileAccess access, Int32 rights, Boolean useRights, FileShare share, Int32 bufferSize, FileOptions options, SECURITY_ATTRIBUTES secAttrs, String msgPath, Boolean bFromProxy, Boolean useLongPath, Boolean checkHost)
   在 System.IO.FileStream..ctor(String path, FileMode mode, FileAccess access, FileShare share, Int32 bufferSize)
   在 System.Xml.XmlDownloadManager.GetStream(Uri uri, ICredentials credentials, IWebProxy proxy, RequestCachePolicy cachePolicy)
   在 System.Xml.XmlUrlResolver.GetEntity(Uri absoluteUri, String role, Type ofObjectToReturn)
   在 System.Xml.XmlTextReaderImpl.FinishInitUriString()
   在 System.Xml.XmlTextReaderImpl..ctor(String uriStr, XmlReaderSettings settings, XmlParserContext context, XmlResolver uriResolver)
   在 System.Xml.XmlReaderSettings.CreateReader(String inputUri, XmlParserContext inputContext)
   在 System.Xml.XmlReader.Create(String inputUri, XmlReaderSettings settings, XmlParserContext inputContext)
   在 System.Xml.Linq.XElement.Load(String uri, LoadOptions options)
   在 System.Xml.Linq.XElement.Load(String uri)
   在 VBI.BusinessLogic.Config.ParseFile(String fileName)
   在 AI.VisualDesigner.TestCases.AssemblyProcess.Assembly_Initialize(TestContext testContext)
</StackTrace>
        </ErrorInfo>
      </Output>
    </UnitTestResult>
    <UnitTestResult executionId="742c98e8-1ae7-4ab7-9dc5-5a1207911412" testId="e0e38b6c-8686-e4c5-ffa0-ae3a5eaa6f23" testName="VectorIcon" computerName="UITEST-PC" startTime="2019-04-17T17:48:37.0341389+08:00" endTime="2019-04-17T17:48:37.0351613+08:00" testType="13cdc9d9-ddb5-4fa4-a97d-d965ccfc6d4b" outcome="Failed" testListId="8c84fa94-04c1-424b-9868-57a2d4851a1d" relativeResultsDirectory="742c98e8-1ae7-4ab7-9dc5-5a1207911412">
      <Output>
        <ErrorInfo>
          <Message>Assembly Initialization method AI.VisualDesigner.TestCases.AssemblyProcess.Assembly_Initialize threw exception. System.IO.FileNotFoundException: System.IO.FileNotFoundException: 未能找到文件“D:\Jenkins\workspace\Vbi5Client-Release\UITest_UITEST-PC 2019-04-17 17_48_36\Out\Config.xml”。. Aborting test execution.</Message>
          <StackTrace>    在 System.IO.__Error.WinIOError(Int32 errorCode, String maybeFullPath)
   在 System.IO.FileStream.Init(String path, FileMode mode, FileAccess access, Int32 rights, Boolean useRights, FileShare share, Int32 bufferSize, FileOptions options, SECURITY_ATTRIBUTES secAttrs, String msgPath, Boolean bFromProxy, Boolean useLongPath, Boolean checkHost)
   在 System.IO.FileStream..ctor(String path, FileMode mode, FileAccess access, FileShare share, Int32 bufferSize)
   在 System.Xml.XmlDownloadManager.GetStream(Uri uri, ICredentials credentials, IWebProxy proxy, RequestCachePolicy cachePolicy)
   在 System.Xml.XmlUrlResolver.GetEntity(Uri absoluteUri, String role, Type ofObjectToReturn)
   在 System.Xml.XmlTextReaderImpl.FinishInitUriString()
   在 System.Xml.XmlTextReaderImpl..ctor(String uriStr, XmlReaderSettings settings, XmlParserContext context, XmlResolver uriResolver)
   在 System.Xml.XmlReaderSettings.CreateReader(String inputUri, XmlParserContext inputContext)
   在 System.Xml.XmlReader.Create(String inputUri, XmlReaderSettings settings, XmlParserContext inputContext)
   在 System.Xml.Linq.XElement.Load(String uri, LoadOptions options)
   在 System.Xml.Linq.XElement.Load(String uri)
   在 VBI.BusinessLogic.Config.ParseFile(String fileName)
   在 AI.VisualDesigner.TestCases.AssemblyProcess.Assembly_Initialize(TestContext testContext)
</StackTrace>
        </ErrorInfo>
      </Output>
    </UnitTestResult>
    <UnitTestResult executionId="af2ef1e9-6d06-47c4-9c2a-c4c5e12e14ce" testId="893ec852-c592-4ae6-d162-a2ffe0ded3f0" testName="AnnularCol1" computerName="UITEST-PC" startTime="2019-04-17T17:48:37.0379225+08:00" endTime="2019-04-17T17:48:37.0389304+08:00" testType="13cdc9d9-ddb5-4fa4-a97d-d965ccfc6d4b" outcome="Failed" testListId="8c84fa94-04c1-424b-9868-57a2d4851a1d" relativeResultsDirectory="af2ef1e9-6d06-47c4-9c2a-c4c5e12e14ce">
      <Output>
        <ErrorInfo>
          <Message>Assembly Initialization method AI.VisualDesigner.TestCases.AssemblyProcess.Assembly_Initialize threw exception. System.IO.FileNotFoundException: System.IO.FileNotFoundException: 未能找到文件“D:\Jenkins\workspace\Vbi5Client-Release\UITest_UITEST-PC 2019-04-17 17_48_36\Out\Config.xml”。. Aborting test execution.</Message>
          <StackTrace>    在 System.IO.__Error.WinIOError(Int32 errorCode, String maybeFullPath)
   在 System.IO.FileStream.Init(String path, FileMode mode, FileAccess access, Int32 rights, Boolean useRights, FileShare share, Int32 bufferSize, FileOptions options, SECURITY_ATTRIBUTES secAttrs, String msgPath, Boolean bFromProxy, Boolean useLongPath, Boolean checkHost)
   在 System.IO.FileStream..ctor(String path, FileMode mode, FileAccess access, FileShare share, Int32 bufferSize)
   在 System.Xml.XmlDownloadManager.GetStream(Uri uri, ICredentials credentials, IWebProxy proxy, RequestCachePolicy cachePolicy)
   在 System.Xml.XmlUrlResolver.GetEntity(Uri absoluteUri, String role, Type ofObjectToReturn)
   在 System.Xml.XmlTextReaderImpl.FinishInitUriString()
   在 System.Xml.XmlTextReaderImpl..ctor(String uriStr, XmlReaderSettings settings, XmlParserContext context, XmlResolver uriResolver)
   在 System.Xml.XmlReaderSettings.CreateReader(String inputUri, XmlParserContext inputContext)
   在 System.Xml.XmlReader.Create(String inputUri, XmlReaderSettings settings, XmlParserContext inputContext)
   在 System.Xml.Linq.XElement.Load(String uri, LoadOptions options)
   在 System.Xml.Linq.XElement.Load(String uri)
   在 VBI.BusinessLogic.Config.ParseFile(String fileName)
   在 AI.VisualDesigner.TestCases.AssemblyProcess.Assembly_Initialize(TestContext testContext)
</StackTrace>
        </ErrorInfo>
      </Output>
    </UnitTestResult>
    <UnitTestResult executionId="018530c8-d89b-4be8-8ae5-693439e120da" testId="9c6727b8-0ccb-ecdd-0c06-f4c3b65a5896" testName="AnnularCol2" computerName="UITEST-PC" startTime="2019-04-17T17:48:37.0409314+08:00" endTime="2019-04-17T17:48:37.0419039+08:00" testType="13cdc9d9-ddb5-4fa4-a97d-d965ccfc6d4b" outcome="Failed" testListId="8c84fa94-04c1-424b-9868-57a2d4851a1d" relativeResultsDirectory="018530c8-d89b-4be8-8ae5-693439e120da">
      <Output>
        <ErrorInfo>
          <Message>Assembly Initialization method AI.VisualDesigner.TestCases.AssemblyProcess.Assembly_Initialize threw exception. System.IO.FileNotFoundException: System.IO.FileNotFoundException: 未能找到文件“D:\Jenkins\workspace\Vbi5Client-Release\UITest_UITEST-PC 2019-04-17 17_48_36\Out\Config.xml”。. Aborting test execution.</Message>
          <StackTrace>    在 System.IO.__Error.WinIOError(Int32 errorCode, String maybeFullPath)
   在 System.IO.FileStream.Init(String path, FileMode mode, FileAccess access, Int32 rights, Boolean useRights, FileShare share, Int32 bufferSize, FileOptions options, SECURITY_ATTRIBUTES secAttrs, String msgPath, Boolean bFromProxy, Boolean useLongPath, Boolean checkHost)
   在 System.IO.FileStream..ctor(String path, FileMode mode, FileAccess access, FileShare share, Int32 bufferSize)
   在 System.Xml.XmlDownloadManager.GetStream(Uri uri, ICredentials credentials, IWebProxy proxy, RequestCachePolicy cachePolicy)
   在 System.Xml.XmlUrlResolver.GetEntity(Uri absoluteUri, String role, Type ofObjectToReturn)
   在 System.Xml.XmlTextReaderImpl.FinishInitUriString()
   在 System.Xml.XmlTextReaderImpl..ctor(String uriStr, XmlReaderSettings settings, XmlParserContext context, XmlResolver uriResolver)
   在 System.Xml.XmlReaderSettings.CreateReader(String inputUri, XmlParserContext inputContext)
   在 System.Xml.XmlReader.Create(String inputUri, XmlReaderSettings settings, XmlParserContext inputContext)
   在 System.Xml.Linq.XElement.Load(String uri, LoadOptions options)
   在 System.Xml.Linq.XElement.Load(String uri)
   在 VBI.BusinessLogic.Config.ParseFile(String fileName)
   在 AI.VisualDesigner.TestCases.AssemblyProcess.Assembly_Initialize(TestContext testContext)
</StackTrace>
        </ErrorInfo>
      </Output>
    </UnitTestResult>
    <UnitTestResult executionId="5780c9b6-0827-4ea6-9d82-38dc69c892aa" testId="073fbc2f-807a-21d7-ae39-b82a9de427e7" testName="AnnularTree" computerName="UITEST-PC" startTime="2019-04-17T17:48:37.0439172+08:00" endTime="2019-04-17T17:48:37.0448877+08:00" testType="13cdc9d9-ddb5-4fa4-a97d-d965ccfc6d4b" outcome="Failed" testListId="8c84fa94-04c1-424b-9868-57a2d4851a1d" relativeResultsDirectory="5780c9b6-0827-4ea6-9d82-38dc69c892aa">
      <Output>
        <ErrorInfo>
          <Message>Assembly Initialization method AI.VisualDesigner.TestCases.AssemblyProcess.Assembly_Initialize threw exception. System.IO.FileNotFoundException: System.IO.FileNotFoundException: 未能找到文件“D:\Jenkins\workspace\Vbi5Client-Release\UITest_UITEST-PC 2019-04-17 17_48_36\Out\Config.xml”。. Aborting test execution.</Message>
          <StackTrace>    在 System.IO.__Error.WinIOError(Int32 errorCode, String maybeFullPath)
   在 System.IO.FileStream.Init(String path, FileMode mode, FileAccess access, Int32 rights, Boolean useRights, FileShare share, Int32 bufferSize, FileOptions options, SECURITY_ATTRIBUTES secAttrs, String msgPath, Boolean bFromProxy, Boolean useLongPath, Boolean checkHost)
   在 System.IO.FileStream..ctor(String path, FileMode mode, FileAccess access, FileShare share, Int32 bufferSize)
   在 System.Xml.XmlDownloadManager.GetStream(Uri uri, ICredentials credentials, IWebProxy proxy, RequestCachePolicy cachePolicy)
   在 System.Xml.XmlUrlResolver.GetEntity(Uri absoluteUri, String role, Type ofObjectToReturn)
   在 System.Xml.XmlTextReaderImpl.FinishInitUriString()
   在 System.Xml.XmlTextReaderImpl..ctor(String uriStr, XmlReaderSettings settings, XmlParserContext context, XmlResolver uriResolver)
   在 System.Xml.XmlReaderSettings.CreateReader(String inputUri, XmlParserContext inputContext)
   在 System.Xml.XmlReader.Create(String inputUri, XmlReaderSettings settings, XmlParserContext inputContext)
   在 System.Xml.Linq.XElement.Load(String uri, LoadOptions options)
   在 System.Xml.Linq.XElement.Load(String uri)
   在 VBI.BusinessLogic.Config.ParseFile(String fileName)
   在 AI.VisualDesigner.TestCases.AssemblyProcess.Assembly_Initialize(TestContext testContext)
</StackTrace>
        </ErrorInfo>
      </Output>
    </UnitTestResult>
    <UnitTestResult executionId="187c16e4-341c-4262-b78a-d73fbd390730" testId="e6026a13-8d2c-5961-7338-94097ae65fea" testName="AreaChart" computerName="UITEST-PC" startTime="2019-04-17T17:48:37.0469124+08:00" endTime="2019-04-17T17:48:37.0489082+08:00" testType="13cdc9d9-ddb5-4fa4-a97d-d965ccfc6d4b" outcome="Failed" testListId="8c84fa94-04c1-424b-9868-57a2d4851a1d" relativeResultsDirectory="187c16e4-341c-4262-b78a-d73fbd390730">
      <Output>
        <ErrorInfo>
          <Message>Assembly Initialization method AI.VisualDesigner.TestCases.AssemblyProcess.Assembly_Initialize threw exception. System.IO.FileNotFoundException: System.IO.FileNotFoundException: 未能找到文件“D:\Jenkins\workspace\Vbi5Client-Release\UITest_UITEST-PC 2019-04-17 17_48_36\Out\Config.xml”。. Aborting test execution.</Message>
          <StackTrace>    在 System.IO.__Error.WinIOError(Int32 errorCode, String maybeFullPath)
   在 System.IO.FileStream.Init(String path, FileMode mode, FileAccess access, Int32 rights, Boolean useRights, FileShare share, Int32 bufferSize, FileOptions options, SECURITY_ATTRIBUTES secAttrs, String msgPath, Boolean bFromProxy, Boolean useLongPath, Boolean checkHost)
   在 System.IO.FileStream..ctor(String path, FileMode mode, FileAccess access, FileShare share, Int32 bufferSize)
   在 System.Xml.XmlDownloadManager.GetStream(Uri uri, ICredentials credentials, IWebProxy proxy, RequestCachePolicy cachePolicy)
   在 System.Xml.XmlUrlResolver.GetEntity(Uri absoluteUri, String role, Type ofObjectToReturn)
   在 System.Xml.XmlTextReaderImpl.FinishInitUriString()
   在 System.Xml.XmlTextReaderImpl..ctor(String uriStr, XmlReaderSettings settings, XmlParserContext context, XmlResolver uriResolver)
   在 System.Xml.XmlReaderSettings.CreateReader(String inputUri, XmlParserContext inputContext)
   在 System.Xml.XmlReader.Create(String inputUri, XmlReaderSettings settings, XmlParserContext inputContext)
   在 System.Xml.Linq.XElement.Load(String uri, LoadOptions options)
   在 System.Xml.Linq.XElement.Load(String uri)
   在 VBI.BusinessLogic.Config.ParseFile(String fileName)
   在 AI.VisualDesigner.TestCases.AssemblyProcess.Assembly_Initialize(TestContext testContext)
</StackTrace>
        </ErrorInfo>
      </Output>
    </UnitTestResult>
    <UnitTestResult executionId="bc49532a-6686-4c2c-9432-089c97e71bbd" testId="82334abc-cbe0-a8f1-bf31-a632e4c0ed89" testName="AreaChart2" computerName="UITEST-PC" startTime="2019-04-17T17:48:37.0508958+08:00" endTime="2019-04-17T17:48:37.0518680+08:00" testType="13cdc9d9-ddb5-4fa4-a97d-d965ccfc6d4b" outcome="Failed" testListId="8c84fa94-04c1-424b-9868-57a2d4851a1d" relativeResultsDirectory="bc49532a-6686-4c2c-9432-089c97e71bbd">
      <Output>
        <ErrorInfo>
          <Message>Assembly Initialization method AI.VisualDesigner.TestCases.AssemblyProcess.Assembly_Initialize threw exception. System.IO.FileNotFoundException: System.IO.FileNotFoundException: 未能找到文件“D:\Jenkins\workspace\Vbi5Client-Release\UITest_UITEST-PC 2019-04-17 17_48_36\Out\Config.xml”。. Aborting test execution.</Message>
          <StackTrace>    在 System.IO.__Error.WinIOError(Int32 errorCode, String maybeFullPath)
   在 System.IO.FileStream.Init(String path, FileMode mode, FileAccess access, Int32 rights, Boolean useRights, FileShare share, Int32 bufferSize, FileOptions options, SECURITY_ATTRIBUTES secAttrs, String msgPath, Boolean bFromProxy, Boolean useLongPath, Boolean checkHost)
   在 System.IO.FileStream..ctor(String path, FileMode mode, FileAccess access, FileShare share, Int32 bufferSize)
   在 System.Xml.XmlDownloadManager.GetStream(Uri uri, ICredentials credentials, IWebProxy proxy, RequestCachePolicy cachePolicy)
   在 System.Xml.XmlUrlResolver.GetEntity(Uri absoluteUri, String role, Type ofObjectToReturn)
   在 System.Xml.XmlTextReaderImpl.FinishInitUriString()
   在 System.Xml.XmlTextReaderImpl..ctor(String uriStr, XmlReaderSettings settings, XmlParserContext context, XmlResolver uriResolver)
   在 System.Xml.XmlReaderSettings.CreateReader(String inputUri, XmlParserContext inputContext)
   在 System.Xml.XmlReader.Create(String inputUri, XmlReaderSettings settings, XmlParserContext inputContext)
   在 System.Xml.Linq.XElement.Load(String uri, LoadOptions options)
   在 System.Xml.Linq.XElement.Load(String uri)
   在 VBI.BusinessLogic.Config.ParseFile(String fileName)
   在 AI.VisualDesigner.TestCases.AssemblyProcess.Assembly_Initialize(TestContext testContext)
</StackTrace>
        </ErrorInfo>
      </Output>
    </UnitTestResult>
    <UnitTestResult executionId="7a33e86a-1f47-465c-8729-2c586f9de064" testId="a9277e6c-9aa6-3d95-5162-496c06f9635d" testName="AreaChart3" computerName="UITEST-PC" startTime="2019-04-17T17:48:37.0548879+08:00" endTime="2019-04-17T17:48:37.0558568+08:00" testType="13cdc9d9-ddb5-4fa4-a97d-d965ccfc6d4b" outcome="Failed" testListId="8c84fa94-04c1-424b-9868-57a2d4851a1d" relativeResultsDirectory="7a33e86a-1f47-465c-8729-2c586f9de064">
      <Output>
        <ErrorInfo>
          <Message>Assembly Initialization method AI.VisualDesigner.TestCases.AssemblyProcess.Assembly_Initialize threw exception. System.IO.FileNotFoundException: System.IO.FileNotFoundException: 未能找到文件“D:\Jenkins\workspace\Vbi5Client-Release\UITest_UITEST-PC 2019-04-17 17_48_36\Out\Config.xml”。. Aborting test execution.</Message>
          <StackTrace>    在 System.IO.__Error.WinIOError(Int32 errorCode, String maybeFullPath)
   在 System.IO.FileStream.Init(String path, FileMode mode, FileAccess access, Int32 rights, Boolean useRights, FileShare share, Int32 bufferSize, FileOptions options, SECURITY_ATTRIBUTES secAttrs, String msgPath, Boolean bFromProxy, Boolean useLongPath, Boolean checkHost)
   在 System.IO.FileStream..ctor(String path, FileMode mode, FileAccess access, FileShare share, Int32 bufferSize)
   在 System.Xml.XmlDownloadManager.GetStream(Uri uri, ICredentials credentials, IWebProxy proxy, RequestCachePolicy cachePolicy)
   在 System.Xml.XmlUrlResolver.GetEntity(Uri absoluteUri, String role, Type ofObjectToReturn)
   在 System.Xml.XmlTextReaderImpl.FinishInitUriString()
   在 System.Xml.XmlTextReaderImpl..ctor(String uriStr, XmlReaderSettings settings, XmlParserContext context, XmlResolver uriResolver)
   在 System.Xml.XmlReaderSettings.CreateReader(String inputUri, XmlParserContext inputContext)
   在 System.Xml.XmlReader.Create(String inputUri, XmlReaderSettings settings, XmlParserContext inputContext)
   在 System.Xml.Linq.XElement.Load(String uri, LoadOptions options)
   在 System.Xml.Linq.XElement.Load(String uri)
   在 VBI.BusinessLogic.Config.ParseFile(String fileName)
   在 AI.VisualDesigner.TestCases.AssemblyProcess.Assembly_Initialize(TestContext testContext)
</StackTrace>
        </ErrorInfo>
      </Output>
    </UnitTestResult>
    <UnitTestResult executionId="642f338a-d1ec-4250-bb4d-c6b2753e8dac" testId="dfcdd90d-bab5-8e58-2242-ea70a9d0f6ac" testName="AreaStackChart" computerName="UITEST-PC" startTime="2019-04-17T17:48:37.0578766+08:00" endTime="2019-04-17T17:48:37.0588495+08:00" testType="13cdc9d9-ddb5-4fa4-a97d-d965ccfc6d4b" outcome="Failed" testListId="8c84fa94-04c1-424b-9868-57a2d4851a1d" relativeResultsDirectory="642f338a-d1ec-4250-bb4d-c6b2753e8dac">
      <Output>
        <ErrorInfo>
          <Message>Assembly Initialization method AI.VisualDesigner.TestCases.AssemblyProcess.Assembly_Initialize threw exception. System.IO.FileNotFoundException: System.IO.FileNotFoundException: 未能找到文件“D:\Jenkins\workspace\Vbi5Client-Release\UITest_UITEST-PC 2019-04-17 17_48_36\Out\Config.xml”。. Aborting test execution.</Message>
          <StackTrace>    在 System.IO.__Error.WinIOError(Int32 errorCode, String maybeFullPath)
   在 System.IO.FileStream.Init(String path, FileMode mode, FileAccess access, Int32 rights, Boolean useRights, FileShare share, Int32 bufferSize, FileOptions options, SECURITY_ATTRIBUTES secAttrs, String msgPath, Boolean bFromProxy, Boolean useLongPath, Boolean checkHost)
   在 System.IO.FileStream..ctor(String path, FileMode mode, FileAccess access, FileShare share, Int32 bufferSize)
   在 System.Xml.XmlDownloadManager.GetStream(Uri uri, ICredentials credentials, IWebProxy proxy, RequestCachePolicy cachePolicy)
   在 System.Xml.XmlUrlResolver.GetEntity(Uri absoluteUri, String role, Type ofObjectToReturn)
   在 System.Xml.XmlTextReaderImpl.FinishInitUriString()
   在 System.Xml.XmlTextReaderImpl..ctor(String uriStr, XmlReaderSettings settings, XmlParserContext context, XmlResolver uriResolver)
   在 System.Xml.XmlReaderSettings.CreateReader(String inputUri, XmlParserContext inputContext)
   在 System.Xml.XmlReader.Create(String inputUri, XmlReaderSettings settings, XmlParserContext inputContext)
   在 System.Xml.Linq.XElement.Load(String uri, LoadOptions options)
   在 System.Xml.Linq.XElement.Load(String uri)
   在 VBI.BusinessLogic.Config.ParseFile(String fileName)
   在 AI.VisualDesigner.TestCases.AssemblyProcess.Assembly_Initialize(TestContext testContext)
</StackTrace>
        </ErrorInfo>
      </Output>
    </UnitTestResult>
    <UnitTestResult executionId="4924e2d6-a89d-47d2-9f1b-456d5c53253f" testId="d5a9c774-19b2-b9aa-705a-ae6fbbf2ed21" testName="BarChart" computerName="UITEST-PC" startTime="2019-04-17T17:48:37.0608756+08:00" endTime="2019-04-17T17:48:37.0618407+08:00" testType="13cdc9d9-ddb5-4fa4-a97d-d965ccfc6d4b" outcome="Failed" testListId="8c84fa94-04c1-424b-9868-57a2d4851a1d" relativeResultsDirectory="4924e2d6-a89d-47d2-9f1b-456d5c53253f">
      <Output>
        <ErrorInfo>
          <Message>Assembly Initialization method AI.VisualDesigner.TestCases.AssemblyProcess.Assembly_Initialize threw exception. System.IO.FileNotFoundException: System.IO.FileNotFoundException: 未能找到文件“D:\Jenkins\workspace\Vbi5Client-Release\UITest_UITEST-PC 2019-04-17 17_48_36\Out\Config.xml”。. Aborting test execution.</Message>
          <StackTrace>    在 System.IO.__Error.WinIOError(Int32 errorCode, String maybeFullPath)
   在 System.IO.FileStream.Init(String path, FileMode mode, FileAccess access, Int32 rights, Boolean useRights, FileShare share, Int32 bufferSize, FileOptions options, SECURITY_ATTRIBUTES secAttrs, String msgPath, Boolean bFromProxy, Boolean useLongPath, Boolean checkHost)
   在 System.IO.FileStream..ctor(String path, FileMode mode, FileAccess access, FileShare share, Int32 bufferSize)
   在 System.Xml.XmlDownloadManager.GetStream(Uri uri, ICredentials credentials, IWebProxy proxy, RequestCachePolicy cachePolicy)
   在 System.Xml.XmlUrlResolver.GetEntity(Uri absoluteUri, String role, Type ofObjectToReturn)
   在 System.Xml.XmlTextReaderImpl.FinishInitUriString()
   在 System.Xml.XmlTextReaderImpl..ctor(String uriStr, XmlReaderSettings settings, XmlParserContext context, XmlResolver uriResolver)
   在 System.Xml.XmlReaderSettings.CreateReader(String inputUri, XmlParserContext inputContext)
   在 System.Xml.XmlReader.Create(String inputUri, XmlReaderSettings settings, XmlParserContext inputContext)
   在 System.Xml.Linq.XElement.Load(String uri, LoadOptions options)
   在 System.Xml.Linq.XElement.Load(String uri)
   在 VBI.BusinessLogic.Config.ParseFile(String fileName)
   在 AI.VisualDesigner.TestCases.AssemblyProcess.Assembly_Initialize(TestContext testContext)
</StackTrace>
        </ErrorInfo>
      </Output>
    </UnitTestResult>
    <UnitTestResult executionId="bf7b523b-ee54-4631-99e0-fc8a3704dd12" testId="cbb5792a-357e-4930-b156-7d2ed16d3e7a" testName="BarChart1" computerName="UITEST-PC" startTime="2019-04-17T17:48:37.0638602+08:00" endTime="2019-04-17T17:48:37.0658759+08:00" testType="13cdc9d9-ddb5-4fa4-a97d-d965ccfc6d4b" outcome="Failed" testListId="8c84fa94-04c1-424b-9868-57a2d4851a1d" relativeResultsDirectory="bf7b523b-ee54-4631-99e0-fc8a3704dd12">
      <Output>
        <ErrorInfo>
          <Message>Assembly Initialization method AI.VisualDesigner.TestCases.AssemblyProcess.Assembly_Initialize threw exception. System.IO.FileNotFoundException: System.IO.FileNotFoundException: 未能找到文件“D:\Jenkins\workspace\Vbi5Client-Release\UITest_UITEST-PC 2019-04-17 17_48_36\Out\Config.xml”。. Aborting test execution.</Message>
          <StackTrace>    在 System.IO.__Error.WinIOError(Int32 errorCode, String maybeFullPath)
   在 System.IO.FileStream.Init(String path, FileMode mode, FileAccess access, Int32 rights, Boolean useRights, FileShare share, Int32 bufferSize, FileOptions options, SECURITY_ATTRIBUTES secAttrs, String msgPath, Boolean bFromProxy, Boolean useLongPath, Boolean checkHost)
   在 System.IO.FileStream..ctor(String path, FileMode mode, FileAccess access, FileShare share, Int32 bufferSize)
   在 System.Xml.XmlDownloadManager.GetStream(Uri uri, ICredentials credentials, IWebProxy proxy, RequestCachePolicy cachePolicy)
   在 System.Xml.XmlUrlResolver.GetEntity(Uri absoluteUri, String role, Type ofObjectToReturn)
   在 System.Xml.XmlTextReaderImpl.FinishInitUriString()
   在 System.Xml.XmlTextReaderImpl..ctor(String uriStr, XmlReaderSettings settings, XmlParserContext context, XmlResolver uriResolver)
   在 System.Xml.XmlReaderSettings.CreateReader(String inputUri, XmlParserContext inputContext)
   在 System.Xml.XmlReader.Create(String inputUri, XmlReaderSettings settings, XmlParserContext inputContext)
   在 System.Xml.Linq.XElement.Load(String uri, LoadOptions options)
   在 System.Xml.Linq.XElement.Load(String uri)
   在 VBI.BusinessLogic.Config.ParseFile(String fileName)
   在 AI.VisualDesigner.TestCases.AssemblyProcess.Assembly_Initialize(TestContext testContext)
</StackTrace>
        </ErrorInfo>
      </Output>
    </UnitTestResult>
    <UnitTestResult executionId="c94acbfe-a068-4d7d-af95-003b50fec701" testId="a04939d6-5c46-c0e0-075c-0e0c895d115b" testName="BarStackChart" computerName="UITEST-PC" startTime="2019-04-17T17:48:37.0678734+08:00" endTime="2019-04-17T17:48:37.0679435+08:00" testType="13cdc9d9-ddb5-4fa4-a97d-d965ccfc6d4b" outcome="Failed" testListId="8c84fa94-04c1-424b-9868-57a2d4851a1d" relativeResultsDirectory="c94acbfe-a068-4d7d-af95-003b50fec701">
      <Output>
        <ErrorInfo>
          <Message>Assembly Initialization method AI.VisualDesigner.TestCases.AssemblyProcess.Assembly_Initialize threw exception. System.IO.FileNotFoundException: System.IO.FileNotFoundException: 未能找到文件“D:\Jenkins\workspace\Vbi5Client-Release\UITest_UITEST-PC 2019-04-17 17_48_36\Out\Config.xml”。. Aborting test execution.</Message>
          <StackTrace>    在 System.IO.__Error.WinIOError(Int32 errorCode, String maybeFullPath)
   在 System.IO.FileStream.Init(String path, FileMode mode, FileAccess access, Int32 rights, Boolean useRights, FileShare share, Int32 bufferSize, FileOptions options, SECURITY_ATTRIBUTES secAttrs, String msgPath, Boolean bFromProxy, Boolean useLongPath, Boolean checkHost)
   在 System.IO.FileStream..ctor(String path, FileMode mode, FileAccess access, FileShare share, Int32 bufferSize)
   在 System.Xml.XmlDownloadManager.GetStream(Uri uri, ICredentials credentials, IWebProxy proxy, RequestCachePolicy cachePolicy)
   在 System.Xml.XmlUrlResolver.GetEntity(Uri absoluteUri, String role, Type ofObjectToReturn)
   在 System.Xml.XmlTextReaderImpl.FinishInitUriString()
   在 System.Xml.XmlTextReaderImpl..ctor(String uriStr, XmlReaderSettings settings, XmlParserContext context, XmlResolver uriResolver)
   在 System.Xml.XmlReaderSettings.CreateReader(String inputUri, XmlParserContext inputContext)
   在 System.Xml.XmlReader.Create(String inputUri, XmlReaderSettings settings, XmlParserContext inputContext)
   在 System.Xml.Linq.XElement.Load(String uri, LoadOptions options)
   在 System.Xml.Linq.XElement.Load(String uri)
   在 VBI.BusinessLogic.Config.ParseFile(String fileName)
   在 AI.VisualDesigner.TestCases.AssemblyProcess.Assembly_Initialize(TestContext testContext)
</StackTrace>
        </ErrorInfo>
      </Output>
    </UnitTestResult>
    <UnitTestResult executionId="159f6dcd-e7cd-4c3c-a12c-c8e3714619ab" testId="7959ebcb-83bc-77db-0f38-20c942440438" testName="BrokenLineChart" computerName="UITEST-PC" startTime="2019-04-17T17:48:37.0679435+08:00" endTime="2019-04-17T17:48:37.0679435+08:00" testType="13cdc9d9-ddb5-4fa4-a97d-d965ccfc6d4b" outcome="Failed" testListId="8c84fa94-04c1-424b-9868-57a2d4851a1d" relativeResultsDirectory="159f6dcd-e7cd-4c3c-a12c-c8e3714619ab">
      <Output>
        <ErrorInfo>
          <Message>Assembly Initialization method AI.VisualDesigner.TestCases.AssemblyProcess.Assembly_Initialize threw exception. System.IO.FileNotFoundException: System.IO.FileNotFoundException: 未能找到文件“D:\Jenkins\workspace\Vbi5Client-Release\UITest_UITEST-PC 2019-04-17 17_48_36\Out\Config.xml”。. Aborting test execution.</Message>
          <StackTrace>    在 System.IO.__Error.WinIOError(Int32 errorCode, String maybeFullPath)
   在 System.IO.FileStream.Init(String path, FileMode mode, FileAccess access, Int32 rights, Boolean useRights, FileShare share, Int32 bufferSize, FileOptions options, SECURITY_ATTRIBUTES secAttrs, String msgPath, Boolean bFromProxy, Boolean useLongPath, Boolean checkHost)
   在 System.IO.FileStream..ctor(String path, FileMode mode, FileAccess access, FileShare share, Int32 bufferSize)
   在 System.Xml.XmlDownloadManager.GetStream(Uri uri, ICredentials credentials, IWebProxy proxy, RequestCachePolicy cachePolicy)
   在 System.Xml.XmlUrlResolver.GetEntity(Uri absoluteUri, String role, Type ofObjectToReturn)
   在 System.Xml.XmlTextReaderImpl.FinishInitUriString()
   在 System.Xml.XmlTextReaderImpl..ctor(String uriStr, XmlReaderSettings settings, XmlParserContext context, XmlResolver uriResolver)
   在 System.Xml.XmlReaderSettings.CreateReader(String inputUri, XmlParserContext inputContext)
   在 System.Xml.XmlReader.Create(String inputUri, XmlReaderSettings settings, XmlParserContext inputContext)
   在 System.Xml.Linq.XElement.Load(String uri, LoadOptions options)
   在 System.Xml.Linq.XElement.Load(String uri)
   在 VBI.BusinessLogic.Config.ParseFile(String fileName)
   在 AI.VisualDesigner.TestCases.AssemblyProcess.Assembly_Initialize(TestContext testContext)
</StackTrace>
        </ErrorInfo>
      </Output>
    </UnitTestResult>
    <UnitTestResult executionId="403a1024-6bb2-4d6a-89f0-24e1780fcad5" testId="5b06e613-4d9b-5b9a-2b72-0ab1ee433d65" testName="BubbleChart" computerName="UITEST-PC" startTime="2019-04-17T17:48:37.0679435+08:00" endTime="2019-04-17T17:48:37.0679435+08:00" testType="13cdc9d9-ddb5-4fa4-a97d-d965ccfc6d4b" outcome="Failed" testListId="8c84fa94-04c1-424b-9868-57a2d4851a1d" relativeResultsDirectory="403a1024-6bb2-4d6a-89f0-24e1780fcad5">
      <Output>
        <ErrorInfo>
          <Message>Assembly Initialization method AI.VisualDesigner.TestCases.AssemblyProcess.Assembly_Initialize threw exception. System.IO.FileNotFoundException: System.IO.FileNotFoundException: 未能找到文件“D:\Jenkins\workspace\Vbi5Client-Release\UITest_UITEST-PC 2019-04-17 17_48_36\Out\Config.xml”。. Aborting test execution.</Message>
          <StackTrace>    在 System.IO.__Error.WinIOError(Int32 errorCode, String maybeFullPath)
   在 System.IO.FileStream.Init(String path, FileMode mode, FileAccess access, Int32 rights, Boolean useRights, FileShare share, Int32 bufferSize, FileOptions options, SECURITY_ATTRIBUTES secAttrs, String msgPath, Boolean bFromProxy, Boolean useLongPath, Boolean checkHost)
   在 System.IO.FileStream..ctor(String path, FileMode mode, FileAccess access, FileShare share, Int32 bufferSize)
   在 System.Xml.XmlDownloadManager.GetStream(Uri uri, ICredentials credentials, IWebProxy proxy, RequestCachePolicy cachePolicy)
   在 System.Xml.XmlUrlResolver.GetEntity(Uri absoluteUri, String role, Type ofObjectToReturn)
   在 System.Xml.XmlTextReaderImpl.FinishInitUriString()
   在 System.Xml.XmlTextReaderImpl..ctor(String uriStr, XmlReaderSettings settings, XmlParserContext context, XmlResolver uriResolver)
   在 System.Xml.XmlReaderSettings.CreateReader(String inputUri, XmlParserContext inputContext)
   在 System.Xml.XmlReader.Create(String inputUri, XmlReaderSettings settings, XmlParserContext inputContext)
   在 System.Xml.Linq.XElement.Load(String uri, LoadOptions options)
   在 System.Xml.Linq.XElement.Load(String uri)
   在 VBI.BusinessLogic.Config.ParseFile(String fileName)
   在 AI.VisualDesigner.TestCases.AssemblyProcess.Assembly_Initialize(TestContext testContext)
</StackTrace>
        </ErrorInfo>
      </Output>
    </UnitTestResult>
    <UnitTestResult executionId="440436ff-0f8b-4664-9f61-4719474bbee5" testId="4a1a72ee-71c3-b875-ba77-9fea48c6a263" testName="Chord" computerName="UITEST-PC" startTime="2019-04-17T17:48:37.0679435+08:00" endTime="2019-04-17T17:48:37.0679435+08:00" testType="13cdc9d9-ddb5-4fa4-a97d-d965ccfc6d4b" outcome="Failed" testListId="8c84fa94-04c1-424b-9868-57a2d4851a1d" relativeResultsDirectory="440436ff-0f8b-4664-9f61-4719474bbee5">
      <Output>
        <ErrorInfo>
          <Message>Assembly Initialization method AI.VisualDesigner.TestCases.AssemblyProcess.Assembly_Initialize threw exception. System.IO.FileNotFoundException: System.IO.FileNotFoundException: 未能找到文件“D:\Jenkins\workspace\Vbi5Client-Release\UITest_UITEST-PC 2019-04-17 17_48_36\Out\Config.xml”。. Aborting test execution.</Message>
          <StackTrace>    在 System.IO.__Error.WinIOError(Int32 errorCode, String maybeFullPath)
   在 System.IO.FileStream.Init(String path, FileMode mode, FileAccess access, Int32 rights, Boolean useRights, FileShare share, Int32 bufferSize, FileOptions options, SECURITY_ATTRIBUTES secAttrs, String msgPath, Boolean bFromProxy, Boolean useLongPath, Boolean checkHost)
   在 System.IO.FileStream..ctor(String path, FileMode mode, FileAccess access, FileShare share, Int32 bufferSize)
   在 System.Xml.XmlDownloadManager.GetStream(Uri uri, ICredentials credentials, IWebProxy proxy, RequestCachePolicy cachePolicy)
   在 System.Xml.XmlUrlResolver.GetEntity(Uri absoluteUri, String role, Type ofObjectToReturn)
   在 System.Xml.XmlTextReaderImpl.FinishInitUriString()
   在 System.Xml.XmlTextReaderImpl..ctor(String uriStr, XmlReaderSettings settings, XmlParserContext context, XmlResolver uriResolver)
   在 System.Xml.XmlReaderSettings.CreateReader(String inputUri, XmlParserContext inputContext)
   在 System.Xml.XmlReader.Create(String inputUri, XmlReaderSettings settings, XmlParserContext inputContext)
   在 System.Xml.Linq.XElement.Load(String uri, LoadOptions options)
   在 System.Xml.Linq.XElement.Load(String uri)
   在 VBI.BusinessLogic.Config.ParseFile(String fileName)
   在 AI.VisualDesigner.TestCases.AssemblyProcess.Assembly_Initialize(TestContext testContext)
</StackTrace>
        </ErrorInfo>
      </Output>
    </UnitTestResult>
    <UnitTestResult executionId="a6f97ac9-d14a-4dae-8a82-c3c87c955953" testId="ea7fa326-4e0a-453b-5e29-0276737b91f3" testName="Chord1" computerName="UITEST-PC" startTime="2019-04-17T17:48:37.0679435+08:00" endTime="2019-04-17T17:48:37.0679435+08:00" testType="13cdc9d9-ddb5-4fa4-a97d-d965ccfc6d4b" outcome="Failed" testListId="8c84fa94-04c1-424b-9868-57a2d4851a1d" relativeResultsDirectory="a6f97ac9-d14a-4dae-8a82-c3c87c955953">
      <Output>
        <ErrorInfo>
          <Message>Assembly Initialization method AI.VisualDesigner.TestCases.AssemblyProcess.Assembly_Initialize threw exception. System.IO.FileNotFoundException: System.IO.FileNotFoundException: 未能找到文件“D:\Jenkins\workspace\Vbi5Client-Release\UITest_UITEST-PC 2019-04-17 17_48_36\Out\Config.xml”。. Aborting test execution.</Message>
          <StackTrace>    在 System.IO.__Error.WinIOError(Int32 errorCode, String maybeFullPath)
   在 System.IO.FileStream.Init(String path, FileMode mode, FileAccess access, Int32 rights, Boolean useRights, FileShare share, Int32 bufferSize, FileOptions options, SECURITY_ATTRIBUTES secAttrs, String msgPath, Boolean bFromProxy, Boolean useLongPath, Boolean checkHost)
   在 System.IO.FileStream..ctor(String path, FileMode mode, FileAccess access, FileShare share, Int32 bufferSize)
   在 System.Xml.XmlDownloadManager.GetStream(Uri uri, ICredentials credentials, IWebProxy proxy, RequestCachePolicy cachePolicy)
   在 System.Xml.XmlUrlResolver.GetEntity(Uri absoluteUri, String role, Type ofObjectToReturn)
   在 System.Xml.XmlTextReaderImpl.FinishInitUriString()
   在 System.Xml.XmlTextReaderImpl..ctor(String uriStr, XmlReaderSettings settings, XmlParserContext context, XmlResolver uriResolver)
   在 System.Xml.XmlReaderSettings.CreateReader(String inputUri, XmlParserContext inputContext)
   在 System.Xml.XmlReader.Create(String inputUri, XmlReaderSettings settings, XmlParserContext inputContext)
   在 System.Xml.Linq.XElement.Load(String uri, LoadOptions options)
   在 System.Xml.Linq.XElement.Load(String uri)
   在 VBI.BusinessLogic.Config.ParseFile(String fileName)
   在 AI.VisualDesigner.TestCases.AssemblyProcess.Assembly_Initialize(TestContext testContext)
</StackTrace>
        </ErrorInfo>
      </Output>
    </UnitTestResult>
    <UnitTestResult executionId="2d469e27-c452-4279-8deb-73cc85db19e5" testId="c76c9034-4743-25ac-39ba-828d9c1d3230" testName="CombineChart" computerName="UITEST-PC" startTime="2019-04-17T17:48:37.0679435+08:00" endTime="2019-04-17T17:48:37.0835927+08:00" testType="13cdc9d9-ddb5-4fa4-a97d-d965ccfc6d4b" outcome="Failed" testListId="8c84fa94-04c1-424b-9868-57a2d4851a1d" relativeResultsDirectory="2d469e27-c452-4279-8deb-73cc85db19e5">
      <Output>
        <ErrorInfo>
          <Message>Assembly Initialization method AI.VisualDesigner.TestCases.AssemblyProcess.Assembly_Initialize threw exception. System.IO.FileNotFoundException: System.IO.FileNotFoundException: 未能找到文件“D:\Jenkins\workspace\Vbi5Client-Release\UITest_UITEST-PC 2019-04-17 17_48_36\Out\Config.xml”。. Aborting test execution.</Message>
          <StackTrace>    在 System.IO.__Error.WinIOError(Int32 errorCode, String maybeFullPath)
   在 System.IO.FileStream.Init(String path, FileMode mode, FileAccess access, Int32 rights, Boolean useRights, FileShare share, Int32 bufferSize, FileOptions options, SECURITY_ATTRIBUTES secAttrs, String msgPath, Boolean bFromProxy, Boolean useLongPath, Boolean checkHost)
   在 System.IO.FileStream..ctor(String path, FileMode mode, FileAccess access, FileShare share, Int32 bufferSize)
   在 System.Xml.XmlDownloadManager.GetStream(Uri uri, ICredentials credentials, IWebProxy proxy, RequestCachePolicy cachePolicy)
   在 System.Xml.XmlUrlResolver.GetEntity(Uri absoluteUri, String role, Type ofObjectToReturn)
   在 System.Xml.XmlTextReaderImpl.FinishInitUriString()
   在 System.Xml.XmlTextReaderImpl..ctor(String uriStr, XmlReaderSettings settings, XmlParserContext context, XmlResolver uriResolver)
   在 System.Xml.XmlReaderSettings.CreateReader(String inputUri, XmlParserContext inputContext)
   在 System.Xml.XmlReader.Create(String inputUri, XmlReaderSettings settings, XmlParserContext inputContext)
   在 System.Xml.Linq.XElement.Load(String uri, LoadOptions options)
   在 System.Xml.Linq.XElement.Load(String uri)
   在 VBI.BusinessLogic.Config.ParseFile(String fileName)
   在 AI.VisualDesigner.TestCases.AssemblyProcess.Assembly_Initialize(TestContext testContext)
</StackTrace>
        </ErrorInfo>
      </Output>
    </UnitTestResult>
    <UnitTestResult executionId="7e41642e-768d-4761-b0dc-a98d99ae1902" testId="a74baa9d-263e-8c97-58a6-b8806704a37a" testName="CombineChart1" computerName="UITEST-PC" startTime="2019-04-17T17:48:37.0835927+08:00" endTime="2019-04-17T17:48:37.0835927+08:00" testType="13cdc9d9-ddb5-4fa4-a97d-d965ccfc6d4b" outcome="Failed" testListId="8c84fa94-04c1-424b-9868-57a2d4851a1d" relativeResultsDirectory="7e41642e-768d-4761-b0dc-a98d99ae1902">
      <Output>
        <ErrorInfo>
          <Message>Assembly Initialization method AI.VisualDesigner.TestCases.AssemblyProcess.Assembly_Initialize threw exception. System.IO.FileNotFoundException: System.IO.FileNotFoundException: 未能找到文件“D:\Jenkins\workspace\Vbi5Client-Release\UITest_UITEST-PC 2019-04-17 17_48_36\Out\Config.xml”。. Aborting test execution.</Message>
          <StackTrace>    在 System.IO.__Error.WinIOError(Int32 errorCode, String maybeFullPath)
   在 System.IO.FileStream.Init(String path, FileMode mode, FileAccess access, Int32 rights, Boolean useRights, FileShare share, Int32 bufferSize, FileOptions options, SECURITY_ATTRIBUTES secAttrs, String msgPath, Boolean bFromProxy, Boolean useLongPath, Boolean checkHost)
   在 System.IO.FileStream..ctor(String path, FileMode mode, FileAccess access, FileShare share, Int32 bufferSize)
   在 System.Xml.XmlDownloadManager.GetStream(Uri uri, ICredentials credentials, IWebProxy proxy, RequestCachePolicy cachePolicy)
   在 System.Xml.XmlUrlResolver.GetEntity(Uri absoluteUri, String role, Type ofObjectToReturn)
   在 System.Xml.XmlTextReaderImpl.FinishInitUriString()
   在 System.Xml.XmlTextReaderImpl..ctor(String uriStr, XmlReaderSettings settings, XmlParserContext context, XmlResolver uriResolver)
   在 System.Xml.XmlReaderSettings.CreateReader(String inputUri, XmlParserContext inputContext)
   在 System.Xml.XmlReader.Create(String inputUri, XmlReaderSettings settings, XmlParserContext inputContext)
   在 System.Xml.Linq.XElement.Load(String uri, LoadOptions options)
   在 System.Xml.Linq.XElement.Load(String uri)
   在 VBI.BusinessLogic.Config.ParseFile(String fileName)
   在 AI.VisualDesigner.TestCases.AssemblyProcess.Assembly_Initialize(TestContext testContext)
</StackTrace>
        </ErrorInfo>
      </Output>
    </UnitTestResult>
    <UnitTestResult executionId="64a3e1c0-08ca-4c97-94f3-d1771326bdd8" testId="ebc7cce0-df61-e181-46dc-b2c5b48f650f" testName="CombineChartAnalyze" computerName="UITEST-PC" startTime="2019-04-17T17:48:37.0835927+08:00" endTime="2019-04-17T17:48:37.0835927+08:00" testType="13cdc9d9-ddb5-4fa4-a97d-d965ccfc6d4b" outcome="Failed" testListId="8c84fa94-04c1-424b-9868-57a2d4851a1d" relativeResultsDirectory="64a3e1c0-08ca-4c97-94f3-d1771326bdd8">
      <Output>
        <ErrorInfo>
          <Message>Assembly Initialization method AI.VisualDesigner.TestCases.AssemblyProcess.Assembly_Initialize threw exception. System.IO.FileNotFoundException: System.IO.FileNotFoundException: 未能找到文件“D:\Jenkins\workspace\Vbi5Client-Release\UITest_UITEST-PC 2019-04-17 17_48_36\Out\Config.xml”。. Aborting test execution.</Message>
          <StackTrace>    在 System.IO.__Error.WinIOError(Int32 errorCode, String maybeFullPath)
   在 System.IO.FileStream.Init(String path, FileMode mode, FileAccess access, Int32 rights, Boolean useRights, FileShare share, Int32 bufferSize, FileOptions options, SECURITY_ATTRIBUTES secAttrs, String msgPath, Boolean bFromProxy, Boolean useLongPath, Boolean checkHost)
   在 System.IO.FileStream..ctor(String path, FileMode mode, FileAccess access, FileShare share, Int32 bufferSize)
   在 System.Xml.XmlDownloadManager.GetStream(Uri uri, ICredentials credentials, IWebProxy proxy, RequestCachePolicy cachePolicy)
   在 System.Xml.XmlUrlResolver.GetEntity(Uri absoluteUri, String role, Type ofObjectToReturn)
   在 System.Xml.XmlTextReaderImpl.FinishInitUriString()
   在 System.Xml.XmlTextReaderImpl..ctor(String uriStr, XmlReaderSettings settings, XmlParserContext context, XmlResolver uriResolver)
   在 System.Xml.XmlReaderSettings.CreateReader(String inputUri, XmlParserContext inputContext)
   在 System.Xml.XmlReader.Create(String inputUri, XmlReaderSettings settings, XmlParserContext inputContext)
   在 System.Xml.Linq.XElement.Load(String uri, LoadOptions options)
   在 System.Xml.Linq.XElement.Load(String uri)
   在 VBI.BusinessLogic.Config.ParseFile(String fileName)
   在 AI.VisualDesigner.TestCases.AssemblyProcess.Assembly_Initialize(TestContext testContext)
</StackTrace>
        </ErrorInfo>
      </Output>
    </UnitTestResult>
    <UnitTestResult executionId="15a2bfe0-3e78-4fd9-b256-5bc132e7c133" testId="f8be4eaa-9cc3-7500-4d9b-45b0edff3f73" testName="CombineChartLegend" computerName="UITEST-PC" startTime="2019-04-17T17:48:37.0835927+08:00" endTime="2019-04-17T17:48:37.0835927+08:00" testType="13cdc9d9-ddb5-4fa4-a97d-d965ccfc6d4b" outcome="Failed" testListId="8c84fa94-04c1-424b-9868-57a2d4851a1d" relativeResultsDirectory="15a2bfe0-3e78-4fd9-b256-5bc132e7c133">
      <Output>
        <ErrorInfo>
          <Message>Assembly Initialization method AI.VisualDesigner.TestCases.AssemblyProcess.Assembly_Initialize threw exception. System.IO.FileNotFoundException: System.IO.FileNotFoundException: 未能找到文件“D:\Jenkins\workspace\Vbi5Client-Release\UITest_UITEST-PC 2019-04-17 17_48_36\Out\Config.xml”。. Aborting test execution.</Message>
          <StackTrace>    在 System.IO.__Error.WinIOError(Int32 errorCode, String maybeFullPath)
   在 System.IO.FileStream.Init(String path, FileMode mode, FileAccess access, Int32 rights, Boolean useRights, FileShare share, Int32 bufferSize, FileOptions options, SECURITY_ATTRIBUTES secAttrs, String msgPath, Boolean bFromProxy, Boolean useLongPath, Boolean checkHost)
   在 System.IO.FileStream..ctor(String path, FileMode mode, FileAccess access, FileShare share, Int32 bufferSize)
   在 System.Xml.XmlDownloadManager.GetStream(Uri uri, ICredentials credentials, IWebProxy proxy, RequestCachePolicy cachePolicy)
   在 System.Xml.XmlUrlResolver.GetEntity(Uri absoluteUri, String role, Type ofObjectToReturn)
   在 System.Xml.XmlTextReaderImpl.FinishInitUriString()
   在 System.Xml.XmlTextReaderImpl..ctor(String uriStr, XmlReaderSettings settings, XmlParserContext context, XmlResolver uriResolver)
   在 System.Xml.XmlReaderSettings.CreateReader(String inputUri, XmlParserContext inputContext)
   在 System.Xml.XmlReader.Create(String inputUri, XmlReaderSettings settings, XmlParserContext inputContext)
   在 System.Xml.Linq.XElement.Load(String uri, LoadOptions options)
   在 System.Xml.Linq.XElement.Load(String uri)
   在 VBI.BusinessLogic.Config.ParseFile(String fileName)
   在 AI.VisualDesigner.TestCases.AssemblyProcess.Assembly_Initialize(TestContext testContext)
</StackTrace>
        </ErrorInfo>
      </Output>
    </UnitTestResult>
    <UnitTestResult executionId="403e430e-1ae3-46dc-b5f8-fcffe0aff48e" testId="2ef9be58-e29a-1384-fa3c-0d81095a6364" testName="Curve" computerName="UITEST-PC" startTime="2019-04-17T17:48:37.0835927+08:00" endTime="2019-04-17T17:48:37.0835927+08:00" testType="13cdc9d9-ddb5-4fa4-a97d-d965ccfc6d4b" outcome="Failed" testListId="8c84fa94-04c1-424b-9868-57a2d4851a1d" relativeResultsDirectory="403e430e-1ae3-46dc-b5f8-fcffe0aff48e">
      <Output>
        <ErrorInfo>
          <Message>Assembly Initialization method AI.VisualDesigner.TestCases.AssemblyProcess.Assembly_Initialize threw exception. System.IO.FileNotFoundException: System.IO.FileNotFoundException: 未能找到文件“D:\Jenkins\workspace\Vbi5Client-Release\UITest_UITEST-PC 2019-04-17 17_48_36\Out\Config.xml”。. Aborting test execution.</Message>
          <StackTrace>    在 System.IO.__Error.WinIOError(Int32 errorCode, String maybeFullPath)
   在 System.IO.FileStream.Init(String path, FileMode mode, FileAccess access, Int32 rights, Boolean useRights, FileShare share, Int32 bufferSize, FileOptions options, SECURITY_ATTRIBUTES secAttrs, String msgPath, Boolean bFromProxy, Boolean useLongPath, Boolean checkHost)
   在 System.IO.FileStream..ctor(String path, FileMode mode, FileAccess access, FileShare share, Int32 bufferSize)
   在 System.Xml.XmlDownloadManager.GetStream(Uri uri, ICredentials credentials, IWebProxy proxy, RequestCachePolicy cachePolicy)
   在 System.Xml.XmlUrlResolver.GetEntity(Uri absoluteUri, String role, Type ofObjectToReturn)
   在 System.Xml.XmlTextReaderImpl.FinishInitUriString()
   在 System.Xml.XmlTextReaderImpl..ctor(String uriStr, XmlReaderSettings settings, XmlParserContext context, XmlResolver uriResolver)
   在 System.Xml.XmlReaderSettings.CreateReader(String inputUri, XmlParserContext inputContext)
   在 System.Xml.XmlReader.Create(String inputUri, XmlReaderSettings settings, XmlParserContext inputContext)
   在 System.Xml.Linq.XElement.Load(String uri, LoadOptions options)
   在 System.Xml.Linq.XElement.Load(String uri)
   在 VBI.BusinessLogic.Config.ParseFile(String fileName)
   在 AI.VisualDesigner.TestCases.AssemblyProcess.Assembly_Initialize(TestContext testContext)
</StackTrace>
        </ErrorInfo>
      </Output>
    </UnitTestResult>
    <UnitTestResult executionId="c056398b-f699-4dfa-a76a-7d97f173b183" testId="27b52298-1eba-f4fa-1d00-f1ffe51aabd5" testName="FunnelChart" computerName="UITEST-PC" startTime="2019-04-17T17:48:37.0835927+08:00" endTime="2019-04-17T17:48:37.0992133+08:00" testType="13cdc9d9-ddb5-4fa4-a97d-d965ccfc6d4b" outcome="Failed" testListId="8c84fa94-04c1-424b-9868-57a2d4851a1d" relativeResultsDirectory="c056398b-f699-4dfa-a76a-7d97f173b183">
      <Output>
        <ErrorInfo>
          <Message>Assembly Initialization method AI.VisualDesigner.TestCases.AssemblyProcess.Assembly_Initialize threw exception. System.IO.FileNotFoundException: System.IO.FileNotFoundException: 未能找到文件“D:\Jenkins\workspace\Vbi5Client-Release\UITest_UITEST-PC 2019-04-17 17_48_36\Out\Config.xml”。. Aborting test execution.</Message>
          <StackTrace>    在 System.IO.__Error.WinIOError(Int32 errorCode, String maybeFullPath)
   在 System.IO.FileStream.Init(String path, FileMode mode, FileAccess access, Int32 rights, Boolean useRights, FileShare share, Int32 bufferSize, FileOptions options, SECURITY_ATTRIBUTES secAttrs, String msgPath, Boolean bFromProxy, Boolean useLongPath, Boolean checkHost)
   在 System.IO.FileStream..ctor(String path, FileMode mode, FileAccess access, FileShare share, Int32 bufferSize)
   在 System.Xml.XmlDownloadManager.GetStream(Uri uri, ICredentials credentials, IWebProxy proxy, RequestCachePolicy cachePolicy)
   在 System.Xml.XmlUrlResolver.GetEntity(Uri absoluteUri, String role, Type ofObjectToReturn)
   在 System.Xml.XmlTextReaderImpl.FinishInitUriString()
   在 System.Xml.XmlTextReaderImpl..ctor(String uriStr, XmlReaderSettings settings, XmlParserContext context, XmlResolver uriResolver)
   在 System.Xml.XmlReaderSettings.CreateReader(String inputUri, XmlParserContext inputContext)
   在 System.Xml.XmlReader.Create(String inputUri, XmlReaderSettings settings, XmlParserContext inputContext)
   在 System.Xml.Linq.XElement.Load(String uri, LoadOptions options)
   在 System.Xml.Linq.XElement.Load(String uri)
   在 VBI.BusinessLogic.Config.ParseFile(String fileName)
   在 AI.VisualDesigner.TestCases.AssemblyProcess.Assembly_Initialize(TestContext testContext)
</StackTrace>
        </ErrorInfo>
      </Output>
    </UnitTestResult>
    <UnitTestResult executionId="b36c1949-0cc8-4381-a9bc-8d4df85c7f38" testId="bc7789f9-83ba-7350-23e5-e38509200b68" testName="LineShapeChart" computerName="UITEST-PC" startTime="2019-04-17T17:48:37.0992133+08:00" endTime="2019-04-17T17:48:37.0992133+08:00" testType="13cdc9d9-ddb5-4fa4-a97d-d965ccfc6d4b" outcome="Failed" testListId="8c84fa94-04c1-424b-9868-57a2d4851a1d" relativeResultsDirectory="b36c1949-0cc8-4381-a9bc-8d4df85c7f38">
      <Output>
        <ErrorInfo>
          <Message>Assembly Initialization method AI.VisualDesigner.TestCases.AssemblyProcess.Assembly_Initialize threw exception. System.IO.FileNotFoundException: System.IO.FileNotFoundException: 未能找到文件“D:\Jenkins\workspace\Vbi5Client-Release\UITest_UITEST-PC 2019-04-17 17_48_36\Out\Config.xml”。. Aborting test execution.</Message>
          <StackTrace>    在 System.IO.__Error.WinIOError(Int32 errorCode, String maybeFullPath)
   在 System.IO.FileStream.Init(String path, FileMode mode, FileAccess access, Int32 rights, Boolean useRights, FileShare share, Int32 bufferSize, FileOptions options, SECURITY_ATTRIBUTES secAttrs, String msgPath, Boolean bFromProxy, Boolean useLongPath, Boolean checkHost)
   在 System.IO.FileStream..ctor(String path, FileMode mode, FileAccess access, FileShare share, Int32 bufferSize)
   在 System.Xml.XmlDownloadManager.GetStream(Uri uri, ICredentials credentials, IWebProxy proxy, RequestCachePolicy cachePolicy)
   在 System.Xml.XmlUrlResolver.GetEntity(Uri absoluteUri, String role, Type ofObjectToReturn)
   在 System.Xml.XmlTextReaderImpl.FinishInitUriString()
   在 System.Xml.XmlTextReaderImpl..ctor(String uriStr, XmlReaderSettings settings, XmlParserContext context, XmlResolver uriResolver)
   在 System.Xml.XmlReaderSettings.CreateReader(String inputUri, XmlParserContext inputContext)
   在 System.Xml.XmlReader.Create(String inputUri, XmlReaderSettings settings, XmlParserContext inputContext)
   在 System.Xml.Linq.XElement.Load(String uri, LoadOptions options)
   在 System.Xml.Linq.XElement.Load(String uri)
   在 VBI.BusinessLogic.Config.ParseFile(String fileName)
   在 AI.VisualDesigner.TestCases.AssemblyProcess.Assembly_Initialize(TestContext testContext)
</StackTrace>
        </ErrorInfo>
      </Output>
    </UnitTestResult>
    <UnitTestResult executionId="b2ee60d7-c403-4886-b34d-285b3dd42a58" testId="191d19d1-fbc7-b229-d8f1-7a360ba7164a" testName="LineShapeChartProperty" computerName="UITEST-PC" startTime="2019-04-17T17:48:37.0992133+08:00" endTime="2019-04-17T17:48:37.0992133+08:00" testType="13cdc9d9-ddb5-4fa4-a97d-d965ccfc6d4b" outcome="Failed" testListId="8c84fa94-04c1-424b-9868-57a2d4851a1d" relativeResultsDirectory="b2ee60d7-c403-4886-b34d-285b3dd42a58">
      <Output>
        <ErrorInfo>
          <Message>Assembly Initialization method AI.VisualDesigner.TestCases.AssemblyProcess.Assembly_Initialize threw exception. System.IO.FileNotFoundException: System.IO.FileNotFoundException: 未能找到文件“D:\Jenkins\workspace\Vbi5Client-Release\UITest_UITEST-PC 2019-04-17 17_48_36\Out\Config.xml”。. Aborting test execution.</Message>
          <StackTrace>    在 System.IO.__Error.WinIOError(Int32 errorCode, String maybeFullPath)
   在 System.IO.FileStream.Init(String path, FileMode mode, FileAccess access, Int32 rights, Boolean useRights, FileShare share, Int32 bufferSize, FileOptions options, SECURITY_ATTRIBUTES secAttrs, String msgPath, Boolean bFromProxy, Boolean useLongPath, Boolean checkHost)
   在 System.IO.FileStream..ctor(String path, FileMode mode, FileAccess access, FileShare share, Int32 bufferSize)
   在 System.Xml.XmlDownloadManager.GetStream(Uri uri, ICredentials credentials, IWebProxy proxy, RequestCachePolicy cachePolicy)
   在 System.Xml.XmlUrlResolver.GetEntity(Uri absoluteUri, String role, Type ofObjectToReturn)
   在 System.Xml.XmlTextReaderImpl.FinishInitUriString()
   在 System.Xml.XmlTextReaderImpl..ctor(String uriStr, XmlReaderSettings settings, XmlParserContext context, XmlResolver uriResolver)
   在 System.Xml.XmlReaderSettings.CreateReader(String inputUri, XmlParserContext inputContext)
   在 System.Xml.XmlReader.Create(String inputUri, XmlReaderSettings settings, XmlParserContext inputContext)
   在 System.Xml.Linq.XElement.Load(String uri, LoadOptions options)
   在 System.Xml.Linq.XElement.Load(String uri)
   在 VBI.BusinessLogic.Config.ParseFile(String fileName)
   在 AI.VisualDesigner.TestCases.AssemblyProcess.Assembly_Initialize(TestContext testContext)
</StackTrace>
        </ErrorInfo>
      </Output>
    </UnitTestResult>
    <UnitTestResult executionId="ff3d7afa-b982-455d-a300-dfe3d97697c1" testId="bc73bbf2-581e-3b4d-e437-ca1a47a9a860" testName="LineStackChart" computerName="UITEST-PC" startTime="2019-04-17T17:48:37.0992133+08:00" endTime="2019-04-17T17:48:37.0992133+08:00" testType="13cdc9d9-ddb5-4fa4-a97d-d965ccfc6d4b" outcome="Failed" testListId="8c84fa94-04c1-424b-9868-57a2d4851a1d" relativeResultsDirectory="ff3d7afa-b982-455d-a300-dfe3d97697c1">
      <Output>
        <ErrorInfo>
          <Message>Assembly Initialization method AI.VisualDesigner.TestCases.AssemblyProcess.Assembly_Initialize threw exception. System.IO.FileNotFoundException: System.IO.FileNotFoundException: 未能找到文件“D:\Jenkins\workspace\Vbi5Client-Release\UITest_UITEST-PC 2019-04-17 17_48_36\Out\Config.xml”。. Aborting test execution.</Message>
          <StackTrace>    在 System.IO.__Error.WinIOError(Int32 errorCode, String maybeFullPath)
   在 System.IO.FileStream.Init(String path, FileMode mode, FileAccess access, Int32 rights, Boolean useRights, FileShare share, Int32 bufferSize, FileOptions options, SECURITY_ATTRIBUTES secAttrs, String msgPath, Boolean bFromProxy, Boolean useLongPath, Boolean checkHost)
   在 System.IO.FileStream..ctor(String path, FileMode mode, FileAccess access, FileShare share, Int32 bufferSize)
   在 System.Xml.XmlDownloadManager.GetStream(Uri uri, ICredentials credentials, IWebProxy proxy, RequestCachePolicy cachePolicy)
   在 System.Xml.XmlUrlResolver.GetEntity(Uri absoluteUri, String role, Type ofObjectToReturn)
   在 System.Xml.XmlTextReaderImpl.FinishInitUriString()
   在 System.Xml.XmlTextReaderImpl..ctor(String uriStr, XmlReaderSettings settings, XmlParserContext context, XmlResolver uriResolver)
   在 System.Xml.XmlReaderSettings.CreateReader(String inputUri, XmlParserContext inputContext)
   在 System.Xml.XmlReader.Create(String inputUri, XmlReaderSettings settings, XmlParserContext inputContext)
   在 System.Xml.Linq.XElement.Load(String uri, LoadOptions options)
   在 System.Xml.Linq.XElement.Load(String uri)
   在 VBI.BusinessLogic.Config.ParseFile(String fileName)
   在 AI.VisualDesigner.TestCases.AssemblyProcess.Assembly_Initialize(TestContext testContext)
</StackTrace>
        </ErrorInfo>
      </Output>
    </UnitTestResult>
    <UnitTestResult executionId="bbe7eaf0-7916-4d66-8702-08a6a5e5176f" testId="c4a77516-893d-7db6-3f67-c30316a2a1f4" testName="MatrixHot" computerName="UITEST-PC" startTime="2019-04-17T17:48:37.0992133+08:00" endTime="2019-04-17T17:48:37.0992133+08:00" testType="13cdc9d9-ddb5-4fa4-a97d-d965ccfc6d4b" outcome="Failed" testListId="8c84fa94-04c1-424b-9868-57a2d4851a1d" relativeResultsDirectory="bbe7eaf0-7916-4d66-8702-08a6a5e5176f">
      <Output>
        <ErrorInfo>
          <Message>Assembly Initialization method AI.VisualDesigner.TestCases.AssemblyProcess.Assembly_Initialize threw exception. System.IO.FileNotFoundException: System.IO.FileNotFoundException: 未能找到文件“D:\Jenkins\workspace\Vbi5Client-Release\UITest_UITEST-PC 2019-04-17 17_48_36\Out\Config.xml”。. Aborting test execution.</Message>
          <StackTrace>    在 System.IO.__Error.WinIOError(Int32 errorCode, String maybeFullPath)
   在 System.IO.FileStream.Init(String path, FileMode mode, FileAccess access, Int32 rights, Boolean useRights, FileShare share, Int32 bufferSize, FileOptions options, SECURITY_ATTRIBUTES secAttrs, String msgPath, Boolean bFromProxy, Boolean useLongPath, Boolean checkHost)
   在 System.IO.FileStream..ctor(String path, FileMode mode, FileAccess access, FileShare share, Int32 bufferSize)
   在 System.Xml.XmlDownloadManager.GetStream(Uri uri, ICredentials credentials, IWebProxy proxy, RequestCachePolicy cachePolicy)
   在 System.Xml.XmlUrlResolver.GetEntity(Uri absoluteUri, String role, Type ofObjectToReturn)
   在 System.Xml.XmlTextReaderImpl.FinishInitUriString()
   在 System.Xml.XmlTextReaderImpl..ctor(String uriStr, XmlReaderSettings settings, XmlParserContext context, XmlResolver uriResolver)
   在 System.Xml.XmlReaderSettings.CreateReader(String inputUri, XmlParserContext inputContext)
   在 System.Xml.XmlReader.Create(String inputUri, XmlReaderSettings settings, XmlParserContext inputContext)
   在 System.Xml.Linq.XElement.Load(String uri, LoadOptions options)
   在 System.Xml.Linq.XElement.Load(String uri)
   在 VBI.BusinessLogic.Config.ParseFile(String fileName)
   在 AI.VisualDesigner.TestCases.AssemblyProcess.Assembly_Initialize(TestContext testContext)
</StackTrace>
        </ErrorInfo>
      </Output>
    </UnitTestResult>
    <UnitTestResult executionId="249d851b-6a26-489d-bda7-8069dee52a68" testId="dd47e35d-7a58-510c-0249-5e1f9be468e5" testName="MatrixHot1" computerName="UITEST-PC" startTime="2019-04-17T17:48:37.0992133+08:00" endTime="2019-04-17T17:48:37.0992133+08:00" testType="13cdc9d9-ddb5-4fa4-a97d-d965ccfc6d4b" outcome="Failed" testListId="8c84fa94-04c1-424b-9868-57a2d4851a1d" relativeResultsDirectory="249d851b-6a26-489d-bda7-8069dee52a68">
      <Output>
        <ErrorInfo>
          <Message>Assembly Initialization method AI.VisualDesigner.TestCases.AssemblyProcess.Assembly_Initialize threw exception. System.IO.FileNotFoundException: System.IO.FileNotFoundException: 未能找到文件“D:\Jenkins\workspace\Vbi5Client-Release\UITest_UITEST-PC 2019-04-17 17_48_36\Out\Config.xml”。. Aborting test execution.</Message>
          <StackTrace>    在 System.IO.__Error.WinIOError(Int32 errorCode, String maybeFullPath)
   在 System.IO.FileStream.Init(String path, FileMode mode, FileAccess access, Int32 rights, Boolean useRights, FileShare share, Int32 bufferSize, FileOptions options, SECURITY_ATTRIBUTES secAttrs, String msgPath, Boolean bFromProxy, Boolean useLongPath, Boolean checkHost)
   在 System.IO.FileStream..ctor(String path, FileMode mode, FileAccess access, FileShare share, Int32 bufferSize)
   在 System.Xml.XmlDownloadManager.GetStream(Uri uri, ICredentials credentials, IWebProxy proxy, RequestCachePolicy cachePolicy)
   在 System.Xml.XmlUrlResolver.GetEntity(Uri absoluteUri, String role, Type ofObjectToReturn)
   在 System.Xml.XmlTextReaderImpl.FinishInitUriString()
   在 System.Xml.XmlTextReaderImpl..ctor(String uriStr, XmlReaderSettings settings, XmlParserContext context, XmlResolver uriResolver)
   在 System.Xml.XmlReaderSettings.CreateReader(String inputUri, XmlParserContext inputContext)
   在 System.Xml.XmlReader.Create(String inputUri, XmlReaderSettings settings, XmlParserContext inputContext)
   在 System.Xml.Linq.XElement.Load(String uri, LoadOptions options)
   在 System.Xml.Linq.XElement.Load(String uri)
   在 VBI.BusinessLogic.Config.ParseFile(String fileName)
   在 AI.VisualDesigner.TestCases.AssemblyProcess.Assembly_Initialize(TestContext testContext)
</StackTrace>
        </ErrorInfo>
      </Output>
    </UnitTestResult>
    <UnitTestResult executionId="e33ce6df-5555-442e-810d-d9a4de0a2fd9" testId="f2a45ce4-8a07-f535-da29-394f30bec5fb" testName="OrderLine" computerName="UITEST-PC" startTime="2019-04-17T17:48:37.1148093+08:00" endTime="2019-04-17T17:48:37.1148093+08:00" testType="13cdc9d9-ddb5-4fa4-a97d-d965ccfc6d4b" outcome="Failed" testListId="8c84fa94-04c1-424b-9868-57a2d4851a1d" relativeResultsDirectory="e33ce6df-5555-442e-810d-d9a4de0a2fd9">
      <Output>
        <ErrorInfo>
          <Message>Assembly Initialization method AI.VisualDesigner.TestCases.AssemblyProcess.Assembly_Initialize threw exception. System.IO.FileNotFoundException: System.IO.FileNotFoundException: 未能找到文件“D:\Jenkins\workspace\Vbi5Client-Release\UITest_UITEST-PC 2019-04-17 17_48_36\Out\Config.xml”。. Aborting test execution.</Message>
          <StackTrace>    在 System.IO.__Error.WinIOError(Int32 errorCode, String maybeFullPath)
   在 System.IO.FileStream.Init(String path, FileMode mode, FileAccess access, Int32 rights, Boolean useRights, FileShare share, Int32 bufferSize, FileOptions options, SECURITY_ATTRIBUTES secAttrs, String msgPath, Boolean bFromProxy, Boolean useLongPath, Boolean checkHost)
   在 System.IO.FileStream..ctor(String path, FileMode mode, FileAccess access, FileShare share, Int32 bufferSize)
   在 System.Xml.XmlDownloadManager.GetStream(Uri uri, ICredentials credentials, IWebProxy proxy, RequestCachePolicy cachePolicy)
   在 System.Xml.XmlUrlResolver.GetEntity(Uri absoluteUri, String role, Type ofObjectToReturn)
   在 System.Xml.XmlTextReaderImpl.FinishInitUriString()
   在 System.Xml.XmlTextReaderImpl..ctor(String uriStr, XmlReaderSettings settings, XmlParserContext context, XmlResolver uriResolver)
   在 System.Xml.XmlReaderSettings.CreateReader(String inputUri, XmlParserContext inputContext)
   在 System.Xml.XmlReader.Create(String inputUri, XmlReaderSettings settings, XmlParserContext inputContext)
   在 System.Xml.Linq.XElement.Load(String uri, LoadOptions options)
   在 System.Xml.Linq.XElement.Load(String uri)
   在 VBI.BusinessLogic.Config.ParseFile(String fileName)
   在 AI.VisualDesigner.TestCases.AssemblyProcess.Assembly_Initialize(TestContext testContext)
</StackTrace>
        </ErrorInfo>
      </Output>
    </UnitTestResult>
    <UnitTestResult executionId="e3e7769f-629d-4841-a4b1-6a2ea3b2c004" testId="097155d7-10b7-ab22-151c-9fdb01cc6274" testName="PieChart" computerName="UITEST-PC" startTime="2019-04-17T17:48:37.1148093+08:00" endTime="2019-04-17T17:48:37.1148093+08:00" testType="13cdc9d9-ddb5-4fa4-a97d-d965ccfc6d4b" outcome="Failed" testListId="8c84fa94-04c1-424b-9868-57a2d4851a1d" relativeResultsDirectory="e3e7769f-629d-4841-a4b1-6a2ea3b2c004">
      <Output>
        <ErrorInfo>
          <Message>Assembly Initialization method AI.VisualDesigner.TestCases.AssemblyProcess.Assembly_Initialize threw exception. System.IO.FileNotFoundException: System.IO.FileNotFoundException: 未能找到文件“D:\Jenkins\workspace\Vbi5Client-Release\UITest_UITEST-PC 2019-04-17 17_48_36\Out\Config.xml”。. Aborting test execution.</Message>
          <StackTrace>    在 System.IO.__Error.WinIOError(Int32 errorCode, String maybeFullPath)
   在 System.IO.FileStream.Init(String path, FileMode mode, FileAccess access, Int32 rights, Boolean useRights, FileShare share, Int32 bufferSize, FileOptions options, SECURITY_ATTRIBUTES secAttrs, String msgPath, Boolean bFromProxy, Boolean useLongPath, Boolean checkHost)
   在 System.IO.FileStream..ctor(String path, FileMode mode, FileAccess access, FileShare share, Int32 bufferSize)
   在 System.Xml.XmlDownloadManager.GetStream(Uri uri, ICredentials credentials, IWebProxy proxy, RequestCachePolicy cachePolicy)
   在 System.Xml.XmlUrlResolver.GetEntity(Uri absoluteUri, String role, Type ofObjectToReturn)
   在 System.Xml.XmlTextReaderImpl.FinishInitUriString()
   在 System.Xml.XmlTextReaderImpl..ctor(String uriStr, XmlReaderSettings settings, XmlParserContext context, XmlResolver uriResolver)
   在 System.Xml.XmlReaderSettings.CreateReader(String inputUri, XmlParserContext inputContext)
   在 System.Xml.XmlReader.Create(String inputUri, XmlReaderSettings settings, XmlParserContext inputContext)
   在 System.Xml.Linq.XElement.Load(String uri, LoadOptions options)
   在 System.Xml.Linq.XElement.Load(String uri)
   在 VBI.BusinessLogic.Config.ParseFile(String fileName)
   在 AI.VisualDesigner.TestCases.AssemblyProcess.Assembly_Initialize(TestContext testContext)
</StackTrace>
        </ErrorInfo>
      </Output>
    </UnitTestResult>
    <UnitTestResult executionId="ea17fc27-3d13-4374-b9d0-57606578ded6" testId="488fbddc-149f-bdc4-11d8-96d4a10caa9d" testName="PieChart1" computerName="UITEST-PC" startTime="2019-04-17T17:48:37.1148093+08:00" endTime="2019-04-17T17:48:37.1148093+08:00" testType="13cdc9d9-ddb5-4fa4-a97d-d965ccfc6d4b" outcome="Failed" testListId="8c84fa94-04c1-424b-9868-57a2d4851a1d" relativeResultsDirectory="ea17fc27-3d13-4374-b9d0-57606578ded6">
      <Output>
        <ErrorInfo>
          <Message>Assembly Initialization method AI.VisualDesigner.TestCases.AssemblyProcess.Assembly_Initialize threw exception. System.IO.FileNotFoundException: System.IO.FileNotFoundException: 未能找到文件“D:\Jenkins\workspace\Vbi5Client-Release\UITest_UITEST-PC 2019-04-17 17_48_36\Out\Config.xml”。. Aborting test execution.</Message>
          <StackTrace>    在 System.IO.__Error.WinIOError(Int32 errorCode, String maybeFullPath)
   在 System.IO.FileStream.Init(String path, FileMode mode, FileAccess access, Int32 rights, Boolean useRights, FileShare share, Int32 bufferSize, FileOptions options, SECURITY_ATTRIBUTES secAttrs, String msgPath, Boolean bFromProxy, Boolean useLongPath, Boolean checkHost)
   在 System.IO.FileStream..ctor(String path, FileMode mode, FileAccess access, FileShare share, Int32 bufferSize)
   在 System.Xml.XmlDownloadManager.GetStream(Uri uri, ICredentials credentials, IWebProxy proxy, RequestCachePolicy cachePolicy)
   在 System.Xml.XmlUrlResolver.GetEntity(Uri absoluteUri, String role, Type ofObjectToReturn)
   在 System.Xml.XmlTextReaderImpl.FinishInitUriString()
   在 System.Xml.XmlTextReaderImpl..ctor(String uriStr, XmlReaderSettings settings, XmlParserContext context, XmlResolver uriResolver)
   在 System.Xml.XmlReaderSettings.CreateReader(String inputUri, XmlParserContext inputContext)
   在 System.Xml.XmlReader.Create(String inputUri, XmlReaderSettings settings, XmlParserContext inputContext)
   在 System.Xml.Linq.XElement.Load(String uri, LoadOptions options)
   在 System.Xml.Linq.XElement.Load(String uri)
   在 VBI.BusinessLogic.Config.ParseFile(String fileName)
   在 AI.VisualDesigner.TestCases.AssemblyProcess.Assembly_Initialize(TestContext testContext)
</StackTrace>
        </ErrorInfo>
      </Output>
    </UnitTestResult>
    <UnitTestResult executionId="62eb3e45-62b2-4da2-9386-514c55e62e47" testId="3e7773ac-4843-82be-c0a3-37a5220afa40" testName="PyramidChart" computerName="UITEST-PC" startTime="2019-04-17T17:48:37.1148093+08:00" endTime="2019-04-17T17:48:37.1148093+08:00" testType="13cdc9d9-ddb5-4fa4-a97d-d965ccfc6d4b" outcome="Failed" testListId="8c84fa94-04c1-424b-9868-57a2d4851a1d" relativeResultsDirectory="62eb3e45-62b2-4da2-9386-514c55e62e47">
      <Output>
        <ErrorInfo>
          <Message>Assembly Initialization method AI.VisualDesigner.TestCases.AssemblyProcess.Assembly_Initialize threw exception. System.IO.FileNotFoundException: System.IO.FileNotFoundException: 未能找到文件“D:\Jenkins\workspace\Vbi5Client-Release\UITest_UITEST-PC 2019-04-17 17_48_36\Out\Config.xml”。. Aborting test execution.</Message>
          <StackTrace>    在 System.IO.__Error.WinIOError(Int32 errorCode, String maybeFullPath)
   在 System.IO.FileStream.Init(String path, FileMode mode, FileAccess access, Int32 rights, Boolean useRights, FileShare share, Int32 bufferSize, FileOptions options, SECURITY_ATTRIBUTES secAttrs, String msgPath, Boolean bFromProxy, Boolean useLongPath, Boolean checkHost)
   在 System.IO.FileStream..ctor(String path, FileMode mode, FileAccess access, FileShare share, Int32 bufferSize)
   在 System.Xml.XmlDownloadManager.GetStream(Uri uri, ICredentials credentials, IWebProxy proxy, RequestCachePolicy cachePolicy)
   在 System.Xml.XmlUrlResolver.GetEntity(Uri absoluteUri, String role, Type ofObjectToReturn)
   在 System.Xml.XmlTextReaderImpl.FinishInitUriString()
   在 System.Xml.XmlTextReaderImpl..ctor(String uriStr, XmlReaderSettings settings, XmlParserContext context, XmlResolver uriResolver)
   在 System.Xml.XmlReaderSettings.CreateReader(String inputUri, XmlParserContext inputContext)
   在 System.Xml.XmlReader.Create(String inputUri, XmlReaderSettings settings, XmlParserContext inputContext)
   在 System.Xml.Linq.XElement.Load(String uri, LoadOptions options)
   在 System.Xml.Linq.XElement.Load(String uri)
   在 VBI.BusinessLogic.Config.ParseFile(String fileName)
   在 AI.VisualDesigner.TestCases.AssemblyProcess.Assembly_Initialize(TestContext testContext)
</StackTrace>
        </ErrorInfo>
      </Output>
    </UnitTestResult>
    <UnitTestResult executionId="bb60eb48-e4bd-4fee-bb26-8017bcf97497" testId="e7de6ba0-3893-28ed-30e0-de971e4b5dab" testName="RadarChart" computerName="UITEST-PC" startTime="2019-04-17T17:48:37.1148093+08:00" endTime="2019-04-17T17:48:37.1148093+08:00" testType="13cdc9d9-ddb5-4fa4-a97d-d965ccfc6d4b" outcome="Failed" testListId="8c84fa94-04c1-424b-9868-57a2d4851a1d" relativeResultsDirectory="bb60eb48-e4bd-4fee-bb26-8017bcf97497">
      <Output>
        <ErrorInfo>
          <Message>Assembly Initialization method AI.VisualDesigner.TestCases.AssemblyProcess.Assembly_Initialize threw exception. System.IO.FileNotFoundException: System.IO.FileNotFoundException: 未能找到文件“D:\Jenkins\workspace\Vbi5Client-Release\UITest_UITEST-PC 2019-04-17 17_48_36\Out\Config.xml”。. Aborting test execution.</Message>
          <StackTrace>    在 System.IO.__Error.WinIOError(Int32 errorCode, String maybeFullPath)
   在 System.IO.FileStream.Init(String path, FileMode mode, FileAccess access, Int32 rights, Boolean useRights, FileShare share, Int32 bufferSize, FileOptions options, SECURITY_ATTRIBUTES secAttrs, String msgPath, Boolean bFromProxy, Boolean useLongPath, Boolean checkHost)
   在 System.IO.FileStream..ctor(String path, FileMode mode, FileAccess access, FileShare share, Int32 bufferSize)
   在 System.Xml.XmlDownloadManager.GetStream(Uri uri, ICredentials credentials, IWebProxy proxy, RequestCachePolicy cachePolicy)
   在 System.Xml.XmlUrlResolver.GetEntity(Uri absoluteUri, String role, Type ofObjectToReturn)
   在 System.Xml.XmlTextReaderImpl.FinishInitUriString()
   在 System.Xml.XmlTextReaderImpl..ctor(String uriStr, XmlReaderSettings settings, XmlParserContext context, XmlResolver uriResolver)
   在 System.Xml.XmlReaderSettings.CreateReader(String inputUri, XmlParserContext inputContext)
   在 System.Xml.XmlReader.Create(String inputUri, XmlReaderSettings settings, XmlParserContext inputContext)
   在 System.Xml.Linq.XElement.Load(String uri, LoadOptions options)
   在 System.Xml.Linq.XElement.Load(String uri)
   在 VBI.BusinessLogic.Config.ParseFile(String fileName)
   在 AI.VisualDesigner.TestCases.AssemblyProcess.Assembly_Initialize(TestContext testContext)
</StackTrace>
        </ErrorInfo>
      </Output>
    </UnitTestResult>
    <UnitTestResult executionId="02a75543-411c-497f-93c4-89ef4a856c5d" testId="37875891-095c-23cf-cc5e-9b1a840c059d" testName="RadarChart1" computerName="UITEST-PC" startTime="2019-04-17T17:48:37.1307576+08:00" endTime="2019-04-17T17:48:37.1317555+08:00" testType="13cdc9d9-ddb5-4fa4-a97d-d965ccfc6d4b" outcome="Failed" testListId="8c84fa94-04c1-424b-9868-57a2d4851a1d" relativeResultsDirectory="02a75543-411c-497f-93c4-89ef4a856c5d">
      <Output>
        <ErrorInfo>
          <Message>Assembly Initialization method AI.VisualDesigner.TestCases.AssemblyProcess.Assembly_Initialize threw exception. System.IO.FileNotFoundException: System.IO.FileNotFoundException: 未能找到文件“D:\Jenkins\workspace\Vbi5Client-Release\UITest_UITEST-PC 2019-04-17 17_48_36\Out\Config.xml”。. Aborting test execution.</Message>
          <StackTrace>    在 System.IO.__Error.WinIOError(Int32 errorCode, String maybeFullPath)
   在 System.IO.FileStream.Init(String path, FileMode mode, FileAccess access, Int32 rights, Boolean useRights, FileShare share, Int32 bufferSize, FileOptions options, SECURITY_ATTRIBUTES secAttrs, String msgPath, Boolean bFromProxy, Boolean useLongPath, Boolean checkHost)
   在 System.IO.FileStream..ctor(String path, FileMode mode, FileAccess access, FileShare share, Int32 bufferSize)
   在 System.Xml.XmlDownloadManager.GetStream(Uri uri, ICredentials credentials, IWebProxy proxy, RequestCachePolicy cachePolicy)
   在 System.Xml.XmlUrlResolver.GetEntity(Uri absoluteUri, String role, Type ofObjectToReturn)
   在 System.Xml.XmlTextReaderImpl.FinishInitUriString()
   在 System.Xml.XmlTextReaderImpl..ctor(String uriStr, XmlReaderSettings settings, XmlParserContext context, XmlResolver uriResolver)
   在 System.Xml.XmlReaderSettings.CreateReader(String inputUri, XmlParserContext inputContext)
   在 System.Xml.XmlReader.Create(String inputUri, XmlReaderSettings settings, XmlParserContext inputContext)
   在 System.Xml.Linq.XElement.Load(String uri, LoadOptions options)
   在 System.Xml.Linq.XElement.Load(String uri)
   在 VBI.BusinessLogic.Config.ParseFile(String fileName)
   在 AI.VisualDesigner.TestCases.AssemblyProcess.Assembly_Initialize(TestContext testContext)
</StackTrace>
        </ErrorInfo>
      </Output>
    </UnitTestResult>
    <UnitTestResult executionId="2ff46b54-1d40-4e4c-8078-354034c707aa" testId="05f5e871-6410-4530-ddd8-f54d01a5bd67" testName="RingDiagram" computerName="UITEST-PC" startTime="2019-04-17T17:48:37.1347464+08:00" endTime="2019-04-17T17:48:37.1357721+08:00" testType="13cdc9d9-ddb5-4fa4-a97d-d965ccfc6d4b" outcome="Failed" testListId="8c84fa94-04c1-424b-9868-57a2d4851a1d" relativeResultsDirectory="2ff46b54-1d40-4e4c-8078-354034c707aa">
      <Output>
        <ErrorInfo>
          <Message>Assembly Initialization method AI.VisualDesigner.TestCases.AssemblyProcess.Assembly_Initialize threw exception. System.IO.FileNotFoundException: System.IO.FileNotFoundException: 未能找到文件“D:\Jenkins\workspace\Vbi5Client-Release\UITest_UITEST-PC 2019-04-17 17_48_36\Out\Config.xml”。. Aborting test execution.</Message>
          <StackTrace>    在 System.IO.__Error.WinIOError(Int32 errorCode, String maybeFullPath)
   在 System.IO.FileStream.Init(String path, FileMode mode, FileAccess access, Int32 rights, Boolean useRights, FileShare share, Int32 bufferSize, FileOptions options, SECURITY_ATTRIBUTES secAttrs, String msgPath, Boolean bFromProxy, Boolean useLongPath, Boolean checkHost)
   在 System.IO.FileStream..ctor(String path, FileMode mode, FileAccess access, FileShare share, Int32 bufferSize)
   在 System.Xml.XmlDownloadManager.GetStream(Uri uri, ICredentials credentials, IWebProxy proxy, RequestCachePolicy cachePolicy)
   在 System.Xml.XmlUrlResolver.GetEntity(Uri absoluteUri, String role, Type ofObjectToReturn)
   在 System.Xml.XmlTextReaderImpl.FinishInitUriString()
   在 System.Xml.XmlTextReaderImpl..ctor(String uriStr, XmlReaderSettings settings, XmlParserContext context, XmlResolver uriResolver)
   在 System.Xml.XmlReaderSettings.CreateReader(String inputUri, XmlParserContext inputContext)
   在 System.Xml.XmlReader.Create(String inputUri, XmlReaderSettings settings, XmlParserContext inputContext)
   在 System.Xml.Linq.XElement.Load(String uri, LoadOptions options)
   在 System.Xml.Linq.XElement.Load(String uri)
   在 VBI.BusinessLogic.Config.ParseFile(String fileName)
   在 AI.VisualDesigner.TestCases.AssemblyProcess.Assembly_Initialize(TestContext testContext)
</StackTrace>
        </ErrorInfo>
      </Output>
    </UnitTestResult>
    <UnitTestResult executionId="1982b76d-ccf7-420a-b264-3ab8afd49ab8" testId="a72ce8ef-9b0e-11fb-a70a-194f8b7e00b8" testName="RosePieChart" computerName="UITEST-PC" startTime="2019-04-17T17:48:37.1377630+08:00" endTime="2019-04-17T17:48:37.1387364+08:00" testType="13cdc9d9-ddb5-4fa4-a97d-d965ccfc6d4b" outcome="Failed" testListId="8c84fa94-04c1-424b-9868-57a2d4851a1d" relativeResultsDirectory="1982b76d-ccf7-420a-b264-3ab8afd49ab8">
      <Output>
        <ErrorInfo>
          <Message>Assembly Initialization method AI.VisualDesigner.TestCases.AssemblyProcess.Assembly_Initialize threw exception. System.IO.FileNotFoundException: System.IO.FileNotFoundException: 未能找到文件“D:\Jenkins\workspace\Vbi5Client-Release\UITest_UITEST-PC 2019-04-17 17_48_36\Out\Config.xml”。. Aborting test execution.</Message>
          <StackTrace>    在 System.IO.__Error.WinIOError(Int32 errorCode, String maybeFullPath)
   在 System.IO.FileStream.Init(String path, FileMode mode, FileAccess access, Int32 rights, Boolean useRights, FileShare share, Int32 bufferSize, FileOptions options, SECURITY_ATTRIBUTES secAttrs, String msgPath, Boolean bFromProxy, Boolean useLongPath, Boolean checkHost)
   在 System.IO.FileStream..ctor(String path, FileMode mode, FileAccess access, FileShare share, Int32 bufferSize)
   在 System.Xml.XmlDownloadManager.GetStream(Uri uri, ICredentials credentials, IWebProxy proxy, RequestCachePolicy cachePolicy)
   在 System.Xml.XmlUrlResolver.GetEntity(Uri absoluteUri, String role, Type ofObjectToReturn)
   在 System.Xml.XmlTextReaderImpl.FinishInitUriString()
   在 System.Xml.XmlTextReaderImpl..ctor(String uriStr, XmlReaderSettings settings, XmlParserContext context, XmlResolver uriResolver)
   在 System.Xml.XmlReaderSettings.CreateReader(String inputUri, XmlParserContext inputContext)
   在 System.Xml.XmlReader.Create(String inputUri, XmlReaderSettings settings, XmlParserContext inputContext)
   在 System.Xml.Linq.XElement.Load(String uri, LoadOptions options)
   在 System.Xml.Linq.XElement.Load(String uri)
   在 VBI.BusinessLogic.Config.ParseFile(String fileName)
   在 AI.VisualDesigner.TestCases.AssemblyProcess.Assembly_Initialize(TestContext testContext)
</StackTrace>
        </ErrorInfo>
      </Output>
    </UnitTestResult>
    <UnitTestResult executionId="7834bb58-5053-4ac4-9f64-81867b6e3bd7" testId="c51c77e9-937f-1070-1acb-66ce525b92c0" testName="RosePieChart1" computerName="UITEST-PC" startTime="2019-04-17T17:48:37.1407570+08:00" endTime="2019-04-17T17:48:37.1417596+08:00" testType="13cdc9d9-ddb5-4fa4-a97d-d965ccfc6d4b" outcome="Failed" testListId="8c84fa94-04c1-424b-9868-57a2d4851a1d" relativeResultsDirectory="7834bb58-5053-4ac4-9f64-81867b6e3bd7">
      <Output>
        <ErrorInfo>
          <Message>Assembly Initialization method AI.VisualDesigner.TestCases.AssemblyProcess.Assembly_Initialize threw exception. System.IO.FileNotFoundException: System.IO.FileNotFoundException: 未能找到文件“D:\Jenkins\workspace\Vbi5Client-Release\UITest_UITEST-PC 2019-04-17 17_48_36\Out\Config.xml”。. Aborting test execution.</Message>
          <StackTrace>    在 System.IO.__Error.WinIOError(Int32 errorCode, String maybeFullPath)
   在 System.IO.FileStream.Init(String path, FileMode mode, FileAccess access, Int32 rights, Boolean useRights, FileShare share, Int32 bufferSize, FileOptions options, SECURITY_ATTRIBUTES secAttrs, String msgPath, Boolean bFromProxy, Boolean useLongPath, Boolean checkHost)
   在 System.IO.FileStream..ctor(String path, FileMode mode, FileAccess access, FileShare share, Int32 bufferSize)
   在 System.Xml.XmlDownloadManager.GetStream(Uri uri, ICredentials credentials, IWebProxy proxy, RequestCachePolicy cachePolicy)
   在 System.Xml.XmlUrlResolver.GetEntity(Uri absoluteUri, String role, Type ofObjectToReturn)
   在 System.Xml.XmlTextReaderImpl.FinishInitUriString()
   在 System.Xml.XmlTextReaderImpl..ctor(String uriStr, XmlReaderSettings settings, XmlParserContext context, XmlResolver uriResolver)
   在 System.Xml.XmlReaderSettings.CreateReader(String inputUri, XmlParserContext inputContext)
   在 System.Xml.XmlReader.Create(String inputUri, XmlReaderSettings settings, XmlParserContext inputContext)
   在 System.Xml.Linq.XElement.Load(String uri, LoadOptions options)
   在 System.Xml.Linq.XElement.Load(String uri)
   在 VBI.BusinessLogic.Config.ParseFile(String fileName)
   在 AI.VisualDesigner.TestCases.AssemblyProcess.Assembly_Initialize(TestContext testContext)
</StackTrace>
        </ErrorInfo>
      </Output>
    </UnitTestResult>
    <UnitTestResult executionId="d62f1217-fe42-49c3-a56b-19675568c735" testId="f74dfd92-8c0b-4857-3727-db35a95f053b" testName="ScaterChart" computerName="UITEST-PC" startTime="2019-04-17T17:48:37.1437538+08:00" endTime="2019-04-17T17:48:37.1447200+08:00" testType="13cdc9d9-ddb5-4fa4-a97d-d965ccfc6d4b" outcome="Failed" testListId="8c84fa94-04c1-424b-9868-57a2d4851a1d" relativeResultsDirectory="d62f1217-fe42-49c3-a56b-19675568c735">
      <Output>
        <ErrorInfo>
          <Message>Assembly Initialization method AI.VisualDesigner.TestCases.AssemblyProcess.Assembly_Initialize threw exception. System.IO.FileNotFoundException: System.IO.FileNotFoundException: 未能找到文件“D:\Jenkins\workspace\Vbi5Client-Release\UITest_UITEST-PC 2019-04-17 17_48_36\Out\Config.xml”。. Aborting test execution.</Message>
          <StackTrace>    在 System.IO.__Error.WinIOError(Int32 errorCode, String maybeFullPath)
   在 System.IO.FileStream.Init(String path, FileMode mode, FileAccess access, Int32 rights, Boolean useRights, FileShare share, Int32 bufferSize, FileOptions options, SECURITY_ATTRIBUTES secAttrs, String msgPath, Boolean bFromProxy, Boolean useLongPath, Boolean checkHost)
   在 System.IO.FileStream..ctor(String path, FileMode mode, FileAccess access, FileShare share, Int32 bufferSize)
   在 System.Xml.XmlDownloadManager.GetStream(Uri uri, ICredentials credentials, IWebProxy proxy, RequestCachePolicy cachePolicy)
   在 System.Xml.XmlUrlResolver.GetEntity(Uri absoluteUri, String role, Type ofObjectToReturn)
   在 System.Xml.XmlTextReaderImpl.FinishInitUriString()
   在 System.Xml.XmlTextReaderImpl..ctor(String uriStr, XmlReaderSettings settings, XmlParserContext context, XmlResolver uriResolver)
   在 System.Xml.XmlReaderSettings.CreateReader(String inputUri, XmlParserContext inputContext)
   在 System.Xml.XmlReader.Create(String inputUri, XmlReaderSettings settings, XmlParserContext inputContext)
   在 System.Xml.Linq.XElement.Load(String uri, LoadOptions options)
   在 System.Xml.Linq.XElement.Load(String uri)
   在 VBI.BusinessLogic.Config.ParseFile(String fileName)
   在 AI.VisualDesigner.TestCases.AssemblyProcess.Assembly_Initialize(TestContext testContext)
</StackTrace>
        </ErrorInfo>
      </Output>
    </UnitTestResult>
    <UnitTestResult executionId="0795940c-8fd5-483b-a966-7f8013639594" testId="123124b5-a870-bb31-1b4c-545778c25d74" testName="CircleInstrument" computerName="UITEST-PC" startTime="2019-04-17T17:48:37.1477123+08:00" endTime="2019-04-17T17:48:37.1487348+08:00" testType="13cdc9d9-ddb5-4fa4-a97d-d965ccfc6d4b" outcome="Failed" testListId="8c84fa94-04c1-424b-9868-57a2d4851a1d" relativeResultsDirectory="0795940c-8fd5-483b-a966-7f8013639594">
      <Output>
        <ErrorInfo>
          <Message>Assembly Initialization method AI.VisualDesigner.TestCases.AssemblyProcess.Assembly_Initialize threw exception. System.IO.FileNotFoundException: System.IO.FileNotFoundException: 未能找到文件“D:\Jenkins\workspace\Vbi5Client-Release\UITest_UITEST-PC 2019-04-17 17_48_36\Out\Config.xml”。. Aborting test execution.</Message>
          <StackTrace>    在 System.IO.__Error.WinIOError(Int32 errorCode, String maybeFullPath)
   在 System.IO.FileStream.Init(String path, FileMode mode, FileAccess access, Int32 rights, Boolean useRights, FileShare share, Int32 bufferSize, FileOptions options, SECURITY_ATTRIBUTES secAttrs, String msgPath, Boolean bFromProxy, Boolean useLongPath, Boolean checkHost)
   在 System.IO.FileStream..ctor(String path, FileMode mode, FileAccess access, FileShare share, Int32 bufferSize)
   在 System.Xml.XmlDownloadManager.GetStream(Uri uri, ICredentials credentials, IWebProxy proxy, RequestCachePolicy cachePolicy)
   在 System.Xml.XmlUrlResolver.GetEntity(Uri absoluteUri, String role, Type ofObjectToReturn)
   在 System.Xml.XmlTextReaderImpl.FinishInitUriString()
   在 System.Xml.XmlTextReaderImpl..ctor(String uriStr, XmlReaderSettings settings, XmlParserContext context, XmlResolver uriResolver)
   在 System.Xml.XmlReaderSettings.CreateReader(String inputUri, XmlParserContext inputContext)
   在 System.Xml.XmlReader.Create(String inputUri, XmlReaderSettings settings, XmlParserContext inputContext)
   在 System.Xml.Linq.XElement.Load(String uri, LoadOptions options)
   在 System.Xml.Linq.XElement.Load(String uri)
   在 VBI.BusinessLogic.Config.ParseFile(String fileName)
   在 AI.VisualDesigner.TestCases.AssemblyProcess.Assembly_Initialize(TestContext testContext)
</StackTrace>
        </ErrorInfo>
      </Output>
    </UnitTestResult>
    <UnitTestResult executionId="6b9924f7-bade-4c67-a341-d84cc5f9d1e2" testId="0a8f82df-7482-aa6e-5515-2f4b2d5b8788" testName="LineProgress" computerName="UITEST-PC" startTime="2019-04-17T17:48:37.1507294+08:00" endTime="2019-04-17T17:48:37.1527234+08:00" testType="13cdc9d9-ddb5-4fa4-a97d-d965ccfc6d4b" outcome="Failed" testListId="8c84fa94-04c1-424b-9868-57a2d4851a1d" relativeResultsDirectory="6b9924f7-bade-4c67-a341-d84cc5f9d1e2">
      <Output>
        <ErrorInfo>
          <Message>Assembly Initialization method AI.VisualDesigner.TestCases.AssemblyProcess.Assembly_Initialize threw exception. System.IO.FileNotFoundException: System.IO.FileNotFoundException: 未能找到文件“D:\Jenkins\workspace\Vbi5Client-Release\UITest_UITEST-PC 2019-04-17 17_48_36\Out\Config.xml”。. Aborting test execution.</Message>
          <StackTrace>    在 System.IO.__Error.WinIOError(Int32 errorCode, String maybeFullPath)
   在 System.IO.FileStream.Init(String path, FileMode mode, FileAccess access, Int32 rights, Boolean useRights, FileShare share, Int32 bufferSize, FileOptions options, SECURITY_ATTRIBUTES secAttrs, String msgPath, Boolean bFromProxy, Boolean useLongPath, Boolean checkHost)
   在 System.IO.FileStream..ctor(String path, FileMode mode, FileAccess access, FileShare share, Int32 bufferSize)
   在 System.Xml.XmlDownloadManager.GetStream(Uri uri, ICredentials credentials, IWebProxy proxy, RequestCachePolicy cachePolicy)
   在 System.Xml.XmlUrlResolver.GetEntity(Uri absoluteUri, String role, Type ofObjectToReturn)
   在 System.Xml.XmlTextReaderImpl.FinishInitUriString()
   在 System.Xml.XmlTextReaderImpl..ctor(String uriStr, XmlReaderSettings settings, XmlParserContext context, XmlResolver uriResolver)
   在 System.Xml.XmlReaderSettings.CreateReader(String inputUri, XmlParserContext inputContext)
   在 System.Xml.XmlReader.Create(String inputUri, XmlReaderSettings settings, XmlParserContext inputContext)
   在 System.Xml.Linq.XElement.Load(String uri, LoadOptions options)
   在 System.Xml.Linq.XElement.Load(String uri)
   在 VBI.BusinessLogic.Config.ParseFile(String fileName)
   在 AI.VisualDesigner.TestCases.AssemblyProcess.Assembly_Initialize(TestContext testContext)
</StackTrace>
        </ErrorInfo>
      </Output>
    </UnitTestResult>
    <UnitTestResult executionId="23f8e8d8-b2ba-460a-911f-a6cf0d7320f6" testId="86dfa39b-719e-f2ec-44c5-4717661ee450" testName="ShapeProgress" computerName="UITEST-PC" startTime="2019-04-17T17:48:37.1547212+08:00" endTime="2019-04-17T17:48:37.1556911+08:00" testType="13cdc9d9-ddb5-4fa4-a97d-d965ccfc6d4b" outcome="Failed" testListId="8c84fa94-04c1-424b-9868-57a2d4851a1d" relativeResultsDirectory="23f8e8d8-b2ba-460a-911f-a6cf0d7320f6">
      <Output>
        <ErrorInfo>
          <Message>Assembly Initialization method AI.VisualDesigner.TestCases.AssemblyProcess.Assembly_Initialize threw exception. System.IO.FileNotFoundException: System.IO.FileNotFoundException: 未能找到文件“D:\Jenkins\workspace\Vbi5Client-Release\UITest_UITEST-PC 2019-04-17 17_48_36\Out\Config.xml”。. Aborting test execution.</Message>
          <StackTrace>    在 System.IO.__Error.WinIOError(Int32 errorCode, String maybeFullPath)
   在 System.IO.FileStream.Init(String path, FileMode mode, FileAccess access, Int32 rights, Boolean useRights, FileShare share, Int32 bufferSize, FileOptions options, SECURITY_ATTRIBUTES secAttrs, String msgPath, Boolean bFromProxy, Boolean useLongPath, Boolean checkHost)
   在 System.IO.FileStream..ctor(String path, FileMode mode, FileAccess access, FileShare share, Int32 bufferSize)
   在 System.Xml.XmlDownloadManager.GetStream(Uri uri, ICredentials credentials, IWebProxy proxy, RequestCachePolicy cachePolicy)
   在 System.Xml.XmlUrlResolver.GetEntity(Uri absoluteUri, String role, Type ofObjectToReturn)
   在 System.Xml.XmlTextReaderImpl.FinishInitUriString()
   在 System.Xml.XmlTextReaderImpl..ctor(String uriStr, XmlReaderSettings settings, XmlParserContext context, XmlResolver uriResolver)
   在 System.Xml.XmlReaderSettings.CreateReader(String inputUri, XmlParserContext inputContext)
   在 System.Xml.XmlReader.Create(String inputUri, XmlReaderSettings settings, XmlParserContext inputContext)
   在 System.Xml.Linq.XElement.Load(String uri, LoadOptions options)
   在 System.Xml.Linq.XElement.Load(String uri)
   在 VBI.BusinessLogic.Config.ParseFile(String fileName)
   在 AI.VisualDesigner.TestCases.AssemblyProcess.Assembly_Initialize(TestContext testContext)
</StackTrace>
        </ErrorInfo>
      </Output>
    </UnitTestResult>
    <UnitTestResult executionId="6d06ba34-6353-40a4-966a-ed31c9af1d85" testId="904ad3d3-c783-0345-3c31-c9b1ca986928" testName="Thermometer" computerName="UITEST-PC" startTime="2019-04-17T17:48:37.1577105+08:00" endTime="2019-04-17T17:48:37.1586831+08:00" testType="13cdc9d9-ddb5-4fa4-a97d-d965ccfc6d4b" outcome="Failed" testListId="8c84fa94-04c1-424b-9868-57a2d4851a1d" relativeResultsDirectory="6d06ba34-6353-40a4-966a-ed31c9af1d85">
      <Output>
        <ErrorInfo>
          <Message>Assembly Initialization method AI.VisualDesigner.TestCases.AssemblyProcess.Assembly_Initialize threw exception. System.IO.FileNotFoundException: System.IO.FileNotFoundException: 未能找到文件“D:\Jenkins\workspace\Vbi5Client-Release\UITest_UITEST-PC 2019-04-17 17_48_36\Out\Config.xml”。. Aborting test execution.</Message>
          <StackTrace>    在 System.IO.__Error.WinIOError(Int32 errorCode, String maybeFullPath)
   在 System.IO.FileStream.Init(String path, FileMode mode, FileAccess access, Int32 rights, Boolean useRights, FileShare share, Int32 bufferSize, FileOptions options, SECURITY_ATTRIBUTES secAttrs, String msgPath, Boolean bFromProxy, Boolean useLongPath, Boolean checkHost)
   在 System.IO.FileStream..ctor(String path, FileMode mode, FileAccess access, FileShare share, Int32 bufferSize)
   在 System.Xml.XmlDownloadManager.GetStream(Uri uri, ICredentials credentials, IWebProxy proxy, RequestCachePolicy cachePolicy)
   在 System.Xml.XmlUrlResolver.GetEntity(Uri absoluteUri, String role, Type ofObjectToReturn)
   在 System.Xml.XmlTextReaderImpl.FinishInitUriString()
   在 System.Xml.XmlTextReaderImpl..ctor(String uriStr, XmlReaderSettings settings, XmlParserContext context, XmlResolver uriResolver)
   在 System.Xml.XmlReaderSettings.CreateReader(String inputUri, XmlParserContext inputContext)
   在 System.Xml.XmlReader.Create(String inputUri, XmlReaderSettings settings, XmlParserContext inputContext)
   在 System.Xml.Linq.XElement.Load(String uri, LoadOptions options)
   在 System.Xml.Linq.XElement.Load(String uri)
   在 VBI.BusinessLogic.Config.ParseFile(String fileName)
   在 AI.VisualDesigner.TestCases.AssemblyProcess.Assembly_Initialize(TestContext testContext)
</StackTrace>
        </ErrorInfo>
      </Output>
    </UnitTestResult>
    <UnitTestResult executionId="524ade66-4539-4c28-84ad-bf8ba6051efb" testId="9bcbe7bc-41ed-ff30-4369-3f3a21618d0d" testName="VerticalRuler" computerName="UITEST-PC" startTime="2019-04-17T17:48:37.1607018+08:00" endTime="2019-04-17T17:48:37.1616754+08:00" testType="13cdc9d9-ddb5-4fa4-a97d-d965ccfc6d4b" outcome="Failed" testListId="8c84fa94-04c1-424b-9868-57a2d4851a1d" relativeResultsDirectory="524ade66-4539-4c28-84ad-bf8ba6051efb">
      <Output>
        <ErrorInfo>
          <Message>Assembly Initialization method AI.VisualDesigner.TestCases.AssemblyProcess.Assembly_Initialize threw exception. System.IO.FileNotFoundException: System.IO.FileNotFoundException: 未能找到文件“D:\Jenkins\workspace\Vbi5Client-Release\UITest_UITEST-PC 2019-04-17 17_48_36\Out\Config.xml”。. Aborting test execution.</Message>
          <StackTrace>    在 System.IO.__Error.WinIOError(Int32 errorCode, String maybeFullPath)
   在 System.IO.FileStream.Init(String path, FileMode mode, FileAccess access, Int32 rights, Boolean useRights, FileShare share, Int32 bufferSize, FileOptions options, SECURITY_ATTRIBUTES secAttrs, String msgPath, Boolean bFromProxy, Boolean useLongPath, Boolean checkHost)
   在 System.IO.FileStream..ctor(String path, FileMode mode, FileAccess access, FileShare share, Int32 bufferSize)
   在 System.Xml.XmlDownloadManager.GetStream(Uri uri, ICredentials credentials, IWebProxy proxy, RequestCachePolicy cachePolicy)
   在 System.Xml.XmlUrlResolver.GetEntity(Uri absoluteUri, String role, Type ofObjectToReturn)
   在 System.Xml.XmlTextReaderImpl.FinishInitUriString()
   在 System.Xml.XmlTextReaderImpl..ctor(String uriStr, XmlReaderSettings settings, XmlParserContext context, XmlResolver uriResolver)
   在 System.Xml.XmlReaderSettings.CreateReader(String inputUri, XmlParserContext inputContext)
   在 System.Xml.XmlReader.Create(String inputUri, XmlReaderSettings settings, XmlParserContext inputContext)
   在 System.Xml.Linq.XElement.Load(String uri, LoadOptions options)
   在 System.Xml.Linq.XElement.Load(String uri)
   在 VBI.BusinessLogic.Config.ParseFile(String fileName)
   在 AI.VisualDesigner.TestCases.AssemblyProcess.Assembly_Initialize(TestContext testContext)
</StackTrace>
        </ErrorInfo>
      </Output>
    </UnitTestResult>
    <UnitTestResult executionId="44148c60-eadf-49cb-9fda-ebcf0baaedec" testId="e1b6fad5-5d92-94da-0442-48148b431154" testName="BubbleListChartForceSort" computerName="UITEST-PC" startTime="2019-04-17T17:48:37.1636939+08:00" endTime="2019-04-17T17:48:37.1646672+08:00" testType="13cdc9d9-ddb5-4fa4-a97d-d965ccfc6d4b" outcome="Failed" testListId="8c84fa94-04c1-424b-9868-57a2d4851a1d" relativeResultsDirectory="44148c60-eadf-49cb-9fda-ebcf0baaedec">
      <Output>
        <ErrorInfo>
          <Message>Assembly Initialization method AI.VisualDesigner.TestCases.AssemblyProcess.Assembly_Initialize threw exception. System.IO.FileNotFoundException: System.IO.FileNotFoundException: 未能找到文件“D:\Jenkins\workspace\Vbi5Client-Release\UITest_UITEST-PC 2019-04-17 17_48_36\Out\Config.xml”。. Aborting test execution.</Message>
          <StackTrace>    在 System.IO.__Error.WinIOError(Int32 errorCode, String maybeFullPath)
   在 System.IO.FileStream.Init(String path, FileMode mode, FileAccess access, Int32 rights, Boolean useRights, FileShare share, Int32 bufferSize, FileOptions options, SECURITY_ATTRIBUTES secAttrs, String msgPath, Boolean bFromProxy, Boolean useLongPath, Boolean checkHost)
   在 System.IO.FileStream..ctor(String path, FileMode mode, FileAccess access, FileShare share, Int32 bufferSize)
   在 System.Xml.XmlDownloadManager.GetStream(Uri uri, ICredentials credentials, IWebProxy proxy, RequestCachePolicy cachePolicy)
   在 System.Xml.XmlUrlResolver.GetEntity(Uri absoluteUri, String role, Type ofObjectToReturn)
   在 System.Xml.XmlTextReaderImpl.FinishInitUriString()
   在 System.Xml.XmlTextReaderImpl..ctor(String uriStr, XmlReaderSettings settings, XmlParserContext context, XmlResolver uriResolver)
   在 System.Xml.XmlReaderSettings.CreateReader(String inputUri, XmlParserContext inputContext)
   在 System.Xml.XmlReader.Create(String inputUri, XmlReaderSettings settings, XmlParserContext inputContext)
   在 System.Xml.Linq.XElement.Load(String uri, LoadOptions options)
   在 System.Xml.Linq.XElement.Load(String uri)
   在 VBI.BusinessLogic.Config.ParseFile(String fileName)
   在 AI.VisualDesigner.TestCases.AssemblyProcess.Assembly_Initialize(TestContext testContext)
</StackTrace>
        </ErrorInfo>
      </Output>
    </UnitTestResult>
    <UnitTestResult executionId="c23e71e7-1396-4b4b-bb25-d017bf3e1cba" testId="253c0e63-11b3-df6e-5408-dd4bc8b76f03" testName="BubbleListChartProperty" computerName="UITEST-PC" startTime="2019-04-17T17:48:37.1666902+08:00" endTime="2019-04-17T17:48:37.1677482+08:00" testType="13cdc9d9-ddb5-4fa4-a97d-d965ccfc6d4b" outcome="Failed" testListId="8c84fa94-04c1-424b-9868-57a2d4851a1d" relativeResultsDirectory="c23e71e7-1396-4b4b-bb25-d017bf3e1cba">
      <Output>
        <ErrorInfo>
          <Message>Assembly Initialization method AI.VisualDesigner.TestCases.AssemblyProcess.Assembly_Initialize threw exception. System.IO.FileNotFoundException: System.IO.FileNotFoundException: 未能找到文件“D:\Jenkins\workspace\Vbi5Client-Release\UITest_UITEST-PC 2019-04-17 17_48_36\Out\Config.xml”。. Aborting test execution.</Message>
          <StackTrace>    在 System.IO.__Error.WinIOError(Int32 errorCode, String maybeFullPath)
   在 System.IO.FileStream.Init(String path, FileMode mode, FileAccess access, Int32 rights, Boolean useRights, FileShare share, Int32 bufferSize, FileOptions options, SECURITY_ATTRIBUTES secAttrs, String msgPath, Boolean bFromProxy, Boolean useLongPath, Boolean checkHost)
   在 System.IO.FileStream..ctor(String path, FileMode mode, FileAccess access, FileShare share, Int32 bufferSize)
   在 System.Xml.XmlDownloadManager.GetStream(Uri uri, ICredentials credentials, IWebProxy proxy, RequestCachePolicy cachePolicy)
   在 System.Xml.XmlUrlResolver.GetEntity(Uri absoluteUri, String role, Type ofObjectToReturn)
   在 System.Xml.XmlTextReaderImpl.FinishInitUriString()
   在 System.Xml.XmlTextReaderImpl..ctor(String uriStr, XmlReaderSettings settings, XmlParserContext context, XmlResolver uriResolver)
   在 System.Xml.XmlReaderSettings.CreateReader(String inputUri, XmlParserContext inputContext)
   在 System.Xml.XmlReader.Create(String inputUri, XmlReaderSettings settings, XmlParserContext inputContext)
   在 System.Xml.Linq.XElement.Load(String uri, LoadOptions options)
   在 System.Xml.Linq.XElement.Load(String uri)
   在 VBI.BusinessLogic.Config.ParseFile(String fileName)
   在 AI.VisualDesigner.TestCases.AssemblyProcess.Assembly_Initialize(TestContext testContext)
</StackTrace>
        </ErrorInfo>
      </Output>
    </UnitTestResult>
    <UnitTestResult executionId="e73875c0-b802-430e-bd41-2c5b05adfd43" testId="075a50ad-e215-cab9-9b49-bda486cd4512" testName="BubbleListChartWarning" computerName="UITEST-PC" startTime="2019-04-17T17:48:37.1677482+08:00" endTime="2019-04-17T17:48:37.1677482+08:00" testType="13cdc9d9-ddb5-4fa4-a97d-d965ccfc6d4b" outcome="Failed" testListId="8c84fa94-04c1-424b-9868-57a2d4851a1d" relativeResultsDirectory="e73875c0-b802-430e-bd41-2c5b05adfd43">
      <Output>
        <ErrorInfo>
          <Message>Assembly Initialization method AI.VisualDesigner.TestCases.AssemblyProcess.Assembly_Initialize threw exception. System.IO.FileNotFoundException: System.IO.FileNotFoundException: 未能找到文件“D:\Jenkins\workspace\Vbi5Client-Release\UITest_UITEST-PC 2019-04-17 17_48_36\Out\Config.xml”。. Aborting test execution.</Message>
          <StackTrace>    在 System.IO.__Error.WinIOError(Int32 errorCode, String maybeFullPath)
   在 System.IO.FileStream.Init(String path, FileMode mode, FileAccess access, Int32 rights, Boolean useRights, FileShare share, Int32 bufferSize, FileOptions options, SECURITY_ATTRIBUTES secAttrs, String msgPath, Boolean bFromProxy, Boolean useLongPath, Boolean checkHost)
   在 System.IO.FileStream..ctor(String path, FileMode mode, FileAccess access, FileShare share, Int32 bufferSize)
   在 System.Xml.XmlDownloadManager.GetStream(Uri uri, ICredentials credentials, IWebProxy proxy, RequestCachePolicy cachePolicy)
   在 System.Xml.XmlUrlResolver.GetEntity(Uri absoluteUri, String role, Type ofObjectToReturn)
   在 System.Xml.XmlTextReaderImpl.FinishInitUriString()
   在 System.Xml.XmlTextReaderImpl..ctor(String uriStr, XmlReaderSettings settings, XmlParserContext context, XmlResolver uriResolver)
   在 System.Xml.XmlReaderSettings.CreateReader(String inputUri, XmlParserContext inputContext)
   在 System.Xml.XmlReader.Create(String inputUri, XmlReaderSettings settings, XmlParserContext inputContext)
   在 System.Xml.Linq.XElement.Load(String uri, LoadOptions options)
   在 System.Xml.Linq.XElement.Load(String uri)
   在 VBI.BusinessLogic.Config.ParseFile(String fileName)
   在 AI.VisualDesigner.TestCases.AssemblyProcess.Assembly_Initialize(TestContext testContext)
</StackTrace>
        </ErrorInfo>
      </Output>
    </UnitTestResult>
    <UnitTestResult executionId="813ed11c-a14e-40a8-b58a-c63c0dba1612" testId="22e22d4e-efc7-b40d-480d-f1722deb8075" testName="CakeCol" computerName="UITEST-PC" startTime="2019-04-17T17:48:37.1677482+08:00" endTime="2019-04-17T17:48:37.1677482+08:00" testType="13cdc9d9-ddb5-4fa4-a97d-d965ccfc6d4b" outcome="Failed" testListId="8c84fa94-04c1-424b-9868-57a2d4851a1d" relativeResultsDirectory="813ed11c-a14e-40a8-b58a-c63c0dba1612">
      <Output>
        <ErrorInfo>
          <Message>Assembly Initialization method AI.VisualDesigner.TestCases.AssemblyProcess.Assembly_Initialize threw exception. System.IO.FileNotFoundException: System.IO.FileNotFoundException: 未能找到文件“D:\Jenkins\workspace\Vbi5Client-Release\UITest_UITEST-PC 2019-04-17 17_48_36\Out\Config.xml”。. Aborting test execution.</Message>
          <StackTrace>    在 System.IO.__Error.WinIOError(Int32 errorCode, String maybeFullPath)
   在 System.IO.FileStream.Init(String path, FileMode mode, FileAccess access, Int32 rights, Boolean useRights, FileShare share, Int32 bufferSize, FileOptions options, SECURITY_ATTRIBUTES secAttrs, String msgPath, Boolean bFromProxy, Boolean useLongPath, Boolean checkHost)
   在 System.IO.FileStream..ctor(String path, FileMode mode, FileAccess access, FileShare share, Int32 bufferSize)
   在 System.Xml.XmlDownloadManager.GetStream(Uri uri, ICredentials credentials, IWebProxy proxy, RequestCachePolicy cachePolicy)
   在 System.Xml.XmlUrlResolver.GetEntity(Uri absoluteUri, String role, Type ofObjectToReturn)
   在 System.Xml.XmlTextReaderImpl.FinishInitUriString()
   在 System.Xml.XmlTextReaderImpl..ctor(String uriStr, XmlReaderSettings settings, XmlParserContext context, XmlResolver uriResolver)
   在 System.Xml.XmlReaderSettings.CreateReader(String inputUri, XmlParserContext inputContext)
   在 System.Xml.XmlReader.Create(String inputUri, XmlReaderSettings settings, XmlParserContext inputContext)
   在 System.Xml.Linq.XElement.Load(String uri, LoadOptions options)
   在 System.Xml.Linq.XElement.Load(String uri)
   在 VBI.BusinessLogic.Config.ParseFile(String fileName)
   在 AI.VisualDesigner.TestCases.AssemblyProcess.Assembly_Initialize(TestContext testContext)
</StackTrace>
        </ErrorInfo>
      </Output>
    </UnitTestResult>
    <UnitTestResult executionId="f6d1fc8e-cca7-4142-88d8-aa48d546040e" testId="19a2ce21-dfba-204b-061b-7f377c26155b" testName="CloudTab" computerName="UITEST-PC" startTime="2019-04-17T17:48:37.1677482+08:00" endTime="2019-04-17T17:48:37.1677482+08:00" testType="13cdc9d9-ddb5-4fa4-a97d-d965ccfc6d4b" outcome="Failed" testListId="8c84fa94-04c1-424b-9868-57a2d4851a1d" relativeResultsDirectory="f6d1fc8e-cca7-4142-88d8-aa48d546040e">
      <Output>
        <ErrorInfo>
          <Message>Assembly Initialization method AI.VisualDesigner.TestCases.AssemblyProcess.Assembly_Initialize threw exception. System.IO.FileNotFoundException: System.IO.FileNotFoundException: 未能找到文件“D:\Jenkins\workspace\Vbi5Client-Release\UITest_UITEST-PC 2019-04-17 17_48_36\Out\Config.xml”。. Aborting test execution.</Message>
          <StackTrace>    在 System.IO.__Error.WinIOError(Int32 errorCode, String maybeFullPath)
   在 System.IO.FileStream.Init(String path, FileMode mode, FileAccess access, Int32 rights, Boolean useRights, FileShare share, Int32 bufferSize, FileOptions options, SECURITY_ATTRIBUTES secAttrs, String msgPath, Boolean bFromProxy, Boolean useLongPath, Boolean checkHost)
   在 System.IO.FileStream..ctor(String path, FileMode mode, FileAccess access, FileShare share, Int32 bufferSize)
   在 System.Xml.XmlDownloadManager.GetStream(Uri uri, ICredentials credentials, IWebProxy proxy, RequestCachePolicy cachePolicy)
   在 System.Xml.XmlUrlResolver.GetEntity(Uri absoluteUri, String role, Type ofObjectToReturn)
   在 System.Xml.XmlTextReaderImpl.FinishInitUriString()
   在 System.Xml.XmlTextReaderImpl..ctor(String uriStr, XmlReaderSettings settings, XmlParserContext context, XmlResolver uriResolver)
   在 System.Xml.XmlReaderSettings.CreateReader(String inputUri, XmlParserContext inputContext)
   在 System.Xml.XmlReader.Create(String inputUri, XmlReaderSettings settings, XmlParserContext inputContext)
   在 System.Xml.Linq.XElement.Load(String uri, LoadOptions options)
   在 System.Xml.Linq.XElement.Load(String uri)
   在 VBI.BusinessLogic.Config.ParseFile(String fileName)
   在 AI.VisualDesigner.TestCases.AssemblyProcess.Assembly_Initialize(TestContext testContext)
</StackTrace>
        </ErrorInfo>
      </Output>
    </UnitTestResult>
    <UnitTestResult executionId="f1c859e2-8e0a-48df-9f07-aba66bd74eae" testId="1732bf69-4583-2c92-a89d-adf7f9953be0" testName="CustomBarChart1" computerName="UITEST-PC" startTime="2019-04-17T17:48:37.1677482+08:00" endTime="2019-04-17T17:48:37.1677482+08:00" testType="13cdc9d9-ddb5-4fa4-a97d-d965ccfc6d4b" outcome="Failed" testListId="8c84fa94-04c1-424b-9868-57a2d4851a1d" relativeResultsDirectory="f1c859e2-8e0a-48df-9f07-aba66bd74eae">
      <Output>
        <ErrorInfo>
          <Message>Assembly Initialization method AI.VisualDesigner.TestCases.AssemblyProcess.Assembly_Initialize threw exception. System.IO.FileNotFoundException: System.IO.FileNotFoundException: 未能找到文件“D:\Jenkins\workspace\Vbi5Client-Release\UITest_UITEST-PC 2019-04-17 17_48_36\Out\Config.xml”。. Aborting test execution.</Message>
          <StackTrace>    在 System.IO.__Error.WinIOError(Int32 errorCode, String maybeFullPath)
   在 System.IO.FileStream.Init(String path, FileMode mode, FileAccess access, Int32 rights, Boolean useRights, FileShare share, Int32 bufferSize, FileOptions options, SECURITY_ATTRIBUTES secAttrs, String msgPath, Boolean bFromProxy, Boolean useLongPath, Boolean checkHost)
   在 System.IO.FileStream..ctor(String path, FileMode mode, FileAccess access, FileShare share, Int32 bufferSize)
   在 System.Xml.XmlDownloadManager.GetStream(Uri uri, ICredentials credentials, IWebProxy proxy, RequestCachePolicy cachePolicy)
   在 System.Xml.XmlUrlResolver.GetEntity(Uri absoluteUri, String role, Type ofObjectToReturn)
   在 System.Xml.XmlTextReaderImpl.FinishInitUriString()
   在 System.Xml.XmlTextReaderImpl..ctor(String uriStr, XmlReaderSettings settings, XmlParserContext context, XmlResolver uriResolver)
   在 System.Xml.XmlReaderSettings.CreateReader(String inputUri, XmlParserContext inputContext)
   在 System.Xml.XmlReader.Create(String inputUri, XmlReaderSettings settings, XmlParserContext inputContext)
   在 System.Xml.Linq.XElement.Load(String uri, LoadOptions options)
   在 System.Xml.Linq.XElement.Load(String uri)
   在 VBI.BusinessLogic.Config.ParseFile(String fileName)
   在 AI.VisualDesigner.TestCases.AssemblyProcess.Assembly_Initialize(TestContext testContext)
</StackTrace>
        </ErrorInfo>
      </Output>
    </UnitTestResult>
    <UnitTestResult executionId="b52296b4-11c3-42c2-adf4-3ec5b61b19e1" testId="ea9087e0-f9a3-71f7-1d9d-114f56cf356c" testName="CustomBarChart2" computerName="UITEST-PC" startTime="2019-04-17T17:48:37.1677482+08:00" endTime="2019-04-17T17:48:37.1833704+08:00" testType="13cdc9d9-ddb5-4fa4-a97d-d965ccfc6d4b" outcome="Failed" testListId="8c84fa94-04c1-424b-9868-57a2d4851a1d" relativeResultsDirectory="b52296b4-11c3-42c2-adf4-3ec5b61b19e1">
      <Output>
        <ErrorInfo>
          <Message>Assembly Initialization method AI.VisualDesigner.TestCases.AssemblyProcess.Assembly_Initialize threw exception. System.IO.FileNotFoundException: System.IO.FileNotFoundException: 未能找到文件“D:\Jenkins\workspace\Vbi5Client-Release\UITest_UITEST-PC 2019-04-17 17_48_36\Out\Config.xml”。. Aborting test execution.</Message>
          <StackTrace>    在 System.IO.__Error.WinIOError(Int32 errorCode, String maybeFullPath)
   在 System.IO.FileStream.Init(String path, FileMode mode, FileAccess access, Int32 rights, Boolean useRights, FileShare share, Int32 bufferSize, FileOptions options, SECURITY_ATTRIBUTES secAttrs, String msgPath, Boolean bFromProxy, Boolean useLongPath, Boolean checkHost)
   在 System.IO.FileStream..ctor(String path, FileMode mode, FileAccess access, FileShare share, Int32 bufferSize)
   在 System.Xml.XmlDownloadManager.GetStream(Uri uri, ICredentials credentials, IWebProxy proxy, RequestCachePolicy cachePolicy)
   在 System.Xml.XmlUrlResolver.GetEntity(Uri absoluteUri, String role, Type ofObjectToReturn)
   在 System.Xml.XmlTextReaderImpl.FinishInitUriString()
   在 System.Xml.XmlTextReaderImpl..ctor(String uriStr, XmlReaderSettings settings, XmlParserContext context, XmlResolver uriResolver)
   在 System.Xml.XmlReaderSettings.CreateReader(String inputUri, XmlParserContext inputContext)
   在 System.Xml.XmlReader.Create(String inputUri, XmlReaderSettings settings, XmlParserContext inputContext)
   在 System.Xml.Linq.XElement.Load(String uri, LoadOptions options)
   在 System.Xml.Linq.XElement.Load(String uri)
   在 VBI.BusinessLogic.Config.ParseFile(String fileName)
   在 AI.VisualDesigner.TestCases.AssemblyProcess.Assembly_Initialize(TestContext testContext)
</StackTrace>
        </ErrorInfo>
      </Output>
    </UnitTestResult>
    <UnitTestResult executionId="427ae734-5efa-4bed-9518-b772115a53e7" testId="5223203b-1fc7-74f9-dc3a-f55dfe5efef6" testName="CustomColDiagram" computerName="UITEST-PC" startTime="2019-04-17T17:48:37.1833704+08:00" endTime="2019-04-17T17:48:37.1833704+08:00" testType="13cdc9d9-ddb5-4fa4-a97d-d965ccfc6d4b" outcome="Failed" testListId="8c84fa94-04c1-424b-9868-57a2d4851a1d" relativeResultsDirectory="427ae734-5efa-4bed-9518-b772115a53e7">
      <Output>
        <ErrorInfo>
          <Message>Assembly Initialization method AI.VisualDesigner.TestCases.AssemblyProcess.Assembly_Initialize threw exception. System.IO.FileNotFoundException: System.IO.FileNotFoundException: 未能找到文件“D:\Jenkins\workspace\Vbi5Client-Release\UITest_UITEST-PC 2019-04-17 17_48_36\Out\Config.xml”。. Aborting test execution.</Message>
          <StackTrace>    在 System.IO.__Error.WinIOError(Int32 errorCode, String maybeFullPath)
   在 System.IO.FileStream.Init(String path, FileMode mode, FileAccess access, Int32 rights, Boolean useRights, FileShare share, Int32 bufferSize, FileOptions options, SECURITY_ATTRIBUTES secAttrs, String msgPath, Boolean bFromProxy, Boolean useLongPath, Boolean checkHost)
   在 System.IO.FileStream..ctor(String path, FileMode mode, FileAccess access, FileShare share, Int32 bufferSize)
   在 System.Xml.XmlDownloadManager.GetStream(Uri uri, ICredentials credentials, IWebProxy proxy, RequestCachePolicy cachePolicy)
   在 System.Xml.XmlUrlResolver.GetEntity(Uri absoluteUri, String role, Type ofObjectToReturn)
   在 System.Xml.XmlTextReaderImpl.FinishInitUriString()
   在 System.Xml.XmlTextReaderImpl..ctor(String uriStr, XmlReaderSettings settings, XmlParserContext context, XmlResolver uriResolver)
   在 System.Xml.XmlReaderSettings.CreateReader(String inputUri, XmlParserContext inputContext)
   在 System.Xml.XmlReader.Create(String inputUri, XmlReaderSettings settings, XmlParserContext inputContext)
   在 System.Xml.Linq.XElement.Load(String uri, LoadOptions options)
   在 System.Xml.Linq.XElement.Load(String uri)
   在 VBI.BusinessLogic.Config.ParseFile(String fileName)
   在 AI.VisualDesigner.TestCases.AssemblyProcess.Assembly_Initialize(TestContext testContext)
</StackTrace>
        </ErrorInfo>
      </Output>
    </UnitTestResult>
    <UnitTestResult executionId="e02bc0ea-e30a-4301-ae21-53836f3b5362" testId="6dd8d4d8-cbf9-a174-1784-5f4a27a43c7a" testName="FourQuadrant" computerName="UITEST-PC" startTime="2019-04-17T17:48:37.1833704+08:00" endTime="2019-04-17T17:48:37.1833704+08:00" testType="13cdc9d9-ddb5-4fa4-a97d-d965ccfc6d4b" outcome="Failed" testListId="8c84fa94-04c1-424b-9868-57a2d4851a1d" relativeResultsDirectory="e02bc0ea-e30a-4301-ae21-53836f3b5362">
      <Output>
        <ErrorInfo>
          <Message>Assembly Initialization method AI.VisualDesigner.TestCases.AssemblyProcess.Assembly_Initialize threw exception. System.IO.FileNotFoundException: System.IO.FileNotFoundException: 未能找到文件“D:\Jenkins\workspace\Vbi5Client-Release\UITest_UITEST-PC 2019-04-17 17_48_36\Out\Config.xml”。. Aborting test execution.</Message>
          <StackTrace>    在 System.IO.__Error.WinIOError(Int32 errorCode, String maybeFullPath)
   在 System.IO.FileStream.Init(String path, FileMode mode, FileAccess access, Int32 rights, Boolean useRights, FileShare share, Int32 bufferSize, FileOptions options, SECURITY_ATTRIBUTES secAttrs, String msgPath, Boolean bFromProxy, Boolean useLongPath, Boolean checkHost)
   在 System.IO.FileStream..ctor(String path, FileMode mode, FileAccess access, FileShare share, Int32 bufferSize)
   在 System.Xml.XmlDownloadManager.GetStream(Uri uri, ICredentials credentials, IWebProxy proxy, RequestCachePolicy cachePolicy)
   在 System.Xml.XmlUrlResolver.GetEntity(Uri absoluteUri, String role, Type ofObjectToReturn)
   在 System.Xml.XmlTextReaderImpl.FinishInitUriString()
   在 System.Xml.XmlTextReaderImpl..ctor(String uriStr, XmlReaderSettings settings, XmlParserContext context, XmlResolver uriResolver)
   在 System.Xml.XmlReaderSettings.CreateReader(String inputUri, XmlParserContext inputContext)
   在 System.Xml.XmlReader.Create(String inputUri, XmlReaderSettings settings, XmlParserContext inputContext)
   在 System.Xml.Linq.XElement.Load(String uri, LoadOptions options)
   在 System.Xml.Linq.XElement.Load(String uri)
   在 VBI.BusinessLogic.Config.ParseFile(String fileName)
   在 AI.VisualDesigner.TestCases.AssemblyProcess.Assembly_Initialize(TestContext testContext)
</StackTrace>
        </ErrorInfo>
      </Output>
    </UnitTestResult>
    <UnitTestResult executionId="92991a85-f26b-4252-a150-6d33ee027a2d" testId="a8a04f9f-1cfa-5672-da25-6c544f615102" testName="HighPerChart" computerName="UITEST-PC" startTime="2019-04-17T17:48:37.1833704+08:00" endTime="2019-04-17T17:48:37.1833704+08:00" testType="13cdc9d9-ddb5-4fa4-a97d-d965ccfc6d4b" outcome="Failed" testListId="8c84fa94-04c1-424b-9868-57a2d4851a1d" relativeResultsDirectory="92991a85-f26b-4252-a150-6d33ee027a2d">
      <Output>
        <ErrorInfo>
          <Message>Assembly Initialization method AI.VisualDesigner.TestCases.AssemblyProcess.Assembly_Initialize threw exception. System.IO.FileNotFoundException: System.IO.FileNotFoundException: 未能找到文件“D:\Jenkins\workspace\Vbi5Client-Release\UITest_UITEST-PC 2019-04-17 17_48_36\Out\Config.xml”。. Aborting test execution.</Message>
          <StackTrace>    在 System.IO.__Error.WinIOError(Int32 errorCode, String maybeFullPath)
   在 System.IO.FileStream.Init(String path, FileMode mode, FileAccess access, Int32 rights, Boolean useRights, FileShare share, Int32 bufferSize, FileOptions options, SECURITY_ATTRIBUTES secAttrs, String msgPath, Boolean bFromProxy, Boolean useLongPath, Boolean checkHost)
   在 System.IO.FileStream..ctor(String path, FileMode mode, FileAccess access, FileShare share, Int32 bufferSize)
   在 System.Xml.XmlDownloadManager.GetStream(Uri uri, ICredentials credentials, IWebProxy proxy, RequestCachePolicy cachePolicy)
   在 System.Xml.XmlUrlResolver.GetEntity(Uri absoluteUri, String role, Type ofObjectToReturn)
   在 System.Xml.XmlTextReaderImpl.FinishInitUriString()
   在 System.Xml.XmlTextReaderImpl..ctor(String uriStr, XmlReaderSettings settings, XmlParserContext context, XmlResolver uriResolver)
   在 System.Xml.XmlReaderSettings.CreateReader(String inputUri, XmlParserContext inputContext)
   在 System.Xml.XmlReader.Create(String inputUri, XmlReaderSettings settings, XmlParserContext inputContext)
   在 System.Xml.Linq.XElement.Load(String uri, LoadOptions options)
   在 System.Xml.Linq.XElement.Load(String uri)
   在 VBI.BusinessLogic.Config.ParseFile(String fileName)
   在 AI.VisualDesigner.TestCases.AssemblyProcess.Assembly_Initialize(TestContext testContext)
</StackTrace>
        </ErrorInfo>
      </Output>
    </UnitTestResult>
    <UnitTestResult executionId="321be32b-c963-4de3-9727-d7b3660058fe" testId="d10c7595-8e09-41aa-d686-bb8549e8ff9b" testName="HighPerChartWithCols" computerName="UITEST-PC" startTime="2019-04-17T17:48:37.1833704+08:00" endTime="2019-04-17T17:48:37.1833704+08:00" testType="13cdc9d9-ddb5-4fa4-a97d-d965ccfc6d4b" outcome="Failed" testListId="8c84fa94-04c1-424b-9868-57a2d4851a1d" relativeResultsDirectory="321be32b-c963-4de3-9727-d7b3660058fe">
      <Output>
        <ErrorInfo>
          <Message>Assembly Initialization method AI.VisualDesigner.TestCases.AssemblyProcess.Assembly_Initialize threw exception. System.IO.FileNotFoundException: System.IO.FileNotFoundException: 未能找到文件“D:\Jenkins\workspace\Vbi5Client-Release\UITest_UITEST-PC 2019-04-17 17_48_36\Out\Config.xml”。. Aborting test execution.</Message>
          <StackTrace>    在 System.IO.__Error.WinIOError(Int32 errorCode, String maybeFullPath)
   在 System.IO.FileStream.Init(String path, FileMode mode, FileAccess access, Int32 rights, Boolean useRights, FileShare share, Int32 bufferSize, FileOptions options, SECURITY_ATTRIBUTES secAttrs, String msgPath, Boolean bFromProxy, Boolean useLongPath, Boolean checkHost)
   在 System.IO.FileStream..ctor(String path, FileMode mode, FileAccess access, FileShare share, Int32 bufferSize)
   在 System.Xml.XmlDownloadManager.GetStream(Uri uri, ICredentials credentials, IWebProxy proxy, RequestCachePolicy cachePolicy)
   在 System.Xml.XmlUrlResolver.GetEntity(Uri absoluteUri, String role, Type ofObjectToReturn)
   在 System.Xml.XmlTextReaderImpl.FinishInitUriString()
   在 System.Xml.XmlTextReaderImpl..ctor(String uriStr, XmlReaderSettings settings, XmlParserContext context, XmlResolver uriResolver)
   在 System.Xml.XmlReaderSettings.CreateReader(String inputUri, XmlParserContext inputContext)
   在 System.Xml.XmlReader.Create(String inputUri, XmlReaderSettings settings, XmlParserContext inputContext)
   在 System.Xml.Linq.XElement.Load(String uri, LoadOptions options)
   在 System.Xml.Linq.XElement.Load(String uri)
   在 VBI.BusinessLogic.Config.ParseFile(String fileName)
   在 AI.VisualDesigner.TestCases.AssemblyProcess.Assembly_Initialize(TestContext testContext)
</StackTrace>
        </ErrorInfo>
      </Output>
    </UnitTestResult>
    <UnitTestResult executionId="22492681-5e72-4ba1-bc24-213e6cea3436" testId="36f078f3-22aa-4a6f-e96a-0beb1aaf356e" testName="Pareto" computerName="UITEST-PC" startTime="2019-04-17T17:48:37.1833704+08:00" endTime="2019-04-17T17:48:37.1989915+08:00" testType="13cdc9d9-ddb5-4fa4-a97d-d965ccfc6d4b" outcome="Failed" testListId="8c84fa94-04c1-424b-9868-57a2d4851a1d" relativeResultsDirectory="22492681-5e72-4ba1-bc24-213e6cea3436">
      <Output>
        <ErrorInfo>
          <Message>Assembly Initialization method AI.VisualDesigner.TestCases.AssemblyProcess.Assembly_Initialize threw exception. System.IO.FileNotFoundException: System.IO.FileNotFoundException: 未能找到文件“D:\Jenkins\workspace\Vbi5Client-Release\UITest_UITEST-PC 2019-04-17 17_48_36\Out\Config.xml”。. Aborting test execution.</Message>
          <StackTrace>    在 System.IO.__Error.WinIOError(Int32 errorCode, String maybeFullPath)
   在 System.IO.FileStream.Init(String path, FileMode mode, FileAccess access, Int32 rights, Boolean useRights, FileShare share, Int32 bufferSize, FileOptions options, SECURITY_ATTRIBUTES secAttrs, String msgPath, Boolean bFromProxy, Boolean useLongPath, Boolean checkHost)
   在 System.IO.FileStream..ctor(String path, FileMode mode, FileAccess access, FileShare share, Int32 bufferSize)
   在 System.Xml.XmlDownloadManager.GetStream(Uri uri, ICredentials credentials, IWebProxy proxy, RequestCachePolicy cachePolicy)
   在 System.Xml.XmlUrlResolver.GetEntity(Uri absoluteUri, String role, Type ofObjectToReturn)
   在 System.Xml.XmlTextReaderImpl.FinishInitUriString()
   在 System.Xml.XmlTextReaderImpl..ctor(String uriStr, XmlReaderSettings settings, XmlParserContext context, XmlResolver uriResolver)
   在 System.Xml.XmlReaderSettings.CreateReader(String inputUri, XmlParserContext inputContext)
   在 System.Xml.XmlReader.Create(String inputUri, XmlReaderSettings settings, XmlParserContext inputContext)
   在 System.Xml.Linq.XElement.Load(String uri, LoadOptions options)
   在 System.Xml.Linq.XElement.Load(String uri)
   在 VBI.BusinessLogic.Config.ParseFile(String fileName)
   在 AI.VisualDesigner.TestCases.AssemblyProcess.Assembly_Initialize(TestContext testContext)
</StackTrace>
        </ErrorInfo>
      </Output>
    </UnitTestResult>
    <UnitTestResult executionId="f801af11-49dc-42fa-9809-4d99348d900f" testId="f42daaaf-0547-bf75-1797-1b91d6055809" testName="Pareto1" computerName="UITEST-PC" startTime="2019-04-17T17:48:37.1989915+08:00" endTime="2019-04-17T17:48:37.1989915+08:00" testType="13cdc9d9-ddb5-4fa4-a97d-d965ccfc6d4b" outcome="Failed" testListId="8c84fa94-04c1-424b-9868-57a2d4851a1d" relativeResultsDirectory="f801af11-49dc-42fa-9809-4d99348d900f">
      <Output>
        <ErrorInfo>
          <Message>Assembly Initialization method AI.VisualDesigner.TestCases.AssemblyProcess.Assembly_Initialize threw exception. System.IO.FileNotFoundException: System.IO.FileNotFoundException: 未能找到文件“D:\Jenkins\workspace\Vbi5Client-Release\UITest_UITEST-PC 2019-04-17 17_48_36\Out\Config.xml”。. Aborting test execution.</Message>
          <StackTrace>    在 System.IO.__Error.WinIOError(Int32 errorCode, String maybeFullPath)
   在 System.IO.FileStream.Init(String path, FileMode mode, FileAccess access, Int32 rights, Boolean useRights, FileShare share, Int32 bufferSize, FileOptions options, SECURITY_ATTRIBUTES secAttrs, String msgPath, Boolean bFromProxy, Boolean useLongPath, Boolean checkHost)
   在 System.IO.FileStream..ctor(String path, FileMode mode, FileAccess access, FileShare share, Int32 bufferSize)
   在 System.Xml.XmlDownloadManager.GetStream(Uri uri, ICredentials credentials, IWebProxy proxy, RequestCachePolicy cachePolicy)
   在 System.Xml.XmlUrlResolver.GetEntity(Uri absoluteUri, String role, Type ofObjectToReturn)
   在 System.Xml.XmlTextReaderImpl.FinishInitUriString()
   在 System.Xml.XmlTextReaderImpl..ctor(String uriStr, XmlReaderSettings settings, XmlParserContext context, XmlResolver uriResolver)
   在 System.Xml.XmlReaderSettings.CreateReader(String inputUri, XmlParserContext inputContext)
   在 System.Xml.XmlReader.Create(String inputUri, XmlReaderSettings settings, XmlParserContext inputContext)
   在 System.Xml.Linq.XElement.Load(String uri, LoadOptions options)
   在 System.Xml.Linq.XElement.Load(String uri)
   在 VBI.BusinessLogic.Config.ParseFile(String fileName)
   在 AI.VisualDesigner.TestCases.AssemblyProcess.Assembly_Initialize(TestContext testContext)
</StackTrace>
        </ErrorInfo>
      </Output>
    </UnitTestResult>
    <UnitTestResult executionId="5e231f73-c9a9-4282-92f5-2f7aedee46f0" testId="7b244f00-eaba-ada2-f8e5-899e229011c9" testName="Pareto2" computerName="UITEST-PC" startTime="2019-04-17T17:48:37.1989915+08:00" endTime="2019-04-17T17:48:37.1989915+08:00" testType="13cdc9d9-ddb5-4fa4-a97d-d965ccfc6d4b" outcome="Failed" testListId="8c84fa94-04c1-424b-9868-57a2d4851a1d" relativeResultsDirectory="5e231f73-c9a9-4282-92f5-2f7aedee46f0">
      <Output>
        <ErrorInfo>
          <Message>Assembly Initialization method AI.VisualDesigner.TestCases.AssemblyProcess.Assembly_Initialize threw exception. System.IO.FileNotFoundException: System.IO.FileNotFoundException: 未能找到文件“D:\Jenkins\workspace\Vbi5Client-Release\UITest_UITEST-PC 2019-04-17 17_48_36\Out\Config.xml”。. Aborting test execution.</Message>
          <StackTrace>    在 System.IO.__Error.WinIOError(Int32 errorCode, String maybeFullPath)
   在 System.IO.FileStream.Init(String path, FileMode mode, FileAccess access, Int32 rights, Boolean useRights, FileShare share, Int32 bufferSize, FileOptions options, SECURITY_ATTRIBUTES secAttrs, String msgPath, Boolean bFromProxy, Boolean useLongPath, Boolean checkHost)
   在 System.IO.FileStream..ctor(String path, FileMode mode, FileAccess access, FileShare share, Int32 bufferSize)
   在 System.Xml.XmlDownloadManager.GetStream(Uri uri, ICredentials credentials, IWebProxy proxy, RequestCachePolicy cachePolicy)
   在 System.Xml.XmlUrlResolver.GetEntity(Uri absoluteUri, String role, Type ofObjectToReturn)
   在 System.Xml.XmlTextReaderImpl.FinishInitUriString()
   在 System.Xml.XmlTextReaderImpl..ctor(String uriStr, XmlReaderSettings settings, XmlParserContext context, XmlResolver uriResolver)
   在 System.Xml.XmlReaderSettings.CreateReader(String inputUri, XmlParserContext inputContext)
   在 System.Xml.XmlReader.Create(String inputUri, XmlReaderSettings settings, XmlParserContext inputContext)
   在 System.Xml.Linq.XElement.Load(String uri, LoadOptions options)
   在 System.Xml.Linq.XElement.Load(String uri)
   在 VBI.BusinessLogic.Config.ParseFile(String fileName)
   在 AI.VisualDesigner.TestCases.AssemblyProcess.Assembly_Initialize(TestContext testContext)
</StackTrace>
        </ErrorInfo>
      </Output>
    </UnitTestResult>
    <UnitTestResult executionId="80720863-a5cd-44f0-be4b-0c99b85a7112" testId="53de2ec0-5513-64b5-9d99-d0c01a9746fd" testName="RentangleTree" computerName="UITEST-PC" startTime="2019-04-17T17:48:37.1989915+08:00" endTime="2019-04-17T17:48:37.1989915+08:00" testType="13cdc9d9-ddb5-4fa4-a97d-d965ccfc6d4b" outcome="Failed" testListId="8c84fa94-04c1-424b-9868-57a2d4851a1d" relativeResultsDirectory="80720863-a5cd-44f0-be4b-0c99b85a7112">
      <Output>
        <ErrorInfo>
          <Message>Assembly Initialization method AI.VisualDesigner.TestCases.AssemblyProcess.Assembly_Initialize threw exception. System.IO.FileNotFoundException: System.IO.FileNotFoundException: 未能找到文件“D:\Jenkins\workspace\Vbi5Client-Release\UITest_UITEST-PC 2019-04-17 17_48_36\Out\Config.xml”。. Aborting test execution.</Message>
          <StackTrace>    在 System.IO.__Error.WinIOError(Int32 errorCode, String maybeFullPath)
   在 System.IO.FileStream.Init(String path, FileMode mode, FileAccess access, Int32 rights, Boolean useRights, FileShare share, Int32 bufferSize, FileOptions options, SECURITY_ATTRIBUTES secAttrs, String msgPath, Boolean bFromProxy, Boolean useLongPath, Boolean checkHost)
   在 System.IO.FileStream..ctor(String path, FileMode mode, FileAccess access, FileShare share, Int32 bufferSize)
   在 System.Xml.XmlDownloadManager.GetStream(Uri uri, ICredentials credentials, IWebProxy proxy, RequestCachePolicy cachePolicy)
   在 System.Xml.XmlUrlResolver.GetEntity(Uri absoluteUri, String role, Type ofObjectToReturn)
   在 System.Xml.XmlTextReaderImpl.FinishInitUriString()
   在 System.Xml.XmlTextReaderImpl..ctor(String uriStr, XmlReaderSettings settings, XmlParserContext context, XmlResolver uriResolver)
   在 System.Xml.XmlReaderSettings.CreateReader(String inputUri, XmlParserContext inputContext)
   在 System.Xml.XmlReader.Create(String inputUri, XmlReaderSettings settings, XmlParserContext inputContext)
   在 System.Xml.Linq.XElement.Load(String uri, LoadOptions options)
   在 System.Xml.Linq.XElement.Load(String uri)
   在 VBI.BusinessLogic.Config.ParseFile(String fileName)
   在 AI.VisualDesigner.TestCases.AssemblyProcess.Assembly_Initialize(TestContext testContext)
</StackTrace>
        </ErrorInfo>
      </Output>
    </UnitTestResult>
    <UnitTestResult executionId="57e88bf1-bcee-477d-9a66-5991969c46ae" testId="1666bb0e-0fe1-d062-6d77-d8d3bafa86ac" testName="StackColChart" computerName="UITEST-PC" startTime="2019-04-17T17:48:37.2302342+08:00" endTime="2019-04-17T17:48:37.2302342+08:00" testType="13cdc9d9-ddb5-4fa4-a97d-d965ccfc6d4b" outcome="Failed" testListId="8c84fa94-04c1-424b-9868-57a2d4851a1d" relativeResultsDirectory="57e88bf1-bcee-477d-9a66-5991969c46ae">
      <Output>
        <ErrorInfo>
          <Message>Assembly Initialization method AI.VisualDesigner.TestCases.AssemblyProcess.Assembly_Initialize threw exception. System.IO.FileNotFoundException: System.IO.FileNotFoundException: 未能找到文件“D:\Jenkins\workspace\Vbi5Client-Release\UITest_UITEST-PC 2019-04-17 17_48_36\Out\Config.xml”。. Aborting test execution.</Message>
          <StackTrace>    在 System.IO.__Error.WinIOError(Int32 errorCode, String maybeFullPath)
   在 System.IO.FileStream.Init(String path, FileMode mode, FileAccess access, Int32 rights, Boolean useRights, FileShare share, Int32 bufferSize, FileOptions options, SECURITY_ATTRIBUTES secAttrs, String msgPath, Boolean bFromProxy, Boolean useLongPath, Boolean checkHost)
   在 System.IO.FileStream..ctor(String path, FileMode mode, FileAccess access, FileShare share, Int32 bufferSize)
   在 System.Xml.XmlDownloadManager.GetStream(Uri uri, ICredentials credentials, IWebProxy proxy, RequestCachePolicy cachePolicy)
   在 System.Xml.XmlUrlResolver.GetEntity(Uri absoluteUri, String role, Type ofObjectToReturn)
   在 System.Xml.XmlTextReaderImpl.FinishInitUriString()
   在 System.Xml.XmlTextReaderImpl..ctor(String uriStr, XmlReaderSettings settings, XmlParserContext context, XmlResolver uriResolver)
   在 System.Xml.XmlReaderSettings.CreateReader(String inputUri, XmlParserContext inputContext)
   在 System.Xml.XmlReader.Create(String inputUri, XmlReaderSettings settings, XmlParserContext inputContext)
   在 System.Xml.Linq.XElement.Load(String uri, LoadOptions options)
   在 System.Xml.Linq.XElement.Load(String uri)
   在 VBI.BusinessLogic.Config.ParseFile(String fileName)
   在 AI.VisualDesigner.TestCases.AssemblyProcess.Assembly_Initialize(TestContext testContext)
</StackTrace>
        </ErrorInfo>
      </Output>
    </UnitTestResult>
    <UnitTestResult executionId="1c599623-33b4-4076-b047-62f58f906838" testId="2d7b7ede-736f-e31a-7d8d-7d9e33acfc61" testName="TableChart" computerName="UITEST-PC" startTime="2019-04-17T17:48:37.2302342+08:00" endTime="2019-04-17T17:48:37.2302342+08:00" testType="13cdc9d9-ddb5-4fa4-a97d-d965ccfc6d4b" outcome="Failed" testListId="8c84fa94-04c1-424b-9868-57a2d4851a1d" relativeResultsDirectory="1c599623-33b4-4076-b047-62f58f906838">
      <Output>
        <ErrorInfo>
          <Message>Assembly Initialization method AI.VisualDesigner.TestCases.AssemblyProcess.Assembly_Initialize threw exception. System.IO.FileNotFoundException: System.IO.FileNotFoundException: 未能找到文件“D:\Jenkins\workspace\Vbi5Client-Release\UITest_UITEST-PC 2019-04-17 17_48_36\Out\Config.xml”。. Aborting test execution.</Message>
          <StackTrace>    在 System.IO.__Error.WinIOError(Int32 errorCode, String maybeFullPath)
   在 System.IO.FileStream.Init(String path, FileMode mode, FileAccess access, Int32 rights, Boolean useRights, FileShare share, Int32 bufferSize, FileOptions options, SECURITY_ATTRIBUTES secAttrs, String msgPath, Boolean bFromProxy, Boolean useLongPath, Boolean checkHost)
   在 System.IO.FileStream..ctor(String path, FileMode mode, FileAccess access, FileShare share, Int32 bufferSize)
   在 System.Xml.XmlDownloadManager.GetStream(Uri uri, ICredentials credentials, IWebProxy proxy, RequestCachePolicy cachePolicy)
   在 System.Xml.XmlUrlResolver.GetEntity(Uri absoluteUri, String role, Type ofObjectToReturn)
   在 System.Xml.XmlTextReaderImpl.FinishInitUriString()
   在 System.Xml.XmlTextReaderImpl..ctor(String uriStr, XmlReaderSettings settings, XmlParserContext context, XmlResolver uriResolver)
   在 System.Xml.XmlReaderSettings.CreateReader(String inputUri, XmlParserContext inputContext)
   在 System.Xml.XmlReader.Create(String inputUri, XmlReaderSettings settings, XmlParserContext inputContext)
   在 System.Xml.Linq.XElement.Load(String uri, LoadOptions options)
   在 System.Xml.Linq.XElement.Load(String uri)
   在 VBI.BusinessLogic.Config.ParseFile(String fileName)
   在 AI.VisualDesigner.TestCases.AssemblyProcess.Assembly_Initialize(TestContext testContext)
</StackTrace>
        </ErrorInfo>
      </Output>
    </UnitTestResult>
    <UnitTestResult executionId="78cfd163-1275-4708-a2d8-8573b67bdbdc" testId="5edd9afa-4729-6bba-2093-a89fb849d345" testName="WaterfallDistribution" computerName="UITEST-PC" startTime="2019-04-17T17:48:37.2302342+08:00" endTime="2019-04-17T17:48:37.2302342+08:00" testType="13cdc9d9-ddb5-4fa4-a97d-d965ccfc6d4b" outcome="Failed" testListId="8c84fa94-04c1-424b-9868-57a2d4851a1d" relativeResultsDirectory="78cfd163-1275-4708-a2d8-8573b67bdbdc">
      <Output>
        <ErrorInfo>
          <Message>Assembly Initialization method AI.VisualDesigner.TestCases.AssemblyProcess.Assembly_Initialize threw exception. System.IO.FileNotFoundException: System.IO.FileNotFoundException: 未能找到文件“D:\Jenkins\workspace\Vbi5Client-Release\UITest_UITEST-PC 2019-04-17 17_48_36\Out\Config.xml”。. Aborting test execution.</Message>
          <StackTrace>    在 System.IO.__Error.WinIOError(Int32 errorCode, String maybeFullPath)
   在 System.IO.FileStream.Init(String path, FileMode mode, FileAccess access, Int32 rights, Boolean useRights, FileShare share, Int32 bufferSize, FileOptions options, SECURITY_ATTRIBUTES secAttrs, String msgPath, Boolean bFromProxy, Boolean useLongPath, Boolean checkHost)
   在 System.IO.FileStream..ctor(String path, FileMode mode, FileAccess access, FileShare share, Int32 bufferSize)
   在 System.Xml.XmlDownloadManager.GetStream(Uri uri, ICredentials credentials, IWebProxy proxy, RequestCachePolicy cachePolicy)
   在 System.Xml.XmlUrlResolver.GetEntity(Uri absoluteUri, String role, Type ofObjectToReturn)
   在 System.Xml.XmlTextReaderImpl.FinishInitUriString()
   在 System.Xml.XmlTextReaderImpl..ctor(String uriStr, XmlReaderSettings settings, XmlParserContext context, XmlResolver uriResolver)
   在 System.Xml.XmlReaderSettings.CreateReader(String inputUri, XmlParserContext inputContext)
   在 System.Xml.XmlReader.Create(String inputUri, XmlReaderSettings settings, XmlParserContext inputContext)
   在 System.Xml.Linq.XElement.Load(String uri, LoadOptions options)
   在 System.Xml.Linq.XElement.Load(String uri)
   在 VBI.BusinessLogic.Config.ParseFile(String fileName)
   在 AI.VisualDesigner.TestCases.AssemblyProcess.Assembly_Initialize(TestContext testContext)
</StackTrace>
        </ErrorInfo>
      </Output>
    </UnitTestResult>
    <UnitTestResult executionId="d2872a20-76d8-45af-9d81-de49fc15c078" testId="de957b90-216c-54b5-886e-378ef9175bd8" testName="WaterfallStaircase" computerName="UITEST-PC" startTime="2019-04-17T17:48:37.2458842+08:00" endTime="2019-04-17T17:48:37.2458842+08:00" testType="13cdc9d9-ddb5-4fa4-a97d-d965ccfc6d4b" outcome="Failed" testListId="8c84fa94-04c1-424b-9868-57a2d4851a1d" relativeResultsDirectory="d2872a20-76d8-45af-9d81-de49fc15c078">
      <Output>
        <ErrorInfo>
          <Message>Assembly Initialization method AI.VisualDesigner.TestCases.AssemblyProcess.Assembly_Initialize threw exception. System.IO.FileNotFoundException: System.IO.FileNotFoundException: 未能找到文件“D:\Jenkins\workspace\Vbi5Client-Release\UITest_UITEST-PC 2019-04-17 17_48_36\Out\Config.xml”。. Aborting test execution.</Message>
          <StackTrace>    在 System.IO.__Error.WinIOError(Int32 errorCode, String maybeFullPath)
   在 System.IO.FileStream.Init(String path, FileMode mode, FileAccess access, Int32 rights, Boolean useRights, FileShare share, Int32 bufferSize, FileOptions options, SECURITY_ATTRIBUTES secAttrs, String msgPath, Boolean bFromProxy, Boolean useLongPath, Boolean checkHost)
   在 System.IO.FileStream..ctor(String path, FileMode mode, FileAccess access, FileShare share, Int32 bufferSize)
   在 System.Xml.XmlDownloadManager.GetStream(Uri uri, ICredentials credentials, IWebProxy proxy, RequestCachePolicy cachePolicy)
   在 System.Xml.XmlUrlResolver.GetEntity(Uri absoluteUri, String role, Type ofObjectToReturn)
   在 System.Xml.XmlTextReaderImpl.FinishInitUriString()
   在 System.Xml.XmlTextReaderImpl..ctor(String uriStr, XmlReaderSettings settings, XmlParserContext context, XmlResolver uriResolver)
   在 System.Xml.XmlReaderSettings.CreateReader(String inputUri, XmlParserContext inputContext)
   在 System.Xml.XmlReader.Create(String inputUri, XmlReaderSettings settings, XmlParserContext inputContext)
   在 System.Xml.Linq.XElement.Load(String uri, LoadOptions options)
   在 System.Xml.Linq.XElement.Load(String uri)
   在 VBI.BusinessLogic.Config.ParseFile(String fileName)
   在 AI.VisualDesigner.TestCases.AssemblyProcess.Assembly_Initialize(TestContext testContext)
</StackTrace>
        </ErrorInfo>
      </Output>
    </UnitTestResult>
    <UnitTestResult executionId="71b6d9d8-0ec2-462b-ab4a-e487c1da0b23" testId="4b1690e2-46e4-74f9-85cc-3f9d4b463518" testName="WhiskerChart" computerName="UITEST-PC" startTime="2019-04-17T17:48:37.2458842+08:00" endTime="2019-04-17T17:48:37.2458842+08:00" testType="13cdc9d9-ddb5-4fa4-a97d-d965ccfc6d4b" outcome="Failed" testListId="8c84fa94-04c1-424b-9868-57a2d4851a1d" relativeResultsDirectory="71b6d9d8-0ec2-462b-ab4a-e487c1da0b23">
      <Output>
        <ErrorInfo>
          <Message>Assembly Initialization method AI.VisualDesigner.TestCases.AssemblyProcess.Assembly_Initialize threw exception. System.IO.FileNotFoundException: System.IO.FileNotFoundException: 未能找到文件“D:\Jenkins\workspace\Vbi5Client-Release\UITest_UITEST-PC 2019-04-17 17_48_36\Out\Config.xml”。. Aborting test execution.</Message>
          <StackTrace>    在 System.IO.__Error.WinIOError(Int32 errorCode, String maybeFullPath)
   在 System.IO.FileStream.Init(String path, FileMode mode, FileAccess access, Int32 rights, Boolean useRights, FileShare share, Int32 bufferSize, FileOptions options, SECURITY_ATTRIBUTES secAttrs, String msgPath, Boolean bFromProxy, Boolean useLongPath, Boolean checkHost)
   在 System.IO.FileStream..ctor(String path, FileMode mode, FileAccess access, FileShare share, Int32 bufferSize)
   在 System.Xml.XmlDownloadManager.GetStream(Uri uri, ICredentials credentials, IWebProxy proxy, RequestCachePolicy cachePolicy)
   在 System.Xml.XmlUrlResolver.GetEntity(Uri absoluteUri, String role, Type ofObjectToReturn)
   在 System.Xml.XmlTextReaderImpl.FinishInitUriString()
   在 System.Xml.XmlTextReaderImpl..ctor(String uriStr, XmlReaderSettings settings, XmlParserContext context, XmlResolver uriResolver)
   在 System.Xml.XmlReaderSettings.CreateReader(String inputUri, XmlParserContext inputContext)
   在 System.Xml.XmlReader.Create(String inputUri, XmlReaderSettings settings, XmlParserContext inputContext)
   在 System.Xml.Linq.XElement.Load(String uri, LoadOptions options)
   在 System.Xml.Linq.XElement.Load(String uri)
   在 VBI.BusinessLogic.Config.ParseFile(String fileName)
   在 AI.VisualDesigner.TestCases.AssemblyProcess.Assembly_Initialize(TestContext testContext)
</StackTrace>
        </ErrorInfo>
      </Output>
    </UnitTestResult>
    <UnitTestResult executionId="6ee4db97-78e5-4112-9208-e4be249885b2" testId="5c075d1b-7698-6a48-c6de-5c211210fa5e" testName="LayerControl" computerName="UITEST-PC" startTime="2019-04-17T17:48:37.2458842+08:00" endTime="2019-04-17T17:48:37.2458842+08:00" testType="13cdc9d9-ddb5-4fa4-a97d-d965ccfc6d4b" outcome="Failed" testListId="8c84fa94-04c1-424b-9868-57a2d4851a1d" relativeResultsDirectory="6ee4db97-78e5-4112-9208-e4be249885b2">
      <Output>
        <ErrorInfo>
          <Message>Assembly Initialization method AI.VisualDesigner.TestCases.AssemblyProcess.Assembly_Initialize threw exception. System.IO.FileNotFoundException: System.IO.FileNotFoundException: 未能找到文件“D:\Jenkins\workspace\Vbi5Client-Release\UITest_UITEST-PC 2019-04-17 17_48_36\Out\Config.xml”。. Aborting test execution.</Message>
          <StackTrace>    在 System.IO.__Error.WinIOError(Int32 errorCode, String maybeFullPath)
   在 System.IO.FileStream.Init(String path, FileMode mode, FileAccess access, Int32 rights, Boolean useRights, FileShare share, Int32 bufferSize, FileOptions options, SECURITY_ATTRIBUTES secAttrs, String msgPath, Boolean bFromProxy, Boolean useLongPath, Boolean checkHost)
   在 System.IO.FileStream..ctor(String path, FileMode mode, FileAccess access, FileShare share, Int32 bufferSize)
   在 System.Xml.XmlDownloadManager.GetStream(Uri uri, ICredentials credentials, IWebProxy proxy, RequestCachePolicy cachePolicy)
   在 System.Xml.XmlUrlResolver.GetEntity(Uri absoluteUri, String role, Type ofObjectToReturn)
   在 System.Xml.XmlTextReaderImpl.FinishInitUriString()
   在 System.Xml.XmlTextReaderImpl..ctor(String uriStr, XmlReaderSettings settings, XmlParserContext context, XmlResolver uriResolver)
   在 System.Xml.XmlReaderSettings.CreateReader(String inputUri, XmlParserContext inputContext)
   在 System.Xml.XmlReader.Create(String inputUri, XmlReaderSettings settings, XmlParserContext inputContext)
   在 System.Xml.Linq.XElement.Load(String uri, LoadOptions options)
   在 System.Xml.Linq.XElement.Load(String uri)
   在 VBI.BusinessLogic.Config.ParseFile(String fileName)
   在 AI.VisualDesigner.TestCases.AssemblyProcess.Assembly_Initialize(TestContext testContext)
</StackTrace>
        </ErrorInfo>
      </Output>
    </UnitTestResult>
    <UnitTestResult executionId="d2ea007c-8975-4d80-a4d8-61b358adbf13" testId="18b60f62-7404-ef3c-a6e4-d3fefe528bd2" testName="MQmessage" computerName="UITEST-PC" startTime="2019-04-17T17:48:37.2458842+08:00" endTime="2019-04-17T17:48:37.2458842+08:00" testType="13cdc9d9-ddb5-4fa4-a97d-d965ccfc6d4b" outcome="Failed" testListId="8c84fa94-04c1-424b-9868-57a2d4851a1d" relativeResultsDirectory="d2ea007c-8975-4d80-a4d8-61b358adbf13">
      <Output>
        <ErrorInfo>
          <Message>Assembly Initialization method AI.VisualDesigner.TestCases.AssemblyProcess.Assembly_Initialize threw exception. System.IO.FileNotFoundException: System.IO.FileNotFoundException: 未能找到文件“D:\Jenkins\workspace\Vbi5Client-Release\UITest_UITEST-PC 2019-04-17 17_48_36\Out\Config.xml”。. Aborting test execution.</Message>
          <StackTrace>    在 System.IO.__Error.WinIOError(Int32 errorCode, String maybeFullPath)
   在 System.IO.FileStream.Init(String path, FileMode mode, FileAccess access, Int32 rights, Boolean useRights, FileShare share, Int32 bufferSize, FileOptions options, SECURITY_ATTRIBUTES secAttrs, String msgPath, Boolean bFromProxy, Boolean useLongPath, Boolean checkHost)
   在 System.IO.FileStream..ctor(String path, FileMode mode, FileAccess access, FileShare share, Int32 bufferSize)
   在 System.Xml.XmlDownloadManager.GetStream(Uri uri, ICredentials credentials, IWebProxy proxy, RequestCachePolicy cachePolicy)
   在 System.Xml.XmlUrlResolver.GetEntity(Uri absoluteUri, String role, Type ofObjectToReturn)
   在 System.Xml.XmlTextReaderImpl.FinishInitUriString()
   在 System.Xml.XmlTextReaderImpl..ctor(String uriStr, XmlReaderSettings settings, XmlParserContext context, XmlResolver uriResolver)
   在 System.Xml.XmlReaderSettings.CreateReader(String inputUri, XmlParserContext inputContext)
   在 System.Xml.XmlReader.Create(String inputUri, XmlReaderSettings settings, XmlParserContext inputContext)
   在 System.Xml.Linq.XElement.Load(String uri, LoadOptions options)
   在 System.Xml.Linq.XElement.Load(String uri)
   在 VBI.BusinessLogic.Config.ParseFile(String fileName)
   在 AI.VisualDesigner.TestCases.AssemblyProcess.Assembly_Initialize(TestContext testContext)
</StackTrace>
        </ErrorInfo>
      </Output>
    </UnitTestResult>
    <UnitTestResult executionId="f94f0bbe-d248-488e-b542-182f3317c4a0" testId="3d89ccd9-4372-efa4-4be0-2672db36d0a8" testName="PerformControlAct" computerName="UITEST-PC" startTime="2019-04-17T17:48:37.2615898+08:00" endTime="2019-04-17T17:48:37.2615898+08:00" testType="13cdc9d9-ddb5-4fa4-a97d-d965ccfc6d4b" outcome="Failed" testListId="8c84fa94-04c1-424b-9868-57a2d4851a1d" relativeResultsDirectory="f94f0bbe-d248-488e-b542-182f3317c4a0">
      <Output>
        <ErrorInfo>
          <Message>Assembly Initialization method AI.VisualDesigner.TestCases.AssemblyProcess.Assembly_Initialize threw exception. System.IO.FileNotFoundException: System.IO.FileNotFoundException: 未能找到文件“D:\Jenkins\workspace\Vbi5Client-Release\UITest_UITEST-PC 2019-04-17 17_48_36\Out\Config.xml”。. Aborting test execution.</Message>
          <StackTrace>    在 System.IO.__Error.WinIOError(Int32 errorCode, String maybeFullPath)
   在 System.IO.FileStream.Init(String path, FileMode mode, FileAccess access, Int32 rights, Boolean useRights, FileShare share, Int32 bufferSize, FileOptions options, SECURITY_ATTRIBUTES secAttrs, String msgPath, Boolean bFromProxy, Boolean useLongPath, Boolean checkHost)
   在 System.IO.FileStream..ctor(String path, FileMode mode, FileAccess access, FileShare share, Int32 bufferSize)
   在 System.Xml.XmlDownloadManager.GetStream(Uri uri, ICredentials credentials, IWebProxy proxy, RequestCachePolicy cachePolicy)
   在 System.Xml.XmlUrlResolver.GetEntity(Uri absoluteUri, String role, Type ofObjectToReturn)
   在 System.Xml.XmlTextReaderImpl.FinishInitUriString()
   在 System.Xml.XmlTextReaderImpl..ctor(String uriStr, XmlReaderSettings settings, XmlParserContext context, XmlResolver uriResolver)
   在 System.Xml.XmlReaderSettings.CreateReader(String inputUri, XmlParserContext inputContext)
   在 System.Xml.XmlReader.Create(String inputUri, XmlReaderSettings settings, XmlParserContext inputContext)
   在 System.Xml.Linq.XElement.Load(String uri, LoadOptions options)
   在 System.Xml.Linq.XElement.Load(String uri)
   在 VBI.BusinessLogic.Config.ParseFile(String fileName)
   在 AI.VisualDesigner.TestCases.AssemblyProcess.Assembly_Initialize(TestContext testContext)
</StackTrace>
        </ErrorInfo>
      </Output>
    </UnitTestResult>
    <UnitTestResult executionId="874f8948-81a8-4177-9cb3-98d68603b4e7" testId="2087808d-ab77-1d30-32b4-318f7b2b6ecd" testName="SetControlPro" computerName="UITEST-PC" startTime="2019-04-17T17:48:37.2615898+08:00" endTime="2019-04-17T17:48:37.2615898+08:00" testType="13cdc9d9-ddb5-4fa4-a97d-d965ccfc6d4b" outcome="Failed" testListId="8c84fa94-04c1-424b-9868-57a2d4851a1d" relativeResultsDirectory="874f8948-81a8-4177-9cb3-98d68603b4e7">
      <Output>
        <ErrorInfo>
          <Message>Assembly Initialization method AI.VisualDesigner.TestCases.AssemblyProcess.Assembly_Initialize threw exception. System.IO.FileNotFoundException: System.IO.FileNotFoundException: 未能找到文件“D:\Jenkins\workspace\Vbi5Client-Release\UITest_UITEST-PC 2019-04-17 17_48_36\Out\Config.xml”。. Aborting test execution.</Message>
          <StackTrace>    在 System.IO.__Error.WinIOError(Int32 errorCode, String maybeFullPath)
   在 System.IO.FileStream.Init(String path, FileMode mode, FileAccess access, Int32 rights, Boolean useRights, FileShare share, Int32 bufferSize, FileOptions options, SECURITY_ATTRIBUTES secAttrs, String msgPath, Boolean bFromProxy, Boolean useLongPath, Boolean checkHost)
   在 System.IO.FileStream..ctor(String path, FileMode mode, FileAccess access, FileShare share, Int32 bufferSize)
   在 System.Xml.XmlDownloadManager.GetStream(Uri uri, ICredentials credentials, IWebProxy proxy, RequestCachePolicy cachePolicy)
   在 System.Xml.XmlUrlResolver.GetEntity(Uri absoluteUri, String role, Type ofObjectToReturn)
   在 System.Xml.XmlTextReaderImpl.FinishInitUriString()
   在 System.Xml.XmlTextReaderImpl..ctor(String uriStr, XmlReaderSettings settings, XmlParserContext context, XmlResolver uriResolver)
   在 System.Xml.XmlReaderSettings.CreateReader(String inputUri, XmlParserContext inputContext)
   在 System.Xml.XmlReader.Create(String inputUri, XmlReaderSettings settings, XmlParserContext inputContext)
   在 System.Xml.Linq.XElement.Load(String uri, LoadOptions options)
   在 System.Xml.Linq.XElement.Load(String uri)
   在 VBI.BusinessLogic.Config.ParseFile(String fileName)
   在 AI.VisualDesigner.TestCases.AssemblyProcess.Assembly_Initialize(TestContext testContext)
</StackTrace>
        </ErrorInfo>
      </Output>
    </UnitTestResult>
    <UnitTestResult executionId="1fd2f38e-e2a3-4780-be6c-bbdd3ab745e7" testId="458a66ef-67ef-5454-25f4-38bebb74970d" testName="TableCell" computerName="UITEST-PC" startTime="2019-04-17T17:48:37.2770982+08:00" endTime="2019-04-17T17:48:37.2770982+08:00" testType="13cdc9d9-ddb5-4fa4-a97d-d965ccfc6d4b" outcome="Failed" testListId="8c84fa94-04c1-424b-9868-57a2d4851a1d" relativeResultsDirectory="1fd2f38e-e2a3-4780-be6c-bbdd3ab745e7">
      <Output>
        <ErrorInfo>
          <Message>Assembly Initialization method AI.VisualDesigner.TestCases.AssemblyProcess.Assembly_Initialize threw exception. System.IO.FileNotFoundException: System.IO.FileNotFoundException: 未能找到文件“D:\Jenkins\workspace\Vbi5Client-Release\UITest_UITEST-PC 2019-04-17 17_48_36\Out\Config.xml”。. Aborting test execution.</Message>
          <StackTrace>    在 System.IO.__Error.WinIOError(Int32 errorCode, String maybeFullPath)
   在 System.IO.FileStream.Init(String path, FileMode mode, FileAccess access, Int32 rights, Boolean useRights, FileShare share, Int32 bufferSize, FileOptions options, SECURITY_ATTRIBUTES secAttrs, String msgPath, Boolean bFromProxy, Boolean useLongPath, Boolean checkHost)
   在 System.IO.FileStream..ctor(String path, FileMode mode, FileAccess access, FileShare share, Int32 bufferSize)
   在 System.Xml.XmlDownloadManager.GetStream(Uri uri, ICredentials credentials, IWebProxy proxy, RequestCachePolicy cachePolicy)
   在 System.Xml.XmlUrlResolver.GetEntity(Uri absoluteUri, String role, Type ofObjectToReturn)
   在 System.Xml.XmlTextReaderImpl.FinishInitUriString()
   在 System.Xml.XmlTextReaderImpl..ctor(String uriStr, XmlReaderSettings settings, XmlParserContext context, XmlResolver uriResolver)
   在 System.Xml.XmlReaderSettings.CreateReader(String inputUri, XmlParserContext inputContext)
   在 System.Xml.XmlReader.Create(String inputUri, XmlReaderSettings settings, XmlParserContext inputContext)
   在 System.Xml.Linq.XElement.Load(String uri, LoadOptions options)
   在 System.Xml.Linq.XElement.Load(String uri)
   在 VBI.BusinessLogic.Config.ParseFile(String fileName)
   在 AI.VisualDesigner.TestCases.AssemblyProcess.Assembly_Initialize(TestContext testContext)
</StackTrace>
        </ErrorInfo>
      </Output>
    </UnitTestResult>
    <UnitTestResult executionId="4207874f-00e0-43a6-9710-281524f20cd6" testId="bac777cf-8cf5-5761-88f1-3c65f235970f" testName="RestFulPreviewTest" computerName="UITEST-PC" startTime="2019-04-17T17:48:37.2770982+08:00" endTime="2019-04-17T17:48:37.2770982+08:00" testType="13cdc9d9-ddb5-4fa4-a97d-d965ccfc6d4b" outcome="Failed" testListId="8c84fa94-04c1-424b-9868-57a2d4851a1d" relativeResultsDirectory="4207874f-00e0-43a6-9710-281524f20cd6">
      <Output>
        <ErrorInfo>
          <Message>Assembly Initialization method AI.VisualDesigner.TestCases.AssemblyProcess.Assembly_Initialize threw exception. System.IO.FileNotFoundException: System.IO.FileNotFoundException: 未能找到文件“D:\Jenkins\workspace\Vbi5Client-Release\UITest_UITEST-PC 2019-04-17 17_48_36\Out\Config.xml”。. Aborting test execution.</Message>
          <StackTrace>    在 System.IO.__Error.WinIOError(Int32 errorCode, String maybeFullPath)
   在 System.IO.FileStream.Init(String path, FileMode mode, FileAccess access, Int32 rights, Boolean useRights, FileShare share, Int32 bufferSize, FileOptions options, SECURITY_ATTRIBUTES secAttrs, String msgPath, Boolean bFromProxy, Boolean useLongPath, Boolean checkHost)
   在 System.IO.FileStream..ctor(String path, FileMode mode, FileAccess access, FileShare share, Int32 bufferSize)
   在 System.Xml.XmlDownloadManager.GetStream(Uri uri, ICredentials credentials, IWebProxy proxy, RequestCachePolicy cachePolicy)
   在 System.Xml.XmlUrlResolver.GetEntity(Uri absoluteUri, String role, Type ofObjectToReturn)
   在 System.Xml.XmlTextReaderImpl.FinishInitUriString()
   在 System.Xml.XmlTextReaderImpl..ctor(String uriStr, XmlReaderSettings settings, XmlParserContext context, XmlResolver uriResolver)
   在 System.Xml.XmlReaderSettings.CreateReader(String inputUri, XmlParserContext inputContext)
   在 System.Xml.XmlReader.Create(String inputUri, XmlReaderSettings settings, XmlParserContext inputContext)
   在 System.Xml.Linq.XElement.Load(String uri, LoadOptions options)
   在 System.Xml.Linq.XElement.Load(String uri)
   在 VBI.BusinessLogic.Config.ParseFile(String fileName)
   在 AI.VisualDesigner.TestCases.AssemblyProcess.Assembly_Initialize(TestContext testContext)
</StackTrace>
        </ErrorInfo>
      </Output>
    </UnitTestResult>
    <UnitTestResult executionId="d15a8dcd-351c-49fc-8cf8-542e880cbe6f" testId="01be66e4-010e-ad74-a276-d8c2af7fd3dc" testName="InternalSourceModel" computerName="UITEST-PC" startTime="2019-04-17T17:48:37.2770982+08:00" endTime="2019-04-17T17:48:37.2770982+08:00" testType="13cdc9d9-ddb5-4fa4-a97d-d965ccfc6d4b" outcome="Failed" testListId="8c84fa94-04c1-424b-9868-57a2d4851a1d" relativeResultsDirectory="d15a8dcd-351c-49fc-8cf8-542e880cbe6f">
      <Output>
        <ErrorInfo>
          <Message>Assembly Initialization method AI.VisualDesigner.TestCases.AssemblyProcess.Assembly_Initialize threw exception. System.IO.FileNotFoundException: System.IO.FileNotFoundException: 未能找到文件“D:\Jenkins\workspace\Vbi5Client-Release\UITest_UITEST-PC 2019-04-17 17_48_36\Out\Config.xml”。. Aborting test execution.</Message>
          <StackTrace>    在 System.IO.__Error.WinIOError(Int32 errorCode, String maybeFullPath)
   在 System.IO.FileStream.Init(String path, FileMode mode, FileAccess access, Int32 rights, Boolean useRights, FileShare share, Int32 bufferSize, FileOptions options, SECURITY_ATTRIBUTES secAttrs, String msgPath, Boolean bFromProxy, Boolean useLongPath, Boolean checkHost)
   在 System.IO.FileStream..ctor(String path, FileMode mode, FileAccess access, FileShare share, Int32 bufferSize)
   在 System.Xml.XmlDownloadManager.GetStream(Uri uri, ICredentials credentials, IWebProxy proxy, RequestCachePolicy cachePolicy)
   在 System.Xml.XmlUrlResolver.GetEntity(Uri absoluteUri, String role, Type ofObjectToReturn)
   在 System.Xml.XmlTextReaderImpl.FinishInitUriString()
   在 System.Xml.XmlTextReaderImpl..ctor(String uriStr, XmlReaderSettings settings, XmlParserContext context, XmlResolver uriResolver)
   在 System.Xml.XmlReaderSettings.CreateReader(String inputUri, XmlParserContext inputContext)
   在 System.Xml.XmlReader.Create(String inputUri, XmlReaderSettings settings, XmlParserContext inputContext)
   在 System.Xml.Linq.XElement.Load(String uri, LoadOptions options)
   在 System.Xml.Linq.XElement.Load(String uri)
   在 VBI.BusinessLogic.Config.ParseFile(String fileName)
   在 AI.VisualDesigner.TestCases.AssemblyProcess.Assembly_Initialize(TestContext testContext)
</StackTrace>
        </ErrorInfo>
      </Output>
    </UnitTestResult>
    <UnitTestResult executionId="658bac23-1b45-427d-bbb3-bde9cc1e5189" testId="31a20faa-a231-f21b-6083-065f36450e58" testName="CumulateDistinct" computerName="UITEST-PC" startTime="2019-04-17T17:48:37.2770982+08:00" endTime="2019-04-17T17:48:37.2770982+08:00" testType="13cdc9d9-ddb5-4fa4-a97d-d965ccfc6d4b" outcome="Failed" testListId="8c84fa94-04c1-424b-9868-57a2d4851a1d" relativeResultsDirectory="658bac23-1b45-427d-bbb3-bde9cc1e5189">
      <Output>
        <ErrorInfo>
          <Message>Assembly Initialization method AI.VisualDesigner.TestCases.AssemblyProcess.Assembly_Initialize threw exception. System.IO.FileNotFoundException: System.IO.FileNotFoundException: 未能找到文件“D:\Jenkins\workspace\Vbi5Client-Release\UITest_UITEST-PC 2019-04-17 17_48_36\Out\Config.xml”。. Aborting test execution.</Message>
          <StackTrace>    在 System.IO.__Error.WinIOError(Int32 errorCode, String maybeFullPath)
   在 System.IO.FileStream.Init(String path, FileMode mode, FileAccess access, Int32 rights, Boolean useRights, FileShare share, Int32 bufferSize, FileOptions options, SECURITY_ATTRIBUTES secAttrs, String msgPath, Boolean bFromProxy, Boolean useLongPath, Boolean checkHost)
   在 System.IO.FileStream..ctor(String path, FileMode mode, FileAccess access, FileShare share, Int32 bufferSize)
   在 System.Xml.XmlDownloadManager.GetStream(Uri uri, ICredentials credentials, IWebProxy proxy, RequestCachePolicy cachePolicy)
   在 System.Xml.XmlUrlResolver.GetEntity(Uri absoluteUri, String role, Type ofObjectToReturn)
   在 System.Xml.XmlTextReaderImpl.FinishInitUriString()
   在 System.Xml.XmlTextReaderImpl..ctor(String uriStr, XmlReaderSettings settings, XmlParserContext context, XmlResolver uriResolver)
   在 System.Xml.XmlReaderSettings.CreateReader(String inputUri, XmlParserContext inputContext)
   在 System.Xml.XmlReader.Create(String inputUri, XmlReaderSettings settings, XmlParserContext inputContext)
   在 System.Xml.Linq.XElement.Load(String uri, LoadOptions options)
   在 System.Xml.Linq.XElement.Load(String uri)
   在 VBI.BusinessLogic.Config.ParseFile(String fileName)
   在 AI.VisualDesigner.TestCases.AssemblyProcess.Assembly_Initialize(TestContext testContext)
</StackTrace>
        </ErrorInfo>
      </Output>
    </UnitTestResult>
    <UnitTestResult executionId="51021fad-598e-443c-8a01-a47c10039d5e" testId="0bdd5156-b783-97c4-92e3-b165975d8148" testName="CumulateUpdateGatherTime" computerName="UITEST-PC" startTime="2019-04-17T17:48:37.2927194+08:00" endTime="2019-04-17T17:48:37.2927194+08:00" testType="13cdc9d9-ddb5-4fa4-a97d-d965ccfc6d4b" outcome="Failed" testListId="8c84fa94-04c1-424b-9868-57a2d4851a1d" relativeResultsDirectory="51021fad-598e-443c-8a01-a47c10039d5e">
      <Output>
        <ErrorInfo>
          <Message>Assembly Initialization method AI.VisualDesigner.TestCases.AssemblyProcess.Assembly_Initialize threw exception. System.IO.FileNotFoundException: System.IO.FileNotFoundException: 未能找到文件“D:\Jenkins\workspace\Vbi5Client-Release\UITest_UITEST-PC 2019-04-17 17_48_36\Out\Config.xml”。. Aborting test execution.</Message>
          <StackTrace>    在 System.IO.__Error.WinIOError(Int32 errorCode, String maybeFullPath)
   在 System.IO.FileStream.Init(String path, FileMode mode, FileAccess access, Int32 rights, Boolean useRights, FileShare share, Int32 bufferSize, FileOptions options, SECURITY_ATTRIBUTES secAttrs, String msgPath, Boolean bFromProxy, Boolean useLongPath, Boolean checkHost)
   在 System.IO.FileStream..ctor(String path, FileMode mode, FileAccess access, FileShare share, Int32 bufferSize)
   在 System.Xml.XmlDownloadManager.GetStream(Uri uri, ICredentials credentials, IWebProxy proxy, RequestCachePolicy cachePolicy)
   在 System.Xml.XmlUrlResolver.GetEntity(Uri absoluteUri, String role, Type ofObjectToReturn)
   在 System.Xml.XmlTextReaderImpl.FinishInitUriString()
   在 System.Xml.XmlTextReaderImpl..ctor(String uriStr, XmlReaderSettings settings, XmlParserContext context, XmlResolver uriResolver)
   在 System.Xml.XmlReaderSettings.CreateReader(String inputUri, XmlParserContext inputContext)
   在 System.Xml.XmlReader.Create(String inputUri, XmlReaderSettings settings, XmlParserContext inputContext)
   在 System.Xml.Linq.XElement.Load(String uri, LoadOptions options)
   在 System.Xml.Linq.XElement.Load(String uri)
   在 VBI.BusinessLogic.Config.ParseFile(String fileName)
   在 AI.VisualDesigner.TestCases.AssemblyProcess.Assembly_Initialize(TestContext testContext)
</StackTrace>
        </ErrorInfo>
      </Output>
    </UnitTestResult>
    <UnitTestResult executionId="768bf95a-19ea-4273-a272-c8ca4d2fb540" testId="7c57c358-8361-29d8-ac19-fbf77ee5b51f" testName="CustomFieldCreate" computerName="UITEST-PC" startTime="2019-04-17T17:48:37.2927194+08:00" endTime="2019-04-17T17:48:37.2927194+08:00" testType="13cdc9d9-ddb5-4fa4-a97d-d965ccfc6d4b" outcome="Failed" testListId="8c84fa94-04c1-424b-9868-57a2d4851a1d" relativeResultsDirectory="768bf95a-19ea-4273-a272-c8ca4d2fb540">
      <Output>
        <ErrorInfo>
          <Message>Assembly Initialization method AI.VisualDesigner.TestCases.AssemblyProcess.Assembly_Initialize threw exception. System.IO.FileNotFoundException: System.IO.FileNotFoundException: 未能找到文件“D:\Jenkins\workspace\Vbi5Client-Release\UITest_UITEST-PC 2019-04-17 17_48_36\Out\Config.xml”。. Aborting test execution.</Message>
          <StackTrace>    在 System.IO.__Error.WinIOError(Int32 errorCode, String maybeFullPath)
   在 System.IO.FileStream.Init(String path, FileMode mode, FileAccess access, Int32 rights, Boolean useRights, FileShare share, Int32 bufferSize, FileOptions options, SECURITY_ATTRIBUTES secAttrs, String msgPath, Boolean bFromProxy, Boolean useLongPath, Boolean checkHost)
   在 System.IO.FileStream..ctor(String path, FileMode mode, FileAccess access, FileShare share, Int32 bufferSize)
   在 System.Xml.XmlDownloadManager.GetStream(Uri uri, ICredentials credentials, IWebProxy proxy, RequestCachePolicy cachePolicy)
   在 System.Xml.XmlUrlResolver.GetEntity(Uri absoluteUri, String role, Type ofObjectToReturn)
   在 System.Xml.XmlTextReaderImpl.FinishInitUriString()
   在 System.Xml.XmlTextReaderImpl..ctor(String uriStr, XmlReaderSettings settings, XmlParserContext context, XmlResolver uriResolver)
   在 System.Xml.XmlReaderSettings.CreateReader(String inputUri, XmlParserContext inputContext)
   在 System.Xml.XmlReader.Create(String inputUri, XmlReaderSettings settings, XmlParserContext inputContext)
   在 System.Xml.Linq.XElement.Load(String uri, LoadOptions options)
   在 System.Xml.Linq.XElement.Load(String uri)
   在 VBI.BusinessLogic.Config.ParseFile(String fileName)
   在 AI.VisualDesigner.TestCases.AssemblyProcess.Assembly_Initialize(TestContext testContext)
</StackTrace>
        </ErrorInfo>
      </Output>
    </UnitTestResult>
    <UnitTestResult executionId="0ce0ac2b-32aa-4cf9-ab36-78eeab800233" testId="a0e39e84-8121-29e6-d648-1d0d3e5c5631" testName="CustomFieldCreate1" computerName="UITEST-PC" startTime="2019-04-17T17:48:37.2927194+08:00" endTime="2019-04-17T17:48:37.2927194+08:00" testType="13cdc9d9-ddb5-4fa4-a97d-d965ccfc6d4b" outcome="Failed" testListId="8c84fa94-04c1-424b-9868-57a2d4851a1d" relativeResultsDirectory="0ce0ac2b-32aa-4cf9-ab36-78eeab800233">
      <Output>
        <ErrorInfo>
          <Message>Assembly Initialization method AI.VisualDesigner.TestCases.AssemblyProcess.Assembly_Initialize threw exception. System.IO.FileNotFoundException: System.IO.FileNotFoundException: 未能找到文件“D:\Jenkins\workspace\Vbi5Client-Release\UITest_UITEST-PC 2019-04-17 17_48_36\Out\Config.xml”。. Aborting test execution.</Message>
          <StackTrace>    在 System.IO.__Error.WinIOError(Int32 errorCode, String maybeFullPath)
   在 System.IO.FileStream.Init(String path, FileMode mode, FileAccess access, Int32 rights, Boolean useRights, FileShare share, Int32 bufferSize, FileOptions options, SECURITY_ATTRIBUTES secAttrs, String msgPath, Boolean bFromProxy, Boolean useLongPath, Boolean checkHost)
   在 System.IO.FileStream..ctor(String path, FileMode mode, FileAccess access, FileShare share, Int32 bufferSize)
   在 System.Xml.XmlDownloadManager.GetStream(Uri uri, ICredentials credentials, IWebProxy proxy, RequestCachePolicy cachePolicy)
   在 System.Xml.XmlUrlResolver.GetEntity(Uri absoluteUri, String role, Type ofObjectToReturn)
   在 System.Xml.XmlTextReaderImpl.FinishInitUriString()
   在 System.Xml.XmlTextReaderImpl..ctor(String uriStr, XmlReaderSettings settings, XmlParserContext context, XmlResolver uriResolver)
   在 System.Xml.XmlReaderSettings.CreateReader(String inputUri, XmlParserContext inputContext)
   在 System.Xml.XmlReader.Create(String inputUri, XmlReaderSettings settings, XmlParserContext inputContext)
   在 System.Xml.Linq.XElement.Load(String uri, LoadOptions options)
   在 System.Xml.Linq.XElement.Load(String uri)
   在 VBI.BusinessLogic.Config.ParseFile(String fileName)
   在 AI.VisualDesigner.TestCases.AssemblyProcess.Assembly_Initialize(TestContext testContext)
</StackTrace>
        </ErrorInfo>
      </Output>
    </UnitTestResult>
    <UnitTestResult executionId="a912f45f-c201-4fe3-a735-bf4904e0d631" testId="264ed948-5310-f9a4-8bf6-e05d3b40ab26" testName="CustomFieldCreateAndModify" computerName="UITEST-PC" startTime="2019-04-17T17:48:37.2927194+08:00" endTime="2019-04-17T17:48:37.2927194+08:00" testType="13cdc9d9-ddb5-4fa4-a97d-d965ccfc6d4b" outcome="Failed" testListId="8c84fa94-04c1-424b-9868-57a2d4851a1d" relativeResultsDirectory="a912f45f-c201-4fe3-a735-bf4904e0d631">
      <Output>
        <ErrorInfo>
          <Message>Assembly Initialization method AI.VisualDesigner.TestCases.AssemblyProcess.Assembly_Initialize threw exception. System.IO.FileNotFoundException: System.IO.FileNotFoundException: 未能找到文件“D:\Jenkins\workspace\Vbi5Client-Release\UITest_UITEST-PC 2019-04-17 17_48_36\Out\Config.xml”。. Aborting test execution.</Message>
          <StackTrace>    在 System.IO.__Error.WinIOError(Int32 errorCode, String maybeFullPath)
   在 System.IO.FileStream.Init(String path, FileMode mode, FileAccess access, Int32 rights, Boolean useRights, FileShare share, Int32 bufferSize, FileOptions options, SECURITY_ATTRIBUTES secAttrs, String msgPath, Boolean bFromProxy, Boolean useLongPath, Boolean checkHost)
   在 System.IO.FileStream..ctor(String path, FileMode mode, FileAccess access, FileShare share, Int32 bufferSize)
   在 System.Xml.XmlDownloadManager.GetStream(Uri uri, ICredentials credentials, IWebProxy proxy, RequestCachePolicy cachePolicy)
   在 System.Xml.XmlUrlResolver.GetEntity(Uri absoluteUri, String role, Type ofObjectToReturn)
   在 System.Xml.XmlTextReaderImpl.FinishInitUriString()
   在 System.Xml.XmlTextReaderImpl..ctor(String uriStr, XmlReaderSettings settings, XmlParserContext context, XmlResolver uriResolver)
   在 System.Xml.XmlReaderSettings.CreateReader(String inputUri, XmlParserContext inputContext)
   在 System.Xml.XmlReader.Create(String inputUri, XmlReaderSettings settings, XmlParserContext inputContext)
   在 System.Xml.Linq.XElement.Load(String uri, LoadOptions options)
   在 System.Xml.Linq.XElement.Load(String uri)
   在 VBI.BusinessLogic.Config.ParseFile(String fileName)
   在 AI.VisualDesigner.TestCases.AssemblyProcess.Assembly_Initialize(TestContext testContext)
</StackTrace>
        </ErrorInfo>
      </Output>
    </UnitTestResult>
    <UnitTestResult executionId="b222f518-6cd9-40f5-ac0b-ca1d953e8042" testId="ca9e7f2c-a409-6bd7-63b6-4452775818c3" testName="DataModelRightEdit" computerName="UITEST-PC" startTime="2019-04-17T17:48:37.3083409+08:00" endTime="2019-04-17T17:48:37.3239616+08:00" testType="13cdc9d9-ddb5-4fa4-a97d-d965ccfc6d4b" outcome="Failed" testListId="8c84fa94-04c1-424b-9868-57a2d4851a1d" relativeResultsDirectory="b222f518-6cd9-40f5-ac0b-ca1d953e8042">
      <Output>
        <ErrorInfo>
          <Message>Assembly Initialization method AI.VisualDesigner.TestCases.AssemblyProcess.Assembly_Initialize threw exception. System.IO.FileNotFoundException: System.IO.FileNotFoundException: 未能找到文件“D:\Jenkins\workspace\Vbi5Client-Release\UITest_UITEST-PC 2019-04-17 17_48_36\Out\Config.xml”。. Aborting test execution.</Message>
          <StackTrace>    在 System.IO.__Error.WinIOError(Int32 errorCode, String maybeFullPath)
   在 System.IO.FileStream.Init(String path, FileMode mode, FileAccess access, Int32 rights, Boolean useRights, FileShare share, Int32 bufferSize, FileOptions options, SECURITY_ATTRIBUTES secAttrs, String msgPath, Boolean bFromProxy, Boolean useLongPath, Boolean checkHost)
   在 System.IO.FileStream..ctor(String path, FileMode mode, FileAccess access, FileShare share, Int32 bufferSize)
   在 System.Xml.XmlDownloadManager.GetStream(Uri uri, ICredentials credentials, IWebProxy proxy, RequestCachePolicy cachePolicy)
   在 System.Xml.XmlUrlResolver.GetEntity(Uri absoluteUri, String role, Type ofObjectToReturn)
   在 System.Xml.XmlTextReaderImpl.FinishInitUriString()
   在 System.Xml.XmlTextReaderImpl..ctor(String uriStr, XmlReaderSettings settings, XmlParserContext context, XmlResolver uriResolver)
   在 System.Xml.XmlReaderSettings.CreateReader(String inputUri, XmlParserContext inputContext)
   在 System.Xml.XmlReader.Create(String inputUri, XmlReaderSettings settings, XmlParserContext inputContext)
   在 System.Xml.Linq.XElement.Load(String uri, LoadOptions options)
   在 System.Xml.Linq.XElement.Load(String uri)
   在 VBI.BusinessLogic.Config.ParseFile(String fileName)
   在 AI.VisualDesigner.TestCases.AssemblyProcess.Assembly_Initialize(TestContext testContext)
</StackTrace>
        </ErrorInfo>
      </Output>
    </UnitTestResult>
    <UnitTestResult executionId="e3e29632-e5e2-4a61-9655-503051386c8a" testId="b31e40d6-5119-391c-459b-229bf96c5355" testName="DiffSheetSameFieldRelevant" computerName="UITEST-PC" startTime="2019-04-17T17:48:37.3239616+08:00" endTime="2019-04-17T17:48:37.3239616+08:00" testType="13cdc9d9-ddb5-4fa4-a97d-d965ccfc6d4b" outcome="Failed" testListId="8c84fa94-04c1-424b-9868-57a2d4851a1d" relativeResultsDirectory="e3e29632-e5e2-4a61-9655-503051386c8a">
      <Output>
        <ErrorInfo>
          <Message>Assembly Initialization method AI.VisualDesigner.TestCases.AssemblyProcess.Assembly_Initialize threw exception. System.IO.FileNotFoundException: System.IO.FileNotFoundException: 未能找到文件“D:\Jenkins\workspace\Vbi5Client-Release\UITest_UITEST-PC 2019-04-17 17_48_36\Out\Config.xml”。. Aborting test execution.</Message>
          <StackTrace>    在 System.IO.__Error.WinIOError(Int32 errorCode, String maybeFullPath)
   在 System.IO.FileStream.Init(String path, FileMode mode, FileAccess access, Int32 rights, Boolean useRights, FileShare share, Int32 bufferSize, FileOptions options, SECURITY_ATTRIBUTES secAttrs, String msgPath, Boolean bFromProxy, Boolean useLongPath, Boolean checkHost)
   在 System.IO.FileStream..ctor(String path, FileMode mode, FileAccess access, FileShare share, Int32 bufferSize)
   在 System.Xml.XmlDownloadManager.GetStream(Uri uri, ICredentials credentials, IWebProxy proxy, RequestCachePolicy cachePolicy)
   在 System.Xml.XmlUrlResolver.GetEntity(Uri absoluteUri, String role, Type ofObjectToReturn)
   在 System.Xml.XmlTextReaderImpl.FinishInitUriString()
   在 System.Xml.XmlTextReaderImpl..ctor(String uriStr, XmlReaderSettings settings, XmlParserContext context, XmlResolver uriResolver)
   在 System.Xml.XmlReaderSettings.CreateReader(String inputUri, XmlParserContext inputContext)
   在 System.Xml.XmlReader.Create(String inputUri, XmlReaderSettings settings, XmlParserContext inputContext)
   在 System.Xml.Linq.XElement.Load(String uri, LoadOptions options)
   在 System.Xml.Linq.XElement.Load(String uri)
   在 VBI.BusinessLogic.Config.ParseFile(String fileName)
   在 AI.VisualDesigner.TestCases.AssemblyProcess.Assembly_Initialize(TestContext testContext)
</StackTrace>
        </ErrorInfo>
      </Output>
    </UnitTestResult>
    <UnitTestResult executionId="f6581e50-7274-4245-83ac-40355f4fd52e" testId="08a63511-e815-ac00-5d8d-1a7329e3f555" testName="DiffSourceRelevant" computerName="UITEST-PC" startTime="2019-04-17T17:48:37.3239616+08:00" endTime="2019-04-17T17:48:37.3239616+08:00" testType="13cdc9d9-ddb5-4fa4-a97d-d965ccfc6d4b" outcome="Failed" testListId="8c84fa94-04c1-424b-9868-57a2d4851a1d" relativeResultsDirectory="f6581e50-7274-4245-83ac-40355f4fd52e">
      <Output>
        <ErrorInfo>
          <Message>Assembly Initialization method AI.VisualDesigner.TestCases.AssemblyProcess.Assembly_Initialize threw exception. System.IO.FileNotFoundException: System.IO.FileNotFoundException: 未能找到文件“D:\Jenkins\workspace\Vbi5Client-Release\UITest_UITEST-PC 2019-04-17 17_48_36\Out\Config.xml”。. Aborting test execution.</Message>
          <StackTrace>    在 System.IO.__Error.WinIOError(Int32 errorCode, String maybeFullPath)
   在 System.IO.FileStream.Init(String path, FileMode mode, FileAccess access, Int32 rights, Boolean useRights, FileShare share, Int32 bufferSize, FileOptions options, SECURITY_ATTRIBUTES secAttrs, String msgPath, Boolean bFromProxy, Boolean useLongPath, Boolean checkHost)
   在 System.IO.FileStream..ctor(String path, FileMode mode, FileAccess access, FileShare share, Int32 bufferSize)
   在 System.Xml.XmlDownloadManager.GetStream(Uri uri, ICredentials credentials, IWebProxy proxy, RequestCachePolicy cachePolicy)
   在 System.Xml.XmlUrlResolver.GetEntity(Uri absoluteUri, String role, Type ofObjectToReturn)
   在 System.Xml.XmlTextReaderImpl.FinishInitUriString()
   在 System.Xml.XmlTextReaderImpl..ctor(String uriStr, XmlReaderSettings settings, XmlParserContext context, XmlResolver uriResolver)
   在 System.Xml.XmlReaderSettings.CreateReader(String inputUri, XmlParserContext inputContext)
   在 System.Xml.XmlReader.Create(String inputUri, XmlReaderSettings settings, XmlParserContext inputContext)
   在 System.Xml.Linq.XElement.Load(String uri, LoadOptions options)
   在 System.Xml.Linq.XElement.Load(String uri)
   在 VBI.BusinessLogic.Config.ParseFile(String fileName)
   在 AI.VisualDesigner.TestCases.AssemblyProcess.Assembly_Initialize(TestContext testContext)
</StackTrace>
        </ErrorInfo>
      </Output>
    </UnitTestResult>
    <UnitTestResult executionId="abc4e6c2-683a-481a-8857-dabe94053954" testId="337c4ecf-857f-0458-1dfa-ab3b9bd52aa1" testName="DiffSourceUnion" computerName="UITEST-PC" startTime="2019-04-17T17:48:37.3239616+08:00" endTime="2019-04-17T17:48:37.3239616+08:00" testType="13cdc9d9-ddb5-4fa4-a97d-d965ccfc6d4b" outcome="Failed" testListId="8c84fa94-04c1-424b-9868-57a2d4851a1d" relativeResultsDirectory="abc4e6c2-683a-481a-8857-dabe94053954">
      <Output>
        <ErrorInfo>
          <Message>Assembly Initialization method AI.VisualDesigner.TestCases.AssemblyProcess.Assembly_Initialize threw exception. System.IO.FileNotFoundException: System.IO.FileNotFoundException: 未能找到文件“D:\Jenkins\workspace\Vbi5Client-Release\UITest_UITEST-PC 2019-04-17 17_48_36\Out\Config.xml”。. Aborting test execution.</Message>
          <StackTrace>    在 System.IO.__Error.WinIOError(Int32 errorCode, String maybeFullPath)
   在 System.IO.FileStream.Init(String path, FileMode mode, FileAccess access, Int32 rights, Boolean useRights, FileShare share, Int32 bufferSize, FileOptions options, SECURITY_ATTRIBUTES secAttrs, String msgPath, Boolean bFromProxy, Boolean useLongPath, Boolean checkHost)
   在 System.IO.FileStream..ctor(String path, FileMode mode, FileAccess access, FileShare share, Int32 bufferSize)
   在 System.Xml.XmlDownloadManager.GetStream(Uri uri, ICredentials credentials, IWebProxy proxy, RequestCachePolicy cachePolicy)
   在 System.Xml.XmlUrlResolver.GetEntity(Uri absoluteUri, String role, Type ofObjectToReturn)
   在 System.Xml.XmlTextReaderImpl.FinishInitUriString()
   在 System.Xml.XmlTextReaderImpl..ctor(String uriStr, XmlReaderSettings settings, XmlParserContext context, XmlResolver uriResolver)
   在 System.Xml.XmlReaderSettings.CreateReader(String inputUri, XmlParserContext inputContext)
   在 System.Xml.XmlReader.Create(String inputUri, XmlReaderSettings settings, XmlParserContext inputContext)
   在 System.Xml.Linq.XElement.Load(String uri, LoadOptions options)
   在 System.Xml.Linq.XElement.Load(String uri)
   在 VBI.BusinessLogic.Config.ParseFile(String fileName)
   在 AI.VisualDesigner.TestCases.AssemblyProcess.Assembly_Initialize(TestContext testContext)
</StackTrace>
        </ErrorInfo>
      </Output>
    </UnitTestResult>
    <UnitTestResult executionId="1b5e5fa4-0042-4fcd-9c84-4bcf59ce801e" testId="270fae6f-5a94-92ff-3590-436609c8f54b" testName="MySqlFilter" computerName="UITEST-PC" startTime="2019-04-17T17:48:37.3239616+08:00" endTime="2019-04-17T17:48:37.3239616+08:00" testType="13cdc9d9-ddb5-4fa4-a97d-d965ccfc6d4b" outcome="Failed" testListId="8c84fa94-04c1-424b-9868-57a2d4851a1d" relativeResultsDirectory="1b5e5fa4-0042-4fcd-9c84-4bcf59ce801e">
      <Output>
        <ErrorInfo>
          <Message>Assembly Initialization method AI.VisualDesigner.TestCases.AssemblyProcess.Assembly_Initialize threw exception. System.IO.FileNotFoundException: System.IO.FileNotFoundException: 未能找到文件“D:\Jenkins\workspace\Vbi5Client-Release\UITest_UITEST-PC 2019-04-17 17_48_36\Out\Config.xml”。. Aborting test execution.</Message>
          <StackTrace>    在 System.IO.__Error.WinIOError(Int32 errorCode, String maybeFullPath)
   在 System.IO.FileStream.Init(String path, FileMode mode, FileAccess access, Int32 rights, Boolean useRights, FileShare share, Int32 bufferSize, FileOptions options, SECURITY_ATTRIBUTES secAttrs, String msgPath, Boolean bFromProxy, Boolean useLongPath, Boolean checkHost)
   在 System.IO.FileStream..ctor(String path, FileMode mode, FileAccess access, FileShare share, Int32 bufferSize)
   在 System.Xml.XmlDownloadManager.GetStream(Uri uri, ICredentials credentials, IWebProxy proxy, RequestCachePolicy cachePolicy)
   在 System.Xml.XmlUrlResolver.GetEntity(Uri absoluteUri, String role, Type ofObjectToReturn)
   在 System.Xml.XmlTextReaderImpl.FinishInitUriString()
   在 System.Xml.XmlTextReaderImpl..ctor(String uriStr, XmlReaderSettings settings, XmlParserContext context, XmlResolver uriResolver)
   在 System.Xml.XmlReaderSettings.CreateReader(String inputUri, XmlParserContext inputContext)
   在 System.Xml.XmlReader.Create(String inputUri, XmlReaderSettings settings, XmlParserContext inputContext)
   在 System.Xml.Linq.XElement.Load(String uri, LoadOptions options)
   在 System.Xml.Linq.XElement.Load(String uri)
   在 VBI.BusinessLogic.Config.ParseFile(String fileName)
   在 AI.VisualDesigner.TestCases.AssemblyProcess.Assembly_Initialize(TestContext testContext)
</StackTrace>
        </ErrorInfo>
      </Output>
    </UnitTestResult>
    <UnitTestResult executionId="f32d37a9-3892-4cb1-8d58-763497b07ba4" testId="9e2cb91e-0a33-86ef-9a2c-65815f9e45cf" testName="OracleRelevant" computerName="UITEST-PC" startTime="2019-04-17T17:48:37.3396115+08:00" endTime="2019-04-17T17:48:37.3396115+08:00" testType="13cdc9d9-ddb5-4fa4-a97d-d965ccfc6d4b" outcome="Failed" testListId="8c84fa94-04c1-424b-9868-57a2d4851a1d" relativeResultsDirectory="f32d37a9-3892-4cb1-8d58-763497b07ba4">
      <Output>
        <ErrorInfo>
          <Message>Assembly Initialization method AI.VisualDesigner.TestCases.AssemblyProcess.Assembly_Initialize threw exception. System.IO.FileNotFoundException: System.IO.FileNotFoundException: 未能找到文件“D:\Jenkins\workspace\Vbi5Client-Release\UITest_UITEST-PC 2019-04-17 17_48_36\Out\Config.xml”。. Aborting test execution.</Message>
          <StackTrace>    在 System.IO.__Error.WinIOError(Int32 errorCode, String maybeFullPath)
   在 System.IO.FileStream.Init(String path, FileMode mode, FileAccess access, Int32 rights, Boolean useRights, FileShare share, Int32 bufferSize, FileOptions options, SECURITY_ATTRIBUTES secAttrs, String msgPath, Boolean bFromProxy, Boolean useLongPath, Boolean checkHost)
   在 System.IO.FileStream..ctor(String path, FileMode mode, FileAccess access, FileShare share, Int32 bufferSize)
   在 System.Xml.XmlDownloadManager.GetStream(Uri uri, ICredentials credentials, IWebProxy proxy, RequestCachePolicy cachePolicy)
   在 System.Xml.XmlUrlResolver.GetEntity(Uri absoluteUri, String role, Type ofObjectToReturn)
   在 System.Xml.XmlTextReaderImpl.FinishInitUriString()
   在 System.Xml.XmlTextReaderImpl..ctor(String uriStr, XmlReaderSettings settings, XmlParserContext context, XmlResolver uriResolver)
   在 System.Xml.XmlReaderSettings.CreateReader(String inputUri, XmlParserContext inputContext)
   在 System.Xml.XmlReader.Create(String inputUri, XmlReaderSettings settings, XmlParserContext inputContext)
   在 System.Xml.Linq.XElement.Load(String uri, LoadOptions options)
   在 System.Xml.Linq.XElement.Load(String uri)
   在 VBI.BusinessLogic.Config.ParseFile(String fileName)
   在 AI.VisualDesigner.TestCases.AssemblyProcess.Assembly_Initialize(TestContext testContext)
</StackTrace>
        </ErrorInfo>
      </Output>
    </UnitTestResult>
    <UnitTestResult executionId="d6116817-cb4d-4e24-9a67-5b24d64d237f" testId="91044b50-d81f-3c1d-249c-ca952b72b1c1" testName="OracleUnion" computerName="UITEST-PC" startTime="2019-04-17T17:48:37.3396115+08:00" endTime="2019-04-17T17:48:37.3396115+08:00" testType="13cdc9d9-ddb5-4fa4-a97d-d965ccfc6d4b" outcome="Failed" testListId="8c84fa94-04c1-424b-9868-57a2d4851a1d" relativeResultsDirectory="d6116817-cb4d-4e24-9a67-5b24d64d237f">
      <Output>
        <ErrorInfo>
          <Message>Assembly Initialization method AI.VisualDesigner.TestCases.AssemblyProcess.Assembly_Initialize threw exception. System.IO.FileNotFoundException: System.IO.FileNotFoundException: 未能找到文件“D:\Jenkins\workspace\Vbi5Client-Release\UITest_UITEST-PC 2019-04-17 17_48_36\Out\Config.xml”。. Aborting test execution.</Message>
          <StackTrace>    在 System.IO.__Error.WinIOError(Int32 errorCode, String maybeFullPath)
   在 System.IO.FileStream.Init(String path, FileMode mode, FileAccess access, Int32 rights, Boolean useRights, FileShare share, Int32 bufferSize, FileOptions options, SECURITY_ATTRIBUTES secAttrs, String msgPath, Boolean bFromProxy, Boolean useLongPath, Boolean checkHost)
   在 System.IO.FileStream..ctor(String path, FileMode mode, FileAccess access, FileShare share, Int32 bufferSize)
   在 System.Xml.XmlDownloadManager.GetStream(Uri uri, ICredentials credentials, IWebProxy proxy, RequestCachePolicy cachePolicy)
   在 System.Xml.XmlUrlResolver.GetEntity(Uri absoluteUri, String role, Type ofObjectToReturn)
   在 System.Xml.XmlTextReaderImpl.FinishInitUriString()
   在 System.Xml.XmlTextReaderImpl..ctor(String uriStr, XmlReaderSettings settings, XmlParserContext context, XmlResolver uriResolver)
   在 System.Xml.XmlReaderSettings.CreateReader(String inputUri, XmlParserContext inputContext)
   在 System.Xml.XmlReader.Create(String inputUri, XmlReaderSettings settings, XmlParserContext inputContext)
   在 System.Xml.Linq.XElement.Load(String uri, LoadOptions options)
   在 System.Xml.Linq.XElement.Load(String uri)
   在 VBI.BusinessLogic.Config.ParseFile(String fileName)
   在 AI.VisualDesigner.TestCases.AssemblyProcess.Assembly_Initialize(TestContext testContext)
</StackTrace>
        </ErrorInfo>
      </Output>
    </UnitTestResult>
    <UnitTestResult executionId="4c98d98e-14bd-426c-835f-4bd906e9401d" testId="ee71af2a-81bc-8861-20e6-d43eb8cfa70b" testName="RealSection" computerName="UITEST-PC" startTime="2019-04-17T17:48:37.3396115+08:00" endTime="2019-04-17T17:48:37.3396115+08:00" testType="13cdc9d9-ddb5-4fa4-a97d-d965ccfc6d4b" outcome="Failed" testListId="8c84fa94-04c1-424b-9868-57a2d4851a1d" relativeResultsDirectory="4c98d98e-14bd-426c-835f-4bd906e9401d">
      <Output>
        <ErrorInfo>
          <Message>Assembly Initialization method AI.VisualDesigner.TestCases.AssemblyProcess.Assembly_Initialize threw exception. System.IO.FileNotFoundException: System.IO.FileNotFoundException: 未能找到文件“D:\Jenkins\workspace\Vbi5Client-Release\UITest_UITEST-PC 2019-04-17 17_48_36\Out\Config.xml”。. Aborting test execution.</Message>
          <StackTrace>    在 System.IO.__Error.WinIOError(Int32 errorCode, String maybeFullPath)
   在 System.IO.FileStream.Init(String path, FileMode mode, FileAccess access, Int32 rights, Boolean useRights, FileShare share, Int32 bufferSize, FileOptions options, SECURITY_ATTRIBUTES secAttrs, String msgPath, Boolean bFromProxy, Boolean useLongPath, Boolean checkHost)
   在 System.IO.FileStream..ctor(String path, FileMode mode, FileAccess access, FileShare share, Int32 bufferSize)
   在 System.Xml.XmlDownloadManager.GetStream(Uri uri, ICredentials credentials, IWebProxy proxy, RequestCachePolicy cachePolicy)
   在 System.Xml.XmlUrlResolver.GetEntity(Uri absoluteUri, String role, Type ofObjectToReturn)
   在 System.Xml.XmlTextReaderImpl.FinishInitUriString()
   在 System.Xml.XmlTextReaderImpl..ctor(String uriStr, XmlReaderSettings settings, XmlParserContext context, XmlResolver uriResolver)
   在 System.Xml.XmlReaderSettings.CreateReader(String inputUri, XmlParserContext inputContext)
   在 System.Xml.XmlReader.Create(String inputUri, XmlReaderSettings settings, XmlParserContext inputContext)
   在 System.Xml.Linq.XElement.Load(String uri, LoadOptions options)
   在 System.Xml.Linq.XElement.Load(String uri)
   在 VBI.BusinessLogic.Config.ParseFile(String fileName)
   在 AI.VisualDesigner.TestCases.AssemblyProcess.Assembly_Initialize(TestContext testContext)
</StackTrace>
        </ErrorInfo>
      </Output>
    </UnitTestResult>
    <UnitTestResult executionId="e2a8f060-1f9b-4702-9366-e435297afb48" testId="9213992b-52a8-1af7-3cf1-870bcd771698" testName="SameSheetRelevant" computerName="UITEST-PC" startTime="2019-04-17T17:48:37.3396115+08:00" endTime="2019-04-17T17:48:37.3396115+08:00" testType="13cdc9d9-ddb5-4fa4-a97d-d965ccfc6d4b" outcome="Failed" testListId="8c84fa94-04c1-424b-9868-57a2d4851a1d" relativeResultsDirectory="e2a8f060-1f9b-4702-9366-e435297afb48">
      <Output>
        <ErrorInfo>
          <Message>Assembly Initialization method AI.VisualDesigner.TestCases.AssemblyProcess.Assembly_Initialize threw exception. System.IO.FileNotFoundException: System.IO.FileNotFoundException: 未能找到文件“D:\Jenkins\workspace\Vbi5Client-Release\UITest_UITEST-PC 2019-04-17 17_48_36\Out\Config.xml”。. Aborting test execution.</Message>
          <StackTrace>    在 System.IO.__Error.WinIOError(Int32 errorCode, String maybeFullPath)
   在 System.IO.FileStream.Init(String path, FileMode mode, FileAccess access, Int32 rights, Boolean useRights, FileShare share, Int32 bufferSize, FileOptions options, SECURITY_ATTRIBUTES secAttrs, String msgPath, Boolean bFromProxy, Boolean useLongPath, Boolean checkHost)
   在 System.IO.FileStream..ctor(String path, FileMode mode, FileAccess access, FileShare share, Int32 bufferSize)
   在 System.Xml.XmlDownloadManager.GetStream(Uri uri, ICredentials credentials, IWebProxy proxy, RequestCachePolicy cachePolicy)
   在 System.Xml.XmlUrlResolver.GetEntity(Uri absoluteUri, String role, Type ofObjectToReturn)
   在 System.Xml.XmlTextReaderImpl.FinishInitUriString()
   在 System.Xml.XmlTextReaderImpl..ctor(String uriStr, XmlReaderSettings settings, XmlParserContext context, XmlResolver uriResolver)
   在 System.Xml.XmlReaderSettings.CreateReader(String inputUri, XmlParserContext inputContext)
   在 System.Xml.XmlReader.Create(String inputUri, XmlReaderSettings settings, XmlParserContext inputContext)
   在 System.Xml.Linq.XElement.Load(String uri, LoadOptions options)
   在 System.Xml.Linq.XElement.Load(String uri)
   在 VBI.BusinessLogic.Config.ParseFile(String fileName)
   在 AI.VisualDesigner.TestCases.AssemblyProcess.Assembly_Initialize(TestContext testContext)
</StackTrace>
        </ErrorInfo>
      </Output>
    </UnitTestResult>
    <UnitTestResult executionId="6a7bc286-7dcf-4a9f-982a-586e95807b7f" testId="83edee61-9535-67ad-85ca-87e5881a3c98" testName="DicBandingChart" computerName="UITEST-PC" startTime="2019-04-17T17:48:37.3552327+08:00" endTime="2019-04-17T17:48:37.3552327+08:00" testType="13cdc9d9-ddb5-4fa4-a97d-d965ccfc6d4b" outcome="Failed" testListId="8c84fa94-04c1-424b-9868-57a2d4851a1d" relativeResultsDirectory="6a7bc286-7dcf-4a9f-982a-586e95807b7f">
      <Output>
        <ErrorInfo>
          <Message>Assembly Initialization method AI.VisualDesigner.TestCases.AssemblyProcess.Assembly_Initialize threw exception. System.IO.FileNotFoundException: System.IO.FileNotFoundException: 未能找到文件“D:\Jenkins\workspace\Vbi5Client-Release\UITest_UITEST-PC 2019-04-17 17_48_36\Out\Config.xml”。. Aborting test execution.</Message>
          <StackTrace>    在 System.IO.__Error.WinIOError(Int32 errorCode, String maybeFullPath)
   在 System.IO.FileStream.Init(String path, FileMode mode, FileAccess access, Int32 rights, Boolean useRights, FileShare share, Int32 bufferSize, FileOptions options, SECURITY_ATTRIBUTES secAttrs, String msgPath, Boolean bFromProxy, Boolean useLongPath, Boolean checkHost)
   在 System.IO.FileStream..ctor(String path, FileMode mode, FileAccess access, FileShare share, Int32 bufferSize)
   在 System.Xml.XmlDownloadManager.GetStream(Uri uri, ICredentials credentials, IWebProxy proxy, RequestCachePolicy cachePolicy)
   在 System.Xml.XmlUrlResolver.GetEntity(Uri absoluteUri, String role, Type ofObjectToReturn)
   在 System.Xml.XmlTextReaderImpl.FinishInitUriString()
   在 System.Xml.XmlTextReaderImpl..ctor(String uriStr, XmlReaderSettings settings, XmlParserContext context, XmlResolver uriResolver)
   在 System.Xml.XmlReaderSettings.CreateReader(String inputUri, XmlParserContext inputContext)
   在 System.Xml.XmlReader.Create(String inputUri, XmlReaderSettings settings, XmlParserContext inputContext)
   在 System.Xml.Linq.XElement.Load(String uri, LoadOptions options)
   在 System.Xml.Linq.XElement.Load(String uri)
   在 VBI.BusinessLogic.Config.ParseFile(String fileName)
   在 AI.VisualDesigner.TestCases.AssemblyProcess.Assembly_Initialize(TestContext testContext)
</StackTrace>
        </ErrorInfo>
      </Output>
    </UnitTestResult>
    <UnitTestResult executionId="1c77bc5c-22c7-4f7e-a66b-fe277d1f4aad" testId="2dbda355-b95b-9861-eaa5-30a1f08a6f3a" testName="DicNew" computerName="UITEST-PC" startTime="2019-04-17T17:48:37.3552327+08:00" endTime="2019-04-17T17:48:37.3552327+08:00" testType="13cdc9d9-ddb5-4fa4-a97d-d965ccfc6d4b" outcome="Failed" testListId="8c84fa94-04c1-424b-9868-57a2d4851a1d" relativeResultsDirectory="1c77bc5c-22c7-4f7e-a66b-fe277d1f4aad">
      <Output>
        <ErrorInfo>
          <Message>Assembly Initialization method AI.VisualDesigner.TestCases.AssemblyProcess.Assembly_Initialize threw exception. System.IO.FileNotFoundException: System.IO.FileNotFoundException: 未能找到文件“D:\Jenkins\workspace\Vbi5Client-Release\UITest_UITEST-PC 2019-04-17 17_48_36\Out\Config.xml”。. Aborting test execution.</Message>
          <StackTrace>    在 System.IO.__Error.WinIOError(Int32 errorCode, String maybeFullPath)
   在 System.IO.FileStream.Init(String path, FileMode mode, FileAccess access, Int32 rights, Boolean useRights, FileShare share, Int32 bufferSize, FileOptions options, SECURITY_ATTRIBUTES secAttrs, String msgPath, Boolean bFromProxy, Boolean useLongPath, Boolean checkHost)
   在 System.IO.FileStream..ctor(String path, FileMode mode, FileAccess access, FileShare share, Int32 bufferSize)
   在 System.Xml.XmlDownloadManager.GetStream(Uri uri, ICredentials credentials, IWebProxy proxy, RequestCachePolicy cachePolicy)
   在 System.Xml.XmlUrlResolver.GetEntity(Uri absoluteUri, String role, Type ofObjectToReturn)
   在 System.Xml.XmlTextReaderImpl.FinishInitUriString()
   在 System.Xml.XmlTextReaderImpl..ctor(String uriStr, XmlReaderSettings settings, XmlParserContext context, XmlResolver uriResolver)
   在 System.Xml.XmlReaderSettings.CreateReader(String inputUri, XmlParserContext inputContext)
   在 System.Xml.XmlReader.Create(String inputUri, XmlReaderSettings settings, XmlParserContext inputContext)
   在 System.Xml.Linq.XElement.Load(String uri, LoadOptions options)
   在 System.Xml.Linq.XElement.Load(String uri)
   在 VBI.BusinessLogic.Config.ParseFile(String fileName)
   在 AI.VisualDesigner.TestCases.AssemblyProcess.Assembly_Initialize(TestContext testContext)
</StackTrace>
        </ErrorInfo>
      </Output>
    </UnitTestResult>
    <UnitTestResult executionId="20243ce4-6c6f-44fb-954b-2f880dfe9240" testId="170cfff1-a6b5-3042-adeb-54cf1ba77f8c" testName="DicRightClick" computerName="UITEST-PC" startTime="2019-04-17T17:48:37.3552327+08:00" endTime="2019-04-17T17:48:37.3552327+08:00" testType="13cdc9d9-ddb5-4fa4-a97d-d965ccfc6d4b" outcome="Failed" testListId="8c84fa94-04c1-424b-9868-57a2d4851a1d" relativeResultsDirectory="20243ce4-6c6f-44fb-954b-2f880dfe9240">
      <Output>
        <ErrorInfo>
          <Message>Assembly Initialization method AI.VisualDesigner.TestCases.AssemblyProcess.Assembly_Initialize threw exception. System.IO.FileNotFoundException: System.IO.FileNotFoundException: 未能找到文件“D:\Jenkins\workspace\Vbi5Client-Release\UITest_UITEST-PC 2019-04-17 17_48_36\Out\Config.xml”。. Aborting test execution.</Message>
          <StackTrace>    在 System.IO.__Error.WinIOError(Int32 errorCode, String maybeFullPath)
   在 System.IO.FileStream.Init(String path, FileMode mode, FileAccess access, Int32 rights, Boolean useRights, FileShare share, Int32 bufferSize, FileOptions options, SECURITY_ATTRIBUTES secAttrs, String msgPath, Boolean bFromProxy, Boolean useLongPath, Boolean checkHost)
   在 System.IO.FileStream..ctor(String path, FileMode mode, FileAccess access, FileShare share, Int32 bufferSize)
   在 System.Xml.XmlDownloadManager.GetStream(Uri uri, ICredentials credentials, IWebProxy proxy, RequestCachePolicy cachePolicy)
   在 System.Xml.XmlUrlResolver.GetEntity(Uri absoluteUri, String role, Type ofObjectToReturn)
   在 System.Xml.XmlTextReaderImpl.FinishInitUriString()
   在 System.Xml.XmlTextReaderImpl..ctor(String uriStr, XmlReaderSettings settings, XmlParserContext context, XmlResolver uriResolver)
   在 System.Xml.XmlReaderSettings.CreateReader(String inputUri, XmlParserContext inputContext)
   在 System.Xml.XmlReader.Create(String inputUri, XmlReaderSettings settings, XmlParserContext inputContext)
   在 System.Xml.Linq.XElement.Load(String uri, LoadOptions options)
   在 System.Xml.Linq.XElement.Load(String uri)
   在 VBI.BusinessLogic.Config.ParseFile(String fileName)
   在 AI.VisualDesigner.TestCases.AssemblyProcess.Assembly_Initialize(TestContext testContext)
</StackTrace>
        </ErrorInfo>
      </Output>
    </UnitTestResult>
    <UnitTestResult executionId="e690327f-e6a8-4667-98e6-1ec581bb6e15" testId="d5d8d4c1-1dcf-4339-c0a0-f3a2f387c6ab" testName="ManualEdit" computerName="UITEST-PC" startTime="2019-04-17T17:48:37.3865570+08:00" endTime="2019-04-17T17:48:37.3865570+08:00" testType="13cdc9d9-ddb5-4fa4-a97d-d965ccfc6d4b" outcome="Failed" testListId="8c84fa94-04c1-424b-9868-57a2d4851a1d" relativeResultsDirectory="e690327f-e6a8-4667-98e6-1ec581bb6e15">
      <Output>
        <ErrorInfo>
          <Message>Assembly Initialization method AI.VisualDesigner.TestCases.AssemblyProcess.Assembly_Initialize threw exception. System.IO.FileNotFoundException: System.IO.FileNotFoundException: 未能找到文件“D:\Jenkins\workspace\Vbi5Client-Release\UITest_UITEST-PC 2019-04-17 17_48_36\Out\Config.xml”。. Aborting test execution.</Message>
          <StackTrace>    在 System.IO.__Error.WinIOError(Int32 errorCode, String maybeFullPath)
   在 System.IO.FileStream.Init(String path, FileMode mode, FileAccess access, Int32 rights, Boolean useRights, FileShare share, Int32 bufferSize, FileOptions options, SECURITY_ATTRIBUTES secAttrs, String msgPath, Boolean bFromProxy, Boolean useLongPath, Boolean checkHost)
   在 System.IO.FileStream..ctor(String path, FileMode mode, FileAccess access, FileShare share, Int32 bufferSize)
   在 System.Xml.XmlDownloadManager.GetStream(Uri uri, ICredentials credentials, IWebProxy proxy, RequestCachePolicy cachePolicy)
   在 System.Xml.XmlUrlResolver.GetEntity(Uri absoluteUri, String role, Type ofObjectToReturn)
   在 System.Xml.XmlTextReaderImpl.FinishInitUriString()
   在 System.Xml.XmlTextReaderImpl..ctor(String uriStr, XmlReaderSettings settings, XmlParserContext context, XmlResolver uriResolver)
   在 System.Xml.XmlReaderSettings.CreateReader(String inputUri, XmlParserContext inputContext)
   在 System.Xml.XmlReader.Create(String inputUri, XmlReaderSettings settings, XmlParserContext inputContext)
   在 System.Xml.Linq.XElement.Load(String uri, LoadOptions options)
   在 System.Xml.Linq.XElement.Load(String uri)
   在 VBI.BusinessLogic.Config.ParseFile(String fileName)
   在 AI.VisualDesigner.TestCases.AssemblyProcess.Assembly_Initialize(TestContext testContext)
</StackTrace>
        </ErrorInfo>
      </Output>
    </UnitTestResult>
    <UnitTestResult executionId="cf6a44bc-9733-485a-8904-0f929fe790ad" testId="92b7c303-5495-1275-5f9b-a5760ba7ca0b" testName="CsvSourceDelTest" computerName="UITEST-PC" startTime="2019-04-17T17:48:37.3865570+08:00" endTime="2019-04-17T17:48:37.3865570+08:00" testType="13cdc9d9-ddb5-4fa4-a97d-d965ccfc6d4b" outcome="Failed" testListId="8c84fa94-04c1-424b-9868-57a2d4851a1d" relativeResultsDirectory="cf6a44bc-9733-485a-8904-0f929fe790ad">
      <Output>
        <ErrorInfo>
          <Message>Assembly Initialization method AI.VisualDesigner.TestCases.AssemblyProcess.Assembly_Initialize threw exception. System.IO.FileNotFoundException: System.IO.FileNotFoundException: 未能找到文件“D:\Jenkins\workspace\Vbi5Client-Release\UITest_UITEST-PC 2019-04-17 17_48_36\Out\Config.xml”。. Aborting test execution.</Message>
          <StackTrace>    在 System.IO.__Error.WinIOError(Int32 errorCode, String maybeFullPath)
   在 System.IO.FileStream.Init(String path, FileMode mode, FileAccess access, Int32 rights, Boolean useRights, FileShare share, Int32 bufferSize, FileOptions options, SECURITY_ATTRIBUTES secAttrs, String msgPath, Boolean bFromProxy, Boolean useLongPath, Boolean checkHost)
   在 System.IO.FileStream..ctor(String path, FileMode mode, FileAccess access, FileShare share, Int32 bufferSize)
   在 System.Xml.XmlDownloadManager.GetStream(Uri uri, ICredentials credentials, IWebProxy proxy, RequestCachePolicy cachePolicy)
   在 System.Xml.XmlUrlResolver.GetEntity(Uri absoluteUri, String role, Type ofObjectToReturn)
   在 System.Xml.XmlTextReaderImpl.FinishInitUriString()
   在 System.Xml.XmlTextReaderImpl..ctor(String uriStr, XmlReaderSettings settings, XmlParserContext context, XmlResolver uriResolver)
   在 System.Xml.XmlReaderSettings.CreateReader(String inputUri, XmlParserContext inputContext)
   在 System.Xml.XmlReader.Create(String inputUri, XmlReaderSettings settings, XmlParserContext inputContext)
   在 System.Xml.Linq.XElement.Load(String uri, LoadOptions options)
   在 System.Xml.Linq.XElement.Load(String uri)
   在 VBI.BusinessLogic.Config.ParseFile(String fileName)
   在 AI.VisualDesigner.TestCases.AssemblyProcess.Assembly_Initialize(TestContext testContext)
</StackTrace>
        </ErrorInfo>
      </Output>
    </UnitTestResult>
    <UnitTestResult executionId="6a00a0f8-5e93-4e39-9925-021fd24f5765" testId="27d22e6a-20be-dfbb-418c-741cab023fed" testName="CsvSourceModifyTest" computerName="UITEST-PC" startTime="2019-04-17T17:48:37.3865570+08:00" endTime="2019-04-17T17:48:37.3865570+08:00" testType="13cdc9d9-ddb5-4fa4-a97d-d965ccfc6d4b" outcome="Failed" testListId="8c84fa94-04c1-424b-9868-57a2d4851a1d" relativeResultsDirectory="6a00a0f8-5e93-4e39-9925-021fd24f5765">
      <Output>
        <ErrorInfo>
          <Message>Assembly Initialization method AI.VisualDesigner.TestCases.AssemblyProcess.Assembly_Initialize threw exception. System.IO.FileNotFoundException: System.IO.FileNotFoundException: 未能找到文件“D:\Jenkins\workspace\Vbi5Client-Release\UITest_UITEST-PC 2019-04-17 17_48_36\Out\Config.xml”。. Aborting test execution.</Message>
          <StackTrace>    在 System.IO.__Error.WinIOError(Int32 errorCode, String maybeFullPath)
   在 System.IO.FileStream.Init(String path, FileMode mode, FileAccess access, Int32 rights, Boolean useRights, FileShare share, Int32 bufferSize, FileOptions options, SECURITY_ATTRIBUTES secAttrs, String msgPath, Boolean bFromProxy, Boolean useLongPath, Boolean checkHost)
   在 System.IO.FileStream..ctor(String path, FileMode mode, FileAccess access, FileShare share, Int32 bufferSize)
   在 System.Xml.XmlDownloadManager.GetStream(Uri uri, ICredentials credentials, IWebProxy proxy, RequestCachePolicy cachePolicy)
   在 System.Xml.XmlUrlResolver.GetEntity(Uri absoluteUri, String role, Type ofObjectToReturn)
   在 System.Xml.XmlTextReaderImpl.FinishInitUriString()
   在 System.Xml.XmlTextReaderImpl..ctor(String uriStr, XmlReaderSettings settings, XmlParserContext context, XmlResolver uriResolver)
   在 System.Xml.XmlReaderSettings.CreateReader(String inputUri, XmlParserContext inputContext)
   在 System.Xml.XmlReader.Create(String inputUri, XmlReaderSettings settings, XmlParserContext inputContext)
   在 System.Xml.Linq.XElement.Load(String uri, LoadOptions options)
   在 System.Xml.Linq.XElement.Load(String uri)
   在 VBI.BusinessLogic.Config.ParseFile(String fileName)
   在 AI.VisualDesigner.TestCases.AssemblyProcess.Assembly_Initialize(TestContext testContext)
</StackTrace>
        </ErrorInfo>
      </Output>
    </UnitTestResult>
    <UnitTestResult executionId="adb421d5-2a3f-4324-8d23-c2ef62dfbc97" testId="5189470c-9d0b-c25d-1df5-ccf357fdc474" testName="DataSourceRightEdit" computerName="UITEST-PC" startTime="2019-04-17T17:48:37.4020691+08:00" endTime="2019-04-17T17:48:37.4020691+08:00" testType="13cdc9d9-ddb5-4fa4-a97d-d965ccfc6d4b" outcome="Failed" testListId="8c84fa94-04c1-424b-9868-57a2d4851a1d" relativeResultsDirectory="adb421d5-2a3f-4324-8d23-c2ef62dfbc97">
      <Output>
        <ErrorInfo>
          <Message>Assembly Initialization method AI.VisualDesigner.TestCases.AssemblyProcess.Assembly_Initialize threw exception. System.IO.FileNotFoundException: System.IO.FileNotFoundException: 未能找到文件“D:\Jenkins\workspace\Vbi5Client-Release\UITest_UITEST-PC 2019-04-17 17_48_36\Out\Config.xml”。. Aborting test execution.</Message>
          <StackTrace>    在 System.IO.__Error.WinIOError(Int32 errorCode, String maybeFullPath)
   在 System.IO.FileStream.Init(String path, FileMode mode, FileAccess access, Int32 rights, Boolean useRights, FileShare share, Int32 bufferSize, FileOptions options, SECURITY_ATTRIBUTES secAttrs, String msgPath, Boolean bFromProxy, Boolean useLongPath, Boolean checkHost)
   在 System.IO.FileStream..ctor(String path, FileMode mode, FileAccess access, FileShare share, Int32 bufferSize)
   在 System.Xml.XmlDownloadManager.GetStream(Uri uri, ICredentials credentials, IWebProxy proxy, RequestCachePolicy cachePolicy)
   在 System.Xml.XmlUrlResolver.GetEntity(Uri absoluteUri, String role, Type ofObjectToReturn)
   在 System.Xml.XmlTextReaderImpl.FinishInitUriString()
   在 System.Xml.XmlTextReaderImpl..ctor(String uriStr, XmlReaderSettings settings, XmlParserContext context, XmlResolver uriResolver)
   在 System.Xml.XmlReaderSettings.CreateReader(String inputUri, XmlParserContext inputContext)
   在 System.Xml.XmlReader.Create(String inputUri, XmlReaderSettings settings, XmlParserContext inputContext)
   在 System.Xml.Linq.XElement.Load(String uri, LoadOptions options)
   在 System.Xml.Linq.XElement.Load(String uri)
   在 VBI.BusinessLogic.Config.ParseFile(String fileName)
   在 AI.VisualDesigner.TestCases.AssemblyProcess.Assembly_Initialize(TestContext testContext)
</StackTrace>
        </ErrorInfo>
      </Output>
    </UnitTestResult>
    <UnitTestResult executionId="757927a0-5e1b-45e0-9d7d-76651cc212c9" testId="a9121acb-94c6-4115-e059-bfe6f3887df7" testName="ExcelSourceDeleteTest" computerName="UITEST-PC" startTime="2019-04-17T17:48:37.4020691+08:00" endTime="2019-04-17T17:48:37.4020691+08:00" testType="13cdc9d9-ddb5-4fa4-a97d-d965ccfc6d4b" outcome="Failed" testListId="8c84fa94-04c1-424b-9868-57a2d4851a1d" relativeResultsDirectory="757927a0-5e1b-45e0-9d7d-76651cc212c9">
      <Output>
        <ErrorInfo>
          <Message>Assembly Initialization method AI.VisualDesigner.TestCases.AssemblyProcess.Assembly_Initialize threw exception. System.IO.FileNotFoundException: System.IO.FileNotFoundException: 未能找到文件“D:\Jenkins\workspace\Vbi5Client-Release\UITest_UITEST-PC 2019-04-17 17_48_36\Out\Config.xml”。. Aborting test execution.</Message>
          <StackTrace>    在 System.IO.__Error.WinIOError(Int32 errorCode, String maybeFullPath)
   在 System.IO.FileStream.Init(String path, FileMode mode, FileAccess access, Int32 rights, Boolean useRights, FileShare share, Int32 bufferSize, FileOptions options, SECURITY_ATTRIBUTES secAttrs, String msgPath, Boolean bFromProxy, Boolean useLongPath, Boolean checkHost)
   在 System.IO.FileStream..ctor(String path, FileMode mode, FileAccess access, FileShare share, Int32 bufferSize)
   在 System.Xml.XmlDownloadManager.GetStream(Uri uri, ICredentials credentials, IWebProxy proxy, RequestCachePolicy cachePolicy)
   在 System.Xml.XmlUrlResolver.GetEntity(Uri absoluteUri, String role, Type ofObjectToReturn)
   在 System.Xml.XmlTextReaderImpl.FinishInitUriString()
   在 System.Xml.XmlTextReaderImpl..ctor(String uriStr, XmlReaderSettings settings, XmlParserContext context, XmlResolver uriResolver)
   在 System.Xml.XmlReaderSettings.CreateReader(String inputUri, XmlParserContext inputContext)
   在 System.Xml.XmlReader.Create(String inputUri, XmlReaderSettings settings, XmlParserContext inputContext)
   在 System.Xml.Linq.XElement.Load(String uri, LoadOptions options)
   在 System.Xml.Linq.XElement.Load(String uri)
   在 VBI.BusinessLogic.Config.ParseFile(String fileName)
   在 AI.VisualDesigner.TestCases.AssemblyProcess.Assembly_Initialize(TestContext testContext)
</StackTrace>
        </ErrorInfo>
      </Output>
    </UnitTestResult>
    <UnitTestResult executionId="2b75760c-092a-4fd2-98d8-6b5d831e9207" testId="cdf3d87e-b5b4-80e2-caa9-49fd0007a42a" testName="ExcelSourceModifyTest" computerName="UITEST-PC" startTime="2019-04-17T17:48:37.4020691+08:00" endTime="2019-04-17T17:48:37.4020691+08:00" testType="13cdc9d9-ddb5-4fa4-a97d-d965ccfc6d4b" outcome="Failed" testListId="8c84fa94-04c1-424b-9868-57a2d4851a1d" relativeResultsDirectory="2b75760c-092a-4fd2-98d8-6b5d831e9207">
      <Output>
        <ErrorInfo>
          <Message>Assembly Initialization method AI.VisualDesigner.TestCases.AssemblyProcess.Assembly_Initialize threw exception. System.IO.FileNotFoundException: System.IO.FileNotFoundException: 未能找到文件“D:\Jenkins\workspace\Vbi5Client-Release\UITest_UITEST-PC 2019-04-17 17_48_36\Out\Config.xml”。. Aborting test execution.</Message>
          <StackTrace>    在 System.IO.__Error.WinIOError(Int32 errorCode, String maybeFullPath)
   在 System.IO.FileStream.Init(String path, FileMode mode, FileAccess access, Int32 rights, Boolean useRights, FileShare share, Int32 bufferSize, FileOptions options, SECURITY_ATTRIBUTES secAttrs, String msgPath, Boolean bFromProxy, Boolean useLongPath, Boolean checkHost)
   在 System.IO.FileStream..ctor(String path, FileMode mode, FileAccess access, FileShare share, Int32 bufferSize)
   在 System.Xml.XmlDownloadManager.GetStream(Uri uri, ICredentials credentials, IWebProxy proxy, RequestCachePolicy cachePolicy)
   在 System.Xml.XmlUrlResolver.GetEntity(Uri absoluteUri, String role, Type ofObjectToReturn)
   在 System.Xml.XmlTextReaderImpl.FinishInitUriString()
   在 System.Xml.XmlTextReaderImpl..ctor(String uriStr, XmlReaderSettings settings, XmlParserContext context, XmlResolver uriResolver)
   在 System.Xml.XmlReaderSettings.CreateReader(String inputUri, XmlParserContext inputContext)
   在 System.Xml.XmlReader.Create(String inputUri, XmlReaderSettings settings, XmlParserContext inputContext)
   在 System.Xml.Linq.XElement.Load(String uri, LoadOptions options)
   在 System.Xml.Linq.XElement.Load(String uri)
   在 VBI.BusinessLogic.Config.ParseFile(String fileName)
   在 AI.VisualDesigner.TestCases.AssemblyProcess.Assembly_Initialize(TestContext testContext)
</StackTrace>
        </ErrorInfo>
      </Output>
    </UnitTestResult>
    <UnitTestResult executionId="980e3d60-9bac-4a75-b18c-86df36ba6679" testId="788a4673-7f46-1b60-7474-bf0c715cdf2e" testName="MongoDB" computerName="UITEST-PC" startTime="2019-04-17T17:48:37.4020691+08:00" endTime="2019-04-17T17:48:37.4020691+08:00" testType="13cdc9d9-ddb5-4fa4-a97d-d965ccfc6d4b" outcome="Failed" testListId="8c84fa94-04c1-424b-9868-57a2d4851a1d" relativeResultsDirectory="980e3d60-9bac-4a75-b18c-86df36ba6679">
      <Output>
        <ErrorInfo>
          <Message>Assembly Initialization method AI.VisualDesigner.TestCases.AssemblyProcess.Assembly_Initialize threw exception. System.IO.FileNotFoundException: System.IO.FileNotFoundException: 未能找到文件“D:\Jenkins\workspace\Vbi5Client-Release\UITest_UITEST-PC 2019-04-17 17_48_36\Out\Config.xml”。. Aborting test execution.</Message>
          <StackTrace>    在 System.IO.__Error.WinIOError(Int32 errorCode, String maybeFullPath)
   在 System.IO.FileStream.Init(String path, FileMode mode, FileAccess access, Int32 rights, Boolean useRights, FileShare share, Int32 bufferSize, FileOptions options, SECURITY_ATTRIBUTES secAttrs, String msgPath, Boolean bFromProxy, Boolean useLongPath, Boolean checkHost)
   在 System.IO.FileStream..ctor(String path, FileMode mode, FileAccess access, FileShare share, Int32 bufferSize)
   在 System.Xml.XmlDownloadManager.GetStream(Uri uri, ICredentials credentials, IWebProxy proxy, RequestCachePolicy cachePolicy)
   在 System.Xml.XmlUrlResolver.GetEntity(Uri absoluteUri, String role, Type ofObjectToReturn)
   在 System.Xml.XmlTextReaderImpl.FinishInitUriString()
   在 System.Xml.XmlTextReaderImpl..ctor(String uriStr, XmlReaderSettings settings, XmlParserContext context, XmlResolver uriResolver)
   在 System.Xml.XmlReaderSettings.CreateReader(String inputUri, XmlParserContext inputContext)
   在 System.Xml.XmlReader.Create(String inputUri, XmlReaderSettings settings, XmlParserContext inputContext)
   在 System.Xml.Linq.XElement.Load(String uri, LoadOptions options)
   在 System.Xml.Linq.XElement.Load(String uri)
   在 VBI.BusinessLogic.Config.ParseFile(String fileName)
   在 AI.VisualDesigner.TestCases.AssemblyProcess.Assembly_Initialize(TestContext testContext)
</StackTrace>
        </ErrorInfo>
      </Output>
    </UnitTestResult>
    <UnitTestResult executionId="dc5ef7c1-b065-4e2e-90df-5ed77968a950" testId="22602b5c-39f9-79be-40a5-aa1a88e2721b" testName="MongoDB1" computerName="UITEST-PC" startTime="2019-04-17T17:48:37.4020691+08:00" endTime="2019-04-17T17:48:37.4020691+08:00" testType="13cdc9d9-ddb5-4fa4-a97d-d965ccfc6d4b" outcome="Failed" testListId="8c84fa94-04c1-424b-9868-57a2d4851a1d" relativeResultsDirectory="dc5ef7c1-b065-4e2e-90df-5ed77968a950">
      <Output>
        <ErrorInfo>
          <Message>Assembly Initialization method AI.VisualDesigner.TestCases.AssemblyProcess.Assembly_Initialize threw exception. System.IO.FileNotFoundException: System.IO.FileNotFoundException: 未能找到文件“D:\Jenkins\workspace\Vbi5Client-Release\UITest_UITEST-PC 2019-04-17 17_48_36\Out\Config.xml”。. Aborting test execution.</Message>
          <StackTrace>    在 System.IO.__Error.WinIOError(Int32 errorCode, String maybeFullPath)
   在 System.IO.FileStream.Init(String path, FileMode mode, FileAccess access, Int32 rights, Boolean useRights, FileShare share, Int32 bufferSize, FileOptions options, SECURITY_ATTRIBUTES secAttrs, String msgPath, Boolean bFromProxy, Boolean useLongPath, Boolean checkHost)
   在 System.IO.FileStream..ctor(String path, FileMode mode, FileAccess access, FileShare share, Int32 bufferSize)
   在 System.Xml.XmlDownloadManager.GetStream(Uri uri, ICredentials credentials, IWebProxy proxy, RequestCachePolicy cachePolicy)
   在 System.Xml.XmlUrlResolver.GetEntity(Uri absoluteUri, String role, Type ofObjectToReturn)
   在 System.Xml.XmlTextReaderImpl.FinishInitUriString()
   在 System.Xml.XmlTextReaderImpl..ctor(String uriStr, XmlReaderSettings settings, XmlParserContext context, XmlResolver uriResolver)
   在 System.Xml.XmlReaderSettings.CreateReader(String inputUri, XmlParserContext inputContext)
   在 System.Xml.XmlReader.Create(String inputUri, XmlReaderSettings settings, XmlParserContext inputContext)
   在 System.Xml.Linq.XElement.Load(String uri, LoadOptions options)
   在 System.Xml.Linq.XElement.Load(String uri)
   在 VBI.BusinessLogic.Config.ParseFile(String fileName)
   在 AI.VisualDesigner.TestCases.AssemblyProcess.Assembly_Initialize(TestContext testContext)
</StackTrace>
        </ErrorInfo>
      </Output>
    </UnitTestResult>
    <UnitTestResult executionId="4abe6dbc-e328-41d1-824c-6cb148eef5bd" testId="4e13189b-9889-a8f6-ee30-ef538c715934" testName="RestfulTest" computerName="UITEST-PC" startTime="2019-04-17T17:48:37.4177205+08:00" endTime="2019-04-17T17:48:37.4177205+08:00" testType="13cdc9d9-ddb5-4fa4-a97d-d965ccfc6d4b" outcome="Failed" testListId="8c84fa94-04c1-424b-9868-57a2d4851a1d" relativeResultsDirectory="4abe6dbc-e328-41d1-824c-6cb148eef5bd">
      <Output>
        <ErrorInfo>
          <Message>Assembly Initialization method AI.VisualDesigner.TestCases.AssemblyProcess.Assembly_Initialize threw exception. System.IO.FileNotFoundException: System.IO.FileNotFoundException: 未能找到文件“D:\Jenkins\workspace\Vbi5Client-Release\UITest_UITEST-PC 2019-04-17 17_48_36\Out\Config.xml”。. Aborting test execution.</Message>
          <StackTrace>    在 System.IO.__Error.WinIOError(Int32 errorCode, String maybeFullPath)
   在 System.IO.FileStream.Init(String path, FileMode mode, FileAccess access, Int32 rights, Boolean useRights, FileShare share, Int32 bufferSize, FileOptions options, SECURITY_ATTRIBUTES secAttrs, String msgPath, Boolean bFromProxy, Boolean useLongPath, Boolean checkHost)
   在 System.IO.FileStream..ctor(String path, FileMode mode, FileAccess access, FileShare share, Int32 bufferSize)
   在 System.Xml.XmlDownloadManager.GetStream(Uri uri, ICredentials credentials, IWebProxy proxy, RequestCachePolicy cachePolicy)
   在 System.Xml.XmlUrlResolver.GetEntity(Uri absoluteUri, String role, Type ofObjectToReturn)
   在 System.Xml.XmlTextReaderImpl.FinishInitUriString()
   在 System.Xml.XmlTextReaderImpl..ctor(String uriStr, XmlReaderSettings settings, XmlParserContext context, XmlResolver uriResolver)
   在 System.Xml.XmlReaderSettings.CreateReader(String inputUri, XmlParserContext inputContext)
   在 System.Xml.XmlReader.Create(String inputUri, XmlReaderSettings settings, XmlParserContext inputContext)
   在 System.Xml.Linq.XElement.Load(String uri, LoadOptions options)
   在 System.Xml.Linq.XElement.Load(String uri)
   在 VBI.BusinessLogic.Config.ParseFile(String fileName)
   在 AI.VisualDesigner.TestCases.AssemblyProcess.Assembly_Initialize(TestContext testContext)
</StackTrace>
        </ErrorInfo>
      </Output>
    </UnitTestResult>
    <UnitTestResult executionId="cee2889e-6d4f-413d-a22d-202d2e711ecb" testId="2e2ce017-3ae9-d7d3-b688-1e44b905912f" testName="WebServiceTest" computerName="UITEST-PC" startTime="2019-04-17T17:48:37.4334274+08:00" endTime="2019-04-17T17:48:37.4334274+08:00" testType="13cdc9d9-ddb5-4fa4-a97d-d965ccfc6d4b" outcome="Failed" testListId="8c84fa94-04c1-424b-9868-57a2d4851a1d" relativeResultsDirectory="cee2889e-6d4f-413d-a22d-202d2e711ecb">
      <Output>
        <ErrorInfo>
          <Message>Assembly Initialization method AI.VisualDesigner.TestCases.AssemblyProcess.Assembly_Initialize threw exception. System.IO.FileNotFoundException: System.IO.FileNotFoundException: 未能找到文件“D:\Jenkins\workspace\Vbi5Client-Release\UITest_UITEST-PC 2019-04-17 17_48_36\Out\Config.xml”。. Aborting test execution.</Message>
          <StackTrace>    在 System.IO.__Error.WinIOError(Int32 errorCode, String maybeFullPath)
   在 System.IO.FileStream.Init(String path, FileMode mode, FileAccess access, Int32 rights, Boolean useRights, FileShare share, Int32 bufferSize, FileOptions options, SECURITY_ATTRIBUTES secAttrs, String msgPath, Boolean bFromProxy, Boolean useLongPath, Boolean checkHost)
   在 System.IO.FileStream..ctor(String path, FileMode mode, FileAccess access, FileShare share, Int32 bufferSize)
   在 System.Xml.XmlDownloadManager.GetStream(Uri uri, ICredentials credentials, IWebProxy proxy, RequestCachePolicy cachePolicy)
   在 System.Xml.XmlUrlResolver.GetEntity(Uri absoluteUri, String role, Type ofObjectToReturn)
   在 System.Xml.XmlTextReaderImpl.FinishInitUriString()
   在 System.Xml.XmlTextReaderImpl..ctor(String uriStr, XmlReaderSettings settings, XmlParserContext context, XmlResolver uriResolver)
   在 System.Xml.XmlReaderSettings.CreateReader(String inputUri, XmlParserContext inputContext)
   在 System.Xml.XmlReader.Create(String inputUri, XmlReaderSettings settings, XmlParserContext inputContext)
   在 System.Xml.Linq.XElement.Load(String uri, LoadOptions options)
   在 System.Xml.Linq.XElement.Load(String uri)
   在 VBI.BusinessLogic.Config.ParseFile(String fileName)
   在 AI.VisualDesigner.TestCases.AssemblyProcess.Assembly_Initialize(TestContext testContext)
</StackTrace>
        </ErrorInfo>
      </Output>
    </UnitTestResult>
    <UnitTestResult executionId="3ee86fba-74b9-438a-9e50-24fdae28a513" testId="c5a27f8e-82ca-ec7a-4cff-952282e83153" testName="InternalSourceChk" computerName="UITEST-PC" startTime="2019-04-17T17:48:37.4334274+08:00" endTime="2019-04-17T17:48:37.4334274+08:00" testType="13cdc9d9-ddb5-4fa4-a97d-d965ccfc6d4b" outcome="Failed" testListId="8c84fa94-04c1-424b-9868-57a2d4851a1d" relativeResultsDirectory="3ee86fba-74b9-438a-9e50-24fdae28a513">
      <Output>
        <ErrorInfo>
          <Message>Assembly Initialization method AI.VisualDesigner.TestCases.AssemblyProcess.Assembly_Initialize threw exception. System.IO.FileNotFoundException: System.IO.FileNotFoundException: 未能找到文件“D:\Jenkins\workspace\Vbi5Client-Release\UITest_UITEST-PC 2019-04-17 17_48_36\Out\Config.xml”。. Aborting test execution.</Message>
          <StackTrace>    在 System.IO.__Error.WinIOError(Int32 errorCode, String maybeFullPath)
   在 System.IO.FileStream.Init(String path, FileMode mode, FileAccess access, Int32 rights, Boolean useRights, FileShare share, Int32 bufferSize, FileOptions options, SECURITY_ATTRIBUTES secAttrs, String msgPath, Boolean bFromProxy, Boolean useLongPath, Boolean checkHost)
   在 System.IO.FileStream..ctor(String path, FileMode mode, FileAccess access, FileShare share, Int32 bufferSize)
   在 System.Xml.XmlDownloadManager.GetStream(Uri uri, ICredentials credentials, IWebProxy proxy, RequestCachePolicy cachePolicy)
   在 System.Xml.XmlUrlResolver.GetEntity(Uri absoluteUri, String role, Type ofObjectToReturn)
   在 System.Xml.XmlTextReaderImpl.FinishInitUriString()
   在 System.Xml.XmlTextReaderImpl..ctor(String uriStr, XmlReaderSettings settings, XmlParserContext context, XmlResolver uriResolver)
   在 System.Xml.XmlReaderSettings.CreateReader(String inputUri, XmlParserContext inputContext)
   在 System.Xml.XmlReader.Create(String inputUri, XmlReaderSettings settings, XmlParserContext inputContext)
   在 System.Xml.Linq.XElement.Load(String uri, LoadOptions options)
   在 System.Xml.Linq.XElement.Load(String uri)
   在 VBI.BusinessLogic.Config.ParseFile(String fileName)
   在 AI.VisualDesigner.TestCases.AssemblyProcess.Assembly_Initialize(TestContext testContext)
</StackTrace>
        </ErrorInfo>
      </Output>
    </UnitTestResult>
    <UnitTestResult executionId="00d48233-42d8-4556-8509-853e8079913b" testId="c2bbd7ab-9eed-d947-7465-b3dd51652265" testName="InternalSourceRightEdit" computerName="UITEST-PC" startTime="2019-04-17T17:48:37.4334274+08:00" endTime="2019-04-17T17:48:37.4334274+08:00" testType="13cdc9d9-ddb5-4fa4-a97d-d965ccfc6d4b" outcome="Failed" testListId="8c84fa94-04c1-424b-9868-57a2d4851a1d" relativeResultsDirectory="00d48233-42d8-4556-8509-853e8079913b">
      <Output>
        <ErrorInfo>
          <Message>Assembly Initialization method AI.VisualDesigner.TestCases.AssemblyProcess.Assembly_Initialize threw exception. System.IO.FileNotFoundException: System.IO.FileNotFoundException: 未能找到文件“D:\Jenkins\workspace\Vbi5Client-Release\UITest_UITEST-PC 2019-04-17 17_48_36\Out\Config.xml”。. Aborting test execution.</Message>
          <StackTrace>    在 System.IO.__Error.WinIOError(Int32 errorCode, String maybeFullPath)
   在 System.IO.FileStream.Init(String path, FileMode mode, FileAccess access, Int32 rights, Boolean useRights, FileShare share, Int32 bufferSize, FileOptions options, SECURITY_ATTRIBUTES secAttrs, String msgPath, Boolean bFromProxy, Boolean useLongPath, Boolean checkHost)
   在 System.IO.FileStream..ctor(String path, FileMode mode, FileAccess access, FileShare share, Int32 bufferSize)
   在 System.Xml.XmlDownloadManager.GetStream(Uri uri, ICredentials credentials, IWebProxy proxy, RequestCachePolicy cachePolicy)
   在 System.Xml.XmlUrlResolver.GetEntity(Uri absoluteUri, String role, Type ofObjectToReturn)
   在 System.Xml.XmlTextReaderImpl.FinishInitUriString()
   在 System.Xml.XmlTextReaderImpl..ctor(String uriStr, XmlReaderSettings settings, XmlParserContext context, XmlResolver uriResolver)
   在 System.Xml.XmlReaderSettings.CreateReader(String inputUri, XmlParserContext inputContext)
   在 System.Xml.XmlReader.Create(String inputUri, XmlReaderSettings settings, XmlParserContext inputContext)
   在 System.Xml.Linq.XElement.Load(String uri, LoadOptions options)
   在 System.Xml.Linq.XElement.Load(String uri)
   在 VBI.BusinessLogic.Config.ParseFile(String fileName)
   在 AI.VisualDesigner.TestCases.AssemblyProcess.Assembly_Initialize(TestContext testContext)
</StackTrace>
        </ErrorInfo>
      </Output>
    </UnitTestResult>
    <UnitTestResult executionId="fdd58428-3067-4bc3-a68e-ed6f96eb69aa" testId="109aa097-cfaf-b552-a1cd-779d78c58e33" testName="ES" computerName="UITEST-PC" startTime="2019-04-17T17:48:37.4334274+08:00" endTime="2019-04-17T17:48:37.4489598+08:00" testType="13cdc9d9-ddb5-4fa4-a97d-d965ccfc6d4b" outcome="Failed" testListId="8c84fa94-04c1-424b-9868-57a2d4851a1d" relativeResultsDirectory="fdd58428-3067-4bc3-a68e-ed6f96eb69aa">
      <Output>
        <ErrorInfo>
          <Message>Assembly Initialization method AI.VisualDesigner.TestCases.AssemblyProcess.Assembly_Initialize threw exception. System.IO.FileNotFoundException: System.IO.FileNotFoundException: 未能找到文件“D:\Jenkins\workspace\Vbi5Client-Release\UITest_UITEST-PC 2019-04-17 17_48_36\Out\Config.xml”。. Aborting test execution.</Message>
          <StackTrace>    在 System.IO.__Error.WinIOError(Int32 errorCode, String maybeFullPath)
   在 System.IO.FileStream.Init(String path, FileMode mode, FileAccess access, Int32 rights, Boolean useRights, FileShare share, Int32 bufferSize, FileOptions options, SECURITY_ATTRIBUTES secAttrs, String msgPath, Boolean bFromProxy, Boolean useLongPath, Boolean checkHost)
   在 System.IO.FileStream..ctor(String path, FileMode mode, FileAccess access, FileShare share, Int32 bufferSize)
   在 System.Xml.XmlDownloadManager.GetStream(Uri uri, ICredentials credentials, IWebProxy proxy, RequestCachePolicy cachePolicy)
   在 System.Xml.XmlUrlResolver.GetEntity(Uri absoluteUri, String role, Type ofObjectToReturn)
   在 System.Xml.XmlTextReaderImpl.FinishInitUriString()
   在 System.Xml.XmlTextReaderImpl..ctor(String uriStr, XmlReaderSettings settings, XmlParserContext context, XmlResolver uriResolver)
   在 System.Xml.XmlReaderSettings.CreateReader(String inputUri, XmlParserContext inputContext)
   在 System.Xml.XmlReader.Create(String inputUri, XmlReaderSettings settings, XmlParserContext inputContext)
   在 System.Xml.Linq.XElement.Load(String uri, LoadOptions options)
   在 System.Xml.Linq.XElement.Load(String uri)
   在 VBI.BusinessLogic.Config.ParseFile(String fileName)
   在 AI.VisualDesigner.TestCases.AssemblyProcess.Assembly_Initialize(TestContext testContext)
</StackTrace>
        </ErrorInfo>
      </Output>
    </UnitTestResult>
    <UnitTestResult executionId="18731614-1d97-41e3-9fca-447320c33d38" testId="265b14d2-573b-2d9e-a42f-d2fc8a4e0f2b" testName="ES1" computerName="UITEST-PC" startTime="2019-04-17T17:48:37.4489598+08:00" endTime="2019-04-17T17:48:37.4489598+08:00" testType="13cdc9d9-ddb5-4fa4-a97d-d965ccfc6d4b" outcome="Failed" testListId="8c84fa94-04c1-424b-9868-57a2d4851a1d" relativeResultsDirectory="18731614-1d97-41e3-9fca-447320c33d38">
      <Output>
        <ErrorInfo>
          <Message>Assembly Initialization method AI.VisualDesigner.TestCases.AssemblyProcess.Assembly_Initialize threw exception. System.IO.FileNotFoundException: System.IO.FileNotFoundException: 未能找到文件“D:\Jenkins\workspace\Vbi5Client-Release\UITest_UITEST-PC 2019-04-17 17_48_36\Out\Config.xml”。. Aborting test execution.</Message>
          <StackTrace>    在 System.IO.__Error.WinIOError(Int32 errorCode, String maybeFullPath)
   在 System.IO.FileStream.Init(String path, FileMode mode, FileAccess access, Int32 rights, Boolean useRights, FileShare share, Int32 bufferSize, FileOptions options, SECURITY_ATTRIBUTES secAttrs, String msgPath, Boolean bFromProxy, Boolean useLongPath, Boolean checkHost)
   在 System.IO.FileStream..ctor(String path, FileMode mode, FileAccess access, FileShare share, Int32 bufferSize)
   在 System.Xml.XmlDownloadManager.GetStream(Uri uri, ICredentials credentials, IWebProxy proxy, RequestCachePolicy cachePolicy)
   在 System.Xml.XmlUrlResolver.GetEntity(Uri absoluteUri, String role, Type ofObjectToReturn)
   在 System.Xml.XmlTextReaderImpl.FinishInitUriString()
   在 System.Xml.XmlTextReaderImpl..ctor(String uriStr, XmlReaderSettings settings, XmlParserContext context, XmlResolver uriResolver)
   在 System.Xml.XmlReaderSettings.CreateReader(String inputUri, XmlParserContext inputContext)
   在 System.Xml.XmlReader.Create(String inputUri, XmlReaderSettings settings, XmlParserContext inputContext)
   在 System.Xml.Linq.XElement.Load(String uri, LoadOptions options)
   在 System.Xml.Linq.XElement.Load(String uri)
   在 VBI.BusinessLogic.Config.ParseFile(String fileName)
   在 AI.VisualDesigner.TestCases.AssemblyProcess.Assembly_Initialize(TestContext testContext)
</StackTrace>
        </ErrorInfo>
      </Output>
    </UnitTestResult>
    <UnitTestResult executionId="6f060e42-5810-4596-be48-61ef51a890ee" testId="0d59cef6-b356-ac64-4d7f-f80927c9c068" testName="DaMeng" computerName="UITEST-PC" startTime="2019-04-17T17:48:37.4489598+08:00" endTime="2019-04-17T17:48:37.4489598+08:00" testType="13cdc9d9-ddb5-4fa4-a97d-d965ccfc6d4b" outcome="Failed" testListId="8c84fa94-04c1-424b-9868-57a2d4851a1d" relativeResultsDirectory="6f060e42-5810-4596-be48-61ef51a890ee">
      <Output>
        <ErrorInfo>
          <Message>Assembly Initialization method AI.VisualDesigner.TestCases.AssemblyProcess.Assembly_Initialize threw exception. System.IO.FileNotFoundException: System.IO.FileNotFoundException: 未能找到文件“D:\Jenkins\workspace\Vbi5Client-Release\UITest_UITEST-PC 2019-04-17 17_48_36\Out\Config.xml”。. Aborting test execution.</Message>
          <StackTrace>    在 System.IO.__Error.WinIOError(Int32 errorCode, String maybeFullPath)
   在 System.IO.FileStream.Init(String path, FileMode mode, FileAccess access, Int32 rights, Boolean useRights, FileShare share, Int32 bufferSize, FileOptions options, SECURITY_ATTRIBUTES secAttrs, String msgPath, Boolean bFromProxy, Boolean useLongPath, Boolean checkHost)
   在 System.IO.FileStream..ctor(String path, FileMode mode, FileAccess access, FileShare share, Int32 bufferSize)
   在 System.Xml.XmlDownloadManager.GetStream(Uri uri, ICredentials credentials, IWebProxy proxy, RequestCachePolicy cachePolicy)
   在 System.Xml.XmlUrlResolver.GetEntity(Uri absoluteUri, String role, Type ofObjectToReturn)
   在 System.Xml.XmlTextReaderImpl.FinishInitUriString()
   在 System.Xml.XmlTextReaderImpl..ctor(String uriStr, XmlReaderSettings settings, XmlParserContext context, XmlResolver uriResolver)
   在 System.Xml.XmlReaderSettings.CreateReader(String inputUri, XmlParserContext inputContext)
   在 System.Xml.XmlReader.Create(String inputUri, XmlReaderSettings settings, XmlParserContext inputContext)
   在 System.Xml.Linq.XElement.Load(String uri, LoadOptions options)
   在 System.Xml.Linq.XElement.Load(String uri)
   在 VBI.BusinessLogic.Config.ParseFile(String fileName)
   在 AI.VisualDesigner.TestCases.AssemblyProcess.Assembly_Initialize(TestContext testContext)
</StackTrace>
        </ErrorInfo>
      </Output>
    </UnitTestResult>
    <UnitTestResult executionId="3814c9e9-3f2f-450e-bdb4-493e89c23989" testId="d5d204de-ca0a-99f2-ba50-3aff42429d9a" testName="DB2" computerName="UITEST-PC" startTime="2019-04-17T17:48:37.4489598+08:00" endTime="2019-04-17T17:48:37.4489598+08:00" testType="13cdc9d9-ddb5-4fa4-a97d-d965ccfc6d4b" outcome="Failed" testListId="8c84fa94-04c1-424b-9868-57a2d4851a1d" relativeResultsDirectory="3814c9e9-3f2f-450e-bdb4-493e89c23989">
      <Output>
        <ErrorInfo>
          <Message>Assembly Initialization method AI.VisualDesigner.TestCases.AssemblyProcess.Assembly_Initialize threw exception. System.IO.FileNotFoundException: System.IO.FileNotFoundException: 未能找到文件“D:\Jenkins\workspace\Vbi5Client-Release\UITest_UITEST-PC 2019-04-17 17_48_36\Out\Config.xml”。. Aborting test execution.</Message>
          <StackTrace>    在 System.IO.__Error.WinIOError(Int32 errorCode, String maybeFullPath)
   在 System.IO.FileStream.Init(String path, FileMode mode, FileAccess access, Int32 rights, Boolean useRights, FileShare share, Int32 bufferSize, FileOptions options, SECURITY_ATTRIBUTES secAttrs, String msgPath, Boolean bFromProxy, Boolean useLongPath, Boolean checkHost)
   在 System.IO.FileStream..ctor(String path, FileMode mode, FileAccess access, FileShare share, Int32 bufferSize)
   在 System.Xml.XmlDownloadManager.GetStream(Uri uri, ICredentials credentials, IWebProxy proxy, RequestCachePolicy cachePolicy)
   在 System.Xml.XmlUrlResolver.GetEntity(Uri absoluteUri, String role, Type ofObjectToReturn)
   在 System.Xml.XmlTextReaderImpl.FinishInitUriString()
   在 System.Xml.XmlTextReaderImpl..ctor(String uriStr, XmlReaderSettings settings, XmlParserContext context, XmlResolver uriResolver)
   在 System.Xml.XmlReaderSettings.CreateReader(String inputUri, XmlParserContext inputContext)
   在 System.Xml.XmlReader.Create(String inputUri, XmlReaderSettings settings, XmlParserContext inputContext)
   在 System.Xml.Linq.XElement.Load(String uri, LoadOptions options)
   在 System.Xml.Linq.XElement.Load(String uri)
   在 VBI.BusinessLogic.Config.ParseFile(String fileName)
   在 AI.VisualDesigner.TestCases.AssemblyProcess.Assembly_Initialize(TestContext testContext)
</StackTrace>
        </ErrorInfo>
      </Output>
    </UnitTestResult>
    <UnitTestResult executionId="bfd744f6-6748-4a37-93d6-97b4baecf8eb" testId="f8cb4645-46c1-04c8-6427-3b979d9384db" testName="KingBase" computerName="UITEST-PC" startTime="2019-04-17T17:48:37.4489598+08:00" endTime="2019-04-17T17:48:37.4489598+08:00" testType="13cdc9d9-ddb5-4fa4-a97d-d965ccfc6d4b" outcome="Failed" testListId="8c84fa94-04c1-424b-9868-57a2d4851a1d" relativeResultsDirectory="bfd744f6-6748-4a37-93d6-97b4baecf8eb">
      <Output>
        <ErrorInfo>
          <Message>Assembly Initialization method AI.VisualDesigner.TestCases.AssemblyProcess.Assembly_Initialize threw exception. System.IO.FileNotFoundException: System.IO.FileNotFoundException: 未能找到文件“D:\Jenkins\workspace\Vbi5Client-Release\UITest_UITEST-PC 2019-04-17 17_48_36\Out\Config.xml”。. Aborting test execution.</Message>
          <StackTrace>    在 System.IO.__Error.WinIOError(Int32 errorCode, String maybeFullPath)
   在 System.IO.FileStream.Init(String path, FileMode mode, FileAccess access, Int32 rights, Boolean useRights, FileShare share, Int32 bufferSize, FileOptions options, SECURITY_ATTRIBUTES secAttrs, String msgPath, Boolean bFromProxy, Boolean useLongPath, Boolean checkHost)
   在 System.IO.FileStream..ctor(String path, FileMode mode, FileAccess access, FileShare share, Int32 bufferSize)
   在 System.Xml.XmlDownloadManager.GetStream(Uri uri, ICredentials credentials, IWebProxy proxy, RequestCachePolicy cachePolicy)
   在 System.Xml.XmlUrlResolver.GetEntity(Uri absoluteUri, String role, Type ofObjectToReturn)
   在 System.Xml.XmlTextReaderImpl.FinishInitUriString()
   在 System.Xml.XmlTextReaderImpl..ctor(String uriStr, XmlReaderSettings settings, XmlParserContext context, XmlResolver uriResolver)
   在 System.Xml.XmlReaderSettings.CreateReader(String inputUri, XmlParserContext inputContext)
   在 System.Xml.XmlReader.Create(String inputUri, XmlReaderSettings settings, XmlParserContext inputContext)
   在 System.Xml.Linq.XElement.Load(String uri, LoadOptions options)
   在 System.Xml.Linq.XElement.Load(String uri)
   在 VBI.BusinessLogic.Config.ParseFile(String fileName)
   在 AI.VisualDesigner.TestCases.AssemblyProcess.Assembly_Initialize(TestContext testContext)
</StackTrace>
        </ErrorInfo>
      </Output>
    </UnitTestResult>
    <UnitTestResult executionId="00bd0301-8766-4743-8000-da38f0424254" testId="f5cf74c0-cf93-bbd4-59e8-55fd524f6e9c" testName="MysqlSQLCreatTest" computerName="UITEST-PC" startTime="2019-04-17T17:48:37.4489598+08:00" endTime="2019-04-17T17:48:37.4489598+08:00" testType="13cdc9d9-ddb5-4fa4-a97d-d965ccfc6d4b" outcome="Failed" testListId="8c84fa94-04c1-424b-9868-57a2d4851a1d" relativeResultsDirectory="00bd0301-8766-4743-8000-da38f0424254">
      <Output>
        <ErrorInfo>
          <Message>Assembly Initialization method AI.VisualDesigner.TestCases.AssemblyProcess.Assembly_Initialize threw exception. System.IO.FileNotFoundException: System.IO.FileNotFoundException: 未能找到文件“D:\Jenkins\workspace\Vbi5Client-Release\UITest_UITEST-PC 2019-04-17 17_48_36\Out\Config.xml”。. Aborting test execution.</Message>
          <StackTrace>    在 System.IO.__Error.WinIOError(Int32 errorCode, String maybeFullPath)
   在 System.IO.FileStream.Init(String path, FileMode mode, FileAccess access, Int32 rights, Boolean useRights, FileShare share, Int32 bufferSize, FileOptions options, SECURITY_ATTRIBUTES secAttrs, String msgPath, Boolean bFromProxy, Boolean useLongPath, Boolean checkHost)
   在 System.IO.FileStream..ctor(String path, FileMode mode, FileAccess access, FileShare share, Int32 bufferSize)
   在 System.Xml.XmlDownloadManager.GetStream(Uri uri, ICredentials credentials, IWebProxy proxy, RequestCachePolicy cachePolicy)
   在 System.Xml.XmlUrlResolver.GetEntity(Uri absoluteUri, String role, Type ofObjectToReturn)
   在 System.Xml.XmlTextReaderImpl.FinishInitUriString()
   在 System.Xml.XmlTextReaderImpl..ctor(String uriStr, XmlReaderSettings settings, XmlParserContext context, XmlResolver uriResolver)
   在 System.Xml.XmlReaderSettings.CreateReader(String inputUri, XmlParserContext inputContext)
   在 System.Xml.XmlReader.Create(String inputUri, XmlReaderSettings settings, XmlParserContext inputContext)
   在 System.Xml.Linq.XElement.Load(String uri, LoadOptions options)
   在 System.Xml.Linq.XElement.Load(String uri)
   在 VBI.BusinessLogic.Config.ParseFile(String fileName)
   在 AI.VisualDesigner.TestCases.AssemblyProcess.Assembly_Initialize(TestContext testContext)
</StackTrace>
        </ErrorInfo>
      </Output>
    </UnitTestResult>
    <UnitTestResult executionId="f8c32290-a28e-433d-af95-4ef6d92e51b5" testId="0ffdad0e-c85c-a746-a26e-f0eda3c21a5e" testName="OracleCreatTest" computerName="UITEST-PC" startTime="2019-04-17T17:48:37.4645797+08:00" endTime="2019-04-17T17:48:37.4645797+08:00" testType="13cdc9d9-ddb5-4fa4-a97d-d965ccfc6d4b" outcome="Failed" testListId="8c84fa94-04c1-424b-9868-57a2d4851a1d" relativeResultsDirectory="f8c32290-a28e-433d-af95-4ef6d92e51b5">
      <Output>
        <ErrorInfo>
          <Message>Assembly Initialization method AI.VisualDesigner.TestCases.AssemblyProcess.Assembly_Initialize threw exception. System.IO.FileNotFoundException: System.IO.FileNotFoundException: 未能找到文件“D:\Jenkins\workspace\Vbi5Client-Release\UITest_UITEST-PC 2019-04-17 17_48_36\Out\Config.xml”。. Aborting test execution.</Message>
          <StackTrace>    在 System.IO.__Error.WinIOError(Int32 errorCode, String maybeFullPath)
   在 System.IO.FileStream.Init(String path, FileMode mode, FileAccess access, Int32 rights, Boolean useRights, FileShare share, Int32 bufferSize, FileOptions options, SECURITY_ATTRIBUTES secAttrs, String msgPath, Boolean bFromProxy, Boolean useLongPath, Boolean checkHost)
   在 System.IO.FileStream..ctor(String path, FileMode mode, FileAccess access, FileShare share, Int32 bufferSize)
   在 System.Xml.XmlDownloadManager.GetStream(Uri uri, ICredentials credentials, IWebProxy proxy, RequestCachePolicy cachePolicy)
   在 System.Xml.XmlUrlResolver.GetEntity(Uri absoluteUri, String role, Type ofObjectToReturn)
   在 System.Xml.XmlTextReaderImpl.FinishInitUriString()
   在 System.Xml.XmlTextReaderImpl..ctor(String uriStr, XmlReaderSettings settings, XmlParserContext context, XmlResolver uriResolver)
   在 System.Xml.XmlReaderSettings.CreateReader(String inputUri, XmlParserContext inputContext)
   在 System.Xml.XmlReader.Create(String inputUri, XmlReaderSettings settings, XmlParserContext inputContext)
   在 System.Xml.Linq.XElement.Load(String uri, LoadOptions options)
   在 System.Xml.Linq.XElement.Load(String uri)
   在 VBI.BusinessLogic.Config.ParseFile(String fileName)
   在 AI.VisualDesigner.TestCases.AssemblyProcess.Assembly_Initialize(TestContext testContext)
</StackTrace>
        </ErrorInfo>
      </Output>
    </UnitTestResult>
    <UnitTestResult executionId="b628d97a-51d5-432a-a5b9-f719989265e1" testId="898af356-fa9f-5ceb-f68d-6c89ed4e3e1a" testName="PostSql" computerName="UITEST-PC" startTime="2019-04-17T17:48:37.4645797+08:00" endTime="2019-04-17T17:48:37.4645797+08:00" testType="13cdc9d9-ddb5-4fa4-a97d-d965ccfc6d4b" outcome="Failed" testListId="8c84fa94-04c1-424b-9868-57a2d4851a1d" relativeResultsDirectory="b628d97a-51d5-432a-a5b9-f719989265e1">
      <Output>
        <ErrorInfo>
          <Message>Assembly Initialization method AI.VisualDesigner.TestCases.AssemblyProcess.Assembly_Initialize threw exception. System.IO.FileNotFoundException: System.IO.FileNotFoundException: 未能找到文件“D:\Jenkins\workspace\Vbi5Client-Release\UITest_UITEST-PC 2019-04-17 17_48_36\Out\Config.xml”。. Aborting test execution.</Message>
          <StackTrace>    在 System.IO.__Error.WinIOError(Int32 errorCode, String maybeFullPath)
   在 System.IO.FileStream.Init(String path, FileMode mode, FileAccess access, Int32 rights, Boolean useRights, FileShare share, Int32 bufferSize, FileOptions options, SECURITY_ATTRIBUTES secAttrs, String msgPath, Boolean bFromProxy, Boolean useLongPath, Boolean checkHost)
   在 System.IO.FileStream..ctor(String path, FileMode mode, FileAccess access, FileShare share, Int32 bufferSize)
   在 System.Xml.XmlDownloadManager.GetStream(Uri uri, ICredentials credentials, IWebProxy proxy, RequestCachePolicy cachePolicy)
   在 System.Xml.XmlUrlResolver.GetEntity(Uri absoluteUri, String role, Type ofObjectToReturn)
   在 System.Xml.XmlTextReaderImpl.FinishInitUriString()
   在 System.Xml.XmlTextReaderImpl..ctor(String uriStr, XmlReaderSettings settings, XmlParserContext context, XmlResolver uriResolver)
   在 System.Xml.XmlReaderSettings.CreateReader(String inputUri, XmlParserContext inputContext)
   在 System.Xml.XmlReader.Create(String inputUri, XmlReaderSettings settings, XmlParserContext inputContext)
   在 System.Xml.Linq.XElement.Load(String uri, LoadOptions options)
   在 System.Xml.Linq.XElement.Load(String uri)
   在 VBI.BusinessLogic.Config.ParseFile(String fileName)
   在 AI.VisualDesigner.TestCases.AssemblyProcess.Assembly_Initialize(TestContext testContext)
</StackTrace>
        </ErrorInfo>
      </Output>
    </UnitTestResult>
    <UnitTestResult executionId="d5b74cb5-2e2d-4707-848d-a42a99bdbdd6" testId="9b21bcfe-5793-fe4c-c043-c0bd80ba68e3" testName="SQLserver" computerName="UITEST-PC" startTime="2019-04-17T17:48:37.4645797+08:00" endTime="2019-04-17T17:48:37.4645797+08:00" testType="13cdc9d9-ddb5-4fa4-a97d-d965ccfc6d4b" outcome="Failed" testListId="8c84fa94-04c1-424b-9868-57a2d4851a1d" relativeResultsDirectory="d5b74cb5-2e2d-4707-848d-a42a99bdbdd6">
      <Output>
        <ErrorInfo>
          <Message>Assembly Initialization method AI.VisualDesigner.TestCases.AssemblyProcess.Assembly_Initialize threw exception. System.IO.FileNotFoundException: System.IO.FileNotFoundException: 未能找到文件“D:\Jenkins\workspace\Vbi5Client-Release\UITest_UITEST-PC 2019-04-17 17_48_36\Out\Config.xml”。. Aborting test execution.</Message>
          <StackTrace>    在 System.IO.__Error.WinIOError(Int32 errorCode, String maybeFullPath)
   在 System.IO.FileStream.Init(String path, FileMode mode, FileAccess access, Int32 rights, Boolean useRights, FileShare share, Int32 bufferSize, FileOptions options, SECURITY_ATTRIBUTES secAttrs, String msgPath, Boolean bFromProxy, Boolean useLongPath, Boolean checkHost)
   在 System.IO.FileStream..ctor(String path, FileMode mode, FileAccess access, FileShare share, Int32 bufferSize)
   在 System.Xml.XmlDownloadManager.GetStream(Uri uri, ICredentials credentials, IWebProxy proxy, RequestCachePolicy cachePolicy)
   在 System.Xml.XmlUrlResolver.GetEntity(Uri absoluteUri, String role, Type ofObjectToReturn)
   在 System.Xml.XmlTextReaderImpl.FinishInitUriString()
   在 System.Xml.XmlTextReaderImpl..ctor(String uriStr, XmlReaderSettings settings, XmlParserContext context, XmlResolver uriResolver)
   在 System.Xml.XmlReaderSettings.CreateReader(String inputUri, XmlParserContext inputContext)
   在 System.Xml.XmlReader.Create(String inputUri, XmlReaderSettings settings, XmlParserContext inputContext)
   在 System.Xml.Linq.XElement.Load(String uri, LoadOptions options)
   在 System.Xml.Linq.XElement.Load(String uri)
   在 VBI.BusinessLogic.Config.ParseFile(String fileName)
   在 AI.VisualDesigner.TestCases.AssemblyProcess.Assembly_Initialize(TestContext testContext)
</StackTrace>
        </ErrorInfo>
      </Output>
    </UnitTestResult>
    <UnitTestResult executionId="bfebf26f-30df-4276-99a2-072c6b17c406" testId="96a17986-14ab-1d1a-0fbd-db82ba367ec9" testName="SyBase" computerName="UITEST-PC" startTime="2019-04-17T17:48:37.4645797+08:00" endTime="2019-04-17T17:48:37.4645797+08:00" testType="13cdc9d9-ddb5-4fa4-a97d-d965ccfc6d4b" outcome="Failed" testListId="8c84fa94-04c1-424b-9868-57a2d4851a1d" relativeResultsDirectory="bfebf26f-30df-4276-99a2-072c6b17c406">
      <Output>
        <ErrorInfo>
          <Message>Assembly Initialization method AI.VisualDesigner.TestCases.AssemblyProcess.Assembly_Initialize threw exception. System.IO.FileNotFoundException: System.IO.FileNotFoundException: 未能找到文件“D:\Jenkins\workspace\Vbi5Client-Release\UITest_UITEST-PC 2019-04-17 17_48_36\Out\Config.xml”。. Aborting test execution.</Message>
          <StackTrace>    在 System.IO.__Error.WinIOError(Int32 errorCode, String maybeFullPath)
   在 System.IO.FileStream.Init(String path, FileMode mode, FileAccess access, Int32 rights, Boolean useRights, FileShare share, Int32 bufferSize, FileOptions options, SECURITY_ATTRIBUTES secAttrs, String msgPath, Boolean bFromProxy, Boolean useLongPath, Boolean checkHost)
   在 System.IO.FileStream..ctor(String path, FileMode mode, FileAccess access, FileShare share, Int32 bufferSize)
   在 System.Xml.XmlDownloadManager.GetStream(Uri uri, ICredentials credentials, IWebProxy proxy, RequestCachePolicy cachePolicy)
   在 System.Xml.XmlUrlResolver.GetEntity(Uri absoluteUri, String role, Type ofObjectToReturn)
   在 System.Xml.XmlTextReaderImpl.FinishInitUriString()
   在 System.Xml.XmlTextReaderImpl..ctor(String uriStr, XmlReaderSettings settings, XmlParserContext context, XmlResolver uriResolver)
   在 System.Xml.XmlReaderSettings.CreateReader(String inputUri, XmlParserContext inputContext)
   在 System.Xml.XmlReader.Create(String inputUri, XmlReaderSettings settings, XmlParserContext inputContext)
   在 System.Xml.Linq.XElement.Load(String uri, LoadOptions options)
   在 System.Xml.Linq.XElement.Load(String uri)
   在 VBI.BusinessLogic.Config.ParseFile(String fileName)
   在 AI.VisualDesigner.TestCases.AssemblyProcess.Assembly_Initialize(TestContext testContext)
</StackTrace>
        </ErrorInfo>
      </Output>
    </UnitTestResult>
    <UnitTestResult executionId="61d5727f-f573-4935-973d-928b5d4130d2" testId="b726cb25-5e2b-65bf-ad7a-b02afa9abace" testName="SearchOpenCanvas" computerName="UITEST-PC" startTime="2019-04-17T17:48:37.4645797+08:00" endTime="2019-04-17T17:48:37.4645797+08:00" testType="13cdc9d9-ddb5-4fa4-a97d-d965ccfc6d4b" outcome="Failed" testListId="8c84fa94-04c1-424b-9868-57a2d4851a1d" relativeResultsDirectory="61d5727f-f573-4935-973d-928b5d4130d2">
      <Output>
        <ErrorInfo>
          <Message>Assembly Initialization method AI.VisualDesigner.TestCases.AssemblyProcess.Assembly_Initialize threw exception. System.IO.FileNotFoundException: System.IO.FileNotFoundException: 未能找到文件“D:\Jenkins\workspace\Vbi5Client-Release\UITest_UITEST-PC 2019-04-17 17_48_36\Out\Config.xml”。. Aborting test execution.</Message>
          <StackTrace>    在 System.IO.__Error.WinIOError(Int32 errorCode, String maybeFullPath)
   在 System.IO.FileStream.Init(String path, FileMode mode, FileAccess access, Int32 rights, Boolean useRights, FileShare share, Int32 bufferSize, FileOptions options, SECURITY_ATTRIBUTES secAttrs, String msgPath, Boolean bFromProxy, Boolean useLongPath, Boolean checkHost)
   在 System.IO.FileStream..ctor(String path, FileMode mode, FileAccess access, FileShare share, Int32 bufferSize)
   在 System.Xml.XmlDownloadManager.GetStream(Uri uri, ICredentials credentials, IWebProxy proxy, RequestCachePolicy cachePolicy)
   在 System.Xml.XmlUrlResolver.GetEntity(Uri absoluteUri, String role, Type ofObjectToReturn)
   在 System.Xml.XmlTextReaderImpl.FinishInitUriString()
   在 System.Xml.XmlTextReaderImpl..ctor(String uriStr, XmlReaderSettings settings, XmlParserContext context, XmlResolver uriResolver)
   在 System.Xml.XmlReaderSettings.CreateReader(String inputUri, XmlParserContext inputContext)
   在 System.Xml.XmlReader.Create(String inputUri, XmlReaderSettings settings, XmlParserContext inputContext)
   在 System.Xml.Linq.XElement.Load(String uri, LoadOptions options)
   在 System.Xml.Linq.XElement.Load(String uri)
   在 VBI.BusinessLogic.Config.ParseFile(String fileName)
   在 AI.VisualDesigner.TestCases.AssemblyProcess.Assembly_Initialize(TestContext testContext)
</StackTrace>
        </ErrorInfo>
      </Output>
    </UnitTestResult>
  </Results>
</TestRun>